+---------------------------------------------------------------------+
|  Log file: pa.characterize.log                                      |
|  Compiler version: 9.13.2                                           |
|  Created on: Wed Oct 23 15:06:53 2024                               |
|  Run ID: a3bd6f1aa3ef4038                                           |
+---------------------------------------------------------------------+

Program: flep_process.p4

--------------------------------------------------------------------------------------------------------------------------------------------------------
| Container |  Gress  |                          Name                          | Class |  | P | 0 | 1  | 2 | 3 | 4  | 5 | 6 | 7 | 8 | 9 | 10 | 11 | D |
--------------------------------------------------------------------------------------------------------------------------------------------------------
|    phv0   | ingress |                                                        |       |  |   |   |    |   |   |    |   |   |   |   |   |    |    |   |
|   [31:0]  | ingress |       ig_intr_md_from_prsr.global_tstamp[47:16]        | imeta |  | W | ~ | R  | R |   |    |   |   |   |   |   |    |    |   |
|    phv1   | ingress |                                                        |       |  |   |   |    |   |   |    |   |   |   |   |   |    |    |   |
|   [31:0]  | ingress |             hdr.fleptopo.sendtstamp[47:16]             |  pkt  |  | W | W | W  | R | ~ | ~  | ~ | ~ | ~ | ~ | ~ | ~  | ~  | R |
|    phv2   | ingress |                                                        |       |  |   |   |    |   |   |    |   |   |   |   |   |    |    |   |
|   [31:0]  | ingress |               hdr.topoinfo.latency[31:0]               |  pkt  |  |   |   |    | W |   |    |   |   |   |   |   |    |    |   |
|    phv3   | ingress |                                                        |   SH  |  |   |   |    |   |   |    |   |   |   |   |   |    |    |   |
|   [24:16] | ingress |              ig_intr_md.ingress_port[8:0]              | imeta |  | W | R | ~  | R |   |    |   |   |   |   |   |    |    |   |
|   [15:0]  | ingress |                hdr.topoinfo.label[15:0]                |  pkt  |  |   |   | W  |   |   |    |   |   |   |   |   |    |    |   |
|    phv4   | ingress |                                                        |   SH  |  |   |   |    |   |   |    |   |   |   |   |   |    |    |   |
|   [31:16] | ingress |             hdr.fleptopo.replylabel[15:0]              |  pkt  |  | W | W | RW | ~ | ~ | ~  | ~ | ~ | ~ | ~ | ~ | ~  | ~  | R |
|   [15:0]  | ingress |              hdr.fleptopo.replyport[15:0]              |  pkt  |  | W | W | W  | ~ | ~ | ~  | ~ | ~ | ~ | ~ | ~ | ~  | ~  | R |
|    phv5   | ingress |                                                        |   SH  |  |   |   |    |   |   |    |   |   |   |   |   |    |    |   |
|   [31:24] | ingress |                  meta.portindex[7:0]                   |  meta |  |   |   |    |   | W |    |   |   |   |   |   |    |    |   |
|   [23:16] | ingress |               meta.is_verify_start[7:0]                |  meta |  |   | W |    |   |   |    |   |   |   |   |   |    |    |   |
|   [15:0]  | ingress |                hdr.topoinfo.port[15:0]                 |  pkt  |  |   |   |    |   | R |    |   |   |   |   |   |    |    |   |
|    phv6   | ingress |                                                        |       |  |   |   |    |   |   |    |   |   |   |   |   |    |    |   |
|    [8:0]  | ingress |        ig_intr_md_for_tm.ucast_egress_port[8:0]        | imeta |  |   | W | ~  | W | ~ | W  | ~ | ~ | ~ | ~ | ~ | ~  | ~  | R |
|    phv7   | ingress |                                                        |   SH  |  |   |   |    |   |   |    |   |   |   |   |   |    |    |   |
|   [31:16] | ingress |             hdr.fleptopo.sourcelabel[15:0]             |  pkt  |  | W | W | W  | ~ | ~ | ~  | ~ | ~ | ~ | ~ | ~ | ~  | ~  | R |
|   [15:0]  | ingress |             hdr.fleptopo.sourceport[15:0]              |  pkt  |  | W | W | W  | ~ | ~ | ~  | ~ | ~ | ~ | ~ | ~ | ~  | ~  | R |
|    phv8   | ingress |                                                        |       |  |   |   |    |   |   |    |   |   |   |   |   |    |    |   |
|   [31:0]  | ingress |                   hdr.flep.key[31:0]                   |  pkt  |  | W | R | ~  | ~ | ~ | ~  | R | ~ | ~ | ~ | ~ | ~  | ~  | R |
|    phv9   |    -    |                                                        |       |  |   |   |    |   |   |    |   |   |   |   |   |    |    |   |
|   phv10   |    -    |                                                        |       |  |   |   |    |   |   |    |   |   |   |   |   |    |    |   |
|   phv11   |    -    |                                                        |       |  |   |   |    |   |   |    |   |   |   |   |   |    |    |   |
|   phv12   |    -    |                                                        |       |  |   |   |    |   |   |    |   |   |   |   |   |    |    |   |
|   phv13   |    -    |                                                        |       |  |   |   |    |   |   |    |   |   |   |   |   |    |    |   |
|   phv14   |    -    |                                                        |       |  |   |   |    |   |   |    |   |   |   |   |   |    |    |   |
|   phv15   |    -    |                                                        |       |  |   |   |    |   |   |    |   |   |   |   |   |    |    |   |
|   phv16   |    -    |                                                        |       |  |   |   |    |   |   |    |   |   |   |   |   |    |    |   |
|   phv17   |    -    |                                                        |       |  |   |   |    |   |   |    |   |   |   |   |   |    |    |   |
|   phv18   |    -    |                                                        |       |  |   |   |    |   |   |    |   |   |   |   |   |    |    |   |
|   phv19   |    -    |                                                        |       |  |   |   |    |   |   |    |   |   |   |   |   |    |    |   |
|   phv20   |    -    |                                                        |       |  |   |   |    |   |   |    |   |   |   |   |   |    |    |   |
|   phv21   |    -    |                                                        |       |  |   |   |    |   |   |    |   |   |   |   |   |    |    |   |
|   phv22   |    -    |                                                        |       |  |   |   |    |   |   |    |   |   |   |   |   |    |    |   |
|   phv23   |    -    |                                                        |       |  |   |   |    |   |   |    |   |   |   |   |   |    |    |   |
|   phv24   |    -    |                                                        |       |  |   |   |    |   |   |    |   |   |   |   |   |    |    |   |
|   phv25   |    -    |                                                        |       |  |   |   |    |   |   |    |   |   |   |   |   |    |    |   |
|   phv26   |    -    |                                                        |       |  |   |   |    |   |   |    |   |   |   |   |   |    |    |   |
|   phv27   |    -    |                                                        |       |  |   |   |    |   |   |    |   |   |   |   |   |    |    |   |
|   phv28   |    -    |                                                        |       |  |   |   |    |   |   |    |   |   |   |   |   |    |    |   |
|   phv29   |    -    |                                                        |       |  |   |   |    |   |   |    |   |   |   |   |   |    |    |   |
|   phv30   |    -    |                                                        |       |  |   |   |    |   |   |    |   |   |   |   |   |    |    |   |
|   phv31   |    -    |                                                        |       |  |   |   |    |   |   |    |   |   |   |   |   |    |    |   |
|   phv32   |    -    |                                                        |       |  |   |   |    |   |   |    |   |   |   |   |   |    |    |   |
|   phv33   |    -    |                                                        |       |  |   |   |    |   |   |    |   |   |   |   |   |    |    |   |
|   phv34   |    -    |                                                        |       |  |   |   |    |   |   |    |   |   |   |   |   |    |    |   |
|   phv35   |    -    |                                                        |       |  |   |   |    |   |   |    |   |   |   |   |   |    |    |   |
|   phv36   |    -    |                                                        |       |  |   |   |    |   |   |    |   |   |   |   |   |    |    |   |
|   phv37   |    -    |                                                        |       |  |   |   |    |   |   |    |   |   |   |   |   |    |    |   |
|   phv38   |    -    |                                                        |       |  |   |   |    |   |   |    |   |   |   |   |   |    |    |   |
|   phv39   |    -    |                                                        |       |  |   |   |    |   |   |    |   |   |   |   |   |    |    |   |
|   phv40   |    -    |                                                        |       |  |   |   |    |   |   |    |   |   |   |   |   |    |    |   |
|   phv41   |    -    |                                                        |       |  |   |   |    |   |   |    |   |   |   |   |   |    |    |   |
|   phv42   |    -    |                                                        |       |  |   |   |    |   |   |    |   |   |   |   |   |    |    |   |
|   phv43   |    -    |                                                        |       |  |   |   |    |   |   |    |   |   |   |   |   |    |    |   |
|   phv44   |    -    |                                                        |       |  |   |   |    |   |   |    |   |   |   |   |   |    |    |   |
|   phv45   |    -    |                                                        |       |  |   |   |    |   |   |    |   |   |   |   |   |    |    |   |
|   phv46   |    -    |                                                        |       |  |   |   |    |   |   |    |   |   |   |   |   |    |    |   |
|   phv47   |    -    |                                                        |       |  |   |   |    |   |   |    |   |   |   |   |   |    |    |   |
|   phv48   |    -    |                                                        |       |  |   |   |    |   |   |    |   |   |   |   |   |    |    |   |
|   phv49   |    -    |                                                        |       |  |   |   |    |   |   |    |   |   |   |   |   |    |    |   |
|   phv50   |    -    |                                                        |       |  |   |   |    |   |   |    |   |   |   |   |   |    |    |   |
|   phv51   |    -    |                                                        |       |  |   |   |    |   |   |    |   |   |   |   |   |    |    |   |
|   phv52   |    -    |                                                        |       |  |   |   |    |   |   |    |   |   |   |   |   |    |    |   |
|   phv53   |    -    |                                                        |       |  |   |   |    |   |   |    |   |   |   |   |   |    |    |   |
|   phv54   |    -    |                                                        |       |  |   |   |    |   |   |    |   |   |   |   |   |    |    |   |
|   phv55   |    -    |                                                        |       |  |   |   |    |   |   |    |   |   |   |   |   |    |    |   |
|   phv56   |    -    |                                                        |       |  |   |   |    |   |   |    |   |   |   |   |   |    |    |   |
|   phv57   |    -    |                                                        |       |  |   |   |    |   |   |    |   |   |   |   |   |    |    |   |
|   phv58   |    -    |                                                        |       |  |   |   |    |   |   |    |   |   |   |   |   |    |    |   |
|   phv59   |    -    |                                                        |       |  |   |   |    |   |   |    |   |   |   |   |   |    |    |   |
|   phv60   |    -    |                                                        |       |  |   |   |    |   |   |    |   |   |   |   |   |    |    |   |
|   phv61   |    -    |                                                        |       |  |   |   |    |   |   |    |   |   |   |   |   |    |    |   |
|   phv62   |    -    |                                                        |       |  |   |   |    |   |   |    |   |   |   |   |   |    |    |   |
|   phv63   |    -    |                                                        |       |  |   |   |    |   |   |    |   |   |   |   |   |    |    |   |
|           |         |                                                        |       |  |   |   |    |   |   |    |   |   |   |   |   |    |    |   |
|   phv64   | ingress |                                                        |       |  |   |   |    |   |   |    |   |   |   |   |   |    |    |   |
|    [7:0]  | ingress |               hdr.flep.label_depth[7:0]                |  pkt  |  | W | ~ | ~  | ~ | ~ | RW | ~ | ~ | ~ | ~ | ~ | ~  | ~  | R |
|   phv65   | ingress |                                                        |       |  |   |   |    |   |   |    |   |   |   |   |   |    |    |   |
|    [2:0]  | ingress |         ig_intr_md_for_dprsr.mirror_type[2:0]          | imeta |  |   |   |    |   |   |    |   |   |   |   |   |    |    | R |
|   phv66   | ingress |                                                        |       |  |   |   |    |   |   |    |   |   |   |   |   |    |    |   |
|    [2:0]  | ingress |           ig_intr_md_for_dprsr.drop_ctl[2:0]           | imeta |  |   |   | W  | ~ | ~ | ~  | W | ~ | ~ | ~ | ~ | ~  | ~  | R |
|   phv67   | ingress |                                                        |   SH  |  |   |   |    |   |   |    |   |   |   |   |   |    |    |   |
|    [7:4]  | ingress |             hdr.fleptopo.messagetype[3:0]              |  pkt  |  | W | W | W  | R | ~ | ~  | ~ | ~ | ~ | ~ | ~ | ~  | ~  | R |
|    [3:0]  | ingress |                hdr.fleptopo.option[3:0]                |  pkt  |  | W | W | W  | ~ | ~ | ~  | ~ | ~ | ~ | ~ | ~ | ~  | ~  | R |
|   phv68   | ingress |                                                        |       |  |   |   |    |   |   |    |   |   |   |   |   |    |    |   |
|    [7:0]  | ingress |                hdr.flep.key_index[7:0]                 |  pkt  |  | W | ~ | ~  | ~ | ~ | ~  | R | ~ | ~ | ~ | ~ | ~  | ~  | R |
|   phv69   | ingress |                                                        |   SH  |  |   |   |    |   |   |    |   |   |   |   |   |    |    |   |
|    [3:3]  | ingress |                hdr.fleptopo.$valid[0:0]                |  pov  |  | W | W | ~  | ~ | ~ | ~  | ~ | ~ | ~ | ~ | ~ | ~  | ~  | R |
|    [2:2]  | ingress |                hdr.flabels.$valid[0:0]                 |  pov  |  | W | ~ | ~  | ~ | ~ | W  | W | ~ | ~ | ~ | ~ | ~  | ~  | R |
|    [1:1]  | ingress |                  hdr.flep.$valid[0:0]                  |  pov  |  | W | ~ | ~  | ~ | ~ | ~  | W | ~ | ~ | ~ | ~ | ~  | ~  | R |
|    [0:0]  | ingress |                hdr.ethernet.$valid[0:0]                |  pov  |  | W | ~ | ~  | ~ | ~ | ~  | ~ | ~ | ~ | ~ | ~ | ~  | ~  | R |
|   phv70   |    -    |                                                        |       |  |   |   |    |   |   |    |   |   |   |   |   |    |    |   |
|   phv71   |    -    |                                                        |       |  |   |   |    |   |   |    |   |   |   |   |   |    |    |   |
|   phv72   |    -    |                                                        |       |  |   |   |    |   |   |    |   |   |   |   |   |    |    |   |
|   phv73   |    -    |                                                        |       |  |   |   |    |   |   |    |   |   |   |   |   |    |    |   |
|   phv74   |    -    |                                                        |       |  |   |   |    |   |   |    |   |   |   |   |   |    |    |   |
|   phv75   |    -    |                                                        |       |  |   |   |    |   |   |    |   |   |   |   |   |    |    |   |
|   phv76   |    -    |                                                        |       |  |   |   |    |   |   |    |   |   |   |   |   |    |    |   |
|   phv77   |    -    |                                                        |       |  |   |   |    |   |   |    |   |   |   |   |   |    |    |   |
|   phv78   |    -    |                                                        |       |  |   |   |    |   |   |    |   |   |   |   |   |    |    |   |
|   phv79   |    -    |                                                        |       |  |   |   |    |   |   |    |   |   |   |   |   |    |    |   |
|   phv80   |  egress |                                                        | OL,SH |  |   |   |    |   |   |    |   |   |   |   |   |    |    |   |
|    [3:3]  |  egress |      hdr.min_parse_depth_padding_0[0].$valid[0:0]      |  pov  |  |   |   |    |   |   |    |   |   |   |   |   |    |    | R |
|    [3:0]  |  egress |      hdr.min_parse_depth_padding_0.$stkvalid[3:0]      |  meta |  | W |   |    |   |   |    |   |   |   |   |   |    |    |   |
|    [2:2]  |  egress |      hdr.min_parse_depth_padding_0[1].$valid[0:0]      |  pov  |  |   |   |    |   |   |    |   |   |   |   |   |    |    | R |
|    [1:1]  |  egress |      hdr.min_parse_depth_padding_0[2].$valid[0:0]      |  pov  |  |   |   |    |   |   |    |   |   |   |   |   |    |    | R |
|    [0:0]  |  egress |      hdr.min_parse_depth_padding_0[3].$valid[0:0]      |  meta |  |   |   |    |   |   |    |   |   |   |   |   |    |    | R |
|   phv81   |    -    |                                                        |       |  |   |   |    |   |   |    |   |   |   |   |   |    |    |   |
|   phv82   |    -    |                                                        |       |  |   |   |    |   |   |    |   |   |   |   |   |    |    |   |
|   phv83   |    -    |                                                        |       |  |   |   |    |   |   |    |   |   |   |   |   |    |    |   |
|   phv84   |    -    |                                                        |       |  |   |   |    |   |   |    |   |   |   |   |   |    |    |   |
|   phv85   |    -    |                                                        |       |  |   |   |    |   |   |    |   |   |   |   |   |    |    |   |
|   phv86   |    -    |                                                        |       |  |   |   |    |   |   |    |   |   |   |   |   |    |    |   |
|   phv87   |    -    |                                                        |       |  |   |   |    |   |   |    |   |   |   |   |   |    |    |   |
|   phv88   |    -    |                                                        |       |  |   |   |    |   |   |    |   |   |   |   |   |    |    |   |
|   phv89   |    -    |                                                        |       |  |   |   |    |   |   |    |   |   |   |   |   |    |    |   |
|   phv90   |    -    |                                                        |       |  |   |   |    |   |   |    |   |   |   |   |   |    |    |   |
|   phv91   |    -    |                                                        |       |  |   |   |    |   |   |    |   |   |   |   |   |    |    |   |
|   phv92   |    -    |                                                        |       |  |   |   |    |   |   |    |   |   |   |   |   |    |    |   |
|   phv93   |    -    |                                                        |       |  |   |   |    |   |   |    |   |   |   |   |   |    |    |   |
|   phv94   |    -    |                                                        |       |  |   |   |    |   |   |    |   |   |   |   |   |    |    |   |
|   phv95   |    -    |                                                        |       |  |   |   |    |   |   |    |   |   |   |   |   |    |    |   |
|   phv96   |    -    |                                                        |       |  |   |   |    |   |   |    |   |   |   |   |   |    |    |   |
|   phv97   |    -    |                                                        |       |  |   |   |    |   |   |    |   |   |   |   |   |    |    |   |
|   phv98   |    -    |                                                        |       |  |   |   |    |   |   |    |   |   |   |   |   |    |    |   |
|   phv99   |    -    |                                                        |       |  |   |   |    |   |   |    |   |   |   |   |   |    |    |   |
|   phv100  |    -    |                                                        |       |  |   |   |    |   |   |    |   |   |   |   |   |    |    |   |
|   phv101  |    -    |                                                        |       |  |   |   |    |   |   |    |   |   |   |   |   |    |    |   |
|   phv102  |    -    |                                                        |       |  |   |   |    |   |   |    |   |   |   |   |   |    |    |   |
|   phv103  |    -    |                                                        |       |  |   |   |    |   |   |    |   |   |   |   |   |    |    |   |
|   phv104  |    -    |                                                        |       |  |   |   |    |   |   |    |   |   |   |   |   |    |    |   |
|   phv105  |    -    |                                                        |       |  |   |   |    |   |   |    |   |   |   |   |   |    |    |   |
|   phv106  |    -    |                                                        |       |  |   |   |    |   |   |    |   |   |   |   |   |    |    |   |
|   phv107  |    -    |                                                        |       |  |   |   |    |   |   |    |   |   |   |   |   |    |    |   |
|   phv108  |    -    |                                                        |       |  |   |   |    |   |   |    |   |   |   |   |   |    |    |   |
|   phv109  |    -    |                                                        |       |  |   |   |    |   |   |    |   |   |   |   |   |    |    |   |
|   phv110  |    -    |                                                        |       |  |   |   |    |   |   |    |   |   |   |   |   |    |    |   |
|   phv111  |    -    |                                                        |       |  |   |   |    |   |   |    |   |   |   |   |   |    |    |   |
|   phv112  |    -    |                                                        |       |  |   |   |    |   |   |    |   |   |   |   |   |    |    |   |
|   phv113  |    -    |                                                        |       |  |   |   |    |   |   |    |   |   |   |   |   |    |    |   |
|   phv114  |    -    |                                                        |       |  |   |   |    |   |   |    |   |   |   |   |   |    |    |   |
|   phv115  |    -    |                                                        |       |  |   |   |    |   |   |    |   |   |   |   |   |    |    |   |
|   phv116  |    -    |                                                        |       |  |   |   |    |   |   |    |   |   |   |   |   |    |    |   |
|   phv117  |    -    |                                                        |       |  |   |   |    |   |   |    |   |   |   |   |   |    |    |   |
|   phv118  |    -    |                                                        |       |  |   |   |    |   |   |    |   |   |   |   |   |    |    |   |
|   phv119  |    -    |                                                        |       |  |   |   |    |   |   |    |   |   |   |   |   |    |    |   |
|   phv120  |    -    |                                                        |       |  |   |   |    |   |   |    |   |   |   |   |   |    |    |   |
|   phv121  |    -    |                                                        |       |  |   |   |    |   |   |    |   |   |   |   |   |    |    |   |
|   phv122  |    -    |                                                        |       |  |   |   |    |   |   |    |   |   |   |   |   |    |    |   |
|   phv123  |    -    |                                                        |       |  |   |   |    |   |   |    |   |   |   |   |   |    |    |   |
|   phv124  |    -    |                                                        |       |  |   |   |    |   |   |    |   |   |   |   |   |    |    |   |
|   phv125  |    -    |                                                        |       |  |   |   |    |   |   |    |   |   |   |   |   |    |    |   |
|   phv126  |    -    |                                                        |       |  |   |   |    |   |   |    |   |   |   |   |   |    |    |   |
|   phv127  |    -    |                                                        |       |  |   |   |    |   |   |    |   |   |   |   |   |    |    |   |
|           |         |                                                        |       |  |   |   |    |   |   |    |   |   |   |   |   |    |    |   |
|   phv128  | ingress |                                                        |       |  |   |   |    |   |   |    |   |   |   |   |   |    |    |   |
|   [15:0]  | ingress |          ig_intr_md_for_tm.mcast_grp_a[15:0]           | imeta |  |   |   |    | W | ~ | ~  | ~ | ~ | ~ | ~ | ~ | ~  | ~  | R |
|   phv129  | ingress |                                                        |       |  |   |   |    |   |   |    |   |   |   |   |   |    |    |   |
|    [9:0]  | ingress |                       $tmp2[9:0]                       |  meta |  |   |   |    |   |   |    |   |   |   |   |   |    |    | R |
|   phv130  | ingress |                                                        |       |  |   |   |    |   |   |    |   |   |   |   |   |    |    |   |
|   [15:0]  | ingress |        ig_intr_md_from_prsr.global_tstamp[15:0]        | imeta |  | W | ~ | R  |   |   |    |   |   |   |   |   |    |    |   |
|   phv131  | ingress |                                                        |       |  |   |   |    |   |   |    |   |   |   |   |   |    |    |   |
|   [15:0]  | ingress |             hdr.fleptopo.sendtstamp[15:0]              |  pkt  |  | W | W | W  | ~ | ~ | ~  | ~ | ~ | ~ | ~ | ~ | ~  | ~  | R |
|   phv132  | ingress |                                                        |       |  |   |   |    |   |   |    |   |   |   |   |   |    |    |   |
|   [15:0]  | ingress |              hdr.flep.routing_type[15:0]               |  pkt  |  | W | ~ | ~  | ~ | ~ | ~  | R | ~ | ~ | ~ | ~ | ~  | ~  | R |
|   phv133  | ingress |                                                        |       |  |   |   |    |   |   |    |   |   |   |   |   |    |    |   |
|   [15:0]  | ingress |            hdr.ethernet.ethernetType[15:0]             |  pkt  |  | W | W | W  | ~ | ~ | ~  | W | ~ | ~ | ~ | ~ | ~  | ~  | R |
|   phv134  | ingress |                                                        |       |  |   |   |    |   |   |    |   |   |   |   |   |    |    |   |
|   [15:0]  | ingress |                hdr.flabels.label[15:0]                 |  pkt  |  | W | ~ | ~  | ~ | ~ | R  | ~ | ~ | ~ | ~ | ~ | ~  | ~  | R |
|   phv135  |    -    |                                                        |       |  |   |   |    |   |   |    |   |   |   |   |   |    |    |   |
|   phv136  |    -    |                                                        |       |  |   |   |    |   |   |    |   |   |   |   |   |    |    |   |
|   phv137  |    -    |                                                        |       |  |   |   |    |   |   |    |   |   |   |   |   |    |    |   |
|   phv138  |    -    |                                                        |       |  |   |   |    |   |   |    |   |   |   |   |   |    |    |   |
|   phv139  |    -    |                                                        |       |  |   |   |    |   |   |    |   |   |   |   |   |    |    |   |
|   phv140  |    -    |                                                        |       |  |   |   |    |   |   |    |   |   |   |   |   |    |    |   |
|   phv141  |    -    |                                                        |       |  |   |   |    |   |   |    |   |   |   |   |   |    |    |   |
|   phv142  |    -    |                                                        |       |  |   |   |    |   |   |    |   |   |   |   |   |    |    |   |
|   phv143  |    -    |                                                        |       |  |   |   |    |   |   |    |   |   |   |   |   |    |    |   |
|   phv144  |  egress |                                                        |       |  |   |   |    |   |   |    |   |   |   |   |   |    |    |   |
|    [8:0]  |  egress |              eg_intr_md.egress_port[8:0]               | imeta |  | W | ~ | ~  | ~ | ~ | ~  | ~ | ~ | ~ | ~ | ~ | ~  | ~  | R |
|   phv145  |    -    |                                                        |       |  |   |   |    |   |   |    |   |   |   |   |   |    |    |   |
|   phv146  |    -    |                                                        |       |  |   |   |    |   |   |    |   |   |   |   |   |    |    |   |
|   phv147  |    -    |                                                        |       |  |   |   |    |   |   |    |   |   |   |   |   |    |    |   |
|   phv148  |    -    |                                                        |       |  |   |   |    |   |   |    |   |   |   |   |   |    |    |   |
|   phv149  |    -    |                                                        |       |  |   |   |    |   |   |    |   |   |   |   |   |    |    |   |
|   phv150  |    -    |                                                        |       |  |   |   |    |   |   |    |   |   |   |   |   |    |    |   |
|   phv151  |    -    |                                                        |       |  |   |   |    |   |   |    |   |   |   |   |   |    |    |   |
|   phv152  |    -    |                                                        |       |  |   |   |    |   |   |    |   |   |   |   |   |    |    |   |
|   phv153  |    -    |                                                        |       |  |   |   |    |   |   |    |   |   |   |   |   |    |    |   |
|   phv154  |    -    |                                                        |       |  |   |   |    |   |   |    |   |   |   |   |   |    |    |   |
|   phv155  |    -    |                                                        |       |  |   |   |    |   |   |    |   |   |   |   |   |    |    |   |
|   phv156  |    -    |                                                        |       |  |   |   |    |   |   |    |   |   |   |   |   |    |    |   |
|   phv157  |    -    |                                                        |       |  |   |   |    |   |   |    |   |   |   |   |   |    |    |   |
|   phv158  |    -    |                                                        |       |  |   |   |    |   |   |    |   |   |   |   |   |    |    |   |
|   phv159  |    -    |                                                        |       |  |   |   |    |   |   |    |   |   |   |   |   |    |    |   |
|   phv160  |    -    |                                                        |       |  |   |   |    |   |   |    |   |   |   |   |   |    |    |   |
|   phv161  |    -    |                                                        |       |  |   |   |    |   |   |    |   |   |   |   |   |    |    |   |
|   phv162  |    -    |                                                        |       |  |   |   |    |   |   |    |   |   |   |   |   |    |    |   |
|   phv163  |    -    |                                                        |       |  |   |   |    |   |   |    |   |   |   |   |   |    |    |   |
|   phv164  |    -    |                                                        |       |  |   |   |    |   |   |    |   |   |   |   |   |    |    |   |
|   phv165  |    -    |                                                        |       |  |   |   |    |   |   |    |   |   |   |   |   |    |    |   |
|   phv166  |    -    |                                                        |       |  |   |   |    |   |   |    |   |   |   |   |   |    |    |   |
|   phv167  |    -    |                                                        |       |  |   |   |    |   |   |    |   |   |   |   |   |    |    |   |
|   phv168  |    -    |                                                        |       |  |   |   |    |   |   |    |   |   |   |   |   |    |    |   |
|   phv169  |    -    |                                                        |       |  |   |   |    |   |   |    |   |   |   |   |   |    |    |   |
|   phv170  |    -    |                                                        |       |  |   |   |    |   |   |    |   |   |   |   |   |    |    |   |
|   phv171  |    -    |                                                        |       |  |   |   |    |   |   |    |   |   |   |   |   |    |    |   |
|   phv172  |    -    |                                                        |       |  |   |   |    |   |   |    |   |   |   |   |   |    |    |   |
|   phv173  |    -    |                                                        |       |  |   |   |    |   |   |    |   |   |   |   |   |    |    |   |
|   phv174  |    -    |                                                        |       |  |   |   |    |   |   |    |   |   |   |   |   |    |    |   |
|   phv175  |    -    |                                                        |       |  |   |   |    |   |   |    |   |   |   |   |   |    |    |   |
|   phv176  |    -    |                                                        |       |  |   |   |    |   |   |    |   |   |   |   |   |    |    |   |
|   phv177  |    -    |                                                        |       |  |   |   |    |   |   |    |   |   |   |   |   |    |    |   |
|   phv178  |    -    |                                                        |       |  |   |   |    |   |   |    |   |   |   |   |   |    |    |   |
|   phv179  |    -    |                                                        |       |  |   |   |    |   |   |    |   |   |   |   |   |    |    |   |
|   phv180  |    -    |                                                        |       |  |   |   |    |   |   |    |   |   |   |   |   |    |    |   |
|   phv181  |    -    |                                                        |       |  |   |   |    |   |   |    |   |   |   |   |   |    |    |   |
|   phv182  |    -    |                                                        |       |  |   |   |    |   |   |    |   |   |   |   |   |    |    |   |
|   phv183  |    -    |                                                        |       |  |   |   |    |   |   |    |   |   |   |   |   |    |    |   |
|   phv184  |    -    |                                                        |       |  |   |   |    |   |   |    |   |   |   |   |   |    |    |   |
|   phv185  |    -    |                                                        |       |  |   |   |    |   |   |    |   |   |   |   |   |    |    |   |
|   phv186  |    -    |                                                        |       |  |   |   |    |   |   |    |   |   |   |   |   |    |    |   |
|   phv187  |    -    |                                                        |       |  |   |   |    |   |   |    |   |   |   |   |   |    |    |   |
|   phv188  |    -    |                                                        |       |  |   |   |    |   |   |    |   |   |   |   |   |    |    |   |
|   phv189  |    -    |                                                        |       |  |   |   |    |   |   |    |   |   |   |   |   |    |    |   |
|   phv190  |    -    |                                                        |       |  |   |   |    |   |   |    |   |   |   |   |   |    |    |   |
|   phv191  |    -    |                                                        |       |  |   |   |    |   |   |    |   |   |   |   |   |    |    |   |
|   phv192  |    -    |                                                        |       |  |   |   |    |   |   |    |   |   |   |   |   |    |    |   |
|   phv193  |    -    |                                                        |       |  |   |   |    |   |   |    |   |   |   |   |   |    |    |   |
|   phv194  |    -    |                                                        |       |  |   |   |    |   |   |    |   |   |   |   |   |    |    |   |
|   phv195  |    -    |                                                        |       |  |   |   |    |   |   |    |   |   |   |   |   |    |    |   |
|   phv196  |    -    |                                                        |       |  |   |   |    |   |   |    |   |   |   |   |   |    |    |   |
|   phv197  |    -    |                                                        |       |  |   |   |    |   |   |    |   |   |   |   |   |    |    |   |
|   phv198  |    -    |                                                        |       |  |   |   |    |   |   |    |   |   |   |   |   |    |    |   |
|   phv199  |    -    |                                                        |       |  |   |   |    |   |   |    |   |   |   |   |   |    |    |   |
|   phv200  |    -    |                                                        |       |  |   |   |    |   |   |    |   |   |   |   |   |    |    |   |
|   phv201  |    -    |                                                        |       |  |   |   |    |   |   |    |   |   |   |   |   |    |    |   |
|   phv202  |    -    |                                                        |       |  |   |   |    |   |   |    |   |   |   |   |   |    |    |   |
|   phv203  |    -    |                                                        |       |  |   |   |    |   |   |    |   |   |   |   |   |    |    |   |
|   phv204  |    -    |                                                        |       |  |   |   |    |   |   |    |   |   |   |   |   |    |    |   |
|   phv205  |    -    |                                                        |       |  |   |   |    |   |   |    |   |   |   |   |   |    |    |   |
|   phv206  |    -    |                                                        |       |  |   |   |    |   |   |    |   |   |   |   |   |    |    |   |
|   phv207  |    -    |                                                        |       |  |   |   |    |   |   |    |   |   |   |   |   |    |    |   |
|   phv208  |    -    |                                                        |       |  |   |   |    |   |   |    |   |   |   |   |   |    |    |   |
|   phv209  |    -    |                                                        |       |  |   |   |    |   |   |    |   |   |   |   |   |    |    |   |
|   phv210  |    -    |                                                        |       |  |   |   |    |   |   |    |   |   |   |   |   |    |    |   |
|   phv211  |    -    |                                                        |       |  |   |   |    |   |   |    |   |   |   |   |   |    |    |   |
|   phv212  |    -    |                                                        |       |  |   |   |    |   |   |    |   |   |   |   |   |    |    |   |
|   phv213  |    -    |                                                        |       |  |   |   |    |   |   |    |   |   |   |   |   |    |    |   |
|   phv214  |    -    |                                                        |       |  |   |   |    |   |   |    |   |   |   |   |   |    |    |   |
|   phv215  |    -    |                                                        |       |  |   |   |    |   |   |    |   |   |   |   |   |    |    |   |
|   phv216  |    -    |                                                        |       |  |   |   |    |   |   |    |   |   |   |   |   |    |    |   |
|   phv217  |    -    |                                                        |       |  |   |   |    |   |   |    |   |   |   |   |   |    |    |   |
|   phv218  |    -    |                                                        |       |  |   |   |    |   |   |    |   |   |   |   |   |    |    |   |
|   phv219  |    -    |                                                        |       |  |   |   |    |   |   |    |   |   |   |   |   |    |    |   |
|   phv220  |    -    |                                                        |       |  |   |   |    |   |   |    |   |   |   |   |   |    |    |   |
|   phv221  |    -    |                                                        |       |  |   |   |    |   |   |    |   |   |   |   |   |    |    |   |
|   phv222  |    -    |                                                        |       |  |   |   |    |   |   |    |   |   |   |   |   |    |    |   |
|   phv223  |    -    |                                                        |       |  |   |   |    |   |   |    |   |   |   |   |   |    |    |   |
|   phv224  |    -    |                                                        |       |  |   |   |    |   |   |    |   |   |   |   |   |    |    |   |
|   phv225  |    -    |                                                        |       |  |   |   |    |   |   |    |   |   |   |   |   |    |    |   |
|   phv226  |    -    |                                                        |       |  |   |   |    |   |   |    |   |   |   |   |   |    |    |   |
|   phv227  |    -    |                                                        |       |  |   |   |    |   |   |    |   |   |   |   |   |    |    |   |
|   phv228  |    -    |                                                        |       |  |   |   |    |   |   |    |   |   |   |   |   |    |    |   |
|   phv229  |    -    |                                                        |       |  |   |   |    |   |   |    |   |   |   |   |   |    |    |   |
|   phv230  |    -    |                                                        |       |  |   |   |    |   |   |    |   |   |   |   |   |    |    |   |
|   phv231  |    -    |                                                        |       |  |   |   |    |   |   |    |   |   |   |   |   |    |    |   |
|   phv232  |    -    |                                                        |       |  |   |   |    |   |   |    |   |   |   |   |   |    |    |   |
|   phv233  |    -    |                                                        |       |  |   |   |    |   |   |    |   |   |   |   |   |    |    |   |
|   phv234  |    -    |                                                        |       |  |   |   |    |   |   |    |   |   |   |   |   |    |    |   |
|   phv235  |    -    |                                                        |       |  |   |   |    |   |   |    |   |   |   |   |   |    |    |   |
|   phv236  |    -    |                                                        |       |  |   |   |    |   |   |    |   |   |   |   |   |    |    |   |
|   phv237  |    -    |                                                        |       |  |   |   |    |   |   |    |   |   |   |   |   |    |    |   |
|   phv238  |    -    |                                                        |       |  |   |   |    |   |   |    |   |   |   |   |   |    |    |   |
|   phv239  |    -    |                                                        |       |  |   |   |    |   |   |    |   |   |   |   |   |    |    |   |
|   phv240  |    -    |                                                        |       |  |   |   |    |   |   |    |   |   |   |   |   |    |    |   |
|   phv241  |    -    |                                                        |       |  |   |   |    |   |   |    |   |   |   |   |   |    |    |   |
|   phv242  |    -    |                                                        |       |  |   |   |    |   |   |    |   |   |   |   |   |    |    |   |
|   phv243  |    -    |                                                        |       |  |   |   |    |   |   |    |   |   |   |   |   |    |    |   |
|   phv244  |    -    |                                                        |       |  |   |   |    |   |   |    |   |   |   |   |   |    |    |   |
|   phv245  |    -    |                                                        |       |  |   |   |    |   |   |    |   |   |   |   |   |    |    |   |
|   phv246  |    -    |                                                        |       |  |   |   |    |   |   |    |   |   |   |   |   |    |    |   |
|   phv247  |    -    |                                                        |       |  |   |   |    |   |   |    |   |   |   |   |   |    |    |   |
|   phv248  |    -    |                                                        |       |  |   |   |    |   |   |    |   |   |   |   |   |    |    |   |
|   phv249  |    -    |                                                        |       |  |   |   |    |   |   |    |   |   |   |   |   |    |    |   |
|   phv250  |    -    |                                                        |       |  |   |   |    |   |   |    |   |   |   |   |   |    |    |   |
|   phv251  |    -    |                                                        |       |  |   |   |    |   |   |    |   |   |   |   |   |    |    |   |
|   phv252  |    -    |                                                        |       |  |   |   |    |   |   |    |   |   |   |   |   |    |    |   |
|   phv253  |    -    |                                                        |       |  |   |   |    |   |   |    |   |   |   |   |   |    |    |   |
|   phv254  |    -    |                                                        |       |  |   |   |    |   |   |    |   |   |   |   |   |    |    |   |
|   phv255  |    -    |                                                        |       |  |   |   |    |   |   |    |   |   |   |   |   |    |    |   |
|           |         |                                                        |       |  |   |   |    |   |   |    |   |   |   |   |   |    |    |   |
|   phv256  | ingress |                                                        |       |  |   |   |    |   |   |    |   |   |   |   |   |    |    |   |
|   [31:0]  | ingress |               hdr.ethernet.srcAddr[31:0]               |  pkt  |  | W | ~ | ~  | ~ | ~ | ~  | ~ | ~ | ~ | ~ | ~ | ~  | ~  | R |
|   phv257  | ingress |                                                        |       |  |   |   |    |   |   |    |   |   |   |   |   |    |    |   |
|   [31:0]  | ingress |               hdr.ethernet.dstAddr[31:0]               |  pkt  |  | W | ~ | ~  | ~ | ~ | ~  | ~ | ~ | ~ | ~ | ~ | ~  | ~  | R |
|   phv258  |    -    |                                                        |       |  |   |   |    |   |   |    |   |   |   |   |   |    |    |   |
|   phv259  |    -    |                                                        |       |  |   |   |    |   |   |    |   |   |   |   |   |    |    |   |
|   phv260  |  egress |                                                        |       |  |   |   |    |   |   |    |   |   |   |   |   |    |    |   |
|   [31:0]  |  egress | hdr.min_parse_depth_padding_0[0].packet_payload[31:0]  |  pkt  |  | W | ~ | ~  | ~ | ~ | ~  | ~ | ~ | ~ | ~ | ~ | ~  | ~  | R |
|   phv261  |  egress |                                                        |       |  |   |   |    |   |   |    |   |   |   |   |   |    |    |   |
|   [31:0]  |  egress | hdr.min_parse_depth_padding_0[0].packet_payload[63:32] |  pkt  |  | W | ~ | ~  | ~ | ~ | ~  | ~ | ~ | ~ | ~ | ~ | ~  | ~  | R |
|   phv262  |  egress |                                                        |       |  |   |   |    |   |   |    |   |   |   |   |   |    |    |   |
|   [31:0]  |  egress | hdr.min_parse_depth_padding_0[1].packet_payload[31:0]  |  pkt  |  | W | ~ | ~  | ~ | ~ | ~  | ~ | ~ | ~ | ~ | ~ | ~  | ~  | R |
|   phv263  |  egress |                                                        |       |  |   |   |    |   |   |    |   |   |   |   |   |    |    |   |
|   [31:0]  |  egress | hdr.min_parse_depth_padding_0[1].packet_payload[63:32] |  pkt  |  | W | ~ | ~  | ~ | ~ | ~  | ~ | ~ | ~ | ~ | ~ | ~  | ~  | R |
|   phv264  |  egress |                                                        |       |  |   |   |    |   |   |    |   |   |   |   |   |    |    |   |
|   [31:0]  |  egress | hdr.min_parse_depth_padding_0[3].packet_payload[63:32] |  pkt  |  | W | ~ | ~  | ~ | ~ | ~  | ~ | ~ | ~ | ~ | ~ | ~  | ~  | R |
|   phv265  |    -    |                                                        |       |  |   |   |    |   |   |    |   |   |   |   |   |    |    |   |
|   phv266  |    -    |                                                        |       |  |   |   |    |   |   |    |   |   |   |   |   |    |    |   |
|   phv267  |    -    |                                                        |       |  |   |   |    |   |   |    |   |   |   |   |   |    |    |   |
|   phv268  |    -    |                                                        |       |  |   |   |    |   |   |    |   |   |   |   |   |    |    |   |
|   phv269  |    -    |                                                        |       |  |   |   |    |   |   |    |   |   |   |   |   |    |    |   |
|   phv270  |    -    |                                                        |       |  |   |   |    |   |   |    |   |   |   |   |   |    |    |   |
|   phv271  |    -    |                                                        |       |  |   |   |    |   |   |    |   |   |   |   |   |    |    |   |
|   phv272  |    -    |                                                        |       |  |   |   |    |   |   |    |   |   |   |   |   |    |    |   |
|   phv273  |    -    |                                                        |       |  |   |   |    |   |   |    |   |   |   |   |   |    |    |   |
|   phv274  |    -    |                                                        |       |  |   |   |    |   |   |    |   |   |   |   |   |    |    |   |
|   phv275  |    -    |                                                        |       |  |   |   |    |   |   |    |   |   |   |   |   |    |    |   |
|   phv276  |    -    |                                                        |       |  |   |   |    |   |   |    |   |   |   |   |   |    |    |   |
|   phv277  |    -    |                                                        |       |  |   |   |    |   |   |    |   |   |   |   |   |    |    |   |
|   phv278  |    -    |                                                        |       |  |   |   |    |   |   |    |   |   |   |   |   |    |    |   |
|   phv279  |    -    |                                                        |       |  |   |   |    |   |   |    |   |   |   |   |   |    |    |   |
|   phv280  |    -    |                                                        |       |  |   |   |    |   |   |    |   |   |   |   |   |    |    |   |
|   phv281  |    -    |                                                        |       |  |   |   |    |   |   |    |   |   |   |   |   |    |    |   |
|   phv282  |    -    |                                                        |       |  |   |   |    |   |   |    |   |   |   |   |   |    |    |   |
|   phv283  |    -    |                                                        |       |  |   |   |    |   |   |    |   |   |   |   |   |    |    |   |
|   phv284  |    -    |                                                        |       |  |   |   |    |   |   |    |   |   |   |   |   |    |    |   |
|   phv285  |    -    |                                                        |       |  |   |   |    |   |   |    |   |   |   |   |   |    |    |   |
|   phv286  |    -    |                                                        |       |  |   |   |    |   |   |    |   |   |   |   |   |    |    |   |
|   phv287  |    -    |                                                        |       |  |   |   |    |   |   |    |   |   |   |   |   |    |    |   |
|           |         |                                                        |       |  |   |   |    |   |   |    |   |   |   |   |   |    |    |   |
|   phv288  | ingress |                                                        |       |  |   |   |    |   |   |    |   |   |   |   |   |    |    |   |
|    [7:0]  | ingress |                  hdr.flep.flags[7:0]                   |  pkt  |  | W | ~ | ~  | ~ | ~ | ~  | ~ | ~ | ~ | ~ | ~ | ~  | ~  | R |
|   phv289  |    -    |                                                        |       |  |   |   |    |   |   |    |   |   |   |   |   |    |    |   |
|   phv290  |    -    |                                                        |       |  |   |   |    |   |   |    |   |   |   |   |   |    |    |   |
|   phv291  |    -    |                                                        |       |  |   |   |    |   |   |    |   |   |   |   |   |    |    |   |
|   phv292  |  egress |                                                        |       |  |   |   |    |   |   |    |   |   |   |   |   |    |    |   |
|    [7:0]  |  egress | hdr.min_parse_depth_padding_0[0].packet_payload[87:80] |  pkt  |  | W | ~ | ~  | ~ | ~ | ~  | ~ | ~ | ~ | ~ | ~ | ~  | ~  | R |
|   phv293  |  egress |                                                        |       |  |   |   |    |   |   |    |   |   |   |   |   |    |    |   |
|    [7:0]  |  egress | hdr.min_parse_depth_padding_0[1].packet_payload[87:80] |  pkt  |  | W | ~ | ~  | ~ | ~ | ~  | ~ | ~ | ~ | ~ | ~ | ~  | ~  | R |
|   phv294  |  egress |                                                        |       |  |   |   |    |   |   |    |   |   |   |   |   |    |    |   |
|    [7:0]  |  egress | hdr.min_parse_depth_padding_0[2].packet_payload[87:80] |  pkt  |  | W | ~ | ~  | ~ | ~ | ~  | ~ | ~ | ~ | ~ | ~ | ~  | ~  | R |
|   phv295  |  egress |                                                        |       |  |   |   |    |   |   |    |   |   |   |   |   |    |    |   |
|    [7:0]  |  egress | hdr.min_parse_depth_padding_0[3].packet_payload[87:80] |  pkt  |  | W | ~ | ~  | ~ | ~ | ~  | ~ | ~ | ~ | ~ | ~ | ~  | ~  | R |
|   phv296  |    -    |                                                        |       |  |   |   |    |   |   |    |   |   |   |   |   |    |    |   |
|   phv297  |    -    |                                                        |       |  |   |   |    |   |   |    |   |   |   |   |   |    |    |   |
|   phv298  |    -    |                                                        |       |  |   |   |    |   |   |    |   |   |   |   |   |    |    |   |
|   phv299  |    -    |                                                        |       |  |   |   |    |   |   |    |   |   |   |   |   |    |    |   |
|   phv300  |    -    |                                                        |       |  |   |   |    |   |   |    |   |   |   |   |   |    |    |   |
|   phv301  |    -    |                                                        |       |  |   |   |    |   |   |    |   |   |   |   |   |    |    |   |
|   phv302  |    -    |                                                        |       |  |   |   |    |   |   |    |   |   |   |   |   |    |    |   |
|   phv303  |    -    |                                                        |       |  |   |   |    |   |   |    |   |   |   |   |   |    |    |   |
|   phv304  |    -    |                                                        |       |  |   |   |    |   |   |    |   |   |   |   |   |    |    |   |
|   phv305  |    -    |                                                        |       |  |   |   |    |   |   |    |   |   |   |   |   |    |    |   |
|   phv306  |    -    |                                                        |       |  |   |   |    |   |   |    |   |   |   |   |   |    |    |   |
|   phv307  |    -    |                                                        |       |  |   |   |    |   |   |    |   |   |   |   |   |    |    |   |
|   phv308  |    -    |                                                        |       |  |   |   |    |   |   |    |   |   |   |   |   |    |    |   |
|   phv309  |    -    |                                                        |       |  |   |   |    |   |   |    |   |   |   |   |   |    |    |   |
|   phv310  |    -    |                                                        |       |  |   |   |    |   |   |    |   |   |   |   |   |    |    |   |
|   phv311  |    -    |                                                        |       |  |   |   |    |   |   |    |   |   |   |   |   |    |    |   |
|   phv312  |    -    |                                                        |       |  |   |   |    |   |   |    |   |   |   |   |   |    |    |   |
|   phv313  |    -    |                                                        |       |  |   |   |    |   |   |    |   |   |   |   |   |    |    |   |
|   phv314  |    -    |                                                        |       |  |   |   |    |   |   |    |   |   |   |   |   |    |    |   |
|   phv315  |    -    |                                                        |       |  |   |   |    |   |   |    |   |   |   |   |   |    |    |   |
|   phv316  |    -    |                                                        |       |  |   |   |    |   |   |    |   |   |   |   |   |    |    |   |
|   phv317  |    -    |                                                        |       |  |   |   |    |   |   |    |   |   |   |   |   |    |    |   |
|   phv318  |    -    |                                                        |       |  |   |   |    |   |   |    |   |   |   |   |   |    |    |   |
|   phv319  |    -    |                                                        |       |  |   |   |    |   |   |    |   |   |   |   |   |    |    |   |
|           |         |                                                        |       |  |   |   |    |   |   |    |   |   |   |   |   |    |    |   |
|   phv320  | ingress |                                                        |       |  |   |   |    |   |   |    |   |   |   |   |   |    |    |   |
|   [15:0]  | ingress |              hdr.flep.active_label[15:0]               |  pkt  |  | W | ~ | ~  | ~ | ~ | ~  | ~ | ~ | ~ | ~ | ~ | ~  | ~  | R |
|   phv321  | ingress |                                                        |       |  |   |   |    |   |   |    |   |   |   |   |   |    |    |   |
|   [15:0]  | ingress |              hdr.ethernet.srcAddr[47:32]               |  pkt  |  | W | ~ | ~  | ~ | ~ | ~  | ~ | ~ | ~ | ~ | ~ | ~  | ~  | R |
|   phv322  | ingress |                                                        |       |  |   |   |    |   |   |    |   |   |   |   |   |    |    |   |
|   [15:0]  | ingress |              hdr.ethernet.dstAddr[47:32]               |  pkt  |  | W | ~ | ~  | ~ | ~ | ~  | ~ | ~ | ~ | ~ | ~ | ~  | ~  | R |
|   phv323  |    -    |                                                        |       |  |   |   |    |   |   |    |   |   |   |   |   |    |    |   |
|   phv324  |    -    |                                                        |       |  |   |   |    |   |   |    |   |   |   |   |   |    |    |   |
|   phv325  |    -    |                                                        |       |  |   |   |    |   |   |    |   |   |   |   |   |    |    |   |
|   phv326  |  egress |                                                        |       |  |   |   |    |   |   |    |   |   |   |   |   |    |    |   |
|   [15:0]  |  egress | hdr.min_parse_depth_padding_0[2].packet_payload[15:0]  |  pkt  |  | W | ~ | ~  | ~ | ~ | ~  | ~ | ~ | ~ | ~ | ~ | ~  | ~  | R |
|   phv327  |  egress |                                                        |       |  |   |   |    |   |   |    |   |   |   |   |   |    |    |   |
|   [15:0]  |  egress | hdr.min_parse_depth_padding_0[2].packet_payload[31:16] |  pkt  |  | W | ~ | ~  | ~ | ~ | ~  | ~ | ~ | ~ | ~ | ~ | ~  | ~  | R |
|   phv328  |  egress |                                                        |       |  |   |   |    |   |   |    |   |   |   |   |   |    |    |   |
|   [15:0]  |  egress | hdr.min_parse_depth_padding_0[2].packet_payload[47:32] |  pkt  |  | W | ~ | ~  | ~ | ~ | ~  | ~ | ~ | ~ | ~ | ~ | ~  | ~  | R |
|   phv329  |  egress |                                                        |       |  |   |   |    |   |   |    |   |   |   |   |   |    |    |   |
|   [15:0]  |  egress | hdr.min_parse_depth_padding_0[2].packet_payload[63:48] |  pkt  |  | W | ~ | ~  | ~ | ~ | ~  | ~ | ~ | ~ | ~ | ~ | ~  | ~  | R |
|   phv330  |  egress |                                                        |       |  |   |   |    |   |   |    |   |   |   |   |   |    |    |   |
|   [15:0]  |  egress | hdr.min_parse_depth_padding_0[3].packet_payload[15:0]  |  pkt  |  | W | ~ | ~  | ~ | ~ | ~  | ~ | ~ | ~ | ~ | ~ | ~  | ~  | R |
|   phv331  |  egress |                                                        |       |  |   |   |    |   |   |    |   |   |   |   |   |    |    |   |
|   [15:0]  |  egress | hdr.min_parse_depth_padding_0[3].packet_payload[31:16] |  pkt  |  | W | ~ | ~  | ~ | ~ | ~  | ~ | ~ | ~ | ~ | ~ | ~  | ~  | R |
|   phv332  |  egress |                                                        |       |  |   |   |    |   |   |    |   |   |   |   |   |    |    |   |
|   [15:0]  |  egress | hdr.min_parse_depth_padding_0[0].packet_payload[79:64] |  pkt  |  | W | ~ | ~  | ~ | ~ | ~  | ~ | ~ | ~ | ~ | ~ | ~  | ~  | R |
|   phv333  |  egress |                                                        |       |  |   |   |    |   |   |    |   |   |   |   |   |    |    |   |
|   [15:0]  |  egress | hdr.min_parse_depth_padding_0[1].packet_payload[79:64] |  pkt  |  | W | ~ | ~  | ~ | ~ | ~  | ~ | ~ | ~ | ~ | ~ | ~  | ~  | R |
|   phv334  |  egress |                                                        |       |  |   |   |    |   |   |    |   |   |   |   |   |    |    |   |
|   [15:0]  |  egress | hdr.min_parse_depth_padding_0[2].packet_payload[79:64] |  pkt  |  | W | ~ | ~  | ~ | ~ | ~  | ~ | ~ | ~ | ~ | ~ | ~  | ~  | R |
|   phv335  |  egress |                                                        |       |  |   |   |    |   |   |    |   |   |   |   |   |    |    |   |
|   [15:0]  |  egress | hdr.min_parse_depth_padding_0[3].packet_payload[79:64] |  pkt  |  | W | ~ | ~  | ~ | ~ | ~  | ~ | ~ | ~ | ~ | ~ | ~  | ~  | R |
|   phv336  |    -    |                                                        |       |  |   |   |    |   |   |    |   |   |   |   |   |    |    |   |
|   phv337  |    -    |                                                        |       |  |   |   |    |   |   |    |   |   |   |   |   |    |    |   |
|   phv338  |    -    |                                                        |       |  |   |   |    |   |   |    |   |   |   |   |   |    |    |   |
|   phv339  |    -    |                                                        |       |  |   |   |    |   |   |    |   |   |   |   |   |    |    |   |
|   phv340  |    -    |                                                        |       |  |   |   |    |   |   |    |   |   |   |   |   |    |    |   |
|   phv341  |    -    |                                                        |       |  |   |   |    |   |   |    |   |   |   |   |   |    |    |   |
|   phv342  |    -    |                                                        |       |  |   |   |    |   |   |    |   |   |   |   |   |    |    |   |
|   phv343  |    -    |                                                        |       |  |   |   |    |   |   |    |   |   |   |   |   |    |    |   |
|   phv344  |    -    |                                                        |       |  |   |   |    |   |   |    |   |   |   |   |   |    |    |   |
|   phv345  |    -    |                                                        |       |  |   |   |    |   |   |    |   |   |   |   |   |    |    |   |
|   phv346  |    -    |                                                        |       |  |   |   |    |   |   |    |   |   |   |   |   |    |    |   |
|   phv347  |    -    |                                                        |       |  |   |   |    |   |   |    |   |   |   |   |   |    |    |   |
|   phv348  |    -    |                                                        |       |  |   |   |    |   |   |    |   |   |   |   |   |    |    |   |
|   phv349  |    -    |                                                        |       |  |   |   |    |   |   |    |   |   |   |   |   |    |    |   |
|   phv350  |    -    |                                                        |       |  |   |   |    |   |   |    |   |   |   |   |   |    |    |   |
|   phv351  |    -    |                                                        |       |  |   |   |    |   |   |    |   |   |   |   |   |    |    |   |
|   phv352  |    -    |                                                        |       |  |   |   |    |   |   |    |   |   |   |   |   |    |    |   |
|   phv353  |    -    |                                                        |       |  |   |   |    |   |   |    |   |   |   |   |   |    |    |   |
|   phv354  |    -    |                                                        |       |  |   |   |    |   |   |    |   |   |   |   |   |    |    |   |
|   phv355  |    -    |                                                        |       |  |   |   |    |   |   |    |   |   |   |   |   |    |    |   |
|   phv356  |    -    |                                                        |       |  |   |   |    |   |   |    |   |   |   |   |   |    |    |   |
|   phv357  |    -    |                                                        |       |  |   |   |    |   |   |    |   |   |   |   |   |    |    |   |
|   phv358  |    -    |                                                        |       |  |   |   |    |   |   |    |   |   |   |   |   |    |    |   |
|   phv359  |    -    |                                                        |       |  |   |   |    |   |   |    |   |   |   |   |   |    |    |   |
|   phv360  |    -    |                                                        |       |  |   |   |    |   |   |    |   |   |   |   |   |    |    |   |
|   phv361  |    -    |                                                        |       |  |   |   |    |   |   |    |   |   |   |   |   |    |    |   |
|   phv362  |    -    |                                                        |       |  |   |   |    |   |   |    |   |   |   |   |   |    |    |   |
|   phv363  |    -    |                                                        |       |  |   |   |    |   |   |    |   |   |   |   |   |    |    |   |
|   phv364  |    -    |                                                        |       |  |   |   |    |   |   |    |   |   |   |   |   |    |    |   |
|   phv365  |    -    |                                                        |       |  |   |   |    |   |   |    |   |   |   |   |   |    |    |   |
|   phv366  |    -    |                                                        |       |  |   |   |    |   |   |    |   |   |   |   |   |    |    |   |
|   phv367  |    -    |                                                        |       |  |   |   |    |   |   |    |   |   |   |   |   |    |    |   |
--------------------------------------------------------------------------------------------------------------------------------------------------------


Containers used: 49
Containers with data overlayed: 1  (2.04%)
Containers shared: 7  (14.29%)

------------------------
  Legend:
------------------------
   P:     Parsed
   D:     Deparsed
   OL:    Overlay
   SH:    Shared
   pkt:   Packet data
   meta:  Metadata
   imeta: Intrinsic Metadata
   pov:   Packet Occupancy Vector bit
   R:     Read
   W:     Write
   ~:     Field is live


---------------------------------------------------------------------------------------------------------------------------------------
| Direction | Location | Fields Live | Bits Live | Header Fields Live | Header Bits Live | Metadata Fields Live | Metadata Bits Live |
---------------------------------------------------------------------------------------------------------------------------------------
|  ingress  |  Parser  | 23 (69.70%) |    397    |    17 (85.00%)     |       336        |      6 (46.15%)      |         61         |
|  ingress  | Stage 0  | 25 (75.76%) |    414    |    17 (85.00%)     |       336        |      8 (61.54%)      |         78         |
|  ingress  | Stage 1  | 26 (78.79%) |    425    |    18 (90.00%)     |       352        |      8 (61.54%)      |         73         |
|  ingress  | Stage 2  | 26 (78.79%) |    409    |    18 (90.00%)     |       368        |      8 (61.54%)      |         41         |
|  ingress  | Stage 3  | 26 (78.79%) |    392    |    18 (90.00%)     |       352        |      8 (61.54%)      |         40         |
|  ingress  | Stage 4  | 24 (72.73%) |    368    |    17 (85.00%)     |       336        |      7 (53.85%)      |         32         |
|  ingress  | Stage 5  | 24 (72.73%) |    368    |    17 (85.00%)     |       336        |      7 (53.85%)      |         32         |
|  ingress  | Stage 6  | 24 (72.73%) |    368    |    17 (85.00%)     |       336        |      7 (53.85%)      |         32         |
|  ingress  | Stage 7  | 24 (72.73%) |    368    |    17 (85.00%)     |       336        |      7 (53.85%)      |         32         |
|  ingress  | Stage 8  | 24 (72.73%) |    368    |    17 (85.00%)     |       336        |      7 (53.85%)      |         32         |
|  ingress  | Stage 9  | 24 (72.73%) |    368    |    17 (85.00%)     |       336        |      7 (53.85%)      |         32         |
|  ingress  | Stage 10 | 24 (72.73%) |    368    |    17 (85.00%)     |       336        |      7 (53.85%)      |         32         |
|  ingress  | Stage 11 | 24 (72.73%) |    368    |    17 (85.00%)     |       336        |      7 (53.85%)      |         32         |
|  ingress  | Deparser | 26 (78.79%) |    381    |    17 (85.00%)     |       336        |      9 (69.23%)      |         45         |
|           |          |             |           |                    |                  |                      |                    |
|   egress  |  Parser  |  6 (60.00%) |    365    |    4 (100.00%)     |       352        |      2 (33.33%)      |         13         |
|   egress  | Stage 0  |  5 (50.00%) |    361    |    4 (100.00%)     |       352        |      1 (16.67%)      |         9          |
|   egress  | Stage 1  |  5 (50.00%) |    361    |    4 (100.00%)     |       352        |      1 (16.67%)      |         9          |
|   egress  | Stage 2  |  5 (50.00%) |    361    |    4 (100.00%)     |       352        |      1 (16.67%)      |         9          |
|   egress  | Stage 3  |  5 (50.00%) |    361    |    4 (100.00%)     |       352        |      1 (16.67%)      |         9          |
|   egress  | Stage 4  |  5 (50.00%) |    361    |    4 (100.00%)     |       352        |      1 (16.67%)      |         9          |
|   egress  | Stage 5  |  5 (50.00%) |    361    |    4 (100.00%)     |       352        |      1 (16.67%)      |         9          |
|   egress  | Stage 6  |  5 (50.00%) |    361    |    4 (100.00%)     |       352        |      1 (16.67%)      |         9          |
|   egress  | Stage 7  |  5 (50.00%) |    361    |    4 (100.00%)     |       352        |      1 (16.67%)      |         9          |
|   egress  | Stage 8  |  5 (50.00%) |    361    |    4 (100.00%)     |       352        |      1 (16.67%)      |         9          |
|   egress  | Stage 9  |  5 (50.00%) |    361    |    4 (100.00%)     |       352        |      1 (16.67%)      |         9          |
|   egress  | Stage 10 |  5 (50.00%) |    361    |    4 (100.00%)     |       352        |      1 (16.67%)      |         9          |
|   egress  | Stage 11 |  5 (50.00%) |    361    |    4 (100.00%)     |       352        |      1 (16.67%)      |         9          |
|   egress  | Deparser |  9 (90.00%) |    365    |    4 (100.00%)     |       352        |      5 (83.33%)      |         13         |
---------------------------------------------------------------------------------------------------------------------------------------




------------------------------------------------------------------------------------------------------------------------------------------------------------------------------------------------------------------------------
| Direction | Container |    Parser   |   Stage 0   |   Stage 1   |   Stage 2   |   Stage 3   |   Stage 4   |   Stage 5   |   Stage 6   |   Stage 7   |   Stage 8   |   Stage 9   |   Stage 10  |   Stage 11  |   Deparser  |
------------------------------------------------------------------------------------------------------------------------------------------------------------------------------------------------------------------------------
|  ingress  |    phv0   | 1 (32 bits) | 1 (32 bits) | 1 (32 bits) |      -      |      -      |      -      |      -      |      -      |      -      |      -      |      -      |      -      |      -      |      -      |
|  ingress  |    phv1   | 1 (32 bits) | 1 (32 bits) | 1 (32 bits) | 1 (32 bits) | 1 (32 bits) | 1 (32 bits) | 1 (32 bits) | 1 (32 bits) | 1 (32 bits) | 1 (32 bits) | 1 (32 bits) | 1 (32 bits) | 1 (32 bits) | 1 (32 bits) |
|  ingress  |    phv2   |      -      |      -      |      -      | 1 (32 bits) |      -      |      -      |      -      |      -      |      -      |      -      |      -      |      -      |      -      |      -      |
|  ingress  |    phv3   |  1 (9 bits) |  1 (9 bits) | 2 (25 bits) |  1 (9 bits) |      -      |      -      |      -      |      -      |      -      |      -      |      -      |      -      |      -      |      -      |
|  ingress  |    phv4   | 2 (32 bits) | 2 (32 bits) | 2 (32 bits) | 2 (32 bits) | 2 (32 bits) | 2 (32 bits) | 2 (32 bits) | 2 (32 bits) | 2 (32 bits) | 2 (32 bits) | 2 (32 bits) | 2 (32 bits) | 2 (32 bits) | 2 (32 bits) |
|  ingress  |    phv5   |      -      |  1 (8 bits) |      -      |      -      | 2 (24 bits) |      -      |      -      |      -      |      -      |      -      |      -      |      -      |      -      |      -      |
|  ingress  |    phv6   |      -      |  1 (9 bits) |  1 (9 bits) |  1 (9 bits) |  1 (9 bits) |  1 (9 bits) |  1 (9 bits) |  1 (9 bits) |  1 (9 bits) |  1 (9 bits) |  1 (9 bits) |  1 (9 bits) |  1 (9 bits) |  1 (9 bits) |
|  ingress  |    phv7   | 2 (32 bits) | 2 (32 bits) | 2 (32 bits) | 2 (32 bits) | 2 (32 bits) | 2 (32 bits) | 2 (32 bits) | 2 (32 bits) | 2 (32 bits) | 2 (32 bits) | 2 (32 bits) | 2 (32 bits) | 2 (32 bits) | 2 (32 bits) |
|  ingress  |    phv8   | 1 (32 bits) | 1 (32 bits) | 1 (32 bits) | 1 (32 bits) | 1 (32 bits) | 1 (32 bits) | 1 (32 bits) | 1 (32 bits) | 1 (32 bits) | 1 (32 bits) | 1 (32 bits) | 1 (32 bits) | 1 (32 bits) | 1 (32 bits) |
|           |           |             |             |             |             |             |             |             |             |             |             |             |             |             |             |
|  ingress  |   phv64   |  1 (8 bits) |  1 (8 bits) |  1 (8 bits) |  1 (8 bits) |  1 (8 bits) |  1 (8 bits) |  1 (8 bits) |  1 (8 bits) |  1 (8 bits) |  1 (8 bits) |  1 (8 bits) |  1 (8 bits) |  1 (8 bits) |  1 (8 bits) |
|  ingress  |   phv65   |      -      |      -      |      -      |      -      |      -      |      -      |      -      |      -      |      -      |      -      |      -      |      -      |      -      |  1 (3 bits) |
|  ingress  |   phv66   |      -      |      -      |  1 (3 bits) |  1 (3 bits) |  1 (3 bits) |  1 (3 bits) |  1 (3 bits) |  1 (3 bits) |  1 (3 bits) |  1 (3 bits) |  1 (3 bits) |  1 (3 bits) |  1 (3 bits) |  1 (3 bits) |
|  ingress  |   phv67   |  2 (8 bits) |  2 (8 bits) |  2 (8 bits) |  2 (8 bits) |  2 (8 bits) |  2 (8 bits) |  2 (8 bits) |  2 (8 bits) |  2 (8 bits) |  2 (8 bits) |  2 (8 bits) |  2 (8 bits) |  2 (8 bits) |  2 (8 bits) |
|  ingress  |   phv68   |  1 (8 bits) |  1 (8 bits) |  1 (8 bits) |  1 (8 bits) |  1 (8 bits) |  1 (8 bits) |  1 (8 bits) |  1 (8 bits) |  1 (8 bits) |  1 (8 bits) |  1 (8 bits) |  1 (8 bits) |  1 (8 bits) |  1 (8 bits) |
|  ingress  |   phv69   |  4 (4 bits) |  4 (4 bits) |  4 (4 bits) |  4 (4 bits) |  4 (4 bits) |  4 (4 bits) |  4 (4 bits) |  4 (4 bits) |  4 (4 bits) |  4 (4 bits) |  4 (4 bits) |  4 (4 bits) |  4 (4 bits) |  4 (4 bits) |
|   egress  |   phv80   |  1 (4 bits) |      -      |      -      |      -      |      -      |      -      |      -      |      -      |      -      |      -      |      -      |      -      |      -      |  4 (4 bits) |
|           |           |             |             |             |             |             |             |             |             |             |             |             |             |             |             |
|  ingress  |   phv128  |      -      |      -      |      -      | 1 (16 bits) | 1 (16 bits) | 1 (16 bits) | 1 (16 bits) | 1 (16 bits) | 1 (16 bits) | 1 (16 bits) | 1 (16 bits) | 1 (16 bits) | 1 (16 bits) | 1 (16 bits) |
|  ingress  |   phv129  |      -      |      -      |      -      |      -      |      -      |      -      |      -      |      -      |      -      |      -      |      -      |      -      |      -      | 1 (10 bits) |
|  ingress  |   phv130  | 1 (16 bits) | 1 (16 bits) | 1 (16 bits) |      -      |      -      |      -      |      -      |      -      |      -      |      -      |      -      |      -      |      -      |      -      |
|  ingress  |   phv131  | 1 (16 bits) | 1 (16 bits) | 1 (16 bits) | 1 (16 bits) | 1 (16 bits) | 1 (16 bits) | 1 (16 bits) | 1 (16 bits) | 1 (16 bits) | 1 (16 bits) | 1 (16 bits) | 1 (16 bits) | 1 (16 bits) | 1 (16 bits) |
|  ingress  |   phv132  | 1 (16 bits) | 1 (16 bits) | 1 (16 bits) | 1 (16 bits) | 1 (16 bits) | 1 (16 bits) | 1 (16 bits) | 1 (16 bits) | 1 (16 bits) | 1 (16 bits) | 1 (16 bits) | 1 (16 bits) | 1 (16 bits) | 1 (16 bits) |
|  ingress  |   phv133  | 1 (16 bits) | 1 (16 bits) | 1 (16 bits) | 1 (16 bits) | 1 (16 bits) | 1 (16 bits) | 1 (16 bits) | 1 (16 bits) | 1 (16 bits) | 1 (16 bits) | 1 (16 bits) | 1 (16 bits) | 1 (16 bits) | 1 (16 bits) |
|  ingress  |   phv134  | 1 (16 bits) | 1 (16 bits) | 1 (16 bits) | 1 (16 bits) | 1 (16 bits) | 1 (16 bits) | 1 (16 bits) | 1 (16 bits) | 1 (16 bits) | 1 (16 bits) | 1 (16 bits) | 1 (16 bits) | 1 (16 bits) | 1 (16 bits) |
|   egress  |   phv144  |  1 (9 bits) |  1 (9 bits) |  1 (9 bits) |  1 (9 bits) |  1 (9 bits) |  1 (9 bits) |  1 (9 bits) |  1 (9 bits) |  1 (9 bits) |  1 (9 bits) |  1 (9 bits) |  1 (9 bits) |  1 (9 bits) |  1 (9 bits) |
|           |           |             |             |             |             |             |             |             |             |             |             |             |             |             |             |
|  ingress  |   phv256  | 1 (32 bits) | 1 (32 bits) | 1 (32 bits) | 1 (32 bits) | 1 (32 bits) | 1 (32 bits) | 1 (32 bits) | 1 (32 bits) | 1 (32 bits) | 1 (32 bits) | 1 (32 bits) | 1 (32 bits) | 1 (32 bits) | 1 (32 bits) |
|  ingress  |   phv257  | 1 (32 bits) | 1 (32 bits) | 1 (32 bits) | 1 (32 bits) | 1 (32 bits) | 1 (32 bits) | 1 (32 bits) | 1 (32 bits) | 1 (32 bits) | 1 (32 bits) | 1 (32 bits) | 1 (32 bits) | 1 (32 bits) | 1 (32 bits) |
|   egress  |   phv260  | 1 (32 bits) | 1 (32 bits) | 1 (32 bits) | 1 (32 bits) | 1 (32 bits) | 1 (32 bits) | 1 (32 bits) | 1 (32 bits) | 1 (32 bits) | 1 (32 bits) | 1 (32 bits) | 1 (32 bits) | 1 (32 bits) | 1 (32 bits) |
|   egress  |   phv261  | 1 (32 bits) | 1 (32 bits) | 1 (32 bits) | 1 (32 bits) | 1 (32 bits) | 1 (32 bits) | 1 (32 bits) | 1 (32 bits) | 1 (32 bits) | 1 (32 bits) | 1 (32 bits) | 1 (32 bits) | 1 (32 bits) | 1 (32 bits) |
|   egress  |   phv262  | 1 (32 bits) | 1 (32 bits) | 1 (32 bits) | 1 (32 bits) | 1 (32 bits) | 1 (32 bits) | 1 (32 bits) | 1 (32 bits) | 1 (32 bits) | 1 (32 bits) | 1 (32 bits) | 1 (32 bits) | 1 (32 bits) | 1 (32 bits) |
|   egress  |   phv263  | 1 (32 bits) | 1 (32 bits) | 1 (32 bits) | 1 (32 bits) | 1 (32 bits) | 1 (32 bits) | 1 (32 bits) | 1 (32 bits) | 1 (32 bits) | 1 (32 bits) | 1 (32 bits) | 1 (32 bits) | 1 (32 bits) | 1 (32 bits) |
|   egress  |   phv264  | 1 (32 bits) | 1 (32 bits) | 1 (32 bits) | 1 (32 bits) | 1 (32 bits) | 1 (32 bits) | 1 (32 bits) | 1 (32 bits) | 1 (32 bits) | 1 (32 bits) | 1 (32 bits) | 1 (32 bits) | 1 (32 bits) | 1 (32 bits) |
|           |           |             |             |             |             |             |             |             |             |             |             |             |             |             |             |
|  ingress  |   phv288  |  1 (8 bits) |  1 (8 bits) |  1 (8 bits) |  1 (8 bits) |  1 (8 bits) |  1 (8 bits) |  1 (8 bits) |  1 (8 bits) |  1 (8 bits) |  1 (8 bits) |  1 (8 bits) |  1 (8 bits) |  1 (8 bits) |  1 (8 bits) |
|   egress  |   phv292  |  1 (8 bits) |  1 (8 bits) |  1 (8 bits) |  1 (8 bits) |  1 (8 bits) |  1 (8 bits) |  1 (8 bits) |  1 (8 bits) |  1 (8 bits) |  1 (8 bits) |  1 (8 bits) |  1 (8 bits) |  1 (8 bits) |  1 (8 bits) |
|   egress  |   phv293  |  1 (8 bits) |  1 (8 bits) |  1 (8 bits) |  1 (8 bits) |  1 (8 bits) |  1 (8 bits) |  1 (8 bits) |  1 (8 bits) |  1 (8 bits) |  1 (8 bits) |  1 (8 bits) |  1 (8 bits) |  1 (8 bits) |  1 (8 bits) |
|   egress  |   phv294  |  1 (8 bits) |  1 (8 bits) |  1 (8 bits) |  1 (8 bits) |  1 (8 bits) |  1 (8 bits) |  1 (8 bits) |  1 (8 bits) |  1 (8 bits) |  1 (8 bits) |  1 (8 bits) |  1 (8 bits) |  1 (8 bits) |  1 (8 bits) |
|   egress  |   phv295  |  1 (8 bits) |  1 (8 bits) |  1 (8 bits) |  1 (8 bits) |  1 (8 bits) |  1 (8 bits) |  1 (8 bits) |  1 (8 bits) |  1 (8 bits) |  1 (8 bits) |  1 (8 bits) |  1 (8 bits) |  1 (8 bits) |  1 (8 bits) |
|           |           |             |             |             |             |             |             |             |             |             |             |             |             |             |             |
|  ingress  |   phv320  | 1 (16 bits) | 1 (16 bits) | 1 (16 bits) | 1 (16 bits) | 1 (16 bits) | 1 (16 bits) | 1 (16 bits) | 1 (16 bits) | 1 (16 bits) | 1 (16 bits) | 1 (16 bits) | 1 (16 bits) | 1 (16 bits) | 1 (16 bits) |
|  ingress  |   phv321  | 1 (16 bits) | 1 (16 bits) | 1 (16 bits) | 1 (16 bits) | 1 (16 bits) | 1 (16 bits) | 1 (16 bits) | 1 (16 bits) | 1 (16 bits) | 1 (16 bits) | 1 (16 bits) | 1 (16 bits) | 1 (16 bits) | 1 (16 bits) |
|  ingress  |   phv322  | 1 (16 bits) | 1 (16 bits) | 1 (16 bits) | 1 (16 bits) | 1 (16 bits) | 1 (16 bits) | 1 (16 bits) | 1 (16 bits) | 1 (16 bits) | 1 (16 bits) | 1 (16 bits) | 1 (16 bits) | 1 (16 bits) | 1 (16 bits) |
|   egress  |   phv326  | 1 (16 bits) | 1 (16 bits) | 1 (16 bits) | 1 (16 bits) | 1 (16 bits) | 1 (16 bits) | 1 (16 bits) | 1 (16 bits) | 1 (16 bits) | 1 (16 bits) | 1 (16 bits) | 1 (16 bits) | 1 (16 bits) | 1 (16 bits) |
|   egress  |   phv327  | 1 (16 bits) | 1 (16 bits) | 1 (16 bits) | 1 (16 bits) | 1 (16 bits) | 1 (16 bits) | 1 (16 bits) | 1 (16 bits) | 1 (16 bits) | 1 (16 bits) | 1 (16 bits) | 1 (16 bits) | 1 (16 bits) | 1 (16 bits) |
|   egress  |   phv328  | 1 (16 bits) | 1 (16 bits) | 1 (16 bits) | 1 (16 bits) | 1 (16 bits) | 1 (16 bits) | 1 (16 bits) | 1 (16 bits) | 1 (16 bits) | 1 (16 bits) | 1 (16 bits) | 1 (16 bits) | 1 (16 bits) | 1 (16 bits) |
|   egress  |   phv329  | 1 (16 bits) | 1 (16 bits) | 1 (16 bits) | 1 (16 bits) | 1 (16 bits) | 1 (16 bits) | 1 (16 bits) | 1 (16 bits) | 1 (16 bits) | 1 (16 bits) | 1 (16 bits) | 1 (16 bits) | 1 (16 bits) | 1 (16 bits) |
|   egress  |   phv330  | 1 (16 bits) | 1 (16 bits) | 1 (16 bits) | 1 (16 bits) | 1 (16 bits) | 1 (16 bits) | 1 (16 bits) | 1 (16 bits) | 1 (16 bits) | 1 (16 bits) | 1 (16 bits) | 1 (16 bits) | 1 (16 bits) | 1 (16 bits) |
|   egress  |   phv331  | 1 (16 bits) | 1 (16 bits) | 1 (16 bits) | 1 (16 bits) | 1 (16 bits) | 1 (16 bits) | 1 (16 bits) | 1 (16 bits) | 1 (16 bits) | 1 (16 bits) | 1 (16 bits) | 1 (16 bits) | 1 (16 bits) | 1 (16 bits) |
|   egress  |   phv332  | 1 (16 bits) | 1 (16 bits) | 1 (16 bits) | 1 (16 bits) | 1 (16 bits) | 1 (16 bits) | 1 (16 bits) | 1 (16 bits) | 1 (16 bits) | 1 (16 bits) | 1 (16 bits) | 1 (16 bits) | 1 (16 bits) | 1 (16 bits) |
|   egress  |   phv333  | 1 (16 bits) | 1 (16 bits) | 1 (16 bits) | 1 (16 bits) | 1 (16 bits) | 1 (16 bits) | 1 (16 bits) | 1 (16 bits) | 1 (16 bits) | 1 (16 bits) | 1 (16 bits) | 1 (16 bits) | 1 (16 bits) | 1 (16 bits) |
|   egress  |   phv334  | 1 (16 bits) | 1 (16 bits) | 1 (16 bits) | 1 (16 bits) | 1 (16 bits) | 1 (16 bits) | 1 (16 bits) | 1 (16 bits) | 1 (16 bits) | 1 (16 bits) | 1 (16 bits) | 1 (16 bits) | 1 (16 bits) | 1 (16 bits) |
|   egress  |   phv335  | 1 (16 bits) | 1 (16 bits) | 1 (16 bits) | 1 (16 bits) | 1 (16 bits) | 1 (16 bits) | 1 (16 bits) | 1 (16 bits) | 1 (16 bits) | 1 (16 bits) | 1 (16 bits) | 1 (16 bits) | 1 (16 bits) | 1 (16 bits) |
------------------------------------------------------------------------------------------------------------------------------------------------------------------------------------------------------------------------------

