Parser Characterization Report:
Number of states on ingress: 3

Number of matches on ingress: 6

Longest path (3 states) on ingress:
    $init_match
    $entry_point.start
    parse_flep

Shortest path (2 states) on ingress:
    $init_match
    $entry_point.start

Timing is met for min-sized packet (73 B) running at 100 Gbps

Extractor usage:
+--------------------+--------+-------+--------+--------+------------------+-------+
|State               |Match   |8-bit  |16-bit  |32-bit  |Total Extractors  |Other  |
+--------------------+--------+-------+--------+--------+------------------+-------+
|$init_match         |*       |1      |3       |3       |7                 |       |
|$entry_point.start  |0x1212  |4      |2       |1       |7                 |       |
|-                   |0x1145  |2      |1       |3       |6                 |       |
|-                   |0x****  |0      |0       |0       |0                 |       |
|parse_flep          |0x00    |1      |1       |0       |2                 |       |
|-                   |0x**    |0      |0       |0       |0                 |       |
+--------------------+--------+-------+--------+--------+------------------+-------+
Number of states on egress: 6

Number of matches on egress: 10

Longest path (6 states) on egress:
    $entry_point.start.min_parse_depth_accept_initial
    $entry_point.start.min_parse_depth_accept_initial.$ctr_stall0
    $entry_point.start.min_parse_depth_accept_initial.$split_0
    min_parse_depth_accept_loop.$split_0
    min_parse_depth_accept_loop.$it1.$split_0
    min_parse_depth_accept_loop.$it2.$split_0

Shortest path (3 states) on egress:
    $entry_point.start.min_parse_depth_accept_initial
    $entry_point.start.min_parse_depth_accept_initial.$ctr_stall0
    $entry_point.start.min_parse_depth_accept_initial.$split_0

Timing is met for min-sized packet (73 B) running at 100 Gbps

Extractor usage:
+---------------------------------------------------------------+-------+-------+--------+--------+------------------+-------+
|State                                                          |Match  |8-bit  |16-bit  |32-bit  |Total Extractors  |Other  |
+---------------------------------------------------------------+-------+-------+--------+--------+------------------+-------+
|$entry_point.start.min_parse_depth_accept_initial              |*      |1      |2       |1       |4                 |       |
|$entry_point.start.min_parse_depth_accept_initial.$ctr_stall0  |*      |0      |0       |0       |0                 |       |
|$entry_point.start.min_parse_depth_accept_initial.$split_0     |0x0    |2      |3       |3       |8                 |       |
|-                                                              |0b**   |0      |2       |1       |3                 |       |
|min_parse_depth_accept_loop.$split_0                           |0x0    |2      |3       |1       |6                 |       |
|-                                                              |0b**   |0      |0       |0       |0                 |       |
|min_parse_depth_accept_loop.$it1.$split_0                      |0x0    |2      |4       |0       |6                 |       |
|-                                                              |0b**   |0      |0       |0       |0                 |       |
|min_parse_depth_accept_loop.$it2.$split_0                      |0x0    |0      |1       |0       |1                 |       |
|-                                                              |0b**   |0      |1       |0       |1                 |       |
+---------------------------------------------------------------+-------+-------+--------+--------+------------------+-------+
