Allocation history of config default_alloc_config
1: TRYING to allocate SUPERCLUSTER Uid: 250
    slice lists:	
        [ ingress::hdr.topoinfo.latency<32> solitary no_split [0:31] ]
        [ ingress::ig_intr_md_from_prsr.global_tstamp<48> ^0 ^bit[0..463] meta intrinsic exact_containers [16:47] ]
        [ ingress::hdr.fleptopo.sendtstamp<48> ^0 ^bit[0..103] deparsed exact_containers [16:47] ]
    rotational clusters:	
        [[ingress::hdr.topoinfo.latency<32> solitary no_split [0:31], ingress::ig_intr_md_from_prsr.global_tstamp<48> ^0 ^bit[0..463] meta intrinsic exact_containers [16:47], ingress::hdr.fleptopo.sendtstamp<48> ^0 ^bit[0..103] deparsed exact_containers [16:47]]]
Successfully Allocated
By slicing into the following superclusters:
SUPERCLUSTER Uid: 457
    slice lists:	
        [ ingress::hdr.topoinfo.latency<32> solitary no_split [0:31] ]
        [ ingress::ig_intr_md_from_prsr.global_tstamp<48> ^0 ^bit[0..463] meta intrinsic exact_containers [16:47] ]
        [ ingress::hdr.fleptopo.sendtstamp<48> ^0 ^bit[0..103] deparsed exact_containers [16:47] ]
    rotational clusters:	
        [[ingress::hdr.topoinfo.latency<32> solitary no_split [0:31], ingress::ig_intr_md_from_prsr.global_tstamp<48> ^0 ^bit[0..463] meta intrinsic exact_containers [16:47], ingress::hdr.fleptopo.sendtstamp<48> ^0 ^bit[0..103] deparsed exact_containers [16:47]]]

Best Score: {[n_inc_containers: 3, ], }
Allocation Decisions:
allocate: W0[0:31] <- ingress::ig_intr_md_from_prsr.global_tstamp<48> ^0 ^bit[0..463] meta intrinsic exact_containers [16:47] @[-1r,5w]
allocate: W1[0:31] <- ingress::hdr.fleptopo.sendtstamp<48> ^0 ^bit[0..103] deparsed exact_containers [16:47] @[-1r,5w]
allocate: W2[0:31] <- ingress::hdr.topoinfo.latency<32> solitary no_split [0:31] @[-1r,5w]
2: TRYING to allocate SUPERCLUSTER Uid: 298
    slice lists:	
        [ ingress::hdr.flep.label_depth<8> ^0 ^bit[0..79] deparsed solitary no_split exact_containers [0:7] ]
    rotational clusters:	
        [[ingress::hdr.flep.label_depth<8> ^0 ^bit[0..79] deparsed solitary no_split exact_containers [0:7]]]
Successfully Allocated
By slicing into the following superclusters:
SUPERCLUSTER Uid: 462
    slice lists:	
        [ ingress::hdr.flep.label_depth<8> ^0 ^bit[0..79] deparsed solitary no_split exact_containers [0:7] ]
    rotational clusters:	
        [[ingress::hdr.flep.label_depth<8> ^0 ^bit[0..79] deparsed solitary no_split exact_containers [0:7]]]

Best Score: {[n_inc_containers: 1, n_inc_small_containers: 1, ], }
Allocation Decisions:
allocate: B0[0:7] <- ingress::hdr.flep.label_depth<8> ^0 ^bit[0..79] deparsed solitary no_split exact_containers [0:7] @[-1r,5w]
3: TRYING to allocate SUPERCLUSTER Uid: 264
    slice lists:	
        [ ingress::ig_intr_md.ingress_port<9> ^0 ^bit[0..15] intrinsic [0:8]
          ingress::ig_intr_md._pad2<3> intrinsic [0:2]
          ingress::ig_intr_md.packet_version<2> intrinsic [0:1]
          ingress::ig_intr_md._pad1<1> intrinsic [0:0]
          ingress::ig_intr_md.resubmit_flag<1> intrinsic [0:0] ]
        [ ingress::hdr.fleptopo.replyport<16> ^0 ^bit[0..71] deparsed exact_containers [0:8]
          ingress::hdr.fleptopo.replyport<16> ^1 ^bit[0..62] deparsed exact_containers [9:15]
          ingress::hdr.fleptopo.replylabel<16> ^0 ^bit[0..55] deparsed exact_containers [0:15] ]
        [ ingress::ig_intr_md_for_tm.ucast_egress_port<9> ^0 meta intrinsic solitary no_split deparsed_bottom_bits deparsed_to_tm [0:8] ]
        [ ingress::hdr.topoinfo.port<16> [0:8]
          ingress::hdr.topoinfo.port<16> [9:15]
          ingress::hdr.topoinfo.label<16> [0:15] ]
    rotational clusters:	
        [[ingress::hdr.fleptopo.replyport<16> ^0 ^bit[0..71] deparsed exact_containers [0:8]], [ingress::ig_intr_md.ingress_port<9> ^0 ^bit[0..15] intrinsic [0:8]], [ingress::ig_intr_md_for_tm.ucast_egress_port<9> ^0 meta intrinsic solitary no_split deparsed_bottom_bits deparsed_to_tm [0:8]], [ingress::hdr.topoinfo.port<16> [0:8]]]
        [[ingress::ig_intr_md._pad2<3> intrinsic [0:2]]]
        [[ingress::ig_intr_md.packet_version<2> intrinsic [0:1]]]
        [[ingress::ig_intr_md._pad1<1> intrinsic [0:0]]]
        [[ingress::ig_intr_md.resubmit_flag<1> intrinsic [0:0]]]
        [[ingress::hdr.fleptopo.replyport<16> ^1 ^bit[0..62] deparsed exact_containers [9:15]]]
        [[ingress::hdr.topoinfo.label<16> [0:15]], [ingress::hdr.fleptopo.replylabel<16> ^0 ^bit[0..55] deparsed exact_containers [0:15]]]
        [[ingress::hdr.topoinfo.port<16> [9:15]]]
Successfully Allocated
By slicing into the following superclusters:
SUPERCLUSTER Uid: 472
    slice lists:	
        [ ingress::ig_intr_md.ingress_port<9> ^0 ^bit[0..15] intrinsic [0:8]
          ingress::ig_intr_md._pad2<3> intrinsic [0:2]
          ingress::ig_intr_md.packet_version<2> intrinsic [0:1]
          ingress::ig_intr_md._pad1<1> intrinsic [0:0]
          ingress::ig_intr_md.resubmit_flag<1> intrinsic [0:0] ]
        [ ingress::hdr.fleptopo.replyport<16> ^0 ^bit[0..71] deparsed exact_containers [0:8]
          ingress::hdr.fleptopo.replyport<16> ^1 ^bit[0..62] deparsed exact_containers [9:15]
          ingress::hdr.fleptopo.replylabel<16> ^0 ^bit[0..55] deparsed exact_containers [0:15] ]
        [ ingress::ig_intr_md_for_tm.ucast_egress_port<9> ^0 meta intrinsic solitary no_split deparsed_bottom_bits deparsed_to_tm [0:8] ]
        [ ingress::hdr.topoinfo.port<16> [0:8]
          ingress::hdr.topoinfo.port<16> [9:15] ]
        [ ingress::hdr.topoinfo.label<16> [0:15] ]
    rotational clusters:	
        [[ingress::hdr.fleptopo.replyport<16> ^0 ^bit[0..71] deparsed exact_containers [0:8]], [ingress::ig_intr_md.ingress_port<9> ^0 ^bit[0..15] intrinsic [0:8]], [ingress::ig_intr_md_for_tm.ucast_egress_port<9> ^0 meta intrinsic solitary no_split deparsed_bottom_bits deparsed_to_tm [0:8]], [ingress::hdr.topoinfo.port<16> [0:8]]]
        [[ingress::ig_intr_md._pad2<3> intrinsic [0:2]]]
        [[ingress::ig_intr_md.packet_version<2> intrinsic [0:1]]]
        [[ingress::ig_intr_md._pad1<1> intrinsic [0:0]]]
        [[ingress::ig_intr_md.resubmit_flag<1> intrinsic [0:0]]]
        [[ingress::hdr.fleptopo.replyport<16> ^1 ^bit[0..62] deparsed exact_containers [9:15]]]
        [[ingress::hdr.topoinfo.label<16> [0:15]], [ingress::hdr.fleptopo.replylabel<16> ^0 ^bit[0..55] deparsed exact_containers [0:15]]]
        [[ingress::hdr.topoinfo.port<16> [9:15]]]

Best Score: {[n_inc_containers: 4, n_wasted_bits: 23, n_field_packing_score: 256, ], }
Allocation Decisions:
allocate: W3[16:24] <- ingress::ig_intr_md.ingress_port<9> ^0 ^bit[0..15] intrinsic [0:8] @[-1r,5w]
allocate: W3[0:15] <- ingress::hdr.topoinfo.label<16> [0:15] @[-1r,5w]
allocate: W4[0:8] <- ingress::hdr.fleptopo.replyport<16> ^0 ^bit[0..71] deparsed exact_containers [0:8] @[-1r,5w]
allocate: W4[9:15] <- ingress::hdr.fleptopo.replyport<16> ^1 ^bit[0..62] deparsed exact_containers [9:15] @[-1r,5w]
allocate: W4[16:31] <- ingress::hdr.fleptopo.replylabel<16> ^0 ^bit[0..55] deparsed exact_containers [0:15] @[-1r,5w]
allocate: W5[0:8] <- ingress::hdr.topoinfo.port<16> [0:8] @[-1r,5w]
allocate: W5[9:15] <- ingress::hdr.topoinfo.port<16> [9:15] @[-1r,5w]
allocate: W6[0:8] <- ingress::ig_intr_md_for_tm.ucast_egress_port<9> ^0 meta intrinsic solitary no_split deparsed_bottom_bits deparsed_to_tm [0:8] @[-1r,5w]
4: TRYING to allocate SUPERCLUSTER Uid: 314
    slice lists:	
        [ ingress::ig_intr_md_for_tm.mcast_grp_a<16> ^0 meta intrinsic solitary no_split deparsed_bottom_bits deparsed_to_tm [0:15] ]
    rotational clusters:	
        [[ingress::ig_intr_md_for_tm.mcast_grp_a<16> ^0 meta intrinsic solitary no_split deparsed_bottom_bits deparsed_to_tm [0:15]]]
Successfully Allocated
By slicing into the following superclusters:
SUPERCLUSTER Uid: 532
    slice lists:	
        [ ingress::ig_intr_md_for_tm.mcast_grp_a<16> ^0 meta intrinsic solitary no_split deparsed_bottom_bits deparsed_to_tm [0:15] ]
    rotational clusters:	
        [[ingress::ig_intr_md_for_tm.mcast_grp_a<16> ^0 meta intrinsic solitary no_split deparsed_bottom_bits deparsed_to_tm [0:15]]]

Best Score: {[n_inc_containers: 1, n_inc_small_containers: 1, ], }
Allocation Decisions:
allocate: H0[0:15] <- ingress::ig_intr_md_for_tm.mcast_grp_a<16> ^0 meta intrinsic solitary no_split deparsed_bottom_bits deparsed_to_tm [0:15] @[-1r,5w]
5: TRYING to allocate SUPERCLUSTER Uid: 318
    slice lists:	[ ]
    rotational clusters:	
        [[ingress::ig_intr_md_for_dprsr.mirror_type<3> meta intrinsic solitary no_split deparsed_bottom_bits [0:2]]]
Successfully Allocated
By slicing into the following superclusters:
SUPERCLUSTER Uid: 533
    slice lists:	[ ]
    rotational clusters:	
        [[ingress::ig_intr_md_for_dprsr.mirror_type<3> meta intrinsic solitary no_split deparsed_bottom_bits [0:2]]]

Best Score: {[n_inc_containers: 1, n_wasted_bits: 5, n_inc_small_containers: 1, ], }
Allocation Decisions:
allocate: B1[0:2] <- ingress::ig_intr_md_for_dprsr.mirror_type<3> meta intrinsic solitary no_split deparsed_bottom_bits [0:2] @[-1r,5w]
6: TRYING to allocate SUPERCLUSTER Uid: 323
    slice lists:	
        [ ingress::$tmp2<10> meta mirror%{51:ingress::ig_intr_md_for_dprsr.mirror_type#0}% no_split exact_containers [0:9]
          ingress::__phv_dummy_padding__<6> exact_containers [0:5] ]
    rotational clusters:	
        [[ingress::$tmp2<10> meta mirror%{51:ingress::ig_intr_md_for_dprsr.mirror_type#0}% no_split exact_containers [0:9]]]
        [[ingress::__phv_dummy_padding__<6> exact_containers [0:5]]]
Successfully Allocated
By slicing into the following superclusters:
SUPERCLUSTER Uid: 538
    slice lists:	
        [ ingress::$tmp2<10> meta mirror%{51:ingress::ig_intr_md_for_dprsr.mirror_type#0}% no_split exact_containers [0:9]
          ingress::__phv_dummy_padding__<6> exact_containers [0:5] ]
    rotational clusters:	
        [[ingress::$tmp2<10> meta mirror%{51:ingress::ig_intr_md_for_dprsr.mirror_type#0}% no_split exact_containers [0:9]]]
        [[ingress::__phv_dummy_padding__<6> exact_containers [0:5]]]

Best Score: {[n_inc_containers: 1, n_inc_small_containers: 1, ], }
Allocation Decisions:
allocate: H1[0:9] <- ingress::$tmp2<10> meta mirror%{51:ingress::ig_intr_md_for_dprsr.mirror_type#0}% no_split exact_containers [0:9] @[-1r,5w]
7: TRYING to allocate SUPERCLUSTER Uid: 248
    slice lists:	
        [ ingress::hdr.fleptopo.sendtstamp<48> ^0 ^bit[0..119] deparsed exact_containers [0:15] ]
        [ ingress::ig_intr_md_from_prsr.global_tstamp<48> ^0 ^bit[0..479] meta intrinsic exact_containers [0:15] ]
    rotational clusters:	
        [[ingress::hdr.fleptopo.sendtstamp<48> ^0 ^bit[0..119] deparsed exact_containers [0:15]], [ingress::ig_intr_md_from_prsr.global_tstamp<48> ^0 ^bit[0..479] meta intrinsic exact_containers [0:15]]]
Successfully Allocated
By slicing into the following superclusters:
SUPERCLUSTER Uid: 545
    slice lists:	
        [ ingress::hdr.fleptopo.sendtstamp<48> ^0 ^bit[0..119] deparsed exact_containers [0:15] ]
        [ ingress::ig_intr_md_from_prsr.global_tstamp<48> ^0 ^bit[0..479] meta intrinsic exact_containers [0:15] ]
    rotational clusters:	
        [[ingress::hdr.fleptopo.sendtstamp<48> ^0 ^bit[0..119] deparsed exact_containers [0:15]], [ingress::ig_intr_md_from_prsr.global_tstamp<48> ^0 ^bit[0..479] meta intrinsic exact_containers [0:15]]]

Best Score: {[n_inc_containers: 2, n_inc_small_containers: 2, ], }
Allocation Decisions:
allocate: H2[0:15] <- ingress::ig_intr_md_from_prsr.global_tstamp<48> ^0 ^bit[0..479] meta intrinsic exact_containers [0:15] @[-1r,5w]
allocate: H3[0:15] <- ingress::hdr.fleptopo.sendtstamp<48> ^0 ^bit[0..119] deparsed exact_containers [0:15] @[-1r,5w]
8: TRYING to allocate SUPERCLUSTER Uid: 450
    slice lists:	
        [ egress::hdr.min_parse_depth_padding_0.$stkvalid<4> meta pov no_split [0:0]
          egress::hdr.min_parse_depth_padding_0.$stkvalid<4> meta pov no_split [1:1]
          egress::hdr.min_parse_depth_padding_0.$stkvalid<4> meta pov no_split [2:2]
          egress::hdr.min_parse_depth_padding_0.$stkvalid<4> meta pov no_split [3:3] ]
    rotational clusters:	
        [[egress::hdr.min_parse_depth_padding_0.$stkvalid<4> meta pov no_split [0:0]]]
        [[egress::hdr.min_parse_depth_padding_0.$stkvalid<4> meta pov no_split [1:1]]]
        [[egress::hdr.min_parse_depth_padding_0.$stkvalid<4> meta pov no_split [2:2]]]
        [[egress::hdr.min_parse_depth_padding_0.$stkvalid<4> meta pov no_split [3:3]]]
Successfully Allocated
By slicing into the following superclusters:
SUPERCLUSTER Uid: 558
    slice lists:	
        [ egress::hdr.min_parse_depth_padding_0.$stkvalid<4> meta pov no_split [0:0]
          egress::hdr.min_parse_depth_padding_0.$stkvalid<4> meta pov no_split [1:1]
          egress::hdr.min_parse_depth_padding_0.$stkvalid<4> meta pov no_split [2:2]
          egress::hdr.min_parse_depth_padding_0.$stkvalid<4> meta pov no_split [3:3] ]
    rotational clusters:	
        [[egress::hdr.min_parse_depth_padding_0.$stkvalid<4> meta pov no_split [0:0]]]
        [[egress::hdr.min_parse_depth_padding_0.$stkvalid<4> meta pov no_split [1:1]]]
        [[egress::hdr.min_parse_depth_padding_0.$stkvalid<4> meta pov no_split [2:2]]]
        [[egress::hdr.min_parse_depth_padding_0.$stkvalid<4> meta pov no_split [3:3]]]

Best Score: {[n_inc_containers: 1, n_inc_small_containers: 1, ], }
Allocation Decisions:
allocate: B16[0:0] <- egress::hdr.min_parse_depth_padding_0.$stkvalid<4> meta pov no_split [0:0] @[-1r,5w]
allocate: B16[1:1] <- egress::hdr.min_parse_depth_padding_0.$stkvalid<4> meta pov no_split [1:1] @[-1r,5w]
allocate: B16[2:2] <- egress::hdr.min_parse_depth_padding_0.$stkvalid<4> meta pov no_split [2:2] @[-1r,5w]
allocate: B16[3:3] <- egress::hdr.min_parse_depth_padding_0.$stkvalid<4> meta pov no_split [3:3] @[-1r,5w]
9: TRYING to allocate SUPERCLUSTER Uid: 331
    slice lists:	
        [ egress::eg_intr_md.egress_port<9> ^0 ^bit[0..15] intrinsic no_split deparsed_bottom_bits deparsed_to_tm [0:8]
          egress::eg_intr_md._pad0<7> intrinsic deparsed_to_tm [0:6] ]
    rotational clusters:	
        [[egress::eg_intr_md.egress_port<9> ^0 ^bit[0..15] intrinsic no_split deparsed_bottom_bits deparsed_to_tm [0:8]]]
        [[egress::eg_intr_md._pad0<7> intrinsic deparsed_to_tm [0:6]]]
Successfully Allocated
By slicing into the following superclusters:
SUPERCLUSTER Uid: 563
    slice lists:	
        [ egress::eg_intr_md.egress_port<9> ^0 ^bit[0..15] intrinsic no_split deparsed_bottom_bits deparsed_to_tm [0:8]
          egress::eg_intr_md._pad0<7> intrinsic deparsed_to_tm [0:6] ]
    rotational clusters:	
        [[egress::eg_intr_md.egress_port<9> ^0 ^bit[0..15] intrinsic no_split deparsed_bottom_bits deparsed_to_tm [0:8]]]
        [[egress::eg_intr_md._pad0<7> intrinsic deparsed_to_tm [0:6]]]

Best Score: {[n_inc_containers: 1, n_inc_small_containers: 1, ], }
Allocation Decisions:
allocate: H16[0:8] <- egress::eg_intr_md.egress_port<9> ^0 ^bit[0..15] intrinsic no_split deparsed_bottom_bits deparsed_to_tm [0:8] @[-1r,5w]
10: TRYING to allocate SUPERCLUSTER Uid: 317
    slice lists:	[ ]
    rotational clusters:	
        [[ingress::ig_intr_md_for_dprsr.drop_ctl<3> meta intrinsic no_split deparsed_to_tm [0:2]]]
Successfully Allocated
By slicing into the following superclusters:
SUPERCLUSTER Uid: 564
    slice lists:	[ ]
    rotational clusters:	
        [[ingress::ig_intr_md_for_dprsr.drop_ctl<3> meta intrinsic no_split deparsed_to_tm [0:2]]]

Best Score: {[n_inc_containers: 1, n_inc_small_containers: 1, ], }
Allocation Decisions:
allocate: B2[0:2] <- ingress::ig_intr_md_for_dprsr.drop_ctl<3> meta intrinsic no_split deparsed_to_tm [0:2] @[-1r,5w]
11: TRYING to allocate SUPERCLUSTER Uid: 254
    slice lists:	
        [ ingress::hdr.fleptopo.option<4> ^0 ^bit[0..7] deparsed exact_containers [0:2]
          ingress::hdr.fleptopo.option<4> ^3 ^bit[0..4] deparsed exact_containers [3:3]
          ingress::hdr.fleptopo.messagetype<4> ^4 ^bit[0..3] deparsed exact_containers [0:3] ]
    rotational clusters:	
        [[ingress::hdr.fleptopo.option<4> ^0 ^bit[0..7] deparsed exact_containers [0:2]]]
        [[ingress::hdr.fleptopo.option<4> ^3 ^bit[0..4] deparsed exact_containers [3:3]]]
        [[ingress::hdr.fleptopo.messagetype<4> ^4 ^bit[0..3] deparsed exact_containers [0:3]]]
Successfully Allocated
By slicing into the following superclusters:
SUPERCLUSTER Uid: 569
    slice lists:	
        [ ingress::hdr.fleptopo.option<4> ^0 ^bit[0..7] deparsed exact_containers [0:2]
          ingress::hdr.fleptopo.option<4> ^3 ^bit[0..4] deparsed exact_containers [3:3]
          ingress::hdr.fleptopo.messagetype<4> ^4 ^bit[0..3] deparsed exact_containers [0:3] ]
    rotational clusters:	
        [[ingress::hdr.fleptopo.option<4> ^0 ^bit[0..7] deparsed exact_containers [0:2]]]
        [[ingress::hdr.fleptopo.option<4> ^3 ^bit[0..4] deparsed exact_containers [3:3]]]
        [[ingress::hdr.fleptopo.messagetype<4> ^4 ^bit[0..3] deparsed exact_containers [0:3]]]

Best Score: {[n_inc_containers: 1, n_inc_small_containers: 1, ], }
Allocation Decisions:
allocate: B3[0:2] <- ingress::hdr.fleptopo.option<4> ^0 ^bit[0..7] deparsed exact_containers [0:2] @[-1r,5w]
allocate: B3[3:3] <- ingress::hdr.fleptopo.option<4> ^3 ^bit[0..4] deparsed exact_containers [3:3] @[-1r,5w]
allocate: B3[4:7] <- ingress::hdr.fleptopo.messagetype<4> ^4 ^bit[0..3] deparsed exact_containers [0:3] @[-1r,5w]
12: TRYING to allocate SUPERCLUSTER Uid: 273
    slice lists:	
        [ ingress::hdr.flep.key_index<8> ^0 ^bit[0..55] deparsed exact_containers [0:7] ]
    rotational clusters:	
        [[ingress::hdr.flep.key_index<8> ^0 ^bit[0..55] deparsed exact_containers [0:7]]]
Successfully Allocated
By slicing into the following superclusters:
SUPERCLUSTER Uid: 574
    slice lists:	
        [ ingress::hdr.flep.key_index<8> ^0 ^bit[0..55] deparsed exact_containers [0:7] ]
    rotational clusters:	
        [[ingress::hdr.flep.key_index<8> ^0 ^bit[0..55] deparsed exact_containers [0:7]]]

Best Score: {[n_inc_containers: 1, n_inc_small_containers: 1, ], }
Allocation Decisions:
allocate: B4[0:7] <- ingress::hdr.flep.key_index<8> ^0 ^bit[0..55] deparsed exact_containers [0:7] @[-1r,5w]
13: TRYING to allocate SUPERCLUSTER Uid: 303
    slice lists:	
        [ ingress::hdr.flep.flags<8> ^0 ^bit[0..87] deparsed exact_containers [0:7] ]
    rotational clusters:	
        [[ingress::hdr.flep.flags<8> ^0 ^bit[0..87] deparsed exact_containers [0:7]]]
Successfully Allocated
By slicing into the following superclusters:
SUPERCLUSTER Uid: 579
    slice lists:	
        [ ingress::hdr.flep.flags<8> ^0 ^bit[0..87] deparsed exact_containers [0:7] ]
    rotational clusters:	
        [[ingress::hdr.flep.flags<8> ^0 ^bit[0..87] deparsed exact_containers [0:7]]]

Best Score: {n_inc_tphv_collections: 1, T[n_set_gress: 1, n_set_parser_group_gress: 1, n_set_deparser_group_gress: 1, n_inc_containers: 1, ], }
Allocation Decisions:
allocate: TB0[0:7] <- ingress::hdr.flep.flags<8> ^0 ^bit[0..87] deparsed exact_containers [0:7] @[-1r,5w]
14: TRYING to allocate SUPERCLUSTER Uid: 371
    slice lists:	
        [ egress::hdr.min_parse_depth_padding_0[0].packet_payload<88> ^0 ^bit[0..7] deparsed exact_containers [80:87] ]
    rotational clusters:	
        [[egress::hdr.min_parse_depth_padding_0[0].packet_payload<88> ^0 ^bit[0..7] deparsed exact_containers [80:87]]]
Successfully Allocated
By slicing into the following superclusters:
SUPERCLUSTER Uid: 584
    slice lists:	
        [ egress::hdr.min_parse_depth_padding_0[0].packet_payload<88> ^0 ^bit[0..7] deparsed exact_containers [80:87] ]
    rotational clusters:	
        [[egress::hdr.min_parse_depth_padding_0[0].packet_payload<88> ^0 ^bit[0..7] deparsed exact_containers [80:87]]]

Best Score: {n_inc_tphv_collections: 1, T[n_set_gress: 1, n_set_parser_group_gress: 1, n_set_deparser_group_gress: 1, n_inc_containers: 1, ], }
Allocation Decisions:
allocate: TB4[0:7] <- egress::hdr.min_parse_depth_padding_0[0].packet_payload<88> ^0 ^bit[0..7] deparsed exact_containers [80:87] @[-1r,5w]
15: TRYING to allocate SUPERCLUSTER Uid: 394
    slice lists:	
        [ egress::hdr.min_parse_depth_padding_0[1].packet_payload<88> ^0 ^bit[0..7] deparsed exact_containers [80:87] ]
    rotational clusters:	
        [[egress::hdr.min_parse_depth_padding_0[1].packet_payload<88> ^0 ^bit[0..7] deparsed exact_containers [80:87]]]
Successfully Allocated
By slicing into the following superclusters:
SUPERCLUSTER Uid: 589
    slice lists:	
        [ egress::hdr.min_parse_depth_padding_0[1].packet_payload<88> ^0 ^bit[0..7] deparsed exact_containers [80:87] ]
    rotational clusters:	
        [[egress::hdr.min_parse_depth_padding_0[1].packet_payload<88> ^0 ^bit[0..7] deparsed exact_containers [80:87]]]

Best Score: {T[n_set_parser_group_gress: 1, n_inc_containers: 1, ], }
Allocation Decisions:
allocate: TB5[0:7] <- egress::hdr.min_parse_depth_padding_0[1].packet_payload<88> ^0 ^bit[0..7] deparsed exact_containers [80:87] @[-1r,5w]
16: TRYING to allocate SUPERCLUSTER Uid: 417
    slice lists:	
        [ egress::hdr.min_parse_depth_padding_0[2].packet_payload<88> ^0 ^bit[0..7] deparsed exact_containers [80:87] ]
    rotational clusters:	
        [[egress::hdr.min_parse_depth_padding_0[2].packet_payload<88> ^0 ^bit[0..7] deparsed exact_containers [80:87]]]
Successfully Allocated
By slicing into the following superclusters:
SUPERCLUSTER Uid: 594
    slice lists:	
        [ egress::hdr.min_parse_depth_padding_0[2].packet_payload<88> ^0 ^bit[0..7] deparsed exact_containers [80:87] ]
    rotational clusters:	
        [[egress::hdr.min_parse_depth_padding_0[2].packet_payload<88> ^0 ^bit[0..7] deparsed exact_containers [80:87]]]

Best Score: {T[n_set_parser_group_gress: 1, n_inc_containers: 1, ], }
Allocation Decisions:
allocate: TB6[0:7] <- egress::hdr.min_parse_depth_padding_0[2].packet_payload<88> ^0 ^bit[0..7] deparsed exact_containers [80:87] @[-1r,5w]
17: TRYING to allocate SUPERCLUSTER Uid: 440
    slice lists:	
        [ egress::hdr.min_parse_depth_padding_0[3].packet_payload<88> ^0 ^bit[0..7] deparsed exact_containers [80:87] ]
    rotational clusters:	
        [[egress::hdr.min_parse_depth_padding_0[3].packet_payload<88> ^0 ^bit[0..7] deparsed exact_containers [80:87]]]
Successfully Allocated
By slicing into the following superclusters:
SUPERCLUSTER Uid: 599
    slice lists:	
        [ egress::hdr.min_parse_depth_padding_0[3].packet_payload<88> ^0 ^bit[0..7] deparsed exact_containers [80:87] ]
    rotational clusters:	
        [[egress::hdr.min_parse_depth_padding_0[3].packet_payload<88> ^0 ^bit[0..7] deparsed exact_containers [80:87]]]

Best Score: {T[n_set_parser_group_gress: 1, n_inc_containers: 1, ], }
Allocation Decisions:
allocate: TB7[0:7] <- egress::hdr.min_parse_depth_padding_0[3].packet_payload<88> ^0 ^bit[0..7] deparsed exact_containers [80:87] @[-1r,5w]
18: TRYING to allocate SUPERCLUSTER Uid: 253
    slice lists:	
        [ ingress::hdr.fleptopo.sourceport<16> ^0 ^bit[0..39] deparsed exact_containers [0:15]
          ingress::hdr.fleptopo.sourcelabel<16> ^0 ^bit[0..23] deparsed exact_containers [0:15] ]
    rotational clusters:	
        [[ingress::hdr.fleptopo.sourceport<16> ^0 ^bit[0..39] deparsed exact_containers [0:15]]]
        [[ingress::hdr.fleptopo.sourcelabel<16> ^0 ^bit[0..23] deparsed exact_containers [0:15]]]
Successfully Allocated
By slicing into the following superclusters:
SUPERCLUSTER Uid: 605
    slice lists:	
        [ ingress::hdr.fleptopo.sourceport<16> ^0 ^bit[0..39] deparsed exact_containers [0:15]
          ingress::hdr.fleptopo.sourcelabel<16> ^0 ^bit[0..23] deparsed exact_containers [0:15] ]
    rotational clusters:	
        [[ingress::hdr.fleptopo.sourceport<16> ^0 ^bit[0..39] deparsed exact_containers [0:15]]]
        [[ingress::hdr.fleptopo.sourcelabel<16> ^0 ^bit[0..23] deparsed exact_containers [0:15]]]

Best Score: {[n_inc_containers: 1, ], }
Allocation Decisions:
allocate: W7[0:15] <- ingress::hdr.fleptopo.sourceport<16> ^0 ^bit[0..39] deparsed exact_containers [0:15] @[-1r,5w]
allocate: W7[16:31] <- ingress::hdr.fleptopo.sourcelabel<16> ^0 ^bit[0..23] deparsed exact_containers [0:15] @[-1r,5w]
19: TRYING to allocate SUPERCLUSTER Uid: 274
    slice lists:	
        [ ingress::hdr.flep.key<32> ^0 ^bit[0..47] deparsed exact_containers [0:31] ]
    rotational clusters:	
        [[ingress::hdr.flep.key<32> ^0 ^bit[0..47] deparsed exact_containers [0:31]]]
Successfully Allocated
By slicing into the following superclusters:
SUPERCLUSTER Uid: 641
    slice lists:	
        [ ingress::hdr.flep.key<32> ^0 ^bit[0..47] deparsed exact_containers [0:31] ]
    rotational clusters:	
        [[ingress::hdr.flep.key<32> ^0 ^bit[0..47] deparsed exact_containers [0:31]]]

Best Score: {[n_inc_containers: 1, ], }
Allocation Decisions:
allocate: W8[0:31] <- ingress::hdr.flep.key<32> ^0 ^bit[0..47] deparsed exact_containers [0:31] @[-1r,5w]
20: TRYING to allocate SUPERCLUSTER Uid: 284
    slice lists:	
        [ ingress::hdr.ethernet.srcAddr<48> ^0 ^bit[0..223] deparsed exact_containers [0:31] ]
    rotational clusters:	
        [[ingress::hdr.ethernet.srcAddr<48> ^0 ^bit[0..223] deparsed exact_containers [0:31]]]
Successfully Allocated
By slicing into the following superclusters:
SUPERCLUSTER Uid: 685
    slice lists:	
        [ ingress::hdr.ethernet.srcAddr<48> ^0 ^bit[0..223] deparsed exact_containers [0:31] ]
    rotational clusters:	
        [[ingress::hdr.ethernet.srcAddr<48> ^0 ^bit[0..223] deparsed exact_containers [0:31]]]

Best Score: {T[n_set_parser_group_gress: 1, n_inc_containers: 1, ], }
Allocation Decisions:
allocate: TW0[0:31] <- ingress::hdr.ethernet.srcAddr<48> ^0 ^bit[0..223] deparsed exact_containers [0:31] @[-1r,5w]
21: TRYING to allocate SUPERCLUSTER Uid: 291
    slice lists:	
        [ ingress::hdr.ethernet.dstAddr<48> ^0 ^bit[0..175] deparsed exact_containers [0:31] ]
    rotational clusters:	
        [[ingress::hdr.ethernet.dstAddr<48> ^0 ^bit[0..175] deparsed exact_containers [0:31]]]
Successfully Allocated
By slicing into the following superclusters:
SUPERCLUSTER Uid: 729
    slice lists:	
        [ ingress::hdr.ethernet.dstAddr<48> ^0 ^bit[0..175] deparsed exact_containers [0:31] ]
    rotational clusters:	
        [[ingress::hdr.ethernet.dstAddr<48> ^0 ^bit[0..175] deparsed exact_containers [0:31]]]

Best Score: {T[n_set_parser_group_gress: 1, n_inc_containers: 1, ], }
Allocation Decisions:
allocate: TW1[0:31] <- ingress::hdr.ethernet.dstAddr<48> ^0 ^bit[0..175] deparsed exact_containers [0:31] @[-1r,5w]
22: TRYING to allocate SUPERCLUSTER Uid: 358
    slice lists:	
        [ egress::hdr.min_parse_depth_padding_0[0].packet_payload<88> ^0 ^bit[0..87] deparsed exact_containers [0:31] ]
    rotational clusters:	
        [[egress::hdr.min_parse_depth_padding_0[0].packet_payload<88> ^0 ^bit[0..87] deparsed exact_containers [0:31]]]
Successfully Allocated
By slicing into the following superclusters:
SUPERCLUSTER Uid: 773
    slice lists:	
        [ egress::hdr.min_parse_depth_padding_0[0].packet_payload<88> ^0 ^bit[0..87] deparsed exact_containers [0:31] ]
    rotational clusters:	
        [[egress::hdr.min_parse_depth_padding_0[0].packet_payload<88> ^0 ^bit[0..87] deparsed exact_containers [0:31]]]

Best Score: {T[n_set_parser_group_gress: 1, n_inc_containers: 1, ], }
Allocation Decisions:
allocate: TW4[0:31] <- egress::hdr.min_parse_depth_padding_0[0].packet_payload<88> ^0 ^bit[0..87] deparsed exact_containers [0:31] @[-1r,5w]
23: TRYING to allocate SUPERCLUSTER Uid: 364
    slice lists:	
        [ egress::hdr.min_parse_depth_padding_0[0].packet_payload<88> ^0 ^bit[0..55] deparsed exact_containers [32:63] ]
    rotational clusters:	
        [[egress::hdr.min_parse_depth_padding_0[0].packet_payload<88> ^0 ^bit[0..55] deparsed exact_containers [32:63]]]
Successfully Allocated
By slicing into the following superclusters:
SUPERCLUSTER Uid: 817
    slice lists:	
        [ egress::hdr.min_parse_depth_padding_0[0].packet_payload<88> ^0 ^bit[0..55] deparsed exact_containers [32:63] ]
    rotational clusters:	
        [[egress::hdr.min_parse_depth_padding_0[0].packet_payload<88> ^0 ^bit[0..55] deparsed exact_containers [32:63]]]

Best Score: {T[n_set_parser_group_gress: 1, n_inc_containers: 1, ], }
Allocation Decisions:
allocate: TW5[0:31] <- egress::hdr.min_parse_depth_padding_0[0].packet_payload<88> ^0 ^bit[0..55] deparsed exact_containers [32:63] @[-1r,5w]
24: TRYING to allocate SUPERCLUSTER Uid: 381
    slice lists:	
        [ egress::hdr.min_parse_depth_padding_0[1].packet_payload<88> ^0 ^bit[0..87] deparsed exact_containers [0:31] ]
    rotational clusters:	
        [[egress::hdr.min_parse_depth_padding_0[1].packet_payload<88> ^0 ^bit[0..87] deparsed exact_containers [0:31]]]
Successfully Allocated
By slicing into the following superclusters:
SUPERCLUSTER Uid: 861
    slice lists:	
        [ egress::hdr.min_parse_depth_padding_0[1].packet_payload<88> ^0 ^bit[0..87] deparsed exact_containers [0:31] ]
    rotational clusters:	
        [[egress::hdr.min_parse_depth_padding_0[1].packet_payload<88> ^0 ^bit[0..87] deparsed exact_containers [0:31]]]

Best Score: {T[n_set_parser_group_gress: 1, n_inc_containers: 1, ], }
Allocation Decisions:
allocate: TW6[0:31] <- egress::hdr.min_parse_depth_padding_0[1].packet_payload<88> ^0 ^bit[0..87] deparsed exact_containers [0:31] @[-1r,5w]
25: TRYING to allocate SUPERCLUSTER Uid: 387
    slice lists:	
        [ egress::hdr.min_parse_depth_padding_0[1].packet_payload<88> ^0 ^bit[0..55] deparsed exact_containers [32:63] ]
    rotational clusters:	
        [[egress::hdr.min_parse_depth_padding_0[1].packet_payload<88> ^0 ^bit[0..55] deparsed exact_containers [32:63]]]
Successfully Allocated
By slicing into the following superclusters:
SUPERCLUSTER Uid: 905
    slice lists:	
        [ egress::hdr.min_parse_depth_padding_0[1].packet_payload<88> ^0 ^bit[0..55] deparsed exact_containers [32:63] ]
    rotational clusters:	
        [[egress::hdr.min_parse_depth_padding_0[1].packet_payload<88> ^0 ^bit[0..55] deparsed exact_containers [32:63]]]

Best Score: {T[n_set_parser_group_gress: 1, n_inc_containers: 1, ], }
Allocation Decisions:
allocate: TW7[0:31] <- egress::hdr.min_parse_depth_padding_0[1].packet_payload<88> ^0 ^bit[0..55] deparsed exact_containers [32:63] @[-1r,5w]
26: TRYING to allocate SUPERCLUSTER Uid: 404
    slice lists:	
        [ egress::hdr.min_parse_depth_padding_0[2].packet_payload<88> ^0 ^bit[0..87] deparsed exact_containers [0:31] ]
    rotational clusters:	
        [[egress::hdr.min_parse_depth_padding_0[2].packet_payload<88> ^0 ^bit[0..87] deparsed exact_containers [0:31]]]
Successfully Allocated
By slicing into the following superclusters:
SUPERCLUSTER Uid: 954
    slice lists:	
        [ egress::hdr.min_parse_depth_padding_0[2].packet_payload<88> ^0 ^bit[0..87] deparsed exact_containers [0:15] ]
    rotational clusters:	
        [[egress::hdr.min_parse_depth_padding_0[2].packet_payload<88> ^0 ^bit[0..87] deparsed exact_containers [0:15]]]

SUPERCLUSTER Uid: 956
    slice lists:	
        [ egress::hdr.min_parse_depth_padding_0[2].packet_payload<88> ^0 ^bit[0..71] deparsed exact_containers [16:31] ]
    rotational clusters:	
        [[egress::hdr.min_parse_depth_padding_0[2].packet_payload<88> ^0 ^bit[0..71] deparsed exact_containers [16:31]]]

Best Score: {T[n_set_parser_group_gress: 2, n_inc_containers: 2, ], }
Allocation Decisions:
allocate: TH6[0:15] <- egress::hdr.min_parse_depth_padding_0[2].packet_payload<88> ^0 ^bit[0..87] deparsed exact_containers [0:15] @[-1r,5w]
allocate: TH7[0:15] <- egress::hdr.min_parse_depth_padding_0[2].packet_payload<88> ^0 ^bit[0..71] deparsed exact_containers [16:31] @[-1r,5w]
27: TRYING to allocate SUPERCLUSTER Uid: 410
    slice lists:	
        [ egress::hdr.min_parse_depth_padding_0[2].packet_payload<88> ^0 ^bit[0..55] deparsed exact_containers [32:63] ]
    rotational clusters:	
        [[egress::hdr.min_parse_depth_padding_0[2].packet_payload<88> ^0 ^bit[0..55] deparsed exact_containers [32:63]]]
Successfully Allocated
By slicing into the following superclusters:
SUPERCLUSTER Uid: 998
    slice lists:	
        [ egress::hdr.min_parse_depth_padding_0[2].packet_payload<88> ^0 ^bit[0..55] deparsed exact_containers [32:47] ]
    rotational clusters:	
        [[egress::hdr.min_parse_depth_padding_0[2].packet_payload<88> ^0 ^bit[0..55] deparsed exact_containers [32:47]]]

SUPERCLUSTER Uid: 1000
    slice lists:	
        [ egress::hdr.min_parse_depth_padding_0[2].packet_payload<88> ^0 ^bit[0..39] deparsed exact_containers [48:63] ]
    rotational clusters:	
        [[egress::hdr.min_parse_depth_padding_0[2].packet_payload<88> ^0 ^bit[0..39] deparsed exact_containers [48:63]]]

Best Score: {T[n_set_parser_group_gress: 2, n_inc_containers: 2, ], }
Allocation Decisions:
allocate: TH8[0:15] <- egress::hdr.min_parse_depth_padding_0[2].packet_payload<88> ^0 ^bit[0..55] deparsed exact_containers [32:47] @[-1r,5w]
allocate: TH9[0:15] <- egress::hdr.min_parse_depth_padding_0[2].packet_payload<88> ^0 ^bit[0..39] deparsed exact_containers [48:63] @[-1r,5w]
28: TRYING to allocate SUPERCLUSTER Uid: 427
    slice lists:	
        [ egress::hdr.min_parse_depth_padding_0[3].packet_payload<88> ^0 ^bit[0..87] deparsed exact_containers [0:31] ]
    rotational clusters:	
        [[egress::hdr.min_parse_depth_padding_0[3].packet_payload<88> ^0 ^bit[0..87] deparsed exact_containers [0:31]]]
Successfully Allocated
By slicing into the following superclusters:
SUPERCLUSTER Uid: 1042
    slice lists:	
        [ egress::hdr.min_parse_depth_padding_0[3].packet_payload<88> ^0 ^bit[0..87] deparsed exact_containers [0:15] ]
    rotational clusters:	
        [[egress::hdr.min_parse_depth_padding_0[3].packet_payload<88> ^0 ^bit[0..87] deparsed exact_containers [0:15]]]

SUPERCLUSTER Uid: 1044
    slice lists:	
        [ egress::hdr.min_parse_depth_padding_0[3].packet_payload<88> ^0 ^bit[0..71] deparsed exact_containers [16:31] ]
    rotational clusters:	
        [[egress::hdr.min_parse_depth_padding_0[3].packet_payload<88> ^0 ^bit[0..71] deparsed exact_containers [16:31]]]

Best Score: {T[n_set_parser_group_gress: 2, n_inc_containers: 2, ], }
Allocation Decisions:
allocate: TH10[0:15] <- egress::hdr.min_parse_depth_padding_0[3].packet_payload<88> ^0 ^bit[0..87] deparsed exact_containers [0:15] @[-1r,5w]
allocate: TH11[0:15] <- egress::hdr.min_parse_depth_padding_0[3].packet_payload<88> ^0 ^bit[0..71] deparsed exact_containers [16:31] @[-1r,5w]
29: TRYING to allocate SUPERCLUSTER Uid: 433
    slice lists:	
        [ egress::hdr.min_parse_depth_padding_0[3].packet_payload<88> ^0 ^bit[0..55] deparsed exact_containers [32:63] ]
    rotational clusters:	
        [[egress::hdr.min_parse_depth_padding_0[3].packet_payload<88> ^0 ^bit[0..55] deparsed exact_containers [32:63]]]
Successfully Allocated
By slicing into the following superclusters:
SUPERCLUSTER Uid: 1081
    slice lists:	
        [ egress::hdr.min_parse_depth_padding_0[3].packet_payload<88> ^0 ^bit[0..55] deparsed exact_containers [32:63] ]
    rotational clusters:	
        [[egress::hdr.min_parse_depth_padding_0[3].packet_payload<88> ^0 ^bit[0..55] deparsed exact_containers [32:63]]]

Best Score: {n_inc_tphv_collections: 1, T[n_set_gress: 1, n_set_parser_group_gress: 1, n_set_deparser_group_gress: 1, n_inc_containers: 1, ], }
Allocation Decisions:
allocate: TW8[0:31] <- egress::hdr.min_parse_depth_padding_0[3].packet_payload<88> ^0 ^bit[0..55] deparsed exact_containers [32:63] @[-1r,5w]
30: TRYING to allocate SUPERCLUSTER Uid: 278
    slice lists:	
        [ ingress::hdr.ethernet.ethernetType<16> ^0 ^bit[0..239] deparsed exact_containers [0:15] ]
        [ ingress::hdr.flep.routing_type<16> ^0 ^bit[0..71] deparsed exact_containers [0:15] ]
    rotational clusters:	
        [[ingress::hdr.ethernet.ethernetType<16> ^0 ^bit[0..239] deparsed exact_containers [0:15]], [ingress::hdr.flep.routing_type<16> ^0 ^bit[0..71] deparsed exact_containers [0:15]]]
Successfully Allocated
By slicing into the following superclusters:
SUPERCLUSTER Uid: 1126
    slice lists:	
        [ ingress::hdr.ethernet.ethernetType<16> ^0 ^bit[0..239] deparsed exact_containers [0:15] ]
        [ ingress::hdr.flep.routing_type<16> ^0 ^bit[0..71] deparsed exact_containers [0:15] ]
    rotational clusters:	
        [[ingress::hdr.ethernet.ethernetType<16> ^0 ^bit[0..239] deparsed exact_containers [0:15]], [ingress::hdr.flep.routing_type<16> ^0 ^bit[0..71] deparsed exact_containers [0:15]]]

Best Score: {[n_inc_containers: 2, n_inc_small_containers: 2, ], }
Allocation Decisions:
allocate: H4[0:15] <- ingress::hdr.flep.routing_type<16> ^0 ^bit[0..71] deparsed exact_containers [0:15] @[-1r,5w]
allocate: H5[0:15] <- ingress::hdr.ethernet.ethernetType<16> ^0 ^bit[0..239] deparsed exact_containers [0:15] @[-1r,5w]
31: TRYING to allocate SUPERCLUSTER Uid: 276
    slice lists:	
        [ ingress::hdr.flep.active_label<16> ^0 ^bit[0..15] deparsed exact_containers [0:15] ]
    rotational clusters:	
        [[ingress::hdr.flep.active_label<16> ^0 ^bit[0..15] deparsed exact_containers [0:15]]]
Successfully Allocated
By slicing into the following superclusters:
SUPERCLUSTER Uid: 1140
    slice lists:	
        [ ingress::hdr.flep.active_label<16> ^0 ^bit[0..15] deparsed exact_containers [0:15] ]
    rotational clusters:	
        [[ingress::hdr.flep.active_label<16> ^0 ^bit[0..15] deparsed exact_containers [0:15]]]

Best Score: {T[n_set_parser_group_gress: 1, n_inc_containers: 1, ], }
Allocation Decisions:
allocate: TH0[0:15] <- ingress::hdr.flep.active_label<16> ^0 ^bit[0..15] deparsed exact_containers [0:15] @[-1r,5w]
32: TRYING to allocate SUPERCLUSTER Uid: 285
    slice lists:	
        [ ingress::hdr.ethernet.srcAddr<48> ^0 ^bit[0..191] deparsed exact_containers [32:47] ]
    rotational clusters:	
        [[ingress::hdr.ethernet.srcAddr<48> ^0 ^bit[0..191] deparsed exact_containers [32:47]]]
Successfully Allocated
By slicing into the following superclusters:
SUPERCLUSTER Uid: 1152
    slice lists:	
        [ ingress::hdr.ethernet.srcAddr<48> ^0 ^bit[0..191] deparsed exact_containers [32:47] ]
    rotational clusters:	
        [[ingress::hdr.ethernet.srcAddr<48> ^0 ^bit[0..191] deparsed exact_containers [32:47]]]

Best Score: {T[n_set_parser_group_gress: 1, n_inc_containers: 1, ], }
Allocation Decisions:
allocate: TH1[0:15] <- ingress::hdr.ethernet.srcAddr<48> ^0 ^bit[0..191] deparsed exact_containers [32:47] @[-1r,5w]
33: TRYING to allocate SUPERCLUSTER Uid: 293
    slice lists:	
        [ ingress::hdr.ethernet.dstAddr<48> ^0 ^bit[0..143] deparsed exact_containers [32:47] ]
    rotational clusters:	
        [[ingress::hdr.ethernet.dstAddr<48> ^0 ^bit[0..143] deparsed exact_containers [32:47]]]
Successfully Allocated
By slicing into the following superclusters:
SUPERCLUSTER Uid: 1164
    slice lists:	
        [ ingress::hdr.ethernet.dstAddr<48> ^0 ^bit[0..143] deparsed exact_containers [32:47] ]
    rotational clusters:	
        [[ingress::hdr.ethernet.dstAddr<48> ^0 ^bit[0..143] deparsed exact_containers [32:47]]]

Best Score: {T[n_set_parser_group_gress: 1, n_inc_containers: 1, ], }
Allocation Decisions:
allocate: TH2[0:15] <- ingress::hdr.ethernet.dstAddr<48> ^0 ^bit[0..143] deparsed exact_containers [32:47] @[-1r,5w]
34: TRYING to allocate SUPERCLUSTER Uid: 309
    slice lists:	
        [ ingress::hdr.flabels.label<16> ^0 ^bit[0..15] deparsed exact_containers [0:15] ]
    rotational clusters:	
        [[ingress::hdr.flabels.label<16> ^0 ^bit[0..15] deparsed exact_containers [0:15]]]
Successfully Allocated
By slicing into the following superclusters:
SUPERCLUSTER Uid: 1176
    slice lists:	
        [ ingress::hdr.flabels.label<16> ^0 ^bit[0..15] deparsed exact_containers [0:15] ]
    rotational clusters:	
        [[ingress::hdr.flabels.label<16> ^0 ^bit[0..15] deparsed exact_containers [0:15]]]

Best Score: {[n_inc_containers: 1, n_inc_small_containers: 1, ], }
Allocation Decisions:
allocate: H6[0:15] <- ingress::hdr.flabels.label<16> ^0 ^bit[0..15] deparsed exact_containers [0:15] @[-1r,5w]
35: TRYING to allocate SUPERCLUSTER Uid: 370
    slice lists:	
        [ egress::hdr.min_parse_depth_padding_0[0].packet_payload<88> ^0 ^bit[0..23] deparsed exact_containers [64:79] ]
    rotational clusters:	
        [[egress::hdr.min_parse_depth_padding_0[0].packet_payload<88> ^0 ^bit[0..23] deparsed exact_containers [64:79]]]
Successfully Allocated
By slicing into the following superclusters:
SUPERCLUSTER Uid: 1188
    slice lists:	
        [ egress::hdr.min_parse_depth_padding_0[0].packet_payload<88> ^0 ^bit[0..23] deparsed exact_containers [64:79] ]
    rotational clusters:	
        [[egress::hdr.min_parse_depth_padding_0[0].packet_payload<88> ^0 ^bit[0..23] deparsed exact_containers [64:79]]]

Best Score: {T[n_set_parser_group_gress: 1, n_inc_containers: 1, ], }
Allocation Decisions:
allocate: TH12[0:15] <- egress::hdr.min_parse_depth_padding_0[0].packet_payload<88> ^0 ^bit[0..23] deparsed exact_containers [64:79] @[-1r,5w]
36: TRYING to allocate SUPERCLUSTER Uid: 393
    slice lists:	
        [ egress::hdr.min_parse_depth_padding_0[1].packet_payload<88> ^0 ^bit[0..23] deparsed exact_containers [64:79] ]
    rotational clusters:	
        [[egress::hdr.min_parse_depth_padding_0[1].packet_payload<88> ^0 ^bit[0..23] deparsed exact_containers [64:79]]]
Successfully Allocated
By slicing into the following superclusters:
SUPERCLUSTER Uid: 1200
    slice lists:	
        [ egress::hdr.min_parse_depth_padding_0[1].packet_payload<88> ^0 ^bit[0..23] deparsed exact_containers [64:79] ]
    rotational clusters:	
        [[egress::hdr.min_parse_depth_padding_0[1].packet_payload<88> ^0 ^bit[0..23] deparsed exact_containers [64:79]]]

Best Score: {T[n_set_parser_group_gress: 1, n_inc_containers: 1, ], }
Allocation Decisions:
allocate: TH13[0:15] <- egress::hdr.min_parse_depth_padding_0[1].packet_payload<88> ^0 ^bit[0..23] deparsed exact_containers [64:79] @[-1r,5w]
37: TRYING to allocate SUPERCLUSTER Uid: 416
    slice lists:	
        [ egress::hdr.min_parse_depth_padding_0[2].packet_payload<88> ^0 ^bit[0..23] deparsed exact_containers [64:79] ]
    rotational clusters:	
        [[egress::hdr.min_parse_depth_padding_0[2].packet_payload<88> ^0 ^bit[0..23] deparsed exact_containers [64:79]]]
Successfully Allocated
By slicing into the following superclusters:
SUPERCLUSTER Uid: 1212
    slice lists:	
        [ egress::hdr.min_parse_depth_padding_0[2].packet_payload<88> ^0 ^bit[0..23] deparsed exact_containers [64:79] ]
    rotational clusters:	
        [[egress::hdr.min_parse_depth_padding_0[2].packet_payload<88> ^0 ^bit[0..23] deparsed exact_containers [64:79]]]

Best Score: {T[n_set_parser_group_gress: 1, n_inc_containers: 1, ], }
Allocation Decisions:
allocate: TH14[0:15] <- egress::hdr.min_parse_depth_padding_0[2].packet_payload<88> ^0 ^bit[0..23] deparsed exact_containers [64:79] @[-1r,5w]
38: TRYING to allocate SUPERCLUSTER Uid: 439
    slice lists:	
        [ egress::hdr.min_parse_depth_padding_0[3].packet_payload<88> ^0 ^bit[0..23] deparsed exact_containers [64:79] ]
    rotational clusters:	
        [[egress::hdr.min_parse_depth_padding_0[3].packet_payload<88> ^0 ^bit[0..23] deparsed exact_containers [64:79]]]
Successfully Allocated
By slicing into the following superclusters:
SUPERCLUSTER Uid: 1224
    slice lists:	
        [ egress::hdr.min_parse_depth_padding_0[3].packet_payload<88> ^0 ^bit[0..23] deparsed exact_containers [64:79] ]
    rotational clusters:	
        [[egress::hdr.min_parse_depth_padding_0[3].packet_payload<88> ^0 ^bit[0..23] deparsed exact_containers [64:79]]]

Best Score: {T[n_set_parser_group_gress: 1, n_inc_containers: 1, ], }
Allocation Decisions:
allocate: TH15[0:15] <- egress::hdr.min_parse_depth_padding_0[3].packet_payload<88> ^0 ^bit[0..23] deparsed exact_containers [64:79] @[-1r,5w]
39: TRYING to allocate SUPERCLUSTER Uid: 445
    slice lists:	
        [ ingress::hdr.ethernet.$valid<1> pov [0:0]
          ingress::hdr.flep.$valid<1> pov [0:0]
          ingress::hdr.flabels.$valid<1> pov [0:0]
          ingress::hdr.fleptopo.$valid<1> pov [0:0] ]
    rotational clusters:	
        [[ingress::hdr.ethernet.$valid<1> pov [0:0]]]
        [[ingress::hdr.flep.$valid<1> pov [0:0]]]
        [[ingress::hdr.flabels.$valid<1> pov [0:0]]]
        [[ingress::hdr.fleptopo.$valid<1> pov [0:0]]]
Successfully Allocated
By slicing into the following superclusters:
SUPERCLUSTER Uid: 1235
    slice lists:	
        [ ingress::hdr.ethernet.$valid<1> pov [0:0]
          ingress::hdr.flep.$valid<1> pov [0:0]
          ingress::hdr.flabels.$valid<1> pov [0:0]
          ingress::hdr.fleptopo.$valid<1> pov [0:0] ]
    rotational clusters:	
        [[ingress::hdr.ethernet.$valid<1> pov [0:0]]]
        [[ingress::hdr.flep.$valid<1> pov [0:0]]]
        [[ingress::hdr.flabels.$valid<1> pov [0:0]]]
        [[ingress::hdr.fleptopo.$valid<1> pov [0:0]]]

Best Score: {[n_inc_containers: 1, n_inc_small_containers: 1, ], }
Allocation Decisions:
allocate: B5[0:0] <- ingress::hdr.ethernet.$valid<1> pov [0:0] @[-1r,5w]
allocate: B5[1:1] <- ingress::hdr.flep.$valid<1> pov [0:0] @[-1r,5w]
allocate: B5[2:2] <- ingress::hdr.flabels.$valid<1> pov [0:0] @[-1r,5w]
allocate: B5[3:3] <- ingress::hdr.fleptopo.$valid<1> pov [0:0] @[-1r,5w]
40: TRYING to allocate SUPERCLUSTER Uid: 261
    slice lists:	
        [ ingress::ig_intr_md.ingress_mac_tstamp<48> intrinsic [0:31] ]
    rotational clusters:	
        [[ingress::ig_intr_md.ingress_mac_tstamp<48> intrinsic [0:31]]]
Successfully Allocated
By slicing into the following superclusters:
SUPERCLUSTER Uid: 1241
    slice lists:	
        [ ingress::ig_intr_md.ingress_mac_tstamp<48> intrinsic [0:31] ]
    rotational clusters:	
        [[ingress::ig_intr_md.ingress_mac_tstamp<48> intrinsic [0:31]]]

Best Score: {}
Allocation Decisions:
41: TRYING to allocate SUPERCLUSTER Uid: 315
    slice lists:	[ ]
    rotational clusters:	
        [[ingress::meta.is_verify_start<8> meta [0:7]]]
Successfully Allocated
By slicing into the following superclusters:
SUPERCLUSTER Uid: 1281
    slice lists:	[ ]
    rotational clusters:	
        [[ingress::meta.is_verify_start<8> meta [0:7]]]

Best Score: {[n_packing_bits: 8, n_packing_priority: 100000, ], }
Allocation Decisions:
allocate: W5[16:23] <- ingress::meta.is_verify_start<8> meta [0:7] @[-1r,5w]
42: TRYING to allocate SUPERCLUSTER Uid: 316
    slice lists:	[ ]
    rotational clusters:	
        [[ingress::meta.portindex<8> meta [0:7]]]
Successfully Allocated
By slicing into the following superclusters:
SUPERCLUSTER Uid: 1282
    slice lists:	[ ]
    rotational clusters:	
        [[ingress::meta.portindex<8> meta [0:7]]]

Best Score: {[n_packing_bits: 8, n_packing_priority: 100000, ], }
Allocation Decisions:
allocate: W5[24:31] <- ingress::meta.portindex<8> meta [0:7] @[-1r,5w]
43: TRYING to allocate SUPERCLUSTER Uid: 332
    slice lists:	
        [ egress::eg_intr_md.pkt_length<16> intrinsic [0:15]
          egress::eg_intr_md.deflection_flag<1> intrinsic [0:0]
          egress::eg_intr_md._pad10<7> intrinsic [0:6]
          egress::eg_intr_md.egress_cos<3> intrinsic [0:2]
          egress::eg_intr_md._pad9<5> intrinsic [0:4] ]
    rotational clusters:	
        [[egress::eg_intr_md.pkt_length<16> intrinsic [0:15]]]
        [[egress::eg_intr_md.deflection_flag<1> intrinsic [0:0]]]
        [[egress::eg_intr_md._pad10<7> intrinsic [0:6]]]
        [[egress::eg_intr_md.egress_cos<3> intrinsic [0:2]]]
        [[egress::eg_intr_md._pad9<5> intrinsic [0:4]]]
Successfully Allocated
By slicing into the following superclusters:
SUPERCLUSTER Uid: 1288
    slice lists:	
        [ egress::eg_intr_md.pkt_length<16> intrinsic [0:15]
          egress::eg_intr_md.deflection_flag<1> intrinsic [0:0]
          egress::eg_intr_md._pad10<7> intrinsic [0:6]
          egress::eg_intr_md.egress_cos<3> intrinsic [0:2]
          egress::eg_intr_md._pad9<5> intrinsic [0:4] ]
    rotational clusters:	
        [[egress::eg_intr_md.pkt_length<16> intrinsic [0:15]]]
        [[egress::eg_intr_md.deflection_flag<1> intrinsic [0:0]]]
        [[egress::eg_intr_md._pad10<7> intrinsic [0:6]]]
        [[egress::eg_intr_md.egress_cos<3> intrinsic [0:2]]]
        [[egress::eg_intr_md._pad9<5> intrinsic [0:4]]]

Best Score: {}
Allocation Decisions:
44: TRYING to allocate SUPERCLUSTER Uid: 334
    slice lists:	
        [ egress::eg_intr_md.egress_qid<5> intrinsic [0:4]
          egress::eg_intr_md._pad8<3> intrinsic [0:2]
          egress::eg_intr_md.egress_rid_first<1> intrinsic [0:0]
          egress::eg_intr_md._pad7<7> intrinsic [0:6]
          egress::eg_intr_md.egress_rid<16> intrinsic [0:15] ]
    rotational clusters:	
        [[egress::eg_intr_md.egress_qid<5> intrinsic [0:4]]]
        [[egress::eg_intr_md._pad8<3> intrinsic [0:2]]]
        [[egress::eg_intr_md.egress_rid_first<1> intrinsic [0:0]]]
        [[egress::eg_intr_md._pad7<7> intrinsic [0:6]]]
        [[egress::eg_intr_md.egress_rid<16> intrinsic [0:15]]]
Successfully Allocated
By slicing into the following superclusters:
SUPERCLUSTER Uid: 1313
    slice lists:	
        [ egress::eg_intr_md.egress_qid<5> intrinsic [0:4]
          egress::eg_intr_md._pad8<3> intrinsic [0:2]
          egress::eg_intr_md.egress_rid_first<1> intrinsic [0:0]
          egress::eg_intr_md._pad7<7> intrinsic [0:6]
          egress::eg_intr_md.egress_rid<16> intrinsic [0:15] ]
    rotational clusters:	
        [[egress::eg_intr_md.egress_qid<5> intrinsic [0:4]]]
        [[egress::eg_intr_md._pad8<3> intrinsic [0:2]]]
        [[egress::eg_intr_md.egress_rid_first<1> intrinsic [0:0]]]
        [[egress::eg_intr_md._pad7<7> intrinsic [0:6]]]
        [[egress::eg_intr_md.egress_rid<16> intrinsic [0:15]]]

Best Score: {}
Allocation Decisions:
45: TRYING to allocate SUPERCLUSTER Uid: 344
    slice lists:	
        [ egress::eg_intr_md.deq_qdepth<19> intrinsic [0:18]
          egress::eg_intr_md._pad4<5> intrinsic [0:4]
          egress::eg_intr_md.enq_tstamp<18> intrinsic [0:7] ]
    rotational clusters:	
        [[egress::eg_intr_md.deq_qdepth<19> intrinsic [0:18]]]
        [[egress::eg_intr_md._pad4<5> intrinsic [0:4]]]
        [[egress::eg_intr_md.enq_tstamp<18> intrinsic [0:7]]]
Successfully Allocated
By slicing into the following superclusters:
SUPERCLUSTER Uid: 1346
    slice lists:	
        [ egress::eg_intr_md.deq_qdepth<19> intrinsic [0:18]
          egress::eg_intr_md._pad4<5> intrinsic [0:4]
          egress::eg_intr_md.enq_tstamp<18> intrinsic [0:7] ]
    rotational clusters:	
        [[egress::eg_intr_md.deq_qdepth<19> intrinsic [0:18]]]
        [[egress::eg_intr_md._pad4<5> intrinsic [0:4]]]
        [[egress::eg_intr_md.enq_tstamp<18> intrinsic [0:7]]]

Best Score: {}
Allocation Decisions:
46: TRYING to allocate SUPERCLUSTER Uid: 346
    slice lists:	
        [ egress::eg_intr_md.enq_tstamp<18> intrinsic [8:17]
          egress::eg_intr_md._pad3<14> intrinsic [0:13]
          egress::eg_intr_md.enq_congest_stat<2> intrinsic [0:1]
          egress::eg_intr_md._pad2<6> intrinsic [0:5] ]
    rotational clusters:	
        [[egress::eg_intr_md.enq_tstamp<18> intrinsic [8:17]]]
        [[egress::eg_intr_md._pad3<14> intrinsic [0:13]]]
        [[egress::eg_intr_md.enq_congest_stat<2> intrinsic [0:1]]]
        [[egress::eg_intr_md._pad2<6> intrinsic [0:5]]]
Successfully Allocated
By slicing into the following superclusters:
SUPERCLUSTER Uid: 1379
    slice lists:	
        [ egress::eg_intr_md.enq_tstamp<18> intrinsic [8:17]
          egress::eg_intr_md._pad3<14> intrinsic [0:13]
          egress::eg_intr_md.enq_congest_stat<2> intrinsic [0:1]
          egress::eg_intr_md._pad2<6> intrinsic [0:5] ]
    rotational clusters:	
        [[egress::eg_intr_md.enq_tstamp<18> intrinsic [8:17]]]
        [[egress::eg_intr_md._pad3<14> intrinsic [0:13]]]
        [[egress::eg_intr_md.enq_congest_stat<2> intrinsic [0:1]]]
        [[egress::eg_intr_md._pad2<6> intrinsic [0:5]]]

Best Score: {}
Allocation Decisions:
47: TRYING to allocate SUPERCLUSTER Uid: 338
    slice lists:	
        [ egress::eg_intr_md.app_pool_congest_stat<8> intrinsic [0:7]
          egress::eg_intr_md.deq_congest_stat<2> intrinsic [0:1]
          egress::eg_intr_md._pad5<6> intrinsic [0:5] ]
    rotational clusters:	
        [[egress::eg_intr_md.app_pool_congest_stat<8> intrinsic [0:7]]]
        [[egress::eg_intr_md.deq_congest_stat<2> intrinsic [0:1]]]
        [[egress::eg_intr_md._pad5<6> intrinsic [0:5]]]
Successfully Allocated
By slicing into the following superclusters:
SUPERCLUSTER Uid: 1412
    slice lists:	
        [ egress::eg_intr_md.app_pool_congest_stat<8> intrinsic [0:7]
          egress::eg_intr_md.deq_congest_stat<2> intrinsic [0:1]
          egress::eg_intr_md._pad5<6> intrinsic [0:5] ]
    rotational clusters:	
        [[egress::eg_intr_md.app_pool_congest_stat<8> intrinsic [0:7]]]
        [[egress::eg_intr_md.deq_congest_stat<2> intrinsic [0:1]]]
        [[egress::eg_intr_md._pad5<6> intrinsic [0:5]]]

Best Score: {}
Allocation Decisions:
48: TRYING to allocate SUPERCLUSTER Uid: 336
    slice lists:	
        [ egress::eg_intr_md.deq_timedelta<18> intrinsic [0:17]
          egress::eg_intr_md._pad6<14> intrinsic [0:13] ]
    rotational clusters:	
        [[egress::eg_intr_md.deq_timedelta<18> intrinsic [0:17]]]
        [[egress::eg_intr_md._pad6<14> intrinsic [0:13]]]
Successfully Allocated
By slicing into the following superclusters:
SUPERCLUSTER Uid: 1420
    slice lists:	
        [ egress::eg_intr_md.deq_timedelta<18> intrinsic [0:17]
          egress::eg_intr_md._pad6<14> intrinsic [0:13] ]
    rotational clusters:	
        [[egress::eg_intr_md.deq_timedelta<18> intrinsic [0:17]]]
        [[egress::eg_intr_md._pad6<14> intrinsic [0:13]]]

Best Score: {}
Allocation Decisions:
49: TRYING to allocate SUPERCLUSTER Uid: 348
    slice lists:	
        [ egress::eg_intr_md.enq_qdepth<19> intrinsic [0:18]
          egress::eg_intr_md._pad1<5> intrinsic [0:4] ]
    rotational clusters:	
        [[egress::eg_intr_md.enq_qdepth<19> intrinsic [0:18]]]
        [[egress::eg_intr_md._pad1<5> intrinsic [0:4]]]
Successfully Allocated
By slicing into the following superclusters:
SUPERCLUSTER Uid: 1465
    slice lists:	
        [ egress::eg_intr_md.enq_qdepth<19> intrinsic [0:18]
          egress::eg_intr_md._pad1<5> intrinsic [0:4] ]
    rotational clusters:	
        [[egress::eg_intr_md.enq_qdepth<19> intrinsic [0:18]]]
        [[egress::eg_intr_md._pad1<5> intrinsic [0:4]]]

Best Score: {}
Allocation Decisions:
50: TRYING to allocate SUPERCLUSTER Uid: 263
    slice lists:	
        [ ingress::ig_intr_md.ingress_mac_tstamp<48> intrinsic [32:47] ]
    rotational clusters:	
        [[ingress::ig_intr_md.ingress_mac_tstamp<48> intrinsic [32:47]]]
Successfully Allocated
By slicing into the following superclusters:
SUPERCLUSTER Uid: 1490
    slice lists:	
        [ ingress::ig_intr_md.ingress_mac_tstamp<48> intrinsic [32:47] ]
    rotational clusters:	
        [[ingress::ig_intr_md.ingress_mac_tstamp<48> intrinsic [32:47]]]

Best Score: {}
Allocation Decisions:

