PHV ALLOCATION SUCCESSFUL
PHV Allocation
+-----------+-------+-----------------+----------------------------------------------------------------+
|Container  |Gress  |Container Slice  |Field Slice                                                     |
+-----------+-------+-----------------+----------------------------------------------------------------+
|B0         |I-HW   |                 |ingress::hdr.flep.label_depth                                   |
|           |       |                 |                                                                |
|B1         |I-HW   |[2:0]            |ingress::ig_intr_md_for_dprsr.mirror_type                       |
|           |       |                 |ingress::meta.is_verify_start                                   |
|           |       |                 |                                                                |
|B2         |I-HW   |[2:0]            |ingress::ig_intr_md_for_dprsr.drop_ctl                          |
|           |       |                 |                                                                |
|B3         |I-HW   |[2:0]            |ingress::hdr.fleptopo.option[2:0]                               |
|           |       |[3]              |ingress::hdr.fleptopo.option[3]                                 |
|           |       |[7:4]            |ingress::hdr.fleptopo.messagetype                               |
|           |       |                 |                                                                |
|B4         |I-HW   |                 |ingress::hdr.flep.key_index                                     |
|           |       |                 |                                                                |
|B5         |I-HW   |[0]              |ingress::hdr.ethernet.$valid                                    |
|           |       |[1]              |ingress::hdr.flep.$valid                                        |
|           |       |[2]              |ingress::hdr.flabels.$valid                                     |
|           |       |[3]              |ingress::hdr.fleptopo.$valid                                    |
|           |       |                 |                                                                |
|...        |       |                 |                                                                |
|           |       |                 |                                                                |
|B16        |E-HW   |[0]              |egress::hdr.min_parse_depth_padding_0.$stkvalid[0]              |
|           |       |[1]              |egress::hdr.min_parse_depth_padding_0.$stkvalid[1]              |
|           |       |[2]              |egress::hdr.min_parse_depth_padding_0.$stkvalid[2]              |
|           |       |                 |                                                                |
|B17        |E-HW   |[0]              |egress::hdr.ethernet.$valid                                     |
|           |       |                 |                                                                |
|...        |       |                 |                                                                |
|           |       |                 |                                                                |
|H0         |I-HW   |                 |ingress::ig_intr_md_for_tm.mcast_grp_a                          |
|           |       |                 |                                                                |
|H1         |I-HW   |[9:0]            |ingress::$tmp2                                                  |
|           |       |                 |ingress::ig_intr_md_from_prsr.global_tstamp[15:0]               |
|           |       |                 |                                                                |
|H2         |I-HW   |                 |ingress::hdr.ethernet.srcAddr[15:0]                             |
|           |       |                 |                                                                |
|H3         |I-HW   |                 |ingress::hdr.fleptopo.sendtstamp[15:0]                          |
|           |       |                 |                                                                |
|H4         |I-HW   |                 |ingress::hdr.flep.routing_type                                  |
|           |       |                 |                                                                |
|H5         |I-HW   |                 |ingress::hdr.ethernet.ethernetType                              |
|           |       |                 |                                                                |
|H6         |I-HW   |                 |ingress::hdr.flabels.label                                      |
|           |       |                 |                                                                |
|...        |       |                 |                                                                |
|           |       |                 |                                                                |
|H16        |E-HW   |[8:0]            |egress::eg_intr_md.egress_port                                  |
|           |       |                 |                                                                |
|H17        |E-HW   |                 |egress::eg_intr_md_from_prsr.global_tstamp[47:32]               |
|           |       |                 |                                                                |
|H18        |E-HW   |                 |egress::hdr.ethernet.dstAddr[47:32]                             |
|           |       |                 |                                                                |
|...        |       |                 |                                                                |
|           |       |                 |                                                                |
|W0         |I-HW   |                 |ingress::ig_intr_md_from_prsr.global_tstamp[47:16]              |
|           |       |                 |                                                                |
|W1         |I-HW   |                 |ingress::hdr.ethernet.srcAddr[47:16]                            |
|           |       |                 |                                                                |
|W2         |I-HW   |                 |ingress::hdr.fleptopo.sendtstamp[47:16]                         |
|           |       |                 |                                                                |
|W3         |I-HW   |                 |ingress::hdr.topoinfo.latency                                   |
|           |       |                 |                                                                |
|W4         |I-HW   |[24:16]          |ingress::ig_intr_md.ingress_port                                |
|           |       |[15:0]           |ingress::hdr.topoinfo.label                                     |
|           |       |                 |                                                                |
|W5         |I-HW   |[8:0]            |ingress::hdr.fleptopo.replyport[8:0]                            |
|           |       |[15:9]           |ingress::hdr.fleptopo.replyport[15:9]                           |
|           |       |[31:16]          |ingress::hdr.fleptopo.replylabel                                |
|           |       |                 |                                                                |
|W6         |I-HW   |[8:0]            |ingress::hdr.topoinfo.port[8:0]                                 |
|           |       |[15:9]           |ingress::hdr.topoinfo.port[15:9]                                |
|           |       |[23:16]          |ingress::meta.portindex                                         |
|           |       |                 |                                                                |
|W7         |I-HW   |[8:0]            |ingress::ig_intr_md_for_tm.ucast_egress_port                    |
|           |       |                 |                                                                |
|W8         |I-HW   |[15:0]           |ingress::hdr.fleptopo.sourceport                                |
|           |       |[31:16]          |ingress::hdr.fleptopo.sourcelabel                               |
|           |       |                 |                                                                |
|W9         |I-HW   |                 |ingress::hdr.flep.key                                           |
|           |       |                 |                                                                |
|...        |       |                 |                                                                |
|           |       |                 |                                                                |
|W16        |E-HW   |                 |egress::eg_intr_md_from_prsr.global_tstamp[31:0]                |
|           |       |                 |                                                                |
|W17        |E-HW   |                 |egress::hdr.ethernet.dstAddr[31:0]                              |
|           |       |                 |                                                                |
|...        |       |                 |                                                                |
|           |       |                 |                                                                |
|TB0        |I      |                 |ingress::hdr.flep.flags                                         |
|           |       |                 |                                                                |
|TH0        |I      |                 |ingress::hdr.flep.active_label                                  |
|           |       |                 |                                                                |
|TW0        |I      |                 |ingress::hdr.ethernet.dstAddr[31:0]                             |
|           |       |                 |                                                                |
|...        |       |                 |                                                                |
|           |       |                 |                                                                |
|TH1        |I      |                 |ingress::hdr.ethernet.dstAddr[47:32]                            |
|           |       |                 |                                                                |
|...        |       |                 |                                                                |
|           |       |                 |                                                                |
|TB4        |E      |                 |egress::hdr.min_parse_depth_padding_0[0].packet_payload[87:80]  |
|           |       |                 |                                                                |
|TW4        |E      |                 |egress::hdr.ethernet.srcAddr[31:0]                              |
|           |       |                 |                                                                |
|TB5        |E      |                 |egress::hdr.min_parse_depth_padding_0[1].packet_payload[87:80]  |
|           |       |                 |                                                                |
|TW5        |E      |                 |egress::hdr.min_parse_depth_padding_0[0].packet_payload[31:0]   |
|           |       |                 |                                                                |
|TB6        |E      |                 |egress::hdr.min_parse_depth_padding_0[2].packet_payload[87:80]  |
|           |       |                 |                                                                |
|TH6        |E      |                 |egress::hdr.min_parse_depth_padding_0[1].packet_payload[47:32]  |
|           |       |                 |                                                                |
|TW6        |E      |                 |egress::hdr.min_parse_depth_padding_0[0].packet_payload[63:32]  |
|           |       |                 |                                                                |
|...        |       |                 |                                                                |
|           |       |                 |                                                                |
|TH7        |E      |                 |egress::hdr.min_parse_depth_padding_0[1].packet_payload[63:48]  |
|           |       |                 |                                                                |
|TW7        |E      |                 |egress::hdr.min_parse_depth_padding_0[1].packet_payload[31:0]   |
|           |       |                 |                                                                |
|TH8        |E      |                 |egress::hdr.min_parse_depth_padding_0[2].packet_payload[15:0]   |
|           |       |                 |                                                                |
|TH9        |E      |                 |egress::hdr.min_parse_depth_padding_0[2].packet_payload[31:16]  |
|           |       |                 |                                                                |
|TH10       |E      |                 |egress::hdr.min_parse_depth_padding_0[2].packet_payload[47:32]  |
|           |       |                 |                                                                |
|TH11       |E      |                 |egress::hdr.min_parse_depth_padding_0[2].packet_payload[63:48]  |
|           |       |                 |                                                                |
|...        |       |                 |                                                                |
|           |       |                 |                                                                |
|TH12       |E      |                 |egress::hdr.ethernet.ethernetType                               |
|           |       |                 |                                                                |
|TH13       |E      |                 |egress::hdr.ethernet.srcAddr[47:32]                             |
|           |       |                 |                                                                |
|TH14       |E      |                 |egress::hdr.min_parse_depth_padding_0[0].packet_payload[79:64]  |
|           |       |                 |                                                                |
|TH15       |E      |                 |egress::hdr.min_parse_depth_padding_0[1].packet_payload[79:64]  |
|           |       |                 |                                                                |
|TH16       |E      |                 |egress::hdr.min_parse_depth_padding_0[2].packet_payload[79:64]  |
|           |       |                 |                                                                |
|...        |       |                 |                                                                |
|           |       |                 |                                                                |
+-----------+-------+-----------------+----------------------------------------------------------------+


POV Allocation (ingress):
+-----------+-----------------+------------------------------+
|Container  |Container Slice  |Field Slice                   |
+-----------+-----------------+------------------------------+
|B5         |[0]              |ingress::hdr.ethernet.$valid  |
|           |[1]              |ingress::hdr.flep.$valid      |
|           |[2]              |ingress::hdr.flabels.$valid   |
|           |[3]              |ingress::hdr.fleptopo.$valid  |
+-----------+-----------------+------------------------------+
|           |Total Bits Used  |4 / 256 ( 1.56 %)             |
|           |Pack Density     |4 / 8 (  50  %)               |
+-----------+-----------------+------------------------------+

POV Allocation (egress):
+-----------+-----------------+----------------------------------------------------+
|Container  |Container Slice  |Field Slice                                         |
+-----------+-----------------+----------------------------------------------------+
|B16        |[0]              |egress::hdr.min_parse_depth_padding_0.$stkvalid[0]  |
|           |[1]              |egress::hdr.min_parse_depth_padding_0.$stkvalid[1]  |
|           |[2]              |egress::hdr.min_parse_depth_padding_0.$stkvalid[2]  |
+-----------+-----------------+----------------------------------------------------+
|B17        |[0]              |egress::hdr.ethernet.$valid                         |
+-----------+-----------------+----------------------------------------------------+
|           |Total Bits Used  |4 / 256 ( 1.56 %)                                   |
|           |Pack Density     |4 / 16 (  25  %)                                    |
+-----------+-----------------+----------------------------------------------------+

+----------------------------------------------------------------+------------+-----------+----------------+-----------------+
|Field Slice                                                     |Live Range  |Container  |Container Type  |Container Slice  |
+----------------------------------------------------------------+------------+-----------+----------------+-----------------+
|ingress::ig_intr_md_from_prsr.global_tstamp[15:0]               |[-1r, 5w]   |H1         |H               |                 |
|ingress::ig_intr_md_from_prsr.global_tstamp[47:16]              |[-1r, 5w]   |W0         |W               |                 |
|ingress::ig_intr_md.ingress_port                                |[-1r, 5w]   |W4         |W               |[24:16]          |
|ingress::hdr.ethernet.dstAddr[47:32]                            |[-1r, 5w]   |TH1        |TH              |                 |
|ingress::hdr.ethernet.dstAddr[31:0]                             |[-1r, 5w]   |TW0        |TW              |                 |
|ingress::hdr.ethernet.srcAddr[15:0]                             |[-1r, 5w]   |H2         |H               |                 |
|ingress::hdr.ethernet.srcAddr[47:16]                            |[-1r, 5w]   |W1         |W               |                 |
|ingress::hdr.ethernet.ethernetType                              |[-1r, 5w]   |H5         |H               |                 |
|ingress::hdr.flep.active_label                                  |[-1r, 5w]   |TH0        |TH              |                 |
|ingress::hdr.flep.key                                           |[-1r, 5w]   |W9         |W               |                 |
|ingress::hdr.flep.key_index                                     |[-1r, 5w]   |B4         |B               |                 |
|ingress::hdr.flep.routing_type                                  |[-1r, 5w]   |H4         |H               |                 |
|ingress::hdr.flep.label_depth                                   |[-1r, 5w]   |B0         |B               |                 |
|ingress::hdr.flep.flags                                         |[-1r, 5w]   |TB0        |TB              |                 |
|ingress::hdr.flabels.label                                      |[-1r, 5w]   |H6         |H               |                 |
|ingress::hdr.fleptopo.messagetype                               |[-1r, 5w]   |B3         |B               |[7:4]            |
|ingress::hdr.fleptopo.option[2:0]                               |[-1r, 5w]   |B3         |B               |[2:0]            |
|ingress::hdr.fleptopo.option[3]                                 |[-1r, 5w]   |B3         |B               |[3]              |
|ingress::hdr.fleptopo.sourcelabel                               |[-1r, 5w]   |W8         |W               |[31:16]          |
|ingress::hdr.fleptopo.sourceport                                |[-1r, 5w]   |W8         |W               |[15:0]           |
|ingress::hdr.fleptopo.replylabel                                |[-1r, 5w]   |W5         |W               |[31:16]          |
|ingress::hdr.fleptopo.replyport[8:0]                            |[-1r, 5w]   |W5         |W               |[8:0]            |
|ingress::hdr.fleptopo.replyport[15:9]                           |[-1r, 5w]   |W5         |W               |[15:9]           |
|ingress::hdr.fleptopo.sendtstamp[15:0]                          |[-1r, 5w]   |H3         |H               |                 |
|ingress::hdr.fleptopo.sendtstamp[47:16]                         |[-1r, 5w]   |W2         |W               |                 |
|ingress::ig_intr_md_for_tm.ucast_egress_port                    |[-1r, 5w]   |W7         |W               |[8:0]            |
|ingress::ig_intr_md_for_tm.mcast_grp_a                          |[-1r, 5w]   |H0         |H               |                 |
|ingress::hdr.topoinfo.label                                     |[-1r, 5w]   |W4         |W               |[15:0]           |
|ingress::hdr.topoinfo.port[8:0]                                 |[-1r, 5w]   |W6         |W               |[8:0]            |
|ingress::hdr.topoinfo.port[15:9]                                |[-1r, 5w]   |W6         |W               |[15:9]           |
|ingress::hdr.topoinfo.latency                                   |[-1r, 5w]   |W3         |W               |                 |
|ingress::meta.is_verify_start                                   |[-1r, 5w]   |B1         |B               |                 |
|ingress::meta.portindex                                         |[-1r, 5w]   |W6         |W               |[23:16]          |
|ingress::ig_intr_md_for_dprsr.drop_ctl                          |[-1r, 5w]   |B2         |B               |[2:0]            |
|ingress::ig_intr_md_for_dprsr.mirror_type                       |[-1r, 5w]   |B1         |B               |[2:0]            |
|ingress::$tmp2                                                  |[-1r, 5w]   |H1         |H               |[9:0]            |
|egress::eg_intr_md_from_prsr.global_tstamp[47:32]               |[-1r, 5w]   |H17        |H               |                 |
|egress::eg_intr_md_from_prsr.global_tstamp[31:0]                |[-1r, 5w]   |W16        |W               |                 |
|egress::eg_intr_md.egress_port                                  |[-1r, 5w]   |H16        |H               |[8:0]            |
|egress::hdr.ethernet.dstAddr[47:32]                             |[-1r, 5w]   |H18        |H               |                 |
|egress::hdr.ethernet.dstAddr[31:0]                              |[-1r, 5w]   |W17        |W               |                 |
|egress::hdr.ethernet.srcAddr[47:32]                             |[-1r, 5w]   |TH13       |TH              |                 |
|egress::hdr.ethernet.srcAddr[31:0]                              |[-1r, 5w]   |TW4        |TW              |                 |
|egress::hdr.ethernet.ethernetType                               |[-1r, 5w]   |TH12       |TH              |                 |
|egress::hdr.min_parse_depth_padding_0[0].packet_payload[87:80]  |[-1r, 5w]   |TB4        |TB              |                 |
|egress::hdr.min_parse_depth_padding_0[0].packet_payload[79:64]  |[-1r, 5w]   |TH14       |TH              |                 |
|egress::hdr.min_parse_depth_padding_0[0].packet_payload[31:0]   |[-1r, 5w]   |TW5        |TW              |                 |
|egress::hdr.min_parse_depth_padding_0[0].packet_payload[63:32]  |[-1r, 5w]   |TW6        |TW              |                 |
|egress::hdr.min_parse_depth_padding_0[1].packet_payload[87:80]  |[-1r, 5w]   |TB5        |TB              |                 |
|egress::hdr.min_parse_depth_padding_0[1].packet_payload[47:32]  |[-1r, 5w]   |TH6        |TH              |                 |
|egress::hdr.min_parse_depth_padding_0[1].packet_payload[63:48]  |[-1r, 5w]   |TH7        |TH              |                 |
|egress::hdr.min_parse_depth_padding_0[1].packet_payload[79:64]  |[-1r, 5w]   |TH15       |TH              |                 |
|egress::hdr.min_parse_depth_padding_0[1].packet_payload[31:0]   |[-1r, 5w]   |TW7        |TW              |                 |
|egress::hdr.min_parse_depth_padding_0[2].packet_payload[87:80]  |[-1r, 5w]   |TB6        |TB              |                 |
|egress::hdr.min_parse_depth_padding_0[2].packet_payload[15:0]   |[-1r, 5w]   |TH8        |TH              |                 |
|egress::hdr.min_parse_depth_padding_0[2].packet_payload[31:16]  |[-1r, 5w]   |TH9        |TH              |                 |
|egress::hdr.min_parse_depth_padding_0[2].packet_payload[47:32]  |[-1r, 5w]   |TH10       |TH              |                 |
|egress::hdr.min_parse_depth_padding_0[2].packet_payload[63:48]  |[-1r, 5w]   |TH11       |TH              |                 |
|egress::hdr.min_parse_depth_padding_0[2].packet_payload[79:64]  |[-1r, 5w]   |TH16       |TH              |                 |
|ingress::hdr.ethernet.$valid                                    |[-1r, 5w]   |B5         |B               |[0]              |
|ingress::hdr.flep.$valid                                        |[-1r, 5w]   |B5         |B               |[1]              |
|ingress::hdr.flabels.$valid                                     |[-1r, 5w]   |B5         |B               |[2]              |
|ingress::hdr.fleptopo.$valid                                    |[-1r, 5w]   |B5         |B               |[3]              |
|egress::hdr.ethernet.$valid                                     |[-1r, 5w]   |B17        |B               |[0]              |
|egress::hdr.min_parse_depth_padding_0.$stkvalid[0]              |[-1r, 5w]   |B16        |B               |[0]              |
|egress::hdr.min_parse_depth_padding_0.$stkvalid[1]              |[-1r, 5w]   |B16        |B               |[1]              |
|egress::hdr.min_parse_depth_padding_0.$stkvalid[2]              |[-1r, 5w]   |B16        |B               |[2]              |
+----------------------------------------------------------------+------------+-----------+----------------+-----------------+





PHV Allocation State

MAU Groups:
+-------------------+-----------------+---------------+----------------------+---------------------+----------------+---------------------------+--------------------------+----------------+
|     MAU Group     | Containers Used |   Bits Used   | Bits Used on Ingress | Bits Used on Egress | Bits Allocated | Bits Allocated on Ingress | Bits Allocated on Egress | Available Bits |
+-------------------+-----------------+---------------+----------------------+---------------------+----------------+---------------------------+--------------------------+----------------+
|       B0-15       |   6 ( 37.5 %)   | 39 ( 30.5 %)  |     39 ( 30.5 %)     |     0 (   0  %)     |  42 ( 32.8 %)  |       42 ( 32.8 %)        |       0 (   0  %)        |      128       |
|      B16-31       |   2 ( 12.5 %)   |  4 ( 3.12 %)  |     0 (   0  %)      |     4 ( 3.12 %)     |  4 ( 3.12 %)   |        0 (   0  %)        |       4 ( 3.12 %)        |      128       |
|      B32-47       |   0 (   0  %)   |  0 (   0  %)  |     0 (   0  %)      |     0 (   0  %)     |  0 (   0  %)   |        0 (   0  %)        |       0 (   0  %)        |      128       |
|      B48-63       |   0 (   0  %)   |  0 (   0  %)  |     0 (   0  %)      |     0 (   0  %)     |  0 (   0  %)   |        0 (   0  %)        |       0 (   0  %)        |      128       |
+-------------------+-----------------+---------------+----------------------+---------------------+----------------+---------------------------+--------------------------+----------------+
|       H0-15       |   7 ( 43.8 %)   | 112 ( 43.8 %) |    112 ( 43.8 %)     |     0 (   0  %)     | 122 ( 47.7 %)  |       122 ( 47.7 %)       |       0 (   0  %)        |      256       |
|      H16-31       |   3 ( 18.8 %)   | 41 (  16  %)  |     0 (   0  %)      |    41 (  16  %)     |  41 (  16  %)  |        0 (   0  %)        |       41 (  16  %)       |      256       |
|      H32-47       |   0 (   0  %)   |  0 (   0  %)  |     0 (   0  %)      |     0 (   0  %)     |  0 (   0  %)   |        0 (   0  %)        |       0 (   0  %)        |      256       |
|      H48-63       |   0 (   0  %)   |  0 (   0  %)  |     0 (   0  %)      |     0 (   0  %)     |  0 (   0  %)   |        0 (   0  %)        |       0 (   0  %)        |      256       |
|      H64-79       |   0 (   0  %)   |  0 (   0  %)  |     0 (   0  %)      |     0 (   0  %)     |  0 (   0  %)   |        0 (   0  %)        |       0 (   0  %)        |      256       |
|      H80-95       |   0 (   0  %)   |  0 (   0  %)  |     0 (   0  %)      |     0 (   0  %)     |  0 (   0  %)   |        0 (   0  %)        |       0 (   0  %)        |      256       |
+-------------------+-----------------+---------------+----------------------+---------------------+----------------+---------------------------+--------------------------+----------------+
|       W0-15       |  10 ( 62.5 %)   | 282 ( 55.1 %) |    282 ( 55.1 %)     |     0 (   0  %)     | 282 ( 55.1 %)  |       282 ( 55.1 %)       |       0 (   0  %)        |      512       |
|      W16-31       |   2 ( 12.5 %)   | 64 ( 12.5 %)  |     0 (   0  %)      |    64 ( 12.5 %)     |  64 ( 12.5 %)  |        0 (   0  %)        |       64 ( 12.5 %)       |      512       |
|      W32-47       |   0 (   0  %)   |  0 (   0  %)  |     0 (   0  %)      |     0 (   0  %)     |  0 (   0  %)   |        0 (   0  %)        |       0 (   0  %)        |      512       |
|      W48-63       |   0 (   0  %)   |  0 (   0  %)  |     0 (   0  %)      |     0 (   0  %)     |  0 (   0  %)   |        0 (   0  %)        |       0 (   0  %)        |      512       |
+-------------------+-----------------+---------------+----------------------+---------------------+----------------+---------------------------+--------------------------+----------------+
|   Usage for 8b    |   8 ( 12.5 %)   | 43 (  8.4 %)  |     39 ( 7.62 %)     |     4 ( 0.781%)     |  46 ( 8.98 %)  |       42 (  8.2 %)        |       4 ( 0.781%)        |      512       |
|   Usage for 16b   |  10 ( 10.4 %)   | 153 ( 9.96 %) |    112 ( 7.29 %)     |    41 ( 2.67 %)     | 163 ( 10.6 %)  |       122 ( 7.94 %)       |       41 ( 2.67 %)       |      1536      |
|   Usage for 32b   |  12 ( 18.8 %)   | 346 ( 16.9 %) |    282 ( 13.8 %)     |    64 ( 3.12 %)     | 346 ( 16.9 %)  |       282 ( 13.8 %)       |       64 ( 3.12 %)       |      2048      |
+-------------------+-----------------+---------------+----------------------+---------------------+----------------+---------------------------+--------------------------+----------------+
| Overall PHV Usage |  30 ( 13.4 %)   | 542 ( 13.2 %) |    433 ( 10.6 %)     |    109 ( 2.66 %)    | 555 ( 13.5 %)  |       446 ( 10.9 %)       |      109 ( 2.66 %)       |      4096      |
+-------------------+-----------------+---------------+----------------------+---------------------+----------------+---------------------------+--------------------------+----------------+


Tagalong Collections:
+------------+-------+--------------------+---------------------+---------------------+---------------+----------------+
|  Collection|  Gress|  8b Containers Used|  16b Containers Used|  32b Containers Used|      Bits Used|  Bits Allocated|
+------------+-------+--------------------+---------------------+---------------------+---------------+----------------+
|           0|      I|         1 (  25  %)|          2 ( 33.3 %)|          1 (  25  %)|   72 ( 28.1 %)|    72 ( 28.1 %)|
|           1|      E|         3 (  75  %)|          6 (  100 %)|          4 (  100 %)|  248 ( 96.9 %)|   248 ( 96.9 %)|
|           2|      E|         0 (   0  %)|          5 ( 83.3 %)|          0 (   0  %)|   80 ( 31.2 %)|    80 ( 31.2 %)|
|           3|       |         0 (   0  %)|          0 (   0  %)|          0 (   0  %)|    0 (   0  %)|     0 (   0  %)|
|           4|       |         0 (   0  %)|          0 (   0  %)|          0 (   0  %)|    0 (   0  %)|     0 (   0  %)|
|           5|       |         0 (   0  %)|          0 (   0  %)|          0 (   0  %)|    0 (   0  %)|     0 (   0  %)|
|           6|       |         0 (   0  %)|          0 (   0  %)|          0 (   0  %)|    0 (   0  %)|     0 (   0  %)|
|           7|       |         0 (   0  %)|          0 (   0  %)|          0 (   0  %)|    0 (   0  %)|     0 (   0  %)|
+------------+-------+--------------------+---------------------+---------------------+---------------+----------------+
|       Total|       |         4 ( 12.5 %)|         13 ( 27.1 %)|          5 ( 15.6 %)|  400 ( 19.5 %)|   400 ( 19.5 %)|
+------------+-------+--------------------+---------------------+---------------------+---------------+----------------+



