Table Placement INITIAL, not ignoring container conflicts
Table placement starting on pipe with DEFAULT PLACEMENT approach
ingress: [15]
    +--fwd_port_0
    0+--cond-9
    11+--cond-10
    000+--cond-13
    1111+--cond-14
    11110+--cond-15
    000000+--tbl_flep_process449
  fwd_port_0{ E -1+1, 4 0K }
  cond-9(ingress::hdr.ethernet.ethernetType == 6425; => $true, 1 => $false)
    $true: [16]
      tbl_flep_process377
  cond-10(ingress::hdr.fleptopo.$valid == 1 && ingress::hdr.fleptopo.messagetype == 0 && ingress::hdr.fleptopo.option[3:3] == 1; => $true, 1 => $false)
    $true: [17] 1
      tbl_setfleptopo
      multicast_send_fleptopo_0{ E -6+1, 2 0K }
    $false: [21]
      cond-11(ingress::hdr.fleptopo.$valid == 1 && ingress::hdr.fleptopo.messagetype == 0 && ingress::hdr.fleptopo.option[3:3] == 0; => $true, 1 => $false)
        $true: [18] 1
          tbl_flep_process397
          tbl_flep_process399
        $false: [20]
          cond-12(ingress::hdr.fleptopo.$valid == 1 && ingress::hdr.fleptopo.messagetype == 1 && ingress::hdr.fleptopo.option[3:3] == 0 && ingress::hdr.fleptopo.sourcelabel == 9473; => $true, 1 => $false)
            $true: [19]
                +--tbl_flep_process407
                1+--tbl_flep_process410
                11+--get_port_index_0
                111+--tbl_flep_process199
                1110+--tbl_flep_process214
                11100+--tbl_flep_process229
                000000+--tbl_drop
              tbl_flep_process407
              tbl_flep_process410
              get_port_index_0{ E 6+0, 4 0K }
              tbl_flep_process199
                stateful Ingress.labeldatacache.bw_register  128
              tbl_flep_process214
                stateful Ingress.portdatacache.bw_register  128
              tbl_flep_process229
                stateful Ingress.latencydatacache.bw_register  128
              tbl_drop
  cond-13(ingress::hdr.flep.$valid == 1; => $true, 1 => $false)
    $true: [22]
      is_verify_tbl_0{ T 32+1, 0 0K }
  cond-14(ingress::meta.is_verify_start == 1; => $true, 1 => $false)
    $true: [25]
      key_match_tbl_0{ E 30+1, 0 0K }
        $hit: [24]
          tbl_flep_process154
            stateful Ingress.pkt_counter.bw_register   10
        $miss: [23] 0 00
          tbl_flep_process154_0
            stateful Ingress.pkt_counter.bw_register   10
          tbl_flep_process169
            stateful Ingress.keydatacache.bw_register   10
          tbl_flep_process184
            stateful Ingress.keyindexdatacache.bw_register   10
  cond-15(ingress::hdr.flabels.$valid == 1; => $true, 1 => $false)
    $true: [26] 0 01
      flep_processing_0{ E 6+1, 4 0K }
      tbl_flep_process442
      cond-16(ingress::hdr.flep.label_depth == 0; => $true, 1 => $false)
        $true: [27]
          tbl_flep_decapsulation
  tbl_flep_process449
egress: [28]
  tbl_flep_process522

stage 0, work: [ 3030120, 3037755 ], partly placed 0, placed 0
    { id=0 ram=0 tcam=0 mram=0 eixb=0 tixb=0 malu=0 salu=0 local_tinds=0 }
fwd_port_0 is not a gateway! Aborting search for merge choices
try_place_table(fwd_port_0, stage=0)
    Initial # of stages is 0, initial # of entries is 256
  Try_alloc_all for Table use
  Trying to allocate layout for fwd_port_0 
  Picking layout option for table : fwd_port_0 with requested entries : 256
  picked layout for fwd_port_0 FormatType(02) layout: 256eV ixbar:2B/9b match:0B/-1b gh:2 adb:2 ov:10 imm:9
  way:{ g:5 e:0 w:1 1 }
  entries:5120 srams:1 local_tinds: 0 maprams:0 tcams:0 afi:1 I
  Trying to allocate adb for fwd_port_0 
  Trying to allocate imem for fwd_port_0 
  Entries : 5120, needed_entries: 256, need_more: 0
    Selected stage: 0    Furthest stage: 0
    try_place_table returning 5120 of fwd_port_0 in stage 0
  Table is  placed
    Pl vector: fwd_port_0 
try_place_table(cond-9, stage=0)
    Merging with match table tbl_flep_process377 and tag $true
    Initial # of stages is 0, initial # of entries is 1
  Try_alloc_all for Table use
  Trying to allocate layout for tbl_flep_process377 
  Picking layout option for table : tbl_flep_process377 with requested entries : 1
  picked layout for tbl_flep_process377 FormatType(02) layout: 0V ixbar:0B/0b match:0B/0b
  entries:1 srams:0 local_tinds: 0 maprams:0 tcams:0 afi:0
  Trying to allocate adb for tbl_flep_process377 
  Trying to allocate imem for tbl_flep_process377 
  Entries : 1, needed_entries: 1, need_more: 0
    Selected stage: 0    Furthest stage: 0
    try_place_table returning 1 of tbl_flep_process377 in stage 0
  Table is  placed
  Gateway is  placed
    Pl vector: tbl_flep_process377 
  - skipping cond-10 due to in-sequence control dependence on cond-9
try_place_table(cond-13, stage=0)
    Merging with match table is_verify_tbl_0 and tag $true
    Initial # of stages is 0, initial # of entries is 256
  Try_alloc_all for Table use
  Trying to allocate layout for is_verify_tbl_0 
  Picking layout option for table : is_verify_tbl_0 with requested entries : 256
  picked layout for is_verify_tbl_0 FormatType(02) layout: 256tV ixbar:4B/32b match:4B/32b ov:1
  entries:512 srams:1 local_tinds: 0 maprams:0 tcams:1 afi:0
  Trying to allocate adb for is_verify_tbl_0 
  Trying to allocate imem for is_verify_tbl_0 
  Entries : 512, needed_entries: 256, need_more: 0
    Selected stage: 0    Furthest stage: 0
    try_place_table returning 512 of is_verify_tbl_0 in stage 0
  Table is  placed
  Gateway is  placed
    Pl vector: is_verify_tbl_0 
  - skipping cond-14 due to in-sequence control dependence on cond-13
  - skipping cond-15 because it depends on cond-9
    - removing flep_processing_0 from merge list because it depends on cond-9
    - removing tbl_flep_process442 from merge list because it depends on cond-9
    - skipping gateway cond-15 until mergeable tables are available
  - skipping tbl_flep_process449 because metadata deps not satisfied
tbl_flep_process522 is not a gateway! Aborting search for merge choices
try_place_table(tbl_flep_process522, stage=0)
    Initial # of stages is 0, initial # of entries is 1
  Try_alloc_all for Table use
  Trying to allocate layout for tbl_flep_process522 
  Picking layout option for table : tbl_flep_process522 with requested entries : 1
  picked layout for tbl_flep_process522 FormatType(02) layout: 0V ixbar:0B/0b match:0B/0b
  entries:1 srams:0 local_tinds: 0 maprams:0 tcams:0 afi:0
  Trying to allocate adb for tbl_flep_process522 
  Trying to allocate imem for tbl_flep_process522 
  Entries : 1, needed_entries: 1, need_more: 0
    Selected stage: 0    Furthest stage: 0
    try_place_table returning 1 of tbl_flep_process522 in stage 0
  Table is  placed
    Pl vector: tbl_flep_process522 
found 4 tables that could be placed: [ fwd_port_0, tbl_flep_process377, is_verify_tbl_0, tbl_flep_process522 ]
Initial best is first table seen: fwd_port_0
For trial t : tbl_flep_process377 with best: fwd_port_0
    Updating best to tbl_flep_process377 from fwd_port_0 for reason: longer downward prop control-included dependence tail chain
For trial t : is_verify_tbl_0 with best: tbl_flep_process377
    Keeping best tbl_flep_process377 for reason: longer downward prop control-included dependence tail chain
For trial t : tbl_flep_process522 with best: tbl_flep_process377
    Keeping best tbl_flep_process377 for reason: longer downward prop control-included dependence tail chain
Adding table:fwd_port_0 in the initial stage option
Adding table:tbl_flep_process377 in the initial stage option
Adding table:is_verify_tbl_0 in the initial stage option
Adding table:tbl_flep_process522 in the initial stage option
placing 1 entries of tbl_flep_process377 ( tbl_flep_process377 )  (with gw cond-9, result tag $true) in stage 0(0) FormatType(02)
stage 0, work: [ 3030120, 3037755 ], partly placed 0, placed 1
    { id=1 ram=0 tcam=0 mram=0 eixb=0 tixb=0 malu=0 salu=0 local_tinds=0 }
fwd_port_0 is not a gateway! Aborting search for merge choices
try_place_table(fwd_port_0, stage=0)
    Initial # of stages is 0, initial # of entries is 256
  Try_alloc_all for Table use
  Trying to allocate layout for fwd_port_0 
  Picking layout option for table : fwd_port_0 with requested entries : 256
  picked layout for fwd_port_0 FormatType(02) layout: 256eV ixbar:2B/9b match:0B/-1b gh:2 adb:2 ov:10 imm:9
  way:{ g:5 e:0 w:1 1 }
  entries:5120 srams:1 local_tinds: 0 maprams:0 tcams:0 afi:1 I
  Trying to allocate adb for fwd_port_0 
  Trying to allocate imem for fwd_port_0 
  Entries : 5120, needed_entries: 256, need_more: 0
    Selected stage: 0    Furthest stage: 1
    try_place_table returning 5120 of fwd_port_0 in stage 0
  Table is  placed
    Pl vector: fwd_port_0 
    - skipping cond-9 as its already done
  - skipping cond-10 because it depends on fwd_port_0
    - removing tbl_setfleptopo from merge list because it depends on fwd_port_0
    - skipping gateway cond-10 until mergeable tables are available
try_place_table(cond-13, stage=0)
    Merging with match table is_verify_tbl_0 and tag $true
    Initial # of stages is 0, initial # of entries is 256
  Try_alloc_all for Table use
  Trying to allocate layout for is_verify_tbl_0 
  Picking layout option for table : is_verify_tbl_0 with requested entries : 256
  picked layout for is_verify_tbl_0 FormatType(02) layout: 256tV ixbar:4B/32b match:4B/32b ov:1
  entries:512 srams:1 local_tinds: 0 maprams:0 tcams:1 afi:0
  Trying to allocate adb for is_verify_tbl_0 
  Trying to allocate imem for is_verify_tbl_0 
  Entries : 512, needed_entries: 256, need_more: 0
    Selected stage: 0    Furthest stage: 1
    try_place_table returning 512 of is_verify_tbl_0 in stage 0
  Table is  placed
  Gateway is  placed
    Pl vector: is_verify_tbl_0 
  - skipping cond-14 due to in-sequence control dependence on cond-13
  - skipping cond-15 because it depends on cond-10
    - removing flep_processing_0 from merge list because it depends on cond-10
    - removing tbl_flep_process442 from merge list because it depends on cond-10
    - skipping gateway cond-15 until mergeable tables are available
  - skipping tbl_flep_process449 because metadata deps not satisfied
tbl_flep_process522 is not a gateway! Aborting search for merge choices
try_place_table(tbl_flep_process522, stage=0)
    Initial # of stages is 0, initial # of entries is 1
  Try_alloc_all for Table use
  Trying to allocate layout for tbl_flep_process522 
  Picking layout option for table : tbl_flep_process522 with requested entries : 1
  picked layout for tbl_flep_process522 FormatType(02) layout: 0V ixbar:0B/0b match:0B/0b
  entries:1 srams:0 local_tinds: 0 maprams:0 tcams:0 afi:0
  Trying to allocate adb for tbl_flep_process522 
  Trying to allocate imem for tbl_flep_process522 
  Entries : 1, needed_entries: 1, need_more: 0
    Selected stage: 0    Furthest stage: 1
    try_place_table returning 1 of tbl_flep_process522 in stage 0
  Table is  placed
    Pl vector: tbl_flep_process522 
found 3 tables that could be placed: [ fwd_port_0, is_verify_tbl_0, tbl_flep_process522 ]
Initial best is first table seen: fwd_port_0
For trial t : is_verify_tbl_0 with best: fwd_port_0
    Keeping best fwd_port_0 for reason: longer downward prop control-included dependence tail chain
For trial t : tbl_flep_process522 with best: fwd_port_0
    Keeping best fwd_port_0 for reason: longer downward prop control-included dependence tail chain
placing 5120 entries of fwd_port_0 ( Ingress.fwd_port )  in stage 0(1) FormatType(02)
stage 0, work: [ 3030120, 3037755 ], partly placed 0, placed 2
    { id=2 ram=1 tcam=0 mram=0 eixb=2 tixb=0 malu=0 salu=0 local_tinds=0 }
    - skipping fwd_port_0 as its already done
    - skipping cond-9 as its already done
try_place_table(cond-10, stage=0)
    Merging with match table tbl_setfleptopo and tag $true
    - dependency between tbl_flep_process377 and table advances stage
    Initial # of stages is 1, initial # of entries is 1
  Try_alloc_all for Table use
  Trying to allocate layout for tbl_setfleptopo 
  Picking layout option for table : tbl_setfleptopo with requested entries : 1
  picked layout for tbl_setfleptopo FormatType(02) layout: 0V ixbar:0B/0b match:0B/0b adb:8/4 ov:32 imm:32
  entries:1 srams:1 local_tinds: 0 maprams:0 tcams:0 afi:1
  Trying to allocate adb for tbl_setfleptopo 
  Trying to allocate imem for tbl_setfleptopo 
  Entries : 1, needed_entries: 1, need_more: 0
    Selected stage: 1    Furthest stage: 1
    try_place_table returning 1 of tbl_setfleptopo in stage 1
  Table is  placed
  Gateway is  placed
    Pl vector: tbl_setfleptopo 
try_place_table(cond-13, stage=0)
    Merging with match table is_verify_tbl_0 and tag $true
    Initial # of stages is 0, initial # of entries is 256
  Try_alloc_all for Table use
  Trying to allocate layout for is_verify_tbl_0 
  Picking layout option for table : is_verify_tbl_0 with requested entries : 256
  picked layout for is_verify_tbl_0 FormatType(02) layout: 256tV ixbar:4B/32b match:4B/32b ov:1
  entries:512 srams:1 local_tinds: 0 maprams:0 tcams:1 afi:0
  Trying to allocate adb for is_verify_tbl_0 
  Trying to allocate imem for is_verify_tbl_0 
  Entries : 512, needed_entries: 256, need_more: 0
    Selected stage: 0    Furthest stage: 1
    try_place_table returning 512 of is_verify_tbl_0 in stage 0
  Table is  placed
  Gateway is  placed
    Pl vector: is_verify_tbl_0 
  - skipping cond-14 due to in-sequence control dependence on cond-13
  - skipping cond-15 because it depends on cond-10
    - removing flep_processing_0 from merge list because it depends on cond-10
    - removing tbl_flep_process442 from merge list because it depends on cond-10
    - skipping gateway cond-15 until mergeable tables are available
  - skipping tbl_flep_process449 because metadata deps not satisfied
tbl_flep_process522 is not a gateway! Aborting search for merge choices
try_place_table(tbl_flep_process522, stage=0)
    Initial # of stages is 0, initial # of entries is 1
  Try_alloc_all for Table use
  Trying to allocate layout for tbl_flep_process522 
  Picking layout option for table : tbl_flep_process522 with requested entries : 1
  picked layout for tbl_flep_process522 FormatType(02) layout: 0V ixbar:0B/0b match:0B/0b
  entries:1 srams:0 local_tinds: 0 maprams:0 tcams:0 afi:0
  Trying to allocate adb for tbl_flep_process522 
  Trying to allocate imem for tbl_flep_process522 
  Entries : 1, needed_entries: 1, need_more: 0
    Selected stage: 0    Furthest stage: 1
    try_place_table returning 1 of tbl_flep_process522 in stage 0
  Table is  placed
    Pl vector: tbl_flep_process522 
found 3 tables that could be placed: [ tbl_setfleptopo, is_verify_tbl_0, tbl_flep_process522 ]
Initial best is first table seen: tbl_setfleptopo
For trial t : is_verify_tbl_0 with best: tbl_setfleptopo
    Updating best to is_verify_tbl_0 from tbl_setfleptopo for reason: earlier stage calculated
For trial t : tbl_flep_process522 with best: is_verify_tbl_0
    Keeping best is_verify_tbl_0 for reason: longer downward prop control-included dependence tail chain
placing 512 entries of is_verify_tbl_0 ( Ingress.is_verify_tbl )  (with gw cond-13, result tag $true) in stage 0(2) FormatType(02)
stage 0, work: [ 3030120, 3037755 ], partly placed 0, placed 3
    { id=3 ram=2 tcam=1 mram=0 eixb=6 tixb=0 malu=0 salu=0 local_tinds=0 }
    - skipping fwd_port_0 as its already done
    - skipping cond-9 as its already done
try_place_table(cond-10, stage=0)
    Merging with match table tbl_setfleptopo and tag $true
    - dependency between tbl_flep_process377 and table advances stage
    Initial # of stages is 1, initial # of entries is 1
  Try_alloc_all for Table use
  Trying to allocate layout for tbl_setfleptopo 
  Picking layout option for table : tbl_setfleptopo with requested entries : 1
  picked layout for tbl_setfleptopo FormatType(02) layout: 0V ixbar:0B/0b match:0B/0b adb:8/4 ov:32 imm:32
  entries:1 srams:1 local_tinds: 0 maprams:0 tcams:0 afi:1
  Trying to allocate adb for tbl_setfleptopo 
  Trying to allocate imem for tbl_setfleptopo 
  Entries : 1, needed_entries: 1, need_more: 0
    Selected stage: 1    Furthest stage: 1
    try_place_table returning 1 of tbl_setfleptopo in stage 1
  Table is  placed
  Gateway is  placed
    Pl vector: tbl_setfleptopo 
    - skipping cond-13 as its already done
  - skipping cond-14 because it depends on cond-10
    - removing key_match_tbl_0 from merge list because it depends on cond-10
    - skipping gateway cond-14 until mergeable tables are available
  - skipping cond-15 because it depends on cond-10
    - removing flep_processing_0 from merge list because it depends on cond-10
    - removing tbl_flep_process442 from merge list because it depends on cond-10
    - skipping gateway cond-15 until mergeable tables are available
  - skipping tbl_flep_process449 because metadata deps not satisfied
tbl_flep_process522 is not a gateway! Aborting search for merge choices
try_place_table(tbl_flep_process522, stage=0)
    Initial # of stages is 0, initial # of entries is 1
  Try_alloc_all for Table use
  Trying to allocate layout for tbl_flep_process522 
  Picking layout option for table : tbl_flep_process522 with requested entries : 1
  picked layout for tbl_flep_process522 FormatType(02) layout: 0V ixbar:0B/0b match:0B/0b
  entries:1 srams:0 local_tinds: 0 maprams:0 tcams:0 afi:0
  Trying to allocate adb for tbl_flep_process522 
  Trying to allocate imem for tbl_flep_process522 
  Entries : 1, needed_entries: 1, need_more: 0
    Selected stage: 0    Furthest stage: 1
    try_place_table returning 1 of tbl_flep_process522 in stage 0
  Table is  placed
    Pl vector: tbl_flep_process522 
found 2 tables that could be placed: [ tbl_setfleptopo, tbl_flep_process522 ]
Initial best is first table seen: tbl_setfleptopo
For trial t : tbl_flep_process522 with best: tbl_setfleptopo
    Updating best to tbl_flep_process522 from tbl_setfleptopo for reason: earlier stage calculated
placing 1 entries of tbl_flep_process522 ( tbl_flep_process522 )  in stage 0(3) FormatType(02)
stage 0, work: [ 3030120 ], partly placed 0, placed 4
    { id=4 ram=2 tcam=1 mram=0 eixb=6 tixb=0 malu=0 salu=0 local_tinds=0 }
    - skipping fwd_port_0 as its already done
    - skipping cond-9 as its already done
try_place_table(cond-10, stage=0)
    Merging with match table tbl_setfleptopo and tag $true
    - dependency between tbl_flep_process377 and table advances stage
    Initial # of stages is 1, initial # of entries is 1
  Try_alloc_all for Table use
  Trying to allocate layout for tbl_setfleptopo 
  Picking layout option for table : tbl_setfleptopo with requested entries : 1
  picked layout for tbl_setfleptopo FormatType(02) layout: 0V ixbar:0B/0b match:0B/0b adb:8/4 ov:32 imm:32
  entries:1 srams:1 local_tinds: 0 maprams:0 tcams:0 afi:1
  Trying to allocate adb for tbl_setfleptopo 
  Trying to allocate imem for tbl_setfleptopo 
  Entries : 1, needed_entries: 1, need_more: 0
    Selected stage: 1    Furthest stage: 1
    try_place_table returning 1 of tbl_setfleptopo in stage 1
  Table is  placed
  Gateway is  placed
    Pl vector: tbl_setfleptopo 
    - skipping cond-13 as its already done
  - skipping cond-14 because it depends on cond-10
    - removing key_match_tbl_0 from merge list because it depends on cond-10
    - skipping gateway cond-14 until mergeable tables are available
  - skipping cond-15 because it depends on cond-10
    - removing flep_processing_0 from merge list because it depends on cond-10
    - removing tbl_flep_process442 from merge list because it depends on cond-10
    - skipping gateway cond-15 until mergeable tables are available
  - skipping tbl_flep_process449 because metadata deps not satisfied
found 1 tables that could be placed: [ tbl_setfleptopo ]
Initial best is first table seen: tbl_setfleptopo
Adding table:tbl_setfleptopo in the initial stage option
placing 1 entries of tbl_setfleptopo ( tbl_setfleptopo )  (with gw cond-10, result tag $true) in stage 1(10) FormatType(02)
stage 1, work: [ 3030365, 3031310 ], partly placed 0, placed 5
    { id=1 ram=1 tcam=0 mram=0 eixb=0 tixb=0 malu=0 salu=0 local_tinds=0 }
    - skipping tbl_setfleptopo as its already done
multicast_send_fleptopo_0 is not a gateway! Aborting search for merge choices
try_place_table(multicast_send_fleptopo_0, stage=1)
    - dependency between tbl_setfleptopo and table advances stage
    Initial # of stages is 2, initial # of entries is 8
  Try_alloc_all for Table use
  Trying to allocate layout for multicast_send_fleptopo_0 
  Picking layout option for table : multicast_send_fleptopo_0 with requested entries : 8
  picked layout for multicast_send_fleptopo_0 FormatType(02) layout: 8eV ixbar:1B/4b match:0B/-6b gh:1 adb:2 ov:17 imm:16
  way:{ g:3 e:0 w:1 1 }
  entries:3072 srams:1 local_tinds: 0 maprams:0 tcams:0 afi:1 I
  Trying to allocate adb for multicast_send_fleptopo_0 
  Trying to allocate imem for multicast_send_fleptopo_0 
  Entries : 3072, needed_entries: 8, need_more: 0
    Selected stage: 2    Furthest stage: 2
    try_place_table returning 3072 of multicast_send_fleptopo_0 in stage 2
  Table is  placed
    Pl vector: multicast_send_fleptopo_0 
try_place_table(cond-11, stage=1)
    Merging with match table tbl_flep_process397 and tag $true
    Initial # of stages is 1, initial # of entries is 1
  Try_alloc_all for Table use
  Trying to allocate layout for tbl_flep_process397 
  Picking layout option for table : tbl_flep_process397 with requested entries : 1
  picked layout for tbl_flep_process397 FormatType(02) layout: 0V ixbar:0B/0b match:0B/0b adb:4 ov:23 imm:23
  entries:1 srams:0 local_tinds: 0 maprams:0 tcams:0 afi:1
  Trying to allocate adb for tbl_flep_process397 
  Trying to allocate imem for tbl_flep_process397 
  Entries : 1, needed_entries: 1, need_more: 0
    Selected stage: 1    Furthest stage: 2
    try_place_table returning 1 of tbl_flep_process397 in stage 1
  Table is  placed
  Gateway is  placed
    Pl vector: tbl_flep_process397 
found 2 tables that could be placed: [ multicast_send_fleptopo_0, tbl_flep_process397 ]
Initial best is first table seen: multicast_send_fleptopo_0
For trial t : tbl_flep_process397 with best: multicast_send_fleptopo_0
    Updating best to tbl_flep_process397 from multicast_send_fleptopo_0 for reason: earlier stage calculated
placing 1 entries of tbl_flep_process397 ( tbl_flep_process397 )  (with gw cond-11, result tag $true) in stage 1(11) FormatType(02)
stage 1, work: [ 3030365, 3030596, 3031308 ], partly placed 0, placed 6
    { id=2 ram=1 tcam=0 mram=0 eixb=0 tixb=0 malu=0 salu=0 local_tinds=0 }
    - skipping tbl_setfleptopo as its already done
multicast_send_fleptopo_0 is not a gateway! Aborting search for merge choices
try_place_table(multicast_send_fleptopo_0, stage=1)
    - dependency between tbl_setfleptopo and table advances stage
    Initial # of stages is 2, initial # of entries is 8
  Try_alloc_all for Table use
  Trying to allocate layout for multicast_send_fleptopo_0 
  Picking layout option for table : multicast_send_fleptopo_0 with requested entries : 8
  picked layout for multicast_send_fleptopo_0 FormatType(02) layout: 8eV ixbar:1B/4b match:0B/-6b gh:1 adb:2 ov:17 imm:16
  way:{ g:3 e:0 w:1 1 }
  entries:3072 srams:1 local_tinds: 0 maprams:0 tcams:0 afi:1 I
  Trying to allocate adb for multicast_send_fleptopo_0 
  Trying to allocate imem for multicast_send_fleptopo_0 
  Entries : 3072, needed_entries: 8, need_more: 0
    Selected stage: 2    Furthest stage: 2
    try_place_table returning 3072 of multicast_send_fleptopo_0 in stage 2
  Table is  placed
    Pl vector: multicast_send_fleptopo_0 
    - skipping tbl_flep_process397 as its already done
tbl_flep_process399 is not a gateway! Aborting search for merge choices
try_place_table(tbl_flep_process399, stage=1)
    - dependency between tbl_flep_process397 and table advances stage
    Initial # of stages is 2, initial # of entries is 1
  Try_alloc_all for Table use
  Trying to allocate layout for tbl_flep_process399 
  Picking layout option for table : tbl_flep_process399 with requested entries : 1
  picked layout for tbl_flep_process399 FormatType(02) layout: 0V ixbar:0B/0b match:0B/0b
  entries:1 srams:0 local_tinds: 0 maprams:0 tcams:0 afi:0
  Trying to allocate adb for tbl_flep_process399 
  Trying to allocate imem for tbl_flep_process399 
  Entries : 1, needed_entries: 1, need_more: 0
    Selected stage: 2    Furthest stage: 2
    try_place_table returning 1 of tbl_flep_process399 in stage 2
  Table is  placed
    Pl vector: tbl_flep_process399 
try_place_table(cond-12, stage=1)
    Merging with match table tbl_flep_process407 and tag $true
    Initial # of stages is 1, initial # of entries is 1
  Try_alloc_all for Table use
  Trying to allocate layout for tbl_flep_process407 
  Picking layout option for table : tbl_flep_process407 with requested entries : 1
  picked layout for tbl_flep_process407 FormatType(02) layout: 0V ixbar:0B/0b match:0B/0b
  entries:1 srams:0 local_tinds: 0 maprams:0 tcams:0 afi:0
  Trying to allocate adb for tbl_flep_process407 
  Trying to allocate imem for tbl_flep_process407 
  Entries : 1, needed_entries: 1, need_more: 0
    Selected stage: 1    Furthest stage: 2
    try_place_table returning 1 of tbl_flep_process407 in stage 1
  Table is  placed
  Gateway is  placed
    Merging with match table tbl_drop and tag $true
    Initial # of stages is 1, initial # of entries is 1
  Try_alloc_all for Table use
  Trying to allocate layout for tbl_drop 
  Picking layout option for table : tbl_drop with requested entries : 1
  picked layout for tbl_drop FormatType(02) layout: 0V ixbar:0B/0b match:0B/0b
  entries:1 srams:0 local_tinds: 0 maprams:0 tcams:0 afi:0
  Trying to allocate adb for tbl_drop 
  Trying to allocate imem for tbl_drop 
  Entries : 1, needed_entries: 1, need_more: 0
    Selected stage: 1    Furthest stage: 2
    try_place_table returning 1 of tbl_drop in stage 1
  Table is  placed
  Gateway is  placed
    Pl vector: tbl_flep_process407 tbl_drop 
found 4 tables that could be placed: [ multicast_send_fleptopo_0, tbl_flep_process399, tbl_flep_process407, tbl_drop ]
Initial best is first table seen: multicast_send_fleptopo_0
For trial t : tbl_flep_process399 with best: multicast_send_fleptopo_0
    Updating best to tbl_flep_process399 from multicast_send_fleptopo_0 for reason: longer downward prop control-included dependence tail chain
For trial t : tbl_flep_process407 with best: tbl_flep_process399
    Updating best to tbl_flep_process407 from tbl_flep_process399 for reason: earlier stage calculated
For trial t : tbl_drop with best: tbl_flep_process407
    Keeping best tbl_flep_process407 for reason: longer downward prop control-included dependence tail chain
placing 1 entries of tbl_flep_process407 ( tbl_flep_process407 )  (with gw cond-12, result tag $true) in stage 1(12) FormatType(02)
stage 1, work: [ 3030365, 3030596, 3030767 ], partly placed 0, placed 7
    { id=3 ram=1 tcam=0 mram=0 eixb=0 tixb=0 malu=0 salu=0 local_tinds=0 }
    - skipping tbl_setfleptopo as its already done
multicast_send_fleptopo_0 is not a gateway! Aborting search for merge choices
try_place_table(multicast_send_fleptopo_0, stage=1)
    - dependency between tbl_setfleptopo and table advances stage
    Initial # of stages is 2, initial # of entries is 8
  Try_alloc_all for Table use
  Trying to allocate layout for multicast_send_fleptopo_0 
  Picking layout option for table : multicast_send_fleptopo_0 with requested entries : 8
  picked layout for multicast_send_fleptopo_0 FormatType(02) layout: 8eV ixbar:1B/4b match:0B/-6b gh:1 adb:2 ov:17 imm:16
  way:{ g:3 e:0 w:1 1 }
  entries:3072 srams:1 local_tinds: 0 maprams:0 tcams:0 afi:1 I
  Trying to allocate adb for multicast_send_fleptopo_0 
  Trying to allocate imem for multicast_send_fleptopo_0 
  Entries : 3072, needed_entries: 8, need_more: 0
    Selected stage: 2    Furthest stage: 2
    try_place_table returning 3072 of multicast_send_fleptopo_0 in stage 2
  Table is  placed
    Pl vector: multicast_send_fleptopo_0 
    - skipping tbl_flep_process397 as its already done
tbl_flep_process399 is not a gateway! Aborting search for merge choices
try_place_table(tbl_flep_process399, stage=1)
    - dependency between tbl_flep_process397 and table advances stage
    Initial # of stages is 2, initial # of entries is 1
  Try_alloc_all for Table use
  Trying to allocate layout for tbl_flep_process399 
  Picking layout option for table : tbl_flep_process399 with requested entries : 1
  picked layout for tbl_flep_process399 FormatType(02) layout: 0V ixbar:0B/0b match:0B/0b
  entries:1 srams:0 local_tinds: 0 maprams:0 tcams:0 afi:0
  Trying to allocate adb for tbl_flep_process399 
  Trying to allocate imem for tbl_flep_process399 
  Entries : 1, needed_entries: 1, need_more: 0
    Selected stage: 2    Furthest stage: 2
    try_place_table returning 1 of tbl_flep_process399 in stage 2
  Table is  placed
    Pl vector: tbl_flep_process399 
    - skipping tbl_flep_process407 as its already done
tbl_flep_process410 is not a gateway! Aborting search for merge choices
try_place_table(tbl_flep_process410, stage=1)
    - dependency between tbl_flep_process407 and table advances stage
    Initial # of stages is 2, initial # of entries is 1
  Try_alloc_all for Table use
  Trying to allocate layout for tbl_flep_process410 
  Picking layout option for table : tbl_flep_process410 with requested entries : 1
  picked layout for tbl_flep_process410 FormatType(02) layout: 0V ixbar:0B/0b match:0B/0b
  entries:1 srams:0 local_tinds: 0 maprams:0 tcams:0 afi:0
  Trying to allocate adb for tbl_flep_process410 
  Trying to allocate imem for tbl_flep_process410 
  Entries : 1, needed_entries: 1, need_more: 0
    Selected stage: 2    Furthest stage: 2
    try_place_table returning 1 of tbl_flep_process410 in stage 2
  Table is  placed
    Pl vector: tbl_flep_process410 
  - skipping get_port_index_0 due to in-sequence control dependence on tbl_flep_process410
  - skipping tbl_flep_process199 due to in-sequence control dependence on tbl_flep_process410
  - skipping tbl_flep_process214 due to in-sequence control dependence on tbl_flep_process410
  - skipping tbl_flep_process229 due to in-sequence control dependence on tbl_flep_process410
tbl_drop is not a gateway! Aborting search for merge choices
try_place_table(tbl_drop, stage=1)
    Initial # of stages is 1, initial # of entries is 1
  Try_alloc_all for Table use
  Trying to allocate layout for tbl_drop 
  Picking layout option for table : tbl_drop with requested entries : 1
  picked layout for tbl_drop FormatType(02) layout: 0V ixbar:0B/0b match:0B/0b
  entries:1 srams:0 local_tinds: 0 maprams:0 tcams:0 afi:0
  Trying to allocate adb for tbl_drop 
  Trying to allocate imem for tbl_drop 
  Entries : 1, needed_entries: 1, need_more: 0
    Selected stage: 1    Furthest stage: 2
    try_place_table returning 1 of tbl_drop in stage 1
  Table is  placed
    Pl vector: tbl_drop 
found 4 tables that could be placed: [ multicast_send_fleptopo_0, tbl_flep_process399, tbl_flep_process410, tbl_drop ]
Initial best is first table seen: multicast_send_fleptopo_0
For trial t : tbl_flep_process399 with best: multicast_send_fleptopo_0
    Updating best to tbl_flep_process399 from multicast_send_fleptopo_0 for reason: longer downward prop control-included dependence tail chain
For trial t : tbl_flep_process410 with best: tbl_flep_process399
    Updating best to tbl_flep_process410 from tbl_flep_process399 for reason: longer downward prop control-included dependence tail chain
For trial t : tbl_drop with best: tbl_flep_process410
    Updating best to tbl_drop from tbl_flep_process410 for reason: earlier stage calculated
placing 1 entries of tbl_drop ( tbl_drop )  in stage 1(13) FormatType(02)
stage 1, work: [ 3030365, 3030596, 3030767 ], partly placed 0, placed 8
    { id=4 ram=1 tcam=0 mram=0 eixb=0 tixb=0 malu=0 salu=0 local_tinds=0 }
    - skipping tbl_setfleptopo as its already done
multicast_send_fleptopo_0 is not a gateway! Aborting search for merge choices
try_place_table(multicast_send_fleptopo_0, stage=1)
    - dependency between tbl_setfleptopo and table advances stage
    Initial # of stages is 2, initial # of entries is 8
  Try_alloc_all for Table use
  Trying to allocate layout for multicast_send_fleptopo_0 
  Picking layout option for table : multicast_send_fleptopo_0 with requested entries : 8
  picked layout for multicast_send_fleptopo_0 FormatType(02) layout: 8eV ixbar:1B/4b match:0B/-6b gh:1 adb:2 ov:17 imm:16
  way:{ g:3 e:0 w:1 1 }
  entries:3072 srams:1 local_tinds: 0 maprams:0 tcams:0 afi:1 I
  Trying to allocate adb for multicast_send_fleptopo_0 
  Trying to allocate imem for multicast_send_fleptopo_0 
  Entries : 3072, needed_entries: 8, need_more: 0
    Selected stage: 2    Furthest stage: 2
    try_place_table returning 3072 of multicast_send_fleptopo_0 in stage 2
  Table is  placed
    Pl vector: multicast_send_fleptopo_0 
    - skipping tbl_flep_process397 as its already done
tbl_flep_process399 is not a gateway! Aborting search for merge choices
try_place_table(tbl_flep_process399, stage=1)
    - dependency between tbl_flep_process397 and table advances stage
    Initial # of stages is 2, initial # of entries is 1
  Try_alloc_all for Table use
  Trying to allocate layout for tbl_flep_process399 
  Picking layout option for table : tbl_flep_process399 with requested entries : 1
  picked layout for tbl_flep_process399 FormatType(02) layout: 0V ixbar:0B/0b match:0B/0b
  entries:1 srams:0 local_tinds: 0 maprams:0 tcams:0 afi:0
  Trying to allocate adb for tbl_flep_process399 
  Trying to allocate imem for tbl_flep_process399 
  Entries : 1, needed_entries: 1, need_more: 0
    Selected stage: 2    Furthest stage: 2
    try_place_table returning 1 of tbl_flep_process399 in stage 2
  Table is  placed
    Pl vector: tbl_flep_process399 
    - skipping tbl_flep_process407 as its already done
tbl_flep_process410 is not a gateway! Aborting search for merge choices
try_place_table(tbl_flep_process410, stage=1)
    - dependency between tbl_flep_process407 and table advances stage
    Initial # of stages is 2, initial # of entries is 1
  Try_alloc_all for Table use
  Trying to allocate layout for tbl_flep_process410 
  Picking layout option for table : tbl_flep_process410 with requested entries : 1
  picked layout for tbl_flep_process410 FormatType(02) layout: 0V ixbar:0B/0b match:0B/0b
  entries:1 srams:0 local_tinds: 0 maprams:0 tcams:0 afi:0
  Trying to allocate adb for tbl_flep_process410 
  Trying to allocate imem for tbl_flep_process410 
  Entries : 1, needed_entries: 1, need_more: 0
    Selected stage: 2    Furthest stage: 2
    try_place_table returning 1 of tbl_flep_process410 in stage 2
  Table is  placed
    Pl vector: tbl_flep_process410 
  - skipping get_port_index_0 due to in-sequence control dependence on tbl_flep_process410
  - skipping tbl_flep_process199 due to in-sequence control dependence on tbl_flep_process410
  - skipping tbl_flep_process214 due to in-sequence control dependence on tbl_flep_process410
  - skipping tbl_flep_process229 due to in-sequence control dependence on tbl_flep_process410
    - skipping tbl_drop as its already done
found 3 tables that could be placed: [ multicast_send_fleptopo_0, tbl_flep_process399, tbl_flep_process410 ]
Initial best is first table seen: multicast_send_fleptopo_0
For trial t : tbl_flep_process399 with best: multicast_send_fleptopo_0
    Updating best to tbl_flep_process399 from multicast_send_fleptopo_0 for reason: longer downward prop control-included dependence tail chain
For trial t : tbl_flep_process410 with best: tbl_flep_process399
    Updating best to tbl_flep_process410 from tbl_flep_process399 for reason: longer downward prop control-included dependence tail chain
Adding table:multicast_send_fleptopo_0 in the initial stage option
Adding table:tbl_flep_process399 in the initial stage option
Adding table:tbl_flep_process410 in the initial stage option
placing 1 entries of tbl_flep_process410 ( tbl_flep_process410 )  in stage 2(20) FormatType(02)
stage 2, work: [ 3030365, 3030596, 3030767 ], partly placed 0, placed 9
    { id=1 ram=0 tcam=0 mram=0 eixb=0 tixb=0 malu=0 salu=0 local_tinds=0 }
    - skipping tbl_setfleptopo as its already done
multicast_send_fleptopo_0 is not a gateway! Aborting search for merge choices
try_place_table(multicast_send_fleptopo_0, stage=2)
    Initial # of stages is 2, initial # of entries is 8
  Try_alloc_all for Table use
  Trying to allocate layout for multicast_send_fleptopo_0 
  Picking layout option for table : multicast_send_fleptopo_0 with requested entries : 8
  picked layout for multicast_send_fleptopo_0 FormatType(02) layout: 8eV ixbar:1B/4b match:0B/-6b gh:1 adb:2 ov:17 imm:16
  way:{ g:3 e:0 w:1 1 }
  entries:3072 srams:1 local_tinds: 0 maprams:0 tcams:0 afi:1 I
  Trying to allocate adb for multicast_send_fleptopo_0 
  Trying to allocate imem for multicast_send_fleptopo_0 
  Entries : 3072, needed_entries: 8, need_more: 0
    Selected stage: 2    Furthest stage: 3
    try_place_table returning 3072 of multicast_send_fleptopo_0 in stage 2
  Table is  placed
    Pl vector: multicast_send_fleptopo_0 
    - skipping tbl_flep_process397 as its already done
tbl_flep_process399 is not a gateway! Aborting search for merge choices
try_place_table(tbl_flep_process399, stage=2)
    Initial # of stages is 2, initial # of entries is 1
  Try_alloc_all for Table use
  Trying to allocate layout for tbl_flep_process399 
  Picking layout option for table : tbl_flep_process399 with requested entries : 1
  picked layout for tbl_flep_process399 FormatType(02) layout: 0V ixbar:0B/0b match:0B/0b
  entries:1 srams:0 local_tinds: 0 maprams:0 tcams:0 afi:0
  Trying to allocate adb for tbl_flep_process399 
  Trying to allocate imem for tbl_flep_process399 
  Entries : 1, needed_entries: 1, need_more: 0
    Selected stage: 2    Furthest stage: 3
    try_place_table returning 1 of tbl_flep_process399 in stage 2
  Table is  placed
    Pl vector: tbl_flep_process399 
    - skipping tbl_flep_process407 as its already done
    - skipping tbl_flep_process410 as its already done
get_port_index_0 is not a gateway! Aborting search for merge choices
try_place_table(get_port_index_0, stage=2)
    - dependency between tbl_flep_process410 and table advances stage
    Initial # of stages is 3, initial # of entries is 256
  Try_alloc_all for Table use
  Trying to allocate layout for get_port_index_0 
  Picking layout option for table : get_port_index_0 with requested entries : 256
  picked layout for get_port_index_0 FormatType(02) layout: 256eV ixbar:2B/16b match:1B/6b gh:1 adb:1 ov:8 imm:8
  way:{ g:5 e:0 w:1 1 1 1 1 }
  entries:20480 srams:4 local_tinds: 0 maprams:0 tcams:0 afi:1
  Trying to allocate adb for get_port_index_0 
  Trying to allocate imem for get_port_index_0 
  Entries : 20480, needed_entries: 256, need_more: 0
    Selected stage: 3    Furthest stage: 3
    try_place_table returning 20480 of get_port_index_0 in stage 3
  Table is  placed
    Pl vector: get_port_index_0 
  - skipping tbl_flep_process199 due to in-sequence control dependence on get_port_index_0
  - skipping tbl_flep_process214 due to in-sequence control dependence on get_port_index_0
  - skipping tbl_flep_process229 due to in-sequence control dependence on get_port_index_0
    - skipping tbl_drop as its already done
found 3 tables that could be placed: [ multicast_send_fleptopo_0, tbl_flep_process399, get_port_index_0 ]
Initial best is first table seen: multicast_send_fleptopo_0
For trial t : tbl_flep_process399 with best: multicast_send_fleptopo_0
    Updating best to tbl_flep_process399 from multicast_send_fleptopo_0 for reason: longer downward prop control-included dependence tail chain
For trial t : get_port_index_0 with best: tbl_flep_process399
    Keeping best tbl_flep_process399 for reason: earlier stage calculated
placing 1 entries of tbl_flep_process399 ( tbl_flep_process399 )  in stage 2(21) FormatType(02)
stage 2, work: [ 3030365, 3030767 ], partly placed 0, placed 10
    { id=2 ram=0 tcam=0 mram=0 eixb=0 tixb=0 malu=0 salu=0 local_tinds=0 }
    - skipping tbl_setfleptopo as its already done
multicast_send_fleptopo_0 is not a gateway! Aborting search for merge choices
try_place_table(multicast_send_fleptopo_0, stage=2)
    Initial # of stages is 2, initial # of entries is 8
  Try_alloc_all for Table use
  Trying to allocate layout for multicast_send_fleptopo_0 
  Picking layout option for table : multicast_send_fleptopo_0 with requested entries : 8
  picked layout for multicast_send_fleptopo_0 FormatType(02) layout: 8eV ixbar:1B/4b match:0B/-6b gh:1 adb:2 ov:17 imm:16
  way:{ g:3 e:0 w:1 1 }
  entries:3072 srams:1 local_tinds: 0 maprams:0 tcams:0 afi:1 I
  Trying to allocate adb for multicast_send_fleptopo_0 
  Trying to allocate imem for multicast_send_fleptopo_0 
  Entries : 3072, needed_entries: 8, need_more: 0
    Selected stage: 2    Furthest stage: 3
    try_place_table returning 3072 of multicast_send_fleptopo_0 in stage 2
  Table is  placed
    Pl vector: multicast_send_fleptopo_0 
    - skipping tbl_flep_process407 as its already done
    - skipping tbl_flep_process410 as its already done
get_port_index_0 is not a gateway! Aborting search for merge choices
try_place_table(get_port_index_0, stage=2)
    - dependency between tbl_flep_process410 and table advances stage
    Initial # of stages is 3, initial # of entries is 256
  Try_alloc_all for Table use
  Trying to allocate layout for get_port_index_0 
  Picking layout option for table : get_port_index_0 with requested entries : 256
  picked layout for get_port_index_0 FormatType(02) layout: 256eV ixbar:2B/16b match:1B/6b gh:1 adb:1 ov:8 imm:8
  way:{ g:5 e:0 w:1 1 1 1 1 }
  entries:20480 srams:4 local_tinds: 0 maprams:0 tcams:0 afi:1
  Trying to allocate adb for get_port_index_0 
  Trying to allocate imem for get_port_index_0 
  Entries : 20480, needed_entries: 256, need_more: 0
    Selected stage: 3    Furthest stage: 3
    try_place_table returning 20480 of get_port_index_0 in stage 3
  Table is  placed
    Pl vector: get_port_index_0 
  - skipping tbl_flep_process199 due to in-sequence control dependence on get_port_index_0
  - skipping tbl_flep_process214 due to in-sequence control dependence on get_port_index_0
  - skipping tbl_flep_process229 due to in-sequence control dependence on get_port_index_0
    - skipping tbl_drop as its already done
found 2 tables that could be placed: [ multicast_send_fleptopo_0, get_port_index_0 ]
Initial best is first table seen: multicast_send_fleptopo_0
For trial t : get_port_index_0 with best: multicast_send_fleptopo_0
    Keeping best multicast_send_fleptopo_0 for reason: earlier stage calculated
placing 3072 entries of multicast_send_fleptopo_0 ( Ingress.multicast_send_fleptopo )  in stage 2(22) FormatType(02)
stage 2, work: [ 3030767 ], partly placed 0, placed 11
    { id=3 ram=1 tcam=0 mram=0 eixb=1 tixb=0 malu=0 salu=0 local_tinds=0 }
    - skipping tbl_flep_process407 as its already done
    - skipping tbl_flep_process410 as its already done
get_port_index_0 is not a gateway! Aborting search for merge choices
try_place_table(get_port_index_0, stage=2)
    - dependency between tbl_flep_process410 and table advances stage
    Initial # of stages is 3, initial # of entries is 256
  Try_alloc_all for Table use
  Trying to allocate layout for get_port_index_0 
  Picking layout option for table : get_port_index_0 with requested entries : 256
  picked layout for get_port_index_0 FormatType(02) layout: 256eV ixbar:2B/16b match:1B/6b gh:1 adb:1 ov:8 imm:8
  way:{ g:5 e:0 w:1 1 1 1 1 }
  entries:20480 srams:4 local_tinds: 0 maprams:0 tcams:0 afi:1
  Trying to allocate adb for get_port_index_0 
  Trying to allocate imem for get_port_index_0 
  Entries : 20480, needed_entries: 256, need_more: 0
    Selected stage: 3    Furthest stage: 3
    try_place_table returning 20480 of get_port_index_0 in stage 3
  Table is  placed
    Pl vector: get_port_index_0 
  - skipping tbl_flep_process199 due to in-sequence control dependence on get_port_index_0
  - skipping tbl_flep_process214 due to in-sequence control dependence on get_port_index_0
  - skipping tbl_flep_process229 due to in-sequence control dependence on get_port_index_0
    - skipping tbl_drop as its already done
found 1 tables that could be placed: [ get_port_index_0 ]
Initial best is first table seen: get_port_index_0
Adding table:get_port_index_0 in the initial stage option
placing 20480 entries of get_port_index_0 ( Ingress.get_port_index )  in stage 3(30) FormatType(02)
stage 3, work: [ 3030767 ], partly placed 0, placed 12
    { id=1 ram=4 tcam=0 mram=0 eixb=2 tixb=0 malu=0 salu=0 local_tinds=0 }
    - skipping tbl_flep_process407 as its already done
    - skipping tbl_flep_process410 as its already done
    - skipping get_port_index_0 as its already done
tbl_flep_process199 is not a gateway! Aborting search for merge choices
try_place_table(tbl_flep_process199, stage=3)
    - dependency between get_port_index_0 and table advances stage
    Initial # of stages is 4, initial # of entries is 1
  Try_alloc_all for Table use
  Trying to allocate layout for tbl_flep_process199 
  Picking layout option for table : tbl_flep_process199 with requested entries : 1
  picked layout for tbl_flep_process199 FormatType(022) layout: 0hV ixbar:0B/0b match:0B/0b ov:10
  way:{ g:1 e:0 w:1 }
  entries:1 srams:2 local_tinds: 0 maprams:2 tcams:0 afi:0
  Trying to allocate adb for tbl_flep_process199 
  Trying to allocate imem for tbl_flep_process199 
  Entries : 1, needed_entries: 1, need_more: 0
    Selected stage: 4    Furthest stage: 4
    try_place_table returning 1 of tbl_flep_process199 in stage 4
  Table is  placed
    Pl vector: tbl_flep_process199 
tbl_flep_process214 is not a gateway! Aborting search for merge choices
try_place_table(tbl_flep_process214, stage=3)
    - dependency between get_port_index_0 and table advances stage
    Initial # of stages is 4, initial # of entries is 1
  Try_alloc_all for Table use
  Trying to allocate layout for tbl_flep_process214 
  Picking layout option for table : tbl_flep_process214 with requested entries : 1
  picked layout for tbl_flep_process214 FormatType(022) layout: 0hV ixbar:0B/0b match:0B/0b ov:10
  way:{ g:1 e:0 w:1 }
  entries:1 srams:2 local_tinds: 0 maprams:2 tcams:0 afi:0
  Trying to allocate adb for tbl_flep_process214 
  Trying to allocate imem for tbl_flep_process214 
  Entries : 1, needed_entries: 1, need_more: 0
    Selected stage: 4    Furthest stage: 4
    try_place_table returning 1 of tbl_flep_process214 in stage 4
  Table is  placed
    Pl vector: tbl_flep_process214 
tbl_flep_process229 is not a gateway! Aborting search for merge choices
try_place_table(tbl_flep_process229, stage=3)
    - dependency between get_port_index_0 and table advances stage
    Initial # of stages is 4, initial # of entries is 1
  Try_alloc_all for Table use
  Trying to allocate layout for tbl_flep_process229 
  Picking layout option for table : tbl_flep_process229 with requested entries : 1
  picked layout for tbl_flep_process229 FormatType(022) layout: 0hV ixbar:0B/0b match:0B/0b ov:10
  way:{ g:1 e:0 w:1 }
  entries:1 srams:2 local_tinds: 0 maprams:2 tcams:0 afi:0
  Trying to allocate adb for tbl_flep_process229 
  Trying to allocate imem for tbl_flep_process229 
  Entries : 1, needed_entries: 1, need_more: 0
    Selected stage: 4    Furthest stage: 4
    try_place_table returning 1 of tbl_flep_process229 in stage 4
  Table is  placed
    Pl vector: tbl_flep_process229 
    - skipping tbl_drop as its already done
found 3 tables that could be placed: [ tbl_flep_process199, tbl_flep_process214, tbl_flep_process229 ]
Initial best is first table seen: tbl_flep_process199
For trial t : tbl_flep_process214 with best: tbl_flep_process199
    Updating best to tbl_flep_process214 from tbl_flep_process199 for reason: default choice
For trial t : tbl_flep_process229 with best: tbl_flep_process214
    Updating best to tbl_flep_process229 from tbl_flep_process214 for reason: default choice
Adding table:tbl_flep_process199 in the initial stage option
Adding table:tbl_flep_process214 in the initial stage option
Adding table:tbl_flep_process229 in the initial stage option
placing 1 entries of tbl_flep_process229 ( tbl_flep_process229 )  in stage 4(40) FormatType(022)
stage 4, work: [ 3030767 ], partly placed 0, placed 13
    { id=1 ram=2 tcam=0 mram=2 eixb=0 tixb=0 malu=0 salu=0 local_tinds=0 }
    - skipping tbl_flep_process407 as its already done
    - skipping tbl_flep_process410 as its already done
    - skipping get_port_index_0 as its already done
tbl_flep_process199 is not a gateway! Aborting search for merge choices
try_place_table(tbl_flep_process199, stage=4)
    Initial # of stages is 4, initial # of entries is 1
  Try_alloc_all for Table use
  Trying to allocate layout for tbl_flep_process199 
  Picking layout option for table : tbl_flep_process199 with requested entries : 1
  picked layout for tbl_flep_process199 FormatType(022) layout: 0hV ixbar:0B/0b match:0B/0b ov:10
  way:{ g:1 e:0 w:1 }
  entries:1 srams:2 local_tinds: 0 maprams:2 tcams:0 afi:0
  Trying to allocate adb for tbl_flep_process199 
  Trying to allocate imem for tbl_flep_process199 
  Entries : 1, needed_entries: 1, need_more: 0
    Selected stage: 4    Furthest stage: 5
    try_place_table returning 1 of tbl_flep_process199 in stage 4
  Table is  placed
    Pl vector: tbl_flep_process199 
tbl_flep_process214 is not a gateway! Aborting search for merge choices
try_place_table(tbl_flep_process214, stage=4)
    Initial # of stages is 4, initial # of entries is 1
  Try_alloc_all for Table use
  Trying to allocate layout for tbl_flep_process214 
  Picking layout option for table : tbl_flep_process214 with requested entries : 1
  picked layout for tbl_flep_process214 FormatType(022) layout: 0hV ixbar:0B/0b match:0B/0b ov:10
  way:{ g:1 e:0 w:1 }
  entries:1 srams:2 local_tinds: 0 maprams:2 tcams:0 afi:0
  Trying to allocate adb for tbl_flep_process214 
  Trying to allocate imem for tbl_flep_process214 
  Entries : 1, needed_entries: 1, need_more: 0
    Selected stage: 4    Furthest stage: 5
    try_place_table returning 1 of tbl_flep_process214 in stage 4
  Table is  placed
    Pl vector: tbl_flep_process214 
    - skipping tbl_flep_process229 as its already done
    - skipping tbl_drop as its already done
found 2 tables that could be placed: [ tbl_flep_process199, tbl_flep_process214 ]
Initial best is first table seen: tbl_flep_process199
For trial t : tbl_flep_process214 with best: tbl_flep_process199
    Updating best to tbl_flep_process214 from tbl_flep_process199 for reason: default choice
placing 1 entries of tbl_flep_process214 ( tbl_flep_process214 )  in stage 4(41) FormatType(022)
stage 4, work: [ 3030767 ], partly placed 0, placed 14
    { id=2 ram=4 tcam=0 mram=4 eixb=0 tixb=0 malu=0 salu=0 local_tinds=0 }
    - skipping tbl_flep_process407 as its already done
    - skipping tbl_flep_process410 as its already done
    - skipping get_port_index_0 as its already done
tbl_flep_process199 is not a gateway! Aborting search for merge choices
try_place_table(tbl_flep_process199, stage=4)
    Initial # of stages is 4, initial # of entries is 1
  Try_alloc_all for Table use
  Trying to allocate layout for tbl_flep_process199 
  Picking layout option for table : tbl_flep_process199 with requested entries : 1
  picked layout for tbl_flep_process199 FormatType(022) layout: 0hV ixbar:0B/0b match:0B/0b ov:10
  way:{ g:1 e:0 w:1 }
  entries:1 srams:2 local_tinds: 0 maprams:2 tcams:0 afi:0
  Trying to allocate adb for tbl_flep_process199 
  Trying to allocate imem for tbl_flep_process199 
  Entries : 1, needed_entries: 1, need_more: 0
    Selected stage: 4    Furthest stage: 5
    try_place_table returning 1 of tbl_flep_process199 in stage 4
  Table is  placed
    Pl vector: tbl_flep_process199 
    - skipping tbl_flep_process214 as its already done
    - skipping tbl_flep_process229 as its already done
    - skipping tbl_drop as its already done
found 1 tables that could be placed: [ tbl_flep_process199 ]
Initial best is first table seen: tbl_flep_process199
placing 1 entries of tbl_flep_process199 ( tbl_flep_process199 )  in stage 4(42) FormatType(022)
stage 4, work: [ 3030120 ], partly placed 0, placed 15
    { id=3 ram=6 tcam=0 mram=6 eixb=0 tixb=0 malu=0 salu=0 local_tinds=0 }
    - skipping fwd_port_0 as its already done
    - skipping cond-9 as its already done
    - skipping cond-10 as its already done
    - skipping cond-13 as its already done
try_place_table(cond-14, stage=4)
    Merging with match table key_match_tbl_0 and tag $true
    Initial # of stages is 4, initial # of entries is 256
  Try_alloc_all for Table use
  Trying to allocate layout for key_match_tbl_0 
  Picking layout option for table : key_match_tbl_0 with requested entries : 256
  picked layout for key_match_tbl_0 FormatType(02) layout: 256eV ixbar:5B/40b match:4B/30b gh:1 ov:1
  way:{ g:3 e:0 w:1 1 1 1 1 }
  entries:12288 srams:4 local_tinds: 0 maprams:0 tcams:0 afi:0
  Trying to allocate adb for key_match_tbl_0 
  Trying to allocate imem for key_match_tbl_0 
  Entries : 12288, needed_entries: 256, need_more: 0
    Selected stage: 4    Furthest stage: 5
    try_place_table returning 12288 of key_match_tbl_0 in stage 4
  Table is  placed
  Gateway is  placed
    Pl vector: key_match_tbl_0 
try_place_table(cond-15, stage=4)
    Merging with match table flep_processing_0 and tag $true
    Initial # of stages is 4, initial # of entries is 256
  Try_alloc_all for Table use
  Trying to allocate layout for flep_processing_0 
  Picking layout option for table : flep_processing_0 with requested entries : 256
  picked layout for flep_processing_0 FormatType(02) layout: 256eV ixbar:2B/16b match:1B/6b gh:1 adb:2 ov:10 imm:9
  way:{ g:5 e:0 w:1 1 1 1 1 }
  entries:20480 srams:4 local_tinds: 0 maprams:0 tcams:0 afi:1
  Trying to allocate adb for flep_processing_0 
  Trying to allocate imem for flep_processing_0 
  Entries : 20480, needed_entries: 256, need_more: 0
    Selected stage: 4    Furthest stage: 5
    try_place_table returning 20480 of flep_processing_0 in stage 4
  Table is  placed
  Gateway is  placed
    Merging with match table tbl_flep_process442 and tag $true
    Initial # of stages is 4, initial # of entries is 1
  Try_alloc_all for Table use
  Trying to allocate layout for tbl_flep_process442 
  Picking layout option for table : tbl_flep_process442 with requested entries : 1
  picked layout for tbl_flep_process442 FormatType(02) layout: 0V ixbar:0B/0b match:0B/0b
  entries:1 srams:0 local_tinds: 0 maprams:0 tcams:0 afi:0
  Trying to allocate adb for tbl_flep_process442 
  Trying to allocate imem for tbl_flep_process442 
  Entries : 1, needed_entries: 1, need_more: 0
    Selected stage: 4    Furthest stage: 5
    try_place_table returning 1 of tbl_flep_process442 in stage 4
  Table is  placed
  Gateway is  placed
    Pl vector: flep_processing_0 tbl_flep_process442 
  - skipping tbl_flep_process449 because metadata deps not satisfied
found 3 tables that could be placed: [ key_match_tbl_0, flep_processing_0, tbl_flep_process442 ]
Initial best is first table seen: key_match_tbl_0
For trial t : flep_processing_0 with best: key_match_tbl_0
    Updating best to flep_processing_0 from key_match_tbl_0 for reason: longer downward prop control-included dependence tail chain
For trial t : tbl_flep_process442 with best: flep_processing_0
    Updating best to tbl_flep_process442 from flep_processing_0 for reason: longer downward prop control-included dependence tail chain
placing 1 entries of tbl_flep_process442 ( tbl_flep_process442 )  (with gw cond-15, result tag $true) in stage 4(43) FormatType(02)
stage 4, work: [ 3031769 ], partly placed 0, placed 16
    { id=4 ram=6 tcam=0 mram=6 eixb=0 tixb=0 malu=0 salu=0 local_tinds=0 }
flep_processing_0 is not a gateway! Aborting search for merge choices
try_place_table(flep_processing_0, stage=4)
    Initial # of stages is 4, initial # of entries is 256
  Try_alloc_all for Table use
  Trying to allocate layout for flep_processing_0 
  Picking layout option for table : flep_processing_0 with requested entries : 256
  picked layout for flep_processing_0 FormatType(02) layout: 256eV ixbar:2B/16b match:1B/6b gh:1 adb:2 ov:10 imm:9
  way:{ g:5 e:0 w:1 1 1 1 1 }
  entries:20480 srams:4 local_tinds: 0 maprams:0 tcams:0 afi:1
  Trying to allocate adb for flep_processing_0 
  Trying to allocate imem for flep_processing_0 
  Entries : 20480, needed_entries: 256, need_more: 0
    Selected stage: 4    Furthest stage: 5
    try_place_table returning 20480 of flep_processing_0 in stage 4
  Table is  placed
    Pl vector: flep_processing_0 
    - skipping tbl_flep_process442 as its already done
try_place_table(cond-16, stage=4)
    Merging with match table tbl_flep_decapsulation and tag $true
    - dependency between tbl_flep_process442 and table advances stage
    Initial # of stages is 5, initial # of entries is 1
  Try_alloc_all for Table use
  Trying to allocate layout for tbl_flep_decapsulation 
  Picking layout option for table : tbl_flep_decapsulation with requested entries : 1
  picked layout for tbl_flep_decapsulation FormatType(02) layout: 0V ixbar:0B/0b match:0B/0b
  entries:1 srams:0 local_tinds: 0 maprams:0 tcams:0 afi:0
  Trying to allocate adb for tbl_flep_decapsulation 
  Trying to allocate imem for tbl_flep_decapsulation 
  Entries : 1, needed_entries: 1, need_more: 0
    Selected stage: 5    Furthest stage: 5
    try_place_table returning 1 of tbl_flep_decapsulation in stage 5
  Table is  placed
  Gateway is  placed
    Pl vector: tbl_flep_decapsulation 
found 2 tables that could be placed: [ flep_processing_0, tbl_flep_decapsulation ]
Initial best is first table seen: flep_processing_0
For trial t : tbl_flep_decapsulation with best: flep_processing_0
    Keeping best flep_processing_0 for reason: earlier stage calculated
placing 20480 entries of flep_processing_0 ( Ingress.flep_processing )  in stage 4(44) FormatType(02)
stage 4, work: [ 3031769 ], partly placed 0, placed 17
    { id=5 ram=10 tcam=0 mram=6 eixb=2 tixb=0 malu=0 salu=0 local_tinds=0 }
    - skipping flep_processing_0 as its already done
    - skipping tbl_flep_process442 as its already done
try_place_table(cond-16, stage=4)
    Merging with match table tbl_flep_decapsulation and tag $true
    - dependency between tbl_flep_process442 and table advances stage
    Initial # of stages is 5, initial # of entries is 1
  Try_alloc_all for Table use
  Trying to allocate layout for tbl_flep_decapsulation 
  Picking layout option for table : tbl_flep_decapsulation with requested entries : 1
  picked layout for tbl_flep_decapsulation FormatType(02) layout: 0V ixbar:0B/0b match:0B/0b
  entries:1 srams:0 local_tinds: 0 maprams:0 tcams:0 afi:0
  Trying to allocate adb for tbl_flep_decapsulation 
  Trying to allocate imem for tbl_flep_decapsulation 
  Entries : 1, needed_entries: 1, need_more: 0
    Selected stage: 5    Furthest stage: 5
    try_place_table returning 1 of tbl_flep_decapsulation in stage 5
  Table is  placed
  Gateway is  placed
    Pl vector: tbl_flep_decapsulation 
found 1 tables that could be placed: [ tbl_flep_decapsulation ]
Initial best is first table seen: tbl_flep_decapsulation
Adding table:tbl_flep_decapsulation in the initial stage option
placing 1 entries of tbl_flep_decapsulation ( tbl_flep_decapsulation )  (with gw cond-16, result tag $true) in stage 5(50) FormatType(02)
stage 5, work: [ 3030120 ], partly placed 0, placed 18
    { id=1 ram=0 tcam=0 mram=0 eixb=0 tixb=0 malu=0 salu=0 local_tinds=0 }
    - skipping fwd_port_0 as its already done
    - skipping cond-9 as its already done
    - skipping cond-10 as its already done
    - skipping cond-13 as its already done
try_place_table(cond-14, stage=5)
    Merging with match table key_match_tbl_0 and tag $true
    Initial # of stages is 5, initial # of entries is 256
  Try_alloc_all for Table use
  Trying to allocate layout for key_match_tbl_0 
  Picking layout option for table : key_match_tbl_0 with requested entries : 256
  picked layout for key_match_tbl_0 FormatType(02) layout: 256eV ixbar:5B/40b match:4B/30b gh:1 ov:1
  way:{ g:3 e:0 w:1 1 1 1 1 }
  entries:12288 srams:4 local_tinds: 0 maprams:0 tcams:0 afi:0
  Trying to allocate adb for key_match_tbl_0 
  Trying to allocate imem for key_match_tbl_0 
  Entries : 12288, needed_entries: 256, need_more: 0
    Selected stage: 5    Furthest stage: 6
    try_place_table returning 12288 of key_match_tbl_0 in stage 5
  Table is  placed
  Gateway is  placed
    Pl vector: key_match_tbl_0 
    - skipping cond-15 as its already done
  - skipping tbl_flep_process449 because metadata deps not satisfied
found 1 tables that could be placed: [ key_match_tbl_0 ]
Initial best is first table seen: key_match_tbl_0
placing 12288 entries of key_match_tbl_0 ( Ingress.key_match_tbl )  (with gw cond-14, result tag $true) in stage 5(51) FormatType(02)
stage 5, work: [ 3031761, 3031564 ], partly placed 0, placed 19
    { id=2 ram=4 tcam=0 mram=0 eixb=5 tixb=0 malu=0 salu=0 local_tinds=0 }
tbl_flep_process154 is not a gateway! Aborting search for merge choices
try_place_table(tbl_flep_process154, stage=5)
    Initial # of stages is 5, initial # of entries is 1
  Try_alloc_all for Table use
  Trying to allocate layout for tbl_flep_process154 
  Picking layout option for table : tbl_flep_process154 with requested entries : 1
  picked layout for tbl_flep_process154 FormatType(022) layout: 0V ixbar:0B/0b match:0B/0b ov:10
  entries:1 srams:2 local_tinds: 0 maprams:2 tcams:0 afi:0
  Trying to allocate adb for tbl_flep_process154 
  Trying to allocate imem for tbl_flep_process154 
  Entries : 1, needed_entries: 1, need_more: 0
    Selected stage: 5    Furthest stage: 6
    try_place_table returning 1 of tbl_flep_process154 in stage 5
  Table is  placed
    Pl vector: tbl_flep_process154 
tbl_flep_process154_0 is not a gateway! Aborting search for merge choices
try_place_table(tbl_flep_process154_0, stage=5)
    Initial # of stages is 5, initial # of entries is 1
  Try_alloc_all for Table use
  Trying to allocate layout for tbl_flep_process154_0 
  Picking layout option for table : tbl_flep_process154_0 with requested entries : 1
  picked layout for tbl_flep_process154_0 FormatType(022) layout: 0V ixbar:0B/0b match:0B/0b ov:10
  entries:1 srams:2 local_tinds: 0 maprams:2 tcams:0 afi:0
  Trying to allocate adb for tbl_flep_process154_0 
  Trying to allocate imem for tbl_flep_process154_0 
  Entries : 1, needed_entries: 1, need_more: 0
    Selected stage: 5    Furthest stage: 6
    try_place_table returning 1 of tbl_flep_process154_0 in stage 5
  Table is  placed
    Pl vector: tbl_flep_process154_0 
tbl_flep_process169 is not a gateway! Aborting search for merge choices
try_place_table(tbl_flep_process169, stage=5)
    Initial # of stages is 5, initial # of entries is 1
  Try_alloc_all for Table use
  Trying to allocate layout for tbl_flep_process169 
  Picking layout option for table : tbl_flep_process169 with requested entries : 1
  picked layout for tbl_flep_process169 FormatType(022) layout: 0V ixbar:0B/0b match:0B/0b ov:10
  entries:1 srams:2 local_tinds: 0 maprams:2 tcams:0 afi:0
  Trying to allocate adb for tbl_flep_process169 
  Trying to allocate imem for tbl_flep_process169 
  Entries : 1, needed_entries: 1, need_more: 0
    Selected stage: 5    Furthest stage: 6
    try_place_table returning 1 of tbl_flep_process169 in stage 5
  Table is  placed
    Pl vector: tbl_flep_process169 
tbl_flep_process184 is not a gateway! Aborting search for merge choices
try_place_table(tbl_flep_process184, stage=5)
    Initial # of stages is 5, initial # of entries is 1
  Try_alloc_all for Table use
  Trying to allocate layout for tbl_flep_process184 
  Picking layout option for table : tbl_flep_process184 with requested entries : 1
  picked layout for tbl_flep_process184 FormatType(022) layout: 0V ixbar:0B/0b match:0B/0b ov:10
  entries:1 srams:2 local_tinds: 0 maprams:2 tcams:0 afi:0
  Trying to allocate adb for tbl_flep_process184 
  Trying to allocate imem for tbl_flep_process184 
  Entries : 1, needed_entries: 1, need_more: 0
    Selected stage: 5    Furthest stage: 6
    try_place_table returning 1 of tbl_flep_process184 in stage 5
  Table is  placed
    Pl vector: tbl_flep_process184 
found 4 tables that could be placed: [ tbl_flep_process154, tbl_flep_process154_0, tbl_flep_process169, tbl_flep_process184 ]
Initial best is first table seen: tbl_flep_process154
For trial t : tbl_flep_process154_0 with best: tbl_flep_process154
    Updating best to tbl_flep_process154_0 from tbl_flep_process154 for reason: default choice
For trial t : tbl_flep_process169 with best: tbl_flep_process154_0
    Updating best to tbl_flep_process169 from tbl_flep_process154_0 for reason: default choice
For trial t : tbl_flep_process184 with best: tbl_flep_process169
    Updating best to tbl_flep_process184 from tbl_flep_process169 for reason: default choice
placing 1 entries of tbl_flep_process184 ( tbl_flep_process184 )  in stage 5(52) FormatType(022)
stage 5, work: [ 3031761, 3031564 ], partly placed 0, placed 20
    { id=3 ram=6 tcam=0 mram=2 eixb=5 tixb=0 malu=0 salu=0 local_tinds=0 }
tbl_flep_process154 is not a gateway! Aborting search for merge choices
try_place_table(tbl_flep_process154, stage=5)
    Initial # of stages is 5, initial # of entries is 1
  Try_alloc_all for Table use
  Trying to allocate layout for tbl_flep_process154 
  Picking layout option for table : tbl_flep_process154 with requested entries : 1
  picked layout for tbl_flep_process154 FormatType(022) layout: 0V ixbar:0B/0b match:0B/0b ov:10
  entries:1 srams:2 local_tinds: 0 maprams:2 tcams:0 afi:0
  Trying to allocate adb for tbl_flep_process154 
  Trying to allocate imem for tbl_flep_process154 
  Entries : 1, needed_entries: 1, need_more: 0
    Selected stage: 5    Furthest stage: 6
    try_place_table returning 1 of tbl_flep_process154 in stage 5
  Table is  placed
    Pl vector: tbl_flep_process154 
tbl_flep_process154_0 is not a gateway! Aborting search for merge choices
try_place_table(tbl_flep_process154_0, stage=5)
    Initial # of stages is 5, initial # of entries is 1
  Try_alloc_all for Table use
  Trying to allocate layout for tbl_flep_process154_0 
  Picking layout option for table : tbl_flep_process154_0 with requested entries : 1
  picked layout for tbl_flep_process154_0 FormatType(022) layout: 0V ixbar:0B/0b match:0B/0b ov:10
  entries:1 srams:2 local_tinds: 0 maprams:2 tcams:0 afi:0
  Trying to allocate adb for tbl_flep_process154_0 
  Trying to allocate imem for tbl_flep_process154_0 
  Entries : 1, needed_entries: 1, need_more: 0
    Selected stage: 5    Furthest stage: 6
    try_place_table returning 1 of tbl_flep_process154_0 in stage 5
  Table is  placed
    Pl vector: tbl_flep_process154_0 
tbl_flep_process169 is not a gateway! Aborting search for merge choices
try_place_table(tbl_flep_process169, stage=5)
    Initial # of stages is 5, initial # of entries is 1
  Try_alloc_all for Table use
  Trying to allocate layout for tbl_flep_process169 
  Picking layout option for table : tbl_flep_process169 with requested entries : 1
  picked layout for tbl_flep_process169 FormatType(022) layout: 0V ixbar:0B/0b match:0B/0b ov:10
  entries:1 srams:2 local_tinds: 0 maprams:2 tcams:0 afi:0
  Trying to allocate adb for tbl_flep_process169 
  Trying to allocate imem for tbl_flep_process169 
  Entries : 1, needed_entries: 1, need_more: 0
    Selected stage: 5    Furthest stage: 6
    try_place_table returning 1 of tbl_flep_process169 in stage 5
  Table is  placed
    Pl vector: tbl_flep_process169 
    - skipping tbl_flep_process184 as its already done
found 3 tables that could be placed: [ tbl_flep_process154, tbl_flep_process154_0, tbl_flep_process169 ]
Initial best is first table seen: tbl_flep_process154
For trial t : tbl_flep_process154_0 with best: tbl_flep_process154
    Updating best to tbl_flep_process154_0 from tbl_flep_process154 for reason: default choice
For trial t : tbl_flep_process169 with best: tbl_flep_process154_0
    Updating best to tbl_flep_process169 from tbl_flep_process154_0 for reason: default choice
placing 1 entries of tbl_flep_process169 ( tbl_flep_process169 )  in stage 5(53) FormatType(022)
stage 5, work: [ 3031761, 3031564 ], partly placed 0, placed 21
    { id=4 ram=8 tcam=0 mram=4 eixb=5 tixb=0 malu=0 salu=0 local_tinds=0 }
tbl_flep_process154 is not a gateway! Aborting search for merge choices
try_place_table(tbl_flep_process154, stage=5)
    Initial # of stages is 5, initial # of entries is 1
  Try_alloc_all for Table use
  Trying to allocate layout for tbl_flep_process154 
  Picking layout option for table : tbl_flep_process154 with requested entries : 1
  picked layout for tbl_flep_process154 FormatType(022) layout: 0V ixbar:0B/0b match:0B/0b ov:10
  entries:1 srams:2 local_tinds: 0 maprams:2 tcams:0 afi:0
  Trying to allocate adb for tbl_flep_process154 
  Trying to allocate imem for tbl_flep_process154 
  Entries : 1, needed_entries: 1, need_more: 0
    Selected stage: 5    Furthest stage: 6
    try_place_table returning 1 of tbl_flep_process154 in stage 5
  Table is  placed
    Pl vector: tbl_flep_process154 
tbl_flep_process154_0 is not a gateway! Aborting search for merge choices
try_place_table(tbl_flep_process154_0, stage=5)
    Initial # of stages is 5, initial # of entries is 1
  Try_alloc_all for Table use
  Trying to allocate layout for tbl_flep_process154_0 
  Picking layout option for table : tbl_flep_process154_0 with requested entries : 1
  picked layout for tbl_flep_process154_0 FormatType(022) layout: 0V ixbar:0B/0b match:0B/0b ov:10
  entries:1 srams:2 local_tinds: 0 maprams:2 tcams:0 afi:0
  Trying to allocate adb for tbl_flep_process154_0 
  Trying to allocate imem for tbl_flep_process154_0 
  Entries : 1, needed_entries: 1, need_more: 0
    Selected stage: 5    Furthest stage: 6
    try_place_table returning 1 of tbl_flep_process154_0 in stage 5
  Table is  placed
    Pl vector: tbl_flep_process154_0 
    - skipping tbl_flep_process169 as its already done
    - skipping tbl_flep_process184 as its already done
found 2 tables that could be placed: [ tbl_flep_process154, tbl_flep_process154_0 ]
Initial best is first table seen: tbl_flep_process154
For trial t : tbl_flep_process154_0 with best: tbl_flep_process154
    Updating best to tbl_flep_process154_0 from tbl_flep_process154 for reason: default choice
placing 1 entries of tbl_flep_process154_0 ( tbl_flep_process154_0 )  in stage 5(54) FormatType(022)
stage 5, work: [ 3031761 ], partly placed 0, placed 22
    { id=5 ram=10 tcam=0 mram=6 eixb=5 tixb=0 malu=0 salu=0 local_tinds=0 }
tbl_flep_process154 is not a gateway! Aborting search for merge choices
try_place_table(tbl_flep_process154, stage=5)
    Initial # of stages is 5, initial # of entries is 1
  Try_alloc_all for Table use
  Trying to allocate layout for tbl_flep_process154 
  Picking layout option for table : tbl_flep_process154 with requested entries : 1
  picked layout for tbl_flep_process154 FormatType(022) layout: 0V ixbar:0B/0b match:0B/0b ov:10
  entries:1 srams:2 local_tinds: 0 maprams:2 tcams:0 afi:0
  Trying to allocate adb for tbl_flep_process154 
  Trying to allocate imem for tbl_flep_process154 
  Entries : 1, needed_entries: 1, need_more: 0
    Selected stage: 5    Furthest stage: 6
    try_place_table returning 1 of tbl_flep_process154 in stage 5
  Table is  placed
    Pl vector: tbl_flep_process154 
found 1 tables that could be placed: [ tbl_flep_process154 ]
Initial best is first table seen: tbl_flep_process154
placing 1 entries of tbl_flep_process154 ( tbl_flep_process154 )  in stage 5(55) FormatType(022)
stage 5, work: [ 3030120 ], partly placed 0, placed 23
    { id=6 ram=12 tcam=0 mram=8 eixb=5 tixb=0 malu=0 salu=0 local_tinds=0 }
    - skipping fwd_port_0 as its already done
    - skipping cond-9 as its already done
    - skipping cond-10 as its already done
    - skipping cond-13 as its already done
    - skipping cond-14 as its already done
    - skipping cond-15 as its already done
tbl_flep_process449 is not a gateway! Aborting search for merge choices
try_place_table(tbl_flep_process449, stage=5)
    Initial # of stages is 5, initial # of entries is 1
  Try_alloc_all for Table use
  Trying to allocate layout for tbl_flep_process449 
  Picking layout option for table : tbl_flep_process449 with requested entries : 1
  picked layout for tbl_flep_process449 FormatType(02) layout: 0V ixbar:0B/0b match:0B/0b
  entries:1 srams:0 local_tinds: 0 maprams:0 tcams:0 afi:0
  Trying to allocate adb for tbl_flep_process449 
  Trying to allocate imem for tbl_flep_process449 
  Entries : 1, needed_entries: 1, need_more: 0
    Selected stage: 5    Furthest stage: 6
    try_place_table returning 1 of tbl_flep_process449 in stage 5
  Table is  placed
    Pl vector: tbl_flep_process449 
found 1 tables that could be placed: [ tbl_flep_process449 ]
Initial best is first table seen: tbl_flep_process449
placing 1 entries of tbl_flep_process449 ( tbl_flep_process449 )  in stage 5(56) FormatType(02)
Adding complete placement for resource mode:0
Found a complete solution that fit the number of stages required
Evaluating complete solution with resource:0
Placement error(s):0 stages required:6
Updating best final placement with this one
Table placement placed 24 tables in 6 stages
  Table tbl_flep_process449 logical id 0x56 entries=1 stage=5
  Table tbl_flep_process154 logical id 0x55 entries=1 stage=5
    attached table Ingress.pkt_counter.bw_register entries=10
  Table tbl_flep_process154_0 logical id 0x54 entries=1 stage=5
    attached table Ingress.pkt_counter.bw_register entries=10
  Table tbl_flep_process169 logical id 0x53 entries=1 stage=5
    attached table Ingress.keydatacache.bw_register entries=10
  Table tbl_flep_process184 logical id 0x52 entries=1 stage=5
    attached table Ingress.keyindexdatacache.bw_register entries=10
  Table key_match_tbl_0 logical id 0x51 entries=12288 stage=5
  Gateway cond-14 is also logical id 0x51
  Table tbl_flep_decapsulation logical id 0x50 entries=1 stage=5
  Gateway cond-16 is also logical id 0x50
  Table flep_processing_0 logical id 0x44 entries=20480 stage=4
  Table tbl_flep_process442 logical id 0x43 entries=1 stage=4
  Gateway cond-15 is also logical id 0x43
  Table tbl_flep_process199 logical id 0x42 entries=1 stage=4
    attached table Ingress.labeldatacache.bw_register entries=128
  Table tbl_flep_process214 logical id 0x41 entries=1 stage=4
    attached table Ingress.portdatacache.bw_register entries=128
  Table tbl_flep_process229 logical id 0x40 entries=1 stage=4
    attached table Ingress.latencydatacache.bw_register entries=128
  Table get_port_index_0 logical id 0x30 entries=20480 stage=3
  Table multicast_send_fleptopo_0 logical id 0x22 entries=3072 stage=2
  Table tbl_flep_process399 logical id 0x21 entries=1 stage=2
  Table tbl_flep_process410 logical id 0x20 entries=1 stage=2
  Table tbl_drop logical id 0x13 entries=1 stage=1
  Table tbl_flep_process407 logical id 0x12 entries=1 stage=1
  Gateway cond-12 is also logical id 0x12
  Table tbl_flep_process397 logical id 0x11 entries=1 stage=1
  Gateway cond-11 is also logical id 0x11
  Table tbl_setfleptopo logical id 0x10 entries=1 stage=1
  Gateway cond-10 is also logical id 0x10
  Table tbl_flep_process522 logical id 0x3 entries=1 stage=0
  Table is_verify_tbl_0 logical id 0x2 entries=512 stage=0
  Gateway cond-13 is also logical id 0x2
  Table fwd_port_0 logical id 0x1 entries=5120 stage=0
  Table tbl_flep_process377 logical id 0x0 entries=1 stage=0
  Gateway cond-9 is also logical id 0x0
Finished table placement decisions pipe
folding gateway cond-9 onto tbl_flep_process377
  Adding Ternary Indirect table to tbl_flep_process377
folding gateway cond-10 onto tbl_setfleptopo
  Adding Ternary Indirect table to tbl_setfleptopo
  Adding Action Data Table to tbl_setfleptopo
folding gateway cond-11 onto tbl_flep_process397
  Adding Ternary Indirect table to tbl_flep_process397
folding gateway cond-12 onto tbl_flep_process407
  Adding Ternary Indirect table to tbl_flep_process407
  Adding Ternary Indirect table to tbl_flep_process410
  Adding Ternary Indirect table to tbl_drop
  Adding Ternary Indirect table to tbl_flep_process399
folding gateway cond-13 onto is_verify_tbl_0
  Adding Ternary Indirect table to is_verify_tbl_0
folding gateway cond-14 onto key_match_tbl_0
  Adding Ternary Indirect table to tbl_flep_process154
  Adding Ternary Indirect table to tbl_flep_process154_0
  Adding Ternary Indirect table to tbl_flep_process169
  Adding Ternary Indirect table to tbl_flep_process184
folding gateway cond-15 onto tbl_flep_process442
  Adding Ternary Indirect table to tbl_flep_process442
folding gateway cond-16 onto tbl_flep_decapsulation
  Adding Ternary Indirect table to tbl_flep_decapsulation
  Adding Ternary Indirect table to tbl_flep_process449
  Adding Ternary Indirect table to tbl_flep_process522
table placement completed pipe
ingress: [15]
    +--tbl_flep_process377
    0+--fwd_port_0
    00+--is_verify_tbl_0
    000+--tbl_setfleptopo
    0000+--tbl_flep_process442
    00000+--key_match_tbl_0
    000000+--tbl_flep_process449
  0: tbl_flep_process377(ingress::hdr.ethernet.ethernetType == 6425;, 1 => $false)
    $false: [29]
  1: fwd_port_0{ E -1+10, 2 [1x5 5K] }
  2: is_verify_tbl_0(ingress::hdr.flep.$valid == 1;, 1 => $false){ GT 32+1, 0 0K }
    $false: [31]
  10: tbl_setfleptopo(ingress::hdr.fleptopo.$valid == 1 && ingress::hdr.fleptopo.messagetype == 0 && ingress::hdr.fleptopo.option[3:3] == 1;, 1 => $false){ GE 0+32, 8 0K }
    $false: [21]
      11: tbl_flep_process397(ingress::hdr.fleptopo.$valid == 1 && ingress::hdr.fleptopo.messagetype == 0 && ingress::hdr.fleptopo.option[3:3] == 0;, 1 => $false){ GE 0+23, 4 0K }
        $false: [20]
          12: tbl_flep_process407(ingress::hdr.fleptopo.$valid == 1 && ingress::hdr.fleptopo.messagetype == 1 && ingress::hdr.fleptopo.option[3:3] == 0 && ingress::hdr.fleptopo.sourcelabel == 9473;, 1 => $false)
            $default: [19]
                +--tbl_drop
                0+--tbl_flep_process410
                00+--get_port_index_0
                000+--tbl_flep_process229
                0000+--tbl_flep_process214
                00000+--tbl_flep_process199
              13: tbl_drop
              20: tbl_flep_process410
              30: get_port_index_0{ E 6+8, 1 [1x5 5K 5K 5K 5K] }
              40: tbl_flep_process229{ E 0+10, 0 0K }
                stateful Ingress.latencydatacache.bw_register  128
              41: tbl_flep_process214{ E 0+10, 0 0K }
                stateful Ingress.portdatacache.bw_register  128
              42: tbl_flep_process199{ E 0+10, 0 0K }
                stateful Ingress.labeldatacache.bw_register  128
            $false: [30]
        $default: [18]
          21: tbl_flep_process399
    $default: [17]
      22: multicast_send_fleptopo_0{ E -6+17, 2 [1x3 3K] }
  43: tbl_flep_process442(ingress::hdr.flabels.$valid == 1;, 1 => $false)
    $default: [26] 0
      44: flep_processing_0{ E 6+10, 2 [1x5 5K 5K 5K 5K] }
      50: tbl_flep_decapsulation(ingress::hdr.flep.label_depth == 0;, 1 => $false)
        $false: [34]
    $false: [33]
  51: key_match_tbl_0(ingress::meta.is_verify_start == 1;, 1 => $false){ GE 30+1, 0 [1x3 3K 3K 3K 3K] }
    $hit: [24]
      55: tbl_flep_process154{ E 0+10, 0 0K }
        stateful Ingress.pkt_counter.bw_register   10
    $miss: [23] 0 00
      52: tbl_flep_process184{ E 0+10, 0 0K }
        stateful Ingress.keyindexdatacache.bw_register   10
      53: tbl_flep_process169{ E 0+10, 0 0K }
        stateful Ingress.keydatacache.bw_register   10
      54: tbl_flep_process154_0{ E 0+10, 0 0K }
        stateful Ingress.pkt_counter.bw_register   10
    $false: [32]
  56: tbl_flep_process449
egress: [28]
  3: tbl_flep_process522

