#pipeline pipe
#stage 0
^-- ---- --- - ----- ------- - tbl_flep_process377(0,6) : ingress
-^- ---- --- - ----- ------- - fwd_port_0(0,7) : ingress
--^ ---- --- - ----- ------- - is_verify_tbl_0(0,10) : ingress
#stage 1
AB- ^--- --- - ----- ------- - tbl_setfleptopo(1,7) : ingress
C-- D^-- --- - ----- ------- - tbl_flep_process397(1,7) : ingress
E-- -F^- --- - ----- ------- - tbl_flep_process407(1,7) : ingress
--- --G^ --- - ----- ------- - tbl_drop(1,10) : ingress
#stage 2
E-- --H- ^-- - ----- ------- - tbl_flep_process410(2,8) : ingress
-I- -H-- -^- - ----- ------- - tbl_flep_process399(2,10) : ingress
--- J--- --^ - ----- ------- - multicast_send_fleptopo_0(2,10) : ingress
#stage 3
--- --G- K-- ^ ----- ------- - get_port_index_0(3,9) : ingress
#stage 4
--- --G- K-- K ^---- ------- - tbl_flep_process229(4,10) : ingress
--- --G- K-- K -^--- ------- - tbl_flep_process214(4,10) : ingress
--- --J- --- K --^-- ------- - tbl_flep_process199(4,10) : ingress
BBB ---B BBB B BBB^- ------- - tbl_flep_process442(4,10) : ingress
-I- ---- -I- - ---G^ ------- - flep_processing_0(4,11) : ingress
#stage 5
L-M I--- --- - ---N- ^------ - tbl_flep_decapsulation(5,11) : ingress
--O ---P --- - ----- -^----- - key_match_tbl_0(2,11) : ingress
--- ---- --- - ----- -Q^---- - tbl_flep_process184(2,11) : ingress
--- ---- --- - ----- -Q-^--- - tbl_flep_process169(2,11) : ingress
--- ---- --- - ----- -Q--^-- - tbl_flep_process154_0(2,11) : ingress
--- ---- --- - ----- -R---^- - tbl_flep_process154(2,11) : ingress
--- ---- --- - ----- ------^ - tbl_flep_process449(0,11) : ingress
#stage 0
--- ---- --- - ----- ------- ^ tbl_flep_process522(0,11) : egress
#dependencies
A :  ACTION_READ OUTPUT ANTI_ACTION_READ ANTI_NEXT_TABLE_DATA
B :  ANTI_NEXT_TABLE_DATA
C :  ACTION_READ OUTPUT
D :  CONTROL_COND_FALSE ANTI_ACTION_READ
E :  ACTION_READ
F :  CONTROL_COND_FALSE
G :  CONTROL_DEFAULT_NEXT_TABLE
H :  CONTROL_DEFAULT_NEXT_TABLE OUTPUT
I :  OUTPUT
J :  CONTROL_DEFAULT_NEXT_TABLE IXBAR_READ
K :  IXBAR_READ ANTI_NEXT_TABLE_DATA
L :  OUTPUT ANTI_ACTION_READ
M :  ANTI_ACTION_READ
N :  CONTROL_DEFAULT_NEXT_TABLE ACTION_READ OUTPUT
O :  ACTION_READ ANTI_NEXT_TABLE_DATA
P :  OUTPUT ANTI_NEXT_TABLE_DATA
Q :  CONTROL_TABLE_MISS
R :  CONTROL_TABLE_HIT

*** Table dependency chains (of minimum length 8) ***
