Stage advance for pipe pipe INITIAL not ignoring container conflicts
Stage 0
  exact ixbar groups                  ternary ixbar groups
  B0E1E0F3....F2..................  D0C1A0D1.. .. ..........
  ................................  .......... .. ..........
  ................................  .......... .. ..........
  ................................  .......... .. ..........
  ................................  .......... .. ..........
  ................................  .......... .. ..........
  ................................
  ................................
     A B23 (is_verify_tbl_0)
     B B24 (is_verify_tbl_0$gw)
     C H17 (is_verify_tbl_0)
     D H23 (is_verify_tbl_0)
     E H4 (tbl_flep_encap459$gw)
     F W3 (fwd_port_0)
  hash select bits  Groups  hd  /- hash dist bits --- (Groups: -1 -1)
  A... ............  A0001  ... ................................................
  .... ............  .0000  ... ................................................
  .... ............  .0000  ... ................................................
  .... ............  .0000  ... ................................................
  .... ............  .0000  ... ................................................
  .... ............  .0000  ... ................................................
  .... ............  .0000  ... ................................................
  .... ............  .0000  ... ................................................
  .... ............         ... ................................................
  .... ............         ... ................................................
  .... ............         ... ................................................
  .... ............         ... ................................................
  .... ............         ... ................................................
  .... ............         ... ................................................
  .... ............         ... ................................................
  .... ............         ... ................................................
     A fwd_port_0
  
  tc  sb  rb  tib ab  st  srams       mapram  ov  gw pay 2p
  B.  C.  ..  DF  ..  ..  D.........  ......  ..  C.  ..  .
  ..  ..  ..  ..  ..  ..  ..........  ......  ..  ..  ..  .
  ..  ..  ..  ..  ..  ..  ..........  ......  ..  ..  ..  .
  ..  ..  ..  ..  ..  ..  ..........  ......  ..  ..  ..  .
  ..  ..  ..  ..  ..  ..  ..........  ......  ..  ..  ..  .
  ..  ..  ..  ..  ..  ..  ..........  ......  ..  ..  ..  .
  ..  ..  ..  ..  ..  ..  ..........  ......  ..  ..  ..  .
  ..  E.  A.  ..  ..  ..  A.........  ......  ..  E.  ..  .
  ..                                                      
  ..                                                      
  ..                                                      
  ..                                                      
     A fwd_port_0
     B is_verify_tbl_0
     C is_verify_tbl_0$gw
     D is_verify_tbl_0$tind
     E tbl_flep_encap459$gw
     F tbl_flep_encap459$tind
  
can't place tbl_setfleptopo in stage 0 : dependency on table tbl_flep_encap459
can't place cond-34 in stage 0 : dependency on table is_verify_tbl_0
Stage 1
  exact ixbar groups                  ternary ixbar groups
  D0B0G0G1H0H1C0E0F0..I2I3........  A0........ .. ..........
  ................................  .......... .. ..........
  ................................  .......... .. ..........
  ................................  .......... .. ..........
  ................................  .......... .. ..........
  ................................  .......... .. ..........
  ................................
  ................................
     A B21 (insert_key_tbl_0)
     B B22 (insert_key_tbl_0$gw)
     C B23 (key_match_tbl_0)
     D B25 (cond-34$gw)
     E B5 (tbl_flep_encap479$gw, tbl_flep_encap489$gw, tbl_setfleptopo$gw)
     F B9 (tbl_flep_encap479$gw, tbl_flep_encap489$gw, tbl_setfleptopo$gw)
     G H17 (key_match_tbl_0)
     H H23 (key_match_tbl_0)
     I W7 (tbl_flep_encap489$gw)
  hash select bits  Groups  hd  /- hash dist bits --- (Groups: -1 -1)
  AAAA B...........  A0003  ... ................................................
  .... B...........  .0000  ... ................................................
  .... ............  .0000  ... ................................................
  .... ............  .0000  ... ................................................
  .... ............  .0000  ... ................................................
  .... ............  .0000  ... ................................................
  .... ............  .0000  ... ................................................
  .... ............  .0000  ... ................................................
  .... ............         ... ................................................
  .... ............         ... ................................................
  .... ............         ... ................................................
  .... ............         ... ................................................
  .... ............         ... ................................................
  .... ............         ... ................................................
  .... ............         ... ................................................
  .... ............         ... ................................................
     A key_match_tbl_0
     B tbl_flep_encap489$gw
  
  tc  sb  rb  tib ab  st  srams       mapram  ov  gw pay 2p
  B.  JH  ..  EK  ..  ..  E.........  ......  ..  JH  ..  .
  ..  MA  ..  IN  ..  ..  ..........  ......  ..  MA  ..  .
  ..  ..  ..  G.  ..  ..  ..........  ......  ..  ..  ..  .
  ..  ..  ..  ..  ..  ..  ..........  ......  ..  ..  ..  .
  ..  ..  ..  ..  ..  ..  ..........  ......  ..  ..  ..  .
  ..  ..  ..  ..  ..  ..  ..........  ......  ..  ..  ..  .
  ..  ..  ..  ..  ..  ..  ..........  ......  ..  ..  ..  .
  ..  D.  F.  ..  C.  ..  FFFCFL....  ......  ..  D.  ..  .
  ..                                                      
  ..                                                      
  ..                                                      
  ..                                                      
     A cond-34$gw
     B insert_key_tbl_0
     C insert_key_tbl_0$action_data
     D insert_key_tbl_0$gw
     E insert_key_tbl_0$tind
     F key_match_tbl_0
     G tbl_drop$tind
     H tbl_flep_encap479$gw
     I tbl_flep_encap479$tind
     J tbl_flep_encap489$gw
     K tbl_flep_encap489$tind
     L tbl_setfleptopo$action_data
     M tbl_setfleptopo$gw
     N tbl_setfleptopo$tind
  
can't place insert_past_key_tbl_0 in stage 1 : dependency on table insert_key_tbl_0
can't place multicast_send_fleptopo_0 in stage 1 : dependency on table tbl_setfleptopo
can't place tbl_flep_encap481 in stage 1 : dependency on table tbl_flep_encap479
can't place tbl_flep_encap492 in stage 1 : dependency on table tbl_flep_encap489
Stage 2
  exact ixbar groups                  ternary ixbar groups
  D0E0A0B0C0G1G0..F0..............  C0........ .. ..........
  ................................  .......... .. ..........
  ................................  .......... .. ..........
  ................................  .......... .. ..........
  ................................  .......... .. ..........
  ................................  .......... .. ..........
  ................................
  ................................
     A B16 (insert_ipv4_label_0)
     B B17 (insert_ipv4_label_0)
     C B21 (insert_ipv4_label_0, insert_past_key_tbl_0)
     D B22 (cond-36$gw)
     E B24 (cond-36$gw)
     F B5 (multicast_send_fleptopo_0)
     G H18 (insert_ipv4_label_0$gw)
  hash select bits  Groups  hd  /- hash dist bits --- (Groups: -1 -1)
  AAAA ............  A0001  ... ................................................
  B... ............  B0002  ... ................................................
  .... ............  .0000  ... ................................................
  .... ............  .0000  ... ................................................
  .... ............  .0000  ... ................................................
  .... ............  .0000  ... ................................................
  .... ............  .0000  ... ................................................
  .... ............  .0000  ... ................................................
  .... ............         ... ................................................
  .... ............         ... ................................................
  .... ............         ... ................................................
  .... ............         ... ................................................
  .... ............         ... ................................................
  .... ............         ... ................................................
  .... ............         ... ................................................
  .... ............         ... ................................................
     A insert_ipv4_label_0
     B multicast_send_fleptopo_0
  
  tc  sb  rb  tib ab  st  srams       mapram  ov  gw pay 2p
  E.  ..  ..  GJ  ..  ..  G.........  ......  ..  ..  ..  .
  ..  ..  ..  I.  ..  ..  ..........  ......  ..  ..  ..  .
  ..  ..  ..  ..  ..  ..  ..........  ......  ..  ..  ..  .
  ..  ..  ..  ..  ..  ..  ..........  ......  ..  ..  ..  .
  ..  ..  ..  ..  ..  ..  ..........  ......  ..  ..  ..  .
  ..  ..  ..  ..  ..  ..  ..........  ......  ..  ..  ..  .
  ..  ..  ..  ..  ..  ..  ..........  ......  ..  ..  ..  .
  ..  DA  BH  ..  FC  ..  BBBFBHCC..  ......  ..  DA  ..  .
  ..                                                      
  ..                                                      
  ..                                                      
  ..                                                      
     A cond-36$gw
     B insert_ipv4_label_0
     C insert_ipv4_label_0$action_data
     D insert_ipv4_label_0$gw
     E insert_past_key_tbl_0
     F insert_past_key_tbl_0$action_data
     G insert_past_key_tbl_0$tind
     H multicast_send_fleptopo_0
     I tbl_flep_encap481$tind
     J tbl_flep_encap492$tind
  
can't place get_port_index_0 in stage 2 : dependency on table tbl_flep_encap492
can't place insert_ipv6_label_0 in stage 2 : dependency on table insert_ipv4_label_0
Stage 3
  exact ixbar groups                  ternary ixbar groups
  A0B0C0D1D0......E0E1............  .......... .. ..........
  ................................  .......... .. ..........
  ................................  .......... .. ..........
  ................................  .......... .. ..........
  ................................  .......... .. ..........
  ................................  .......... .. ..........
  ................................
  ................................
     A B16 (insert_ipv6_label_0, tbl_flep_encap840$gw)
     B B17 (insert_ipv6_label_0)
     C B21 (insert_ipv6_label_0)
     D H18 (insert_ipv6_label_0$gw)
     E W5 (get_port_index_0)
  hash select bits  Groups  hd  /- hash dist bits --- (Groups: -1 -1)
  BBBB CCCCCCC.....  B0001  ... ................................................
  AAAA ............  A0002  ... ................................................
  .... ............  .0000  ... ................................................
  .... ............  .0000  ... ................................................
  .... ............  .0000  ... ................................................
  .... ............  .0000  ... ................................................
  .... ............  .0000  ... ................................................
  .... ............  .0000  ... ................................................
  .... ............         ... ................................................
  .... ............         ... ................................................
  .... ............         ... ................................................
  .... ............         ... ................................................
  .... ............         ... ................................................
  .... ............         ... ................................................
  .... ............         ... ................................................
  .... ............         ... ................................................
     A get_port_index_0
     B insert_ipv6_label_0
     C tbl_flep_encap840$gw
  
  tc  sb  rb  tib ab  st  srams       mapram  ov  gw pay 2p
  ..  ..  ..  FH  ..  ..  ..........  ......  ..  ..  ..  .
  ..  ..  ..  E.  ..  ..  ..........  ......  ..  ..  ..  .
  ..  ..  ..  ..  ..  ..  ..........  ......  ..  ..  ..  .
  ..  ..  ..  ..  ..  ..  ..........  ......  ..  ..  ..  .
  ..  ..  ..  ..  ..  ..  ..........  ......  ..  ..  ..  .
  ..  ..  ..  ..  ..  ..  ..........  ......  ..  ..  ..  .
  ..  ..  ..  ..  ..  ..  ..........  ......  ..  ..  ..  .
  ..  DB  AB  ..  .C  ..  AAAABBBBCC  ......  ..  GD  ..  .
  ..                                                      
  ..                                                      
  ..                                                      
  ..                                                      
     A get_port_index_0
     B insert_ipv6_label_0
     C insert_ipv6_label_0$action_data
     D insert_ipv6_label_0$gw
     E tbl_flep_encap830$tind
     F tbl_flep_encap833$tind
     G tbl_flep_encap840$gw
     H tbl_flep_encap840$tind
  
can't place tbl_flep_encap256 in stage 3 : dependency on table get_port_index_0
can't place tbl_flep_encap271 in stage 3 : dependency on table get_port_index_0
can't place tbl_flep_encap286 in stage 3 : dependency on table get_port_index_0
can't place flep_processing_0 in stage 3 : dependency on table insert_ipv6_label_0
Stage 4
  exact ixbar groups                  ternary ixbar groups
  C0C1B0..........J0J1J2J3....M2..  N0N1N2N3N0 N1 N2N3O0O1O2
  ................M0M1............  O3D0D1D2D3 N0 A0N2E3O0O1
  ................K0K1............  O2F3E0E1E2 N3 F0F1F2G3G0
  ................................  G1G2H3H0H1 .. L3L0L1L2..
  ................................  .......... .. H2I3I0I1I2
  ................................  .......... .. ..........
  ................................
  ................................
     A B8 (flep_ipv4_classifier_0, flep_ipv6_classifier_0)
     B B9 (flep_ipv4_classifier_0$gw, flep_ipv6_classifier_0$gw)
     C H28 (flep_processing_0)
     D W10 (flep_ipv4_classifier_0, flep_ipv6_classifier_0)
     E W11 (flep_ipv6_classifier_0)
     F W12 (flep_ipv6_classifier_0)
     G W13 (flep_ipv6_classifier_0)
     H W14 (flep_ipv6_classifier_0)
     I W15 (flep_ipv6_classifier_0)
     J W2 (tbl_flep_encap286$salu)
     K W3 (tbl_flep_encap256$salu)
     L W32 (flep_ipv6_classifier_0)
     M W5 (tbl_flep_encap256$hash_dist0, tbl_flep_encap271$hash_dist0, tbl_flep_encap271$salu, tbl_flep_encap286$hash_dist0)
     N W8 (flep_ipv4_classifier_0, flep_ipv6_classifier_0)
     O W9 (flep_ipv4_classifier_0, flep_ipv6_classifier_0)
  hash select bits  Groups  hd  /- hash dist bits --- (Groups: 1 -1)
  AAAA ............  A0001  ... ................................................
  .... ............  C0002  ... CCCCCCCC........BBBBBBBB........................
  .... ............  .0000  ... ................................................
  .... ............  .0000  ... ................................................
  .... ............  .0000  ... ................................................
  .... ............  .0000  ... ................................................
  .... ............  .0000  ... ................................................
  .... ............  .0000  ... ................................................
  .... ............         ... ................................................
  .... ............         ... ................................................
  .... ............         ... ................................................
  .... ............         ... ................................................
  .... ............         ... ................................................
  .... ............         ... ................................................
  .... ............         ... ................................................
  .... ............         ... ................................................
     A flep_processing_0
     B tbl_flep_encap271$hash_dist
     C tbl_flep_encap286$hash_dist
  
  tc  sb  rb  tib ab  st  srams       mapram  ov  gw pay 2p
  E.  N.  JM  D.  ..  ..  D.........  ......  ..  KN  ..  .
  E.  Q.  P.  H.  ..  ..  H.........  ......  ..  Q.  ..  .
  E.  ..  ..  ..  ..  ..  ..........  ......  ..  ..  ..  .
  E.  ..  ..  ..  ..  ..  ....RR....  RR....  ..  ..  ..  R
  E.  ..  ..  ..  ..  ..  ..........  ......  ..  ..  ..  .
  E.  ..  ..  ..  ..  ..  ....OO....  OO....  ..  ..  ..  O
  E.  I.  I.  ..  ..  ..  II........  ......  ..  C.  ..  .
  E.  I.  I.  ..  FB  ..  IIF.LLB...  LL....  ..  G.  ..  L
  A.                                                      
  A.                                                      
  A.                                                      
  A.                                                      
     A flep_ipv4_classifier_0
     B flep_ipv4_classifier_0$action_data
     C flep_ipv4_classifier_0$gw
     D flep_ipv4_classifier_0$tind
     E flep_ipv6_classifier_0
     F flep_ipv6_classifier_0$action_data
     G flep_ipv6_classifier_0$gw
     H flep_ipv6_classifier_0$tind
     I flep_processing_0
     J tbl_flep_encap256
     K tbl_flep_encap256$gw
     L tbl_flep_encap256$salu.Ingress.labeldatacache.bw_register
     M tbl_flep_encap271
     N tbl_flep_encap271$gw
     O tbl_flep_encap271$salu.Ingress.portdatacache.bw_register
     P tbl_flep_encap286
     Q tbl_flep_encap286$gw
     R tbl_flep_encap286$salu.Ingress.latencydatacache.bw_register
  
can't place tbl_flep_encap840_0 in stage 4 : dependency on table flep_processing_0
can't place ipv4_lpm_0 in stage 4 : dependency on table flep_ipv4_classifier_0
can't place ipv6_lpm_0 in stage 4 : dependency on table flep_ipv6_classifier_0
Stage 5
  exact ixbar groups                  ternary ixbar groups
  B0A0............................  F0C1F2F3C0 F1 C2C3D0D1D2
  ................................  D3E0E1E2E3 .. F1F2F3F0..
  ................................  .......... .. ..........
  ................................  .......... .. ..........
  ................................  .......... .. ..........
  ................................  .......... .. ..........
  ................................
  ................................
     A B6 (cond-29$gw)
     B B9 (cond-29$gw, ipv4_lpm_0$gw, ipv6_lpm_0$gw, tbl_flep_encap519$gw)
     C W10 (ipv6_lpm_0)
     D W11 (ipv6_lpm_0)
     E W12 (ipv6_lpm_0)
     F W9 (ipv4_lpm_0, ipv6_lpm_0)
  hash select bits  Groups  hd  /- hash dist bits --- (Groups: -1 -1)
  .... ............  .0000  ... ................................................
  .... ............  .0000  ... ................................................
  .... ............  .0000  ... ................................................
  .... ............  .0000  ... ................................................
  .... ............  .0000  ... ................................................
  .... ............  .0000  ... ................................................
  .... ............  .0000  ... ................................................
  .... ............  .0000  ... ................................................
  .... ............         ... ................................................
  .... ............         ... ................................................
  .... ............         ... ................................................
  .... ............         ... ................................................
  .... ............         ... ................................................
  .... ............         ... ................................................
  .... ............         ... ................................................
  .... ............         ... ................................................
  
  tc  sb  rb  tib ab  st  srams       mapram  ov  gw pay 2p
  E.  AC  ..  DJ  ..  ..  D.........  ......  ..  AC  ..  .
  E.  FH  ..  GI  ..  ..  G.........  ......  ..  FH  ..  .
  E.  ..  ..  ..  ..  ..  ..........  ......  ..  ..  ..  .
  B.  ..  ..  ..  ..  ..  ..........  ......  ..  ..  ..  .
  ..  ..  ..  ..  ..  ..  ..........  ......  ..  ..  ..  .
  ..  ..  ..  ..  ..  ..  ..........  ......  ..  ..  ..  .
  ..  ..  ..  ..  ..  ..  ..........  ......  ..  ..  ..  .
  ..  ..  ..  ..  ..  ..  ..........  ......  ..  ..  ..  .
  ..                                                      
  ..                                                      
  ..                                                      
  ..                                                      
     A cond-29$gw
     B ipv4_lpm_0
     C ipv4_lpm_0$gw
     D ipv4_lpm_0$tind
     E ipv6_lpm_0
     F ipv6_lpm_0$gw
     G ipv6_lpm_0$tind
     H tbl_flep_encap519$gw
     I tbl_flep_encap519$tind
     J tbl_flep_encap840_0$tind
  
can't place tbl_flep_decapsulation in stage 5 : dependency on table tbl_flep_encap840_0
can't place tbl_recirculate in stage 5 : dependency on table tbl_flep_encap519
Stage 6
  exact ixbar groups                  ternary ixbar groups
  B0B1A0..........................  .......... .. ..........
  ................................  .......... .. ..........
  ................................  .......... .. ..........
  ................................  .......... .. ..........
  ................................  .......... .. ..........
  ................................  .......... .. ..........
  ................................
  ................................
     A B18 (tbl_flep_decapsulation$gw)
     B H4 (tbl_flep_encap533$gw, tbl_recirculate$gw)
  hash select bits  Groups  hd  /- hash dist bits --- (Groups: -1 -1)
  .... ............  .0000  ... ................................................
  .... ............  .0000  ... ................................................
  .... ............  .0000  ... ................................................
  .... ............  .0000  ... ................................................
  .... ............  .0000  ... ................................................
  .... ............  .0000  ... ................................................
  .... ............  .0000  ... ................................................
  .... ............  .0000  ... ................................................
  .... ............         ... ................................................
  .... ............         ... ................................................
  .... ............         ... ................................................
  .... ............         ... ................................................
  .... ............         ... ................................................
  .... ............         ... ................................................
  .... ............         ... ................................................
  .... ............         ... ................................................
  
  tc  sb  rb  tib ab  st  srams       mapram  ov  gw pay 2p
  ..  AE  ..  BF  ..  ..  ..........  ......  ..  AE  ..  .
  ..  C.  ..  D.  ..  ..  ..........  ......  ..  C.  ..  .
  ..  ..  ..  ..  ..  ..  ..........  ......  ..  ..  ..  .
  ..  ..  ..  ..  ..  ..  ..........  ......  ..  ..  ..  .
  ..  ..  ..  ..  ..  ..  ..........  ......  ..  ..  ..  .
  ..  ..  ..  ..  ..  ..  ..........  ......  ..  ..  ..  .
  ..  ..  ..  ..  ..  ..  ..........  ......  ..  ..  ..  .
  ..  ..  ..  ..  ..  ..  ..........  ......  ..  ..  ..  .
  ..                                                      
  ..                                                      
  ..                                                      
  ..                                                      
     A tbl_flep_decapsulation$gw
     B tbl_flep_decapsulation$tind
     C tbl_flep_encap533$gw
     D tbl_flep_encap533$tind
     E tbl_recirculate$gw
     F tbl_recirculate$tind
  
can't place tbl_flep_encap850 in stage 6 : dependency on table tbl_flep_decapsulation
can't place tbl_send in stage 6 : dependency on table tbl_recirculate
Stage 7
  exact ixbar groups                  ternary ixbar groups
  ................................  .......... .. ..........
  ................................  .......... .. ..........
  ................................  .......... .. ..........
  ................................  .......... .. ..........
  ................................  .......... .. ..........
  ................................  .......... .. ..........
  ................................
  ................................
  hash select bits  Groups  hd  /- hash dist bits --- (Groups: -1 -1)
  .... ............  .0000  ... ................................................
  .... ............  .0000  ... ................................................
  .... ............  .0000  ... ................................................
  .... ............  .0000  ... ................................................
  .... ............  .0000  ... ................................................
  .... ............  .0000  ... ................................................
  .... ............  .0000  ... ................................................
  .... ............  .0000  ... ................................................
  .... ............         ... ................................................
  .... ............         ... ................................................
  .... ............         ... ................................................
  .... ............         ... ................................................
  .... ............         ... ................................................
  .... ............         ... ................................................
  .... ............         ... ................................................
  .... ............         ... ................................................
  
  tc  sb  rb  tib ab  st  srams       mapram  ov  gw pay 2p
  ..  ..  ..  AC  ..  ..  ..........  ......  ..  ..  ..  .
  ..  ..  ..  B.  ..  ..  ..........  ......  ..  ..  ..  .
  ..  ..  ..  ..  ..  ..  ..........  ......  ..  ..  ..  .
  ..  ..  ..  ..  ..  ..  ..........  ......  ..  ..  ..  .
  ..  ..  ..  ..  ..  ..  ..........  ......  ..  ..  ..  .
  ..  ..  ..  ..  ..  ..  ..........  ......  ..  ..  ..  .
  ..  ..  ..  ..  ..  ..  ..........  ......  ..  ..  ..  .
  ..  ..  ..  ..  ..  ..  ..........  ......  ..  ..  ..  .
  ..                                                      
  ..                                                      
  ..                                                      
  ..                                                      
     A tbl_flep_encap850$tind
     B tbl_flep_encap852$tind
     C tbl_send$tind
  
