Stage advance for pipe pipe INITIAL not ignoring container conflicts
Stage 0
  exact ixbar groups                  ternary ixbar groups
  B0B1C2C3A0......................  D0D1D2D3.. .. ..........
  ................................  .......... .. ..........
  ................................  .......... .. ..........
  ................................  .......... .. ..........
  ................................  .......... .. ..........
  ................................  .......... .. ..........
  ................................
  ................................
     A B5 (is_verify_tbl_0$gw)
     B H5 (tbl_flep_process377$gw)
     C W3 (fwd_port_0)
     D W8 (is_verify_tbl_0)
  hash select bits  Groups  hd  /- hash dist bits --- (Groups: -1 -1)
  A... ............  A0001  ... ................................................
  .... ............  .0000  ... ................................................
  .... ............  .0000  ... ................................................
  .... ............  .0000  ... ................................................
  .... ............  .0000  ... ................................................
  .... ............  .0000  ... ................................................
  .... ............  .0000  ... ................................................
  .... ............  .0000  ... ................................................
  .... ............         ... ................................................
  .... ............         ... ................................................
  .... ............         ... ................................................
  .... ............         ... ................................................
  .... ............         ... ................................................
  .... ............         ... ................................................
  .... ............         ... ................................................
  .... ............         ... ................................................
     A fwd_port_0
  
  tc  sb  rb  tib ab  st  srams       mapram  ov  gw pay 2p
  B.  C.  ..  DF  ..  ..  D.........  ......  ..  C.  ..  .
  ..  ..  ..  ..  ..  ..  ..........  ......  ..  ..  ..  .
  ..  ..  ..  ..  ..  ..  ..........  ......  ..  ..  ..  .
  ..  ..  ..  ..  ..  ..  ..........  ......  ..  ..  ..  .
  ..  ..  ..  ..  ..  ..  ..........  ......  ..  ..  ..  .
  ..  ..  ..  ..  ..  ..  ..........  ......  ..  ..  ..  .
  ..  ..  ..  ..  ..  ..  ..........  ......  ..  ..  ..  .
  ..  E.  A.  ..  ..  ..  A.........  ......  ..  E.  ..  .
  ..                                                      
  ..                                                      
  ..                                                      
  ..                                                      
     A fwd_port_0
     B is_verify_tbl_0
     C is_verify_tbl_0$gw
     D is_verify_tbl_0$tind
     E tbl_flep_process377$gw
     F tbl_flep_process377$tind
  
can't place tbl_setfleptopo in stage 0 : dependency on table tbl_flep_process377
Stage 1
  exact ixbar groups                  ternary ixbar groups
  A0B0C2C3........................  .......... .. ..........
  ................................  .......... .. ..........
  ................................  .......... .. ..........
  ................................  .......... .. ..........
  ................................  .......... .. ..........
  ................................  .......... .. ..........
  ................................
  ................................
     A B3 (tbl_flep_process397$gw, tbl_flep_process407$gw, tbl_setfleptopo$gw)
     B B5 (tbl_flep_process397$gw, tbl_flep_process407$gw, tbl_setfleptopo$gw)
     C W7 (tbl_flep_process407$gw)
  hash select bits  Groups  hd  /- hash dist bits --- (Groups: -1 -1)
  .... A...........  A0001  ... ................................................
  .... ............  .0000  ... ................................................
  .... ............  .0000  ... ................................................
  .... ............  .0000  ... ................................................
  .... ............  .0000  ... ................................................
  .... ............  .0000  ... ................................................
  .... ............  .0000  ... ................................................
  .... ............  .0000  ... ................................................
  .... ............         ... ................................................
  .... ............         ... ................................................
  .... ............         ... ................................................
  .... ............         ... ................................................
  .... ............         ... ................................................
  .... ............         ... ................................................
  .... ............         ... ................................................
  .... ............         ... ................................................
     A tbl_flep_process407$gw
  
  tc  sb  rb  tib ab  st  srams       mapram  ov  gw pay 2p
  ..  DB  ..  EC  ..  ..  ..........  ......  ..  DB  ..  .
  ..  G.  ..  HA  ..  ..  ..........  ......  ..  G.  ..  .
  ..  ..  ..  ..  ..  ..  ..........  ......  ..  ..  ..  .
  ..  ..  ..  ..  ..  ..  ..........  ......  ..  ..  ..  .
  ..  ..  ..  ..  ..  ..  ..........  ......  ..  ..  ..  .
  ..  ..  ..  ..  ..  ..  ..........  ......  ..  ..  ..  .
  ..  ..  ..  ..  ..  ..  ..........  ......  ..  ..  ..  .
  ..  ..  ..  ..  F.  ..  ....F.....  ......  ..  ..  ..  .
  ..                                                      
  ..                                                      
  ..                                                      
  ..                                                      
     A tbl_drop$tind
     B tbl_flep_process397$gw
     C tbl_flep_process397$tind
     D tbl_flep_process407$gw
     E tbl_flep_process407$tind
     F tbl_setfleptopo$action_data
     G tbl_setfleptopo$gw
     H tbl_setfleptopo$tind
  
can't place multicast_send_fleptopo_0 in stage 1 : dependency on table tbl_setfleptopo
can't place tbl_flep_process399 in stage 1 : dependency on table tbl_flep_process397
can't place tbl_flep_process410 in stage 1 : dependency on table tbl_flep_process407
Stage 2
  exact ixbar groups                  ternary ixbar groups
  A0..............................  .......... .. ..........
  ................................  .......... .. ..........
  ................................  .......... .. ..........
  ................................  .......... .. ..........
  ................................  .......... .. ..........
  ................................  .......... .. ..........
  ................................
  ................................
     A B3 (multicast_send_fleptopo_0)
  hash select bits  Groups  hd  /- hash dist bits --- (Groups: -1 -1)
  A... ............  A0001  ... ................................................
  .... ............  .0000  ... ................................................
  .... ............  .0000  ... ................................................
  .... ............  .0000  ... ................................................
  .... ............  .0000  ... ................................................
  .... ............  .0000  ... ................................................
  .... ............  .0000  ... ................................................
  .... ............  .0000  ... ................................................
  .... ............         ... ................................................
  .... ............         ... ................................................
  .... ............         ... ................................................
  .... ............         ... ................................................
  .... ............         ... ................................................
  .... ............         ... ................................................
  .... ............         ... ................................................
  .... ............         ... ................................................
     A multicast_send_fleptopo_0
  
  tc  sb  rb  tib ab  st  srams       mapram  ov  gw pay 2p
  ..  ..  ..  BC  ..  ..  ..........  ......  ..  ..  ..  .
  ..  ..  ..  ..  ..  ..  ..........  ......  ..  ..  ..  .
  ..  ..  ..  ..  ..  ..  ..........  ......  ..  ..  ..  .
  ..  ..  ..  ..  ..  ..  ..........  ......  ..  ..  ..  .
  ..  ..  ..  ..  ..  ..  ..........  ......  ..  ..  ..  .
  ..  ..  ..  ..  ..  ..  ..........  ......  ..  ..  ..  .
  ..  ..  ..  ..  ..  ..  ..........  ......  ..  ..  ..  .
  ..  A.  A.  ..  ..  ..  A.........  ......  ..  ..  ..  .
  ..                                                      
  ..                                                      
  ..                                                      
  ..                                                      
     A multicast_send_fleptopo_0
     B tbl_flep_process399$tind
     C tbl_flep_process410$tind
  
can't place get_port_index_0 in stage 2 : dependency on table tbl_flep_process410
Stage 3
  exact ixbar groups                  ternary ixbar groups
  A0A1............................  .......... .. ..........
  ................................  .......... .. ..........
  ................................  .......... .. ..........
  ................................  .......... .. ..........
  ................................  .......... .. ..........
  ................................  .......... .. ..........
  ................................
  ................................
     A W5 (get_port_index_0)
  hash select bits  Groups  hd  /- hash dist bits --- (Groups: -1 -1)
  AAAA ............  A0001  ... ................................................
  .... ............  .0000  ... ................................................
  .... ............  .0000  ... ................................................
  .... ............  .0000  ... ................................................
  .... ............  .0000  ... ................................................
  .... ............  .0000  ... ................................................
  .... ............  .0000  ... ................................................
  .... ............  .0000  ... ................................................
  .... ............         ... ................................................
  .... ............         ... ................................................
  .... ............         ... ................................................
  .... ............         ... ................................................
  .... ............         ... ................................................
  .... ............         ... ................................................
  .... ............         ... ................................................
  .... ............         ... ................................................
     A get_port_index_0
  
  tc  sb  rb  tib ab  st  srams       mapram  ov  gw pay 2p
  ..  ..  ..  ..  ..  ..  ..........  ......  ..  ..  ..  .
  ..  ..  ..  ..  ..  ..  ..........  ......  ..  ..  ..  .
  ..  ..  ..  ..  ..  ..  ..........  ......  ..  ..  ..  .
  ..  ..  ..  ..  ..  ..  ..........  ......  ..  ..  ..  .
  ..  ..  ..  ..  ..  ..  ..........  ......  ..  ..  ..  .
  ..  ..  ..  ..  ..  ..  ..........  ......  ..  ..  ..  .
  ..  ..  ..  ..  ..  ..  ..........  ......  ..  ..  ..  .
  ..  A.  A.  ..  ..  ..  AAAA......  ......  ..  ..  ..  .
  ..                                                      
  ..                                                      
  ..                                                      
  ..                                                      
     A get_port_index_0
  
can't place tbl_flep_process199 in stage 3 : dependency on table get_port_index_0
can't place tbl_flep_process214 in stage 3 : dependency on table get_port_index_0
can't place tbl_flep_process229 in stage 3 : dependency on table get_port_index_0
Stage 4
  exact ixbar groups                  ternary ixbar groups
  ......E3........C0C1C2C3A0B1B0..  .......... .. ..........
  ................E0E1............  .......... .. ..........
  ................D0D1............  .......... .. ..........
  ................................  .......... .. ..........
  ................................  .......... .. ..........
  ................................  .......... .. ..........
  ................................
  ................................
     A B5 (tbl_flep_process442$gw)
     B H6 (flep_processing_0)
     C W2 (tbl_flep_process229$salu)
     D W3 (tbl_flep_process199$salu)
     E W5 (tbl_flep_process199$hash_dist0, tbl_flep_process214$hash_dist0, tbl_flep_process214$salu, tbl_flep_process229$hash_dist0)
  hash select bits  Groups  hd  /- hash dist bits --- (Groups: 0 -1)
  .... ............  C0001  ... CCCCCCCC........BBBBBBBB........................
  AAAA ............  A0002  ... ................................................
  .... ............  .0000  ... ................................................
  .... ............  .0000  ... ................................................
  .... ............  .0000  ... ................................................
  .... ............  .0000  ... ................................................
  .... ............  .0000  ... ................................................
  .... ............  .0000  ... ................................................
  .... ............         ... ................................................
  .... ............         ... ................................................
  .... ............         ... ................................................
  .... ............         ... ................................................
  .... ............         ... ................................................
  .... ............         ... ................................................
  .... ............         ... ................................................
  .... ............         ... ................................................
     A flep_processing_0
     B tbl_flep_process214$hash_dist
     C tbl_flep_process229$hash_dist
  
  tc  sb  rb  tib ab  st  srams       mapram  ov  gw pay 2p
  ..  F.  BE  L.  ..  ..  ..........  ......  ..  CF  ..  .
  ..  I.  H.  ..  ..  ..  ..........  ......  ..  I.  ..  .
  ..  ..  ..  ..  ..  ..  ..........  ......  ..  ..  ..  .
  ..  ..  ..  ..  ..  ..  ....JJ....  JJ....  ..  ..  ..  J
  ..  ..  ..  ..  ..  ..  ..........  ......  ..  ..  ..  .
  ..  ..  ..  ..  ..  ..  ....GG....  GG....  ..  ..  ..  G
  ..  ..  ..  ..  ..  ..  ..........  ......  ..  ..  ..  .
  ..  K.  A.  ..  ..  ..  AAAADD....  DD....  ..  K.  ..  D
  ..                                                      
  ..                                                      
  ..                                                      
  ..                                                      
     A flep_processing_0
     B tbl_flep_process199
     C tbl_flep_process199$gw
     D tbl_flep_process199$salu.Ingress.labeldatacache.bw_register
     E tbl_flep_process214
     F tbl_flep_process214$gw
     G tbl_flep_process214$salu.Ingress.portdatacache.bw_register
     H tbl_flep_process229
     I tbl_flep_process229$gw
     J tbl_flep_process229$salu.Ingress.latencydatacache.bw_register
     K tbl_flep_process442$gw
     L tbl_flep_process442$tind
  
can't place tbl_flep_decapsulation in stage 4 : dependency on table tbl_flep_process442
Stage 5
  exact ixbar groups                  ternary ixbar groups
  A0D1D2D3D0B0C2..B0..............  .......... .. ..........
  ................D0D1D2D3........  .......... .. ..........
  ................................  .......... .. ..........
  ................................  .......... .. ..........
  ................................  .......... .. ..........
  ................................  .......... .. ..........
  ................................
  ................................
     A B0 (tbl_flep_decapsulation$gw)
     B B4 (key_match_tbl_0, tbl_flep_process184$salu)
     C W5 (key_match_tbl_0$gw)
     D W8 (key_match_tbl_0, tbl_flep_process169$salu)
  hash select bits  Groups  hd  /- hash dist bits --- (Groups: -1 -1)
  AAAA ............  A0001  ... ................................................
  .... ............  .0000  ... ................................................
  .... ............  .0000  ... ................................................
  .... ............  .0000  ... ................................................
  .... ............  .0000  ... ................................................
  .... ............  .0000  ... ................................................
  .... ............  .0000  ... ................................................
  .... ............  .0000  ... ................................................
  .... ............         ... ................................................
  .... ............         ... ................................................
  .... ............         ... ................................................
  .... ............         ... ................................................
  .... ............         ... ................................................
  .... ............         ... ................................................
  .... ............         ... ................................................
  .... ............         ... ................................................
     A key_match_tbl_0
  
  tc  sb  rb  tib ab  st  srams       mapram  ov  gw pay 2p
  ..  C.  ..  GI  ..  ..  ..........  ......  ..  C.  ..  .
  ..  ..  ..  KD  ..  ..  ..........  ......  ..  ..  ..  .
  ..  ..  ..  E.  ..  ..  ..........  ......  ..  ..  ..  .
  ..  ..  ..  ..  ..  ..  ....JJ....  JJ....  ..  ..  ..  J
  ..  ..  ..  ..  ..  ..  ..........  ......  ..  ..  ..  .
  ..  ..  ..  ..  ..  ..  ....HH....  HH....  ..  ..  ..  H
  ..  ..  ..  ..  ..  ..  ..........  ......  ..  ..  ..  .
  ..  B.  A.  ..  ..  ..  AAAAFF....  FF....  ..  B.  ..  F
  ..                                                      
  ..                                                      
  ..                                                      
  ..                                                      
     A key_match_tbl_0
     B key_match_tbl_0$gw
     C tbl_flep_decapsulation$gw
     D tbl_flep_decapsulation$tind
     E tbl_flep_process154$tind
     F tbl_flep_process154_0$salu.Ingress.pkt_counter.bw_register
     G tbl_flep_process154_0$tind
     H tbl_flep_process169$salu.Ingress.keydatacache.bw_register
     I tbl_flep_process169$tind
     J tbl_flep_process184$salu.Ingress.keyindexdatacache.bw_register
     K tbl_flep_process184$tind
  
