+---------------------------------------------------------------------+
|  Log file: mau.characterize.log                                     |
|  Compiler version: 9.13.2 (1baf055)                                 |
|  Created on: Sun Sep  7 21:52:06 2025                               |
|  Run ID: 175ba4a4b5f943bf                                           |
+---------------------------------------------------------------------+

Match+Action Resource Usage
------------------------------------------------------------------------------------------------------------------------------------------------------------------------------------------------------------------------------------------------------------------------------------------------------------------------------------------
|                1                |    2    |   3    |    4    |  5   |        6        |   7   |          8          |       9       |    10   |   11  |          12         |      13      |       14       |       15      |   16   |      17      |       18      |      19      |       20      |       21       |        22       |
|              Table              |   Dir   | Stage  |    P4   | Mem  |      Total      | Total |        Table        |     Match     |   TCAM  |  SRAM |        Match        |     Imm.     |      TCAM      |      SRAM     |   P4   |    Action    |     Ideal     |    Actual    |      TCAM     |      SRAM      |       SRAM      |
|               Name              |         |        |  Lookup | Type |      SRAMs      | TCAMs |       Entries       |      Bits     |  Over-  | Over- |       Overhead      |    Action    |      Bits      |      Bits     | Action |     Bits     |     Match     |    Match     |     Match     |     Match      |      Action     |
|                                 |         |        | Type(s) |      | TOT(M/A/S/MT/I) |       |      Requested      |      Per      |   head  |  head |      Structure      |     Data     |      Per       |      Per      |  Bits  |     Per      |    Entries-   |   Entries-   |    Packing    |    Packing     |     Packing     |
|                                 |         |        |         |      |     (legend     |       |          /          |     Entry     |   Bits  |  Bits | NT/AI/AD/M/S/SL/V/I |      in      |     Entry      |     Entry     |        |    Entry     |     Number    |    Number    |      Eff.     |      Eff.      |       Eff.      |
|                                 |         |        |         |      |      below)     |       |      Allocated      |   R/A(diff)   |   Per   |  Per  |       (legend       |   Overhead   |   R/A(diff)    |   R/A(diff)   |        |  R/A(diff)   |      Per      |     Per      |     Ideal/    |     Ideal/     |      Ideal/     |
|                                 |         |        |         |      |                 |       |        (diff)       |               |  Entry  | Entry |        below)       |  R/A(diff)   |                |               |        |              |     Memory    |    Memory    |     Actual    |     Actual     |      Actual     |
|                                 |         |        |         |      |                 |       |                     |               | ver/vld |       |                     |              |                |               |        |              |     Units     |    Units     |               |                |                 |
|                                 |         |        |         |      |                 |       |                     |               |         |       |                     |              |                |               |        |              |     (bits)    |    (bits)    |               |                |                 |
------------------------------------------------------------------------------------------------------------------------------------------------------------------------------------------------------------------------------------------------------------------------------------------------------------------------------------------
|   IngressParser.$PORT_METADATA  | ingress | parser |  exact  | buf  |  0 (0/0/0/0/0)  |   0   |    288 / 288 (0)    |   9 / 0 (-9)  |    0    |   0   |   0/0/0/0/0/0/0/0   | 64 / 0 (-64) |   0 / 0 (0)    |   0 / 0 (0)   |   64   |  0 / 0 (0)   |  1 in 2 (128) | 1 in 1 (64)  |     - / -     |     - / -      |      - / -      |
|                                 |         |        |         |      |                 |       |                     |               |         |       |                     |              |                |               |        |              |               |              |               |                |                 |
|         Ingress.fwd_port        | ingress |   0    |  exact  | sram |  1 (1/0/0/0/0)  |   0   |  256 / 5120 (4864)  |   9 / 1 (-8)  |    0    |   13  |   0/0/0/0/0/0/4/9   |  9 / 9 (0)   |   0 / 0 (0)    |  22 / 14 (-8) |   9    |  0 / 0 (0)   |  5 in 1 (128) | 5 in 1 (128) |     - / -     | 70.3% / 35.2%  |      - / -      |
|        tbl_flep_encap459        | ingress |   0    |    -    | sram |  0 (0/0/0/0/0)  |   0   |      0 / 0 (0)      |   0 / 0 (0)   |    0    |   0   |   0/0/0/0/0/0/0/0   |  0 / 0 (0)   |   0 / 0 (0)    |   0 / 0 (0)   |   0    |  0 / 0 (0)   |   0 in 0 (0)  |  1 in 0 (0)  |     - / -     |     - / -      |      - / -      |
|       Egress.is_verify_tbl      |  egress |   0    | ternary | tcam |  1 (0/0/0/0/1)  |   1   |   256 / 512 (256)   |  32 / 32 (0)  |    0    |   0   |   0/0/0/0/0/0/0/0   |  0 / 0 (0)   |  36 / 44 (8)   |   0 / 4 (4)   |   0    |  0 / 0 (0)   |  1 in 1 (44)  | 1 in 1 (44)  | 72.7% / 72.7% |     - / -      |      - / -      |
|          stage 0 totals         |    -    |   -    |    -    |  -   |  2 (1/0/0/0/1)  |   1   |          -          |       -       |    -    |   -   |          -          |      -       |       -        |       -       |   -    |      -       |       -       |      -       |       -       |       -        |        -        |
|                                 |         |        |         |      |                 |       |                     |               |         |       |                     |              |                |               |        |              |               |              |               |                |                 |
|             tbl_drop            | ingress |   1    |    -    | sram |  0 (0/0/0/0/0)  |   0   |      0 / 0 (0)      |   0 / 0 (0)   |    0    |   0   |   0/0/0/0/0/0/0/0   |  0 / 0 (0)   |   0 / 0 (0)    |   0 / 0 (0)   |   0    |  0 / 0 (0)   |   0 in 0 (0)  |  1 in 0 (0)  |     - / -     |     - / -      |      - / -      |
|        tbl_flep_encap479        | ingress |   1    |    -    | sram |  0 (0/0/0/0/0)  |   0   |      0 / 0 (0)      |   0 / 0 (0)   |    0    |   23  |   0/0/0/0/0/0/0/23  | 23 / 23 (0)  |   0 / 0 (0)    |   0 / 0 (0)   |   0    |  0 / 0 (0)   |   0 in 0 (0)  |  1 in 0 (0)  |     - / -     |     - / -      |      - / -      |
|        tbl_flep_encap489        | ingress |   1    |    -    | sram |  0 (0/0/0/0/0)  |   0   |      0 / 0 (0)      |   0 / 0 (0)   |    0    |   0   |   0/0/0/0/0/0/0/0   |  0 / 0 (0)   |   0 / 0 (0)    |   0 / 0 (0)   |   0    |  0 / 0 (0)   |   0 in 0 (0)  |  1 in 0 (0)  |     - / -     |     - / -      |      - / -      |
|         tbl_setfleptopo         | ingress |   1    |    -    | sram |  1 (0/1/0/0/0)  |   0   |      0 / 0 (0)      |   0 / 0 (0)   |    0    |   32  |   0/0/0/0/0/0/0/32  | 32 / 32 (0)  |   0 / 0 (0)    |   0 / 0 (0)   |   0    | 0 / 32 (32)  |   0 in 0 (0)  |  1 in 0 (0)  |     - / -     |     - / -      |   0.0% / 0.0%   |
|      Egress.insert_key_tbl      |  egress |   1    | ternary | tcam |  2 (0/1/0/0/1)  |   1   |   256 / 512 (256)   |   8 / 8 (0)   |    0    |   0   |   0/0/0/0/0/0/0/0   |  0 / 0 (0)   |  12 / 44 (32)  |   0 / 4 (4)   |   40   | 40 / 64 (24) |  1 in 1 (44)  | 1 in 1 (44)  | 18.2% / 18.2% |     - / -      |  93.8% / 62.5%  |
|       Egress.key_match_tbl      |  egress |   1    |  exact  | sram |  4 (4/0/0/0/0)  |   0   | 256 / 12288 (12032) |  40 / 31 (-9) |    0    |   4   |   0/0/0/0/0/0/4/0   |  0 / 0 (0)   |   0 / 0 (0)    |  44 / 35 (-9) |   0    |  0 / 0 (0)   | 16 in 5 (640) | 3 in 1 (128) |     - / -     | 100.0% / 70.3% |      - / -      |
|          stage 1 totals         |    -    |   -    |    -    |  -   |  7 (4/2/0/0/1)  |   1   |          -          |       -       |    -    |   -   |          -          |      -       |       -        |       -       |   -    |      -       |       -       |      -       |       -       |       -        |        -        |
|                                 |         |        |         |      |                 |       |                     |               |         |       |                     |              |                |               |        |              |               |              |               |                |                 |
| Ingress.multicast_send_fleptopo | ingress |   2    |  exact  | sram |  1 (1/0/0/0/0)  |   0   |   8 / 3072 (3064)   |   4 / 1 (-3)  |    0    |   20  |   0/0/0/0/0/0/4/16  | 16 / 16 (0)  |   0 / 0 (0)    |  24 / 21 (-3) |   16   |  0 / 0 (0)   |  5 in 1 (128) | 3 in 1 (128) |     - / -     | 78.1% / 37.5%  |      - / -      |
|        tbl_flep_encap481        | ingress |   2    |    -    | sram |  0 (0/0/0/0/0)  |   0   |      0 / 0 (0)      |   0 / 0 (0)   |    0    |   0   |   0/0/0/0/0/0/0/0   |  0 / 0 (0)   |   0 / 0 (0)    |   0 / 0 (0)   |   0    |  0 / 0 (0)   |   0 in 0 (0)  |  1 in 0 (0)  |     - / -     |     - / -      |      - / -      |
|        tbl_flep_encap492        | ingress |   2    |    -    | sram |  0 (0/0/0/0/0)  |   0   |      0 / 0 (0)      |   0 / 0 (0)   |    0    |   0   |   0/0/0/0/0/0/0/0   |  0 / 0 (0)   |   0 / 0 (0)    |   0 / 0 (0)   |   0    |  0 / 0 (0)   |   0 in 0 (0)  |  1 in 0 (0)  |     - / -     |     - / -      |      - / -      |
|     Egress.insert_ipv4_label    |  egress |   2    |  exact  | sram |  6 (4/2/0/0/0)  |   0   |  256 / 4096 (3840)  |  24 / 17 (-7) |    0    |   20  |   0/0/0/0/0/0/4/16  | 16 / 16 (0)  |   0 / 0 (0)    |  44 / 37 (-7) |   80   | 64 / 64 (0)  | 16 in 5 (640) | 1 in 1 (128) |     - / -     | 100.0% / 23.4% | 100.0% / 100.0% |
|    Egress.insert_past_key_tbl   |  egress |   2    | ternary | tcam |  2 (0/1/0/0/1)  |   1   |   256 / 512 (256)   |   8 / 8 (0)   |    0    |   0   |   0/0/0/0/0/0/0/0   |  0 / 0 (0)   |  12 / 44 (32)  |   0 / 4 (4)   |   40   | 40 / 64 (24) |  1 in 1 (44)  | 1 in 1 (44)  | 18.2% / 18.2% |     - / -      |  93.8% / 62.5%  |
|        tbl_flep_encap855        |  egress |   2    |    -    | sram |  0 (0/0/0/0/0)  |   0   |      0 / 0 (0)      |   0 / 0 (0)   |    0    |   0   |   0/0/0/0/0/0/0/0   |  0 / 0 (0)   |   0 / 0 (0)    |   0 / 0 (0)   |   0    |  0 / 0 (0)   |   0 in 0 (0)  |  1 in 0 (0)  |     - / -     |     - / -      |      - / -      |
|          stage 2 totals         |    -    |   -    |    -    |  -   |  9 (5/3/0/0/1)  |   1   |          -          |       -       |    -    |   -   |          -          |      -       |       -        |       -       |   -    |      -       |       -       |      -       |       -       |       -        |        -        |
|                                 |         |        |         |      |                 |       |                     |               |         |       |                     |              |                |               |        |              |               |              |               |                |                 |
|      Ingress.get_port_index     | ingress |   3    |  exact  | sram |  4 (4/0/0/0/0)  |   0   | 256 / 20480 (20224) |  16 / 6 (-10) |    0    |   12  |   0/0/0/0/0/0/4/8   |  8 / 8 (0)   |   0 / 0 (0)    | 28 / 18 (-10) |   8    |  0 / 0 (0)   |  5 in 1 (128) | 5 in 1 (128) |     - / -     | 93.8% / 54.7%  |      - / -      |
|     Egress.insert_ipv6_label    |  egress |   3    |  exact  | sram |  6 (4/2/0/0/0)  |   0   |  256 / 4096 (3840)  |  24 / 17 (-7) |    0    |   20  |   0/0/0/0/0/0/4/16  | 16 / 16 (0)  |   0 / 0 (0)    |  44 / 37 (-7) |   80   | 64 / 64 (0)  | 16 in 5 (640) | 1 in 1 (128) |     - / -     | 100.0% / 23.4% | 100.0% / 100.0% |
|        tbl_flep_encap831        |  egress |   3    |    -    | sram |  0 (0/0/0/0/0)  |   0   |      0 / 0 (0)      |   0 / 0 (0)   |    0    |   0   |   0/0/0/0/0/0/0/0   |  0 / 0 (0)   |   0 / 0 (0)    |   0 / 0 (0)   |   0    |  0 / 0 (0)   |   0 in 0 (0)  |  1 in 0 (0)  |     - / -     |     - / -      |      - / -      |
|        tbl_flep_encap834        |  egress |   3    |    -    | sram |  0 (0/0/0/0/0)  |   0   |      0 / 0 (0)      |   0 / 0 (0)   |    0    |   12  |   0/0/0/0/0/0/0/12  |  4 / 12 (8)  |   0 / 0 (0)    |   0 / 0 (0)   |   0    |  0 / 0 (0)   |   0 in 0 (0)  |  1 in 0 (0)  |     - / -     |     - / -      |      - / -      |
|        tbl_flep_encap841        |  egress |   3    |    -    | sram |  0 (0/0/0/0/0)  |   0   |      0 / 0 (0)      |   0 / 0 (0)   |    0    |   0   |   0/0/0/0/0/0/0/0   |  0 / 0 (0)   |   0 / 0 (0)    |   0 / 0 (0)   |   0    |  0 / 0 (0)   |   0 in 0 (0)  |  1 in 0 (0)  |     - / -     |     - / -      |      - / -      |
|          stage 3 totals         |    -    |   -    |    -    |  -   |  10 (8/2/0/0/0) |   0   |          -          |       -       |    -    |   -   |          -          |      -       |       -        |       -       |   -    |      -       |       -       |      -       |       -       |       -        |        -        |
|                                 |         |        |         |      |                 |       |                     |               |         |       |                     |              |                |               |        |              |               |              |               |                |                 |
|   Ingress.flep_ipv4_classifier  | ingress |   4    | ternary | tcam |  2 (0/1/0/0/1)  |   4   |   256 / 512 (256)   | 136 / 136 (0) |    0    |   0   |   0/0/0/0/0/0/0/0   |  0 / 0 (0)   | 140 / 176 (36) |   0 / 4 (4)   |   16   | 16 / 64 (48) |  1 in 4 (176) | 1 in 4 (176) | 77.3% / 77.3% |     - / -      |  100.0% / 25.0% |
|   Ingress.flep_ipv6_classifier  | ingress |   4    | ternary | tcam |  2 (0/1/0/0/1)  |   8   |   256 / 512 (256)   | 328 / 328 (0) |    0    |   0   |   0/0/0/0/0/0/0/0   |  0 / 0 (0)   | 332 / 352 (20) |   0 / 4 (4)   |   16   | 16 / 64 (48) |  1 in 8 (352) | 1 in 8 (352) | 93.2% / 93.2% |     - / -      |  100.0% / 25.0% |
|        tbl_flep_encap256        | ingress |   4    |    -    |  -   |  2 (0/0/0/2/0)  |   0   |      0 / 0 (0)      |   0 / 0 (0)   |    0    |   0   |   0/0/0/0/0/0/0/0   |  0 / 0 (0)   |   0 / 0 (0)    |   0 / 0 (0)   |   0    |  0 / 0 (0)   |   0 in 0 (0)  |  0 in 0 (0)  |     - / -     |     - / -      |      - / -      |
|        tbl_flep_encap271        | ingress |   4    |    -    |  -   |  2 (0/0/0/2/0)  |   0   |      0 / 0 (0)      |   0 / 0 (0)   |    0    |   0   |   0/0/0/0/0/0/0/0   |  0 / 0 (0)   |   0 / 0 (0)    |   0 / 0 (0)   |   0    |  0 / 0 (0)   |   0 in 0 (0)  |  0 in 0 (0)  |     - / -     |     - / -      |      - / -      |
|        tbl_flep_encap286        | ingress |   4    |    -    |  -   |  2 (0/0/0/2/0)  |   0   |      0 / 0 (0)      |   0 / 0 (0)   |    0    |   0   |   0/0/0/0/0/0/0/0   |  0 / 0 (0)   |   0 / 0 (0)    |   0 / 0 (0)   |   0    |  0 / 0 (0)   |   0 in 0 (0)  |  0 in 0 (0)  |     - / -     |     - / -      |      - / -      |
|      Egress.flep_processing     |  egress |   4    |  exact  | sram |  4 (4/0/0/0/0)  |   0   | 256 / 20480 (20224) |  16 / 7 (-9)  |    0    |   13  |   0/0/0/0/0/0/4/9   |  9 / 9 (0)   |   0 / 0 (0)    |  29 / 20 (-9) |   9    |  0 / 0 (0)   |  5 in 1 (128) | 5 in 1 (128) |     - / -     | 97.7% / 58.6%  |      - / -      |
|          stage 4 totals         |    -    |   -    |    -    |  -   |  14 (4/2/0/6/2) |   12  |          -          |       -       |    -    |   -   |          -          |      -       |       -        |       -       |   -    |      -       |       -       |      -       |       -       |       -        |        -        |
|                                 |         |        |         |      |                 |       |                     |               |         |       |                     |              |                |               |        |              |               |              |               |                |                 |
|         Ingress.ipv4_lpm        | ingress |   5    |   lpm   | tcam |  1 (0/0/0/0/1)  |   1   |   256 / 512 (256)   |  32 / 32 (0)  |    0    |   9   |   0/0/0/0/0/0/0/9   |  9 / 9 (0)   |  36 / 44 (8)   |   9 / 16 (7)  |   9    |  0 / 0 (0)   |  1 in 1 (44)  | 1 in 1 (44)  | 72.7% / 72.7% | 98.4% / 56.2%  |      - / -      |
|         Ingress.ipv6_lpm        | ingress |   5    |   lpm   | tcam |  1 (0/0/0/0/1)  |   3   |   256 / 512 (256)   | 128 / 128 (0) |    0    |   9   |   0/0/0/0/0/0/0/9   |  9 / 9 (0)   | 132 / 132 (0)  |   9 / 16 (7)  |   9    |  0 / 0 (0)   |  1 in 3 (132) | 1 in 3 (132) | 97.0% / 97.0% | 98.4% / 56.2%  |      - / -      |
|        tbl_flep_encap519        | ingress |   5    |    -    | sram |  0 (0/0/0/0/0)  |   0   |      0 / 0 (0)      |   0 / 0 (0)   |    0    |   0   |   0/0/0/0/0/0/0/0   |  0 / 0 (0)   |   0 / 0 (0)    |   0 / 0 (0)   |   0    |  0 / 0 (0)   |   0 in 0 (0)  |  1 in 0 (0)  |     - / -     |     - / -      |      - / -      |
|       tbl_flep_encap841_0       |  egress |   5    |    -    | sram |  0 (0/0/0/0/0)  |   0   |      0 / 0 (0)      |   0 / 0 (0)   |    0    |   0   |   0/0/0/0/0/0/0/0   |  0 / 0 (0)   |   0 / 0 (0)    |   0 / 0 (0)   |   0    |  0 / 0 (0)   |   0 in 0 (0)  |  1 in 0 (0)  |     - / -     |     - / -      |      - / -      |
|          stage 5 totals         |    -    |   -    |    -    |  -   |  2 (0/0/0/0/2)  |   4   |          -          |       -       |    -    |   -   |          -          |      -       |       -        |       -       |   -    |      -       |       -       |      -       |       -       |       -        |        -        |
|                                 |         |        |         |      |                 |       |                     |               |         |       |                     |              |                |               |        |              |               |              |               |                |                 |
|        tbl_flep_encap529        | ingress |   6    |    -    | sram |  0 (0/0/0/0/0)  |   0   |      0 / 0 (0)      |   0 / 0 (0)   |    0    |   0   |   0/0/0/0/0/0/0/0   |  0 / 0 (0)   |   0 / 0 (0)    |   0 / 0 (0)   |   0    |  0 / 0 (0)   |   0 in 0 (0)  |  1 in 0 (0)  |     - / -     |     - / -      |      - / -      |
|        tbl_flep_encap534        | ingress |   6    |    -    | sram |  0 (0/0/0/0/0)  |   0   |      0 / 0 (0)      |   0 / 0 (0)   |    0    |   0   |   0/0/0/0/0/0/0/0   |  0 / 0 (0)   |   0 / 0 (0)    |   0 / 0 (0)   |   0    |  0 / 0 (0)   |   0 in 0 (0)  |  1 in 0 (0)  |     - / -     |     - / -      |      - / -      |
|         tbl_recirculate         | ingress |   6    |    -    | sram |  0 (0/0/0/0/0)  |   0   |      0 / 0 (0)      |   0 / 0 (0)   |    0    |   7   |   0/0/0/0/0/0/0/7   |  7 / 7 (0)   |   0 / 0 (0)    |   0 / 0 (0)   |   0    |  0 / 0 (0)   |   0 in 0 (0)  |  1 in 0 (0)  |     - / -     |     - / -      |      - / -      |
|      tbl_flep_decapsulation     |  egress |   6    |    -    | sram |  0 (0/0/0/0/0)  |   0   |      0 / 0 (0)      |   0 / 0 (0)   |    0    |   0   |   0/0/0/0/0/0/0/0   |  0 / 0 (0)   |   0 / 0 (0)    |   0 / 0 (0)   |   0    |  0 / 0 (0)   |   0 in 0 (0)  |  1 in 0 (0)  |     - / -     |     - / -      |      - / -      |
|          stage 6 totals         |    -    |   -    |    -    |  -   |  0 (0/0/0/0/0)  |   0   |          -          |       -       |    -    |   -   |          -          |      -       |       -        |       -       |   -    |      -       |       -       |      -       |       -       |       -        |        -        |
|                                 |         |        |         |      |                 |       |                     |               |         |       |                     |              |                |               |        |              |               |              |               |                |                 |
|             tbl_send            | ingress |   7    |    -    | sram |  0 (0/0/0/0/0)  |   0   |      0 / 0 (0)      |   0 / 0 (0)   |    0    |   0   |   0/0/0/0/0/0/0/0   |  0 / 0 (0)   |   0 / 0 (0)    |   0 / 0 (0)   |   0    |  0 / 0 (0)   |   0 in 0 (0)  |  1 in 0 (0)  |     - / -     |     - / -      |      - / -      |
|        tbl_flep_encap851        |  egress |   7    |    -    | sram |  0 (0/0/0/0/0)  |   0   |      0 / 0 (0)      |   0 / 0 (0)   |    0    |   0   |   0/0/0/0/0/0/0/0   |  0 / 0 (0)   |   0 / 0 (0)    |   0 / 0 (0)   |   0    |  0 / 0 (0)   |   0 in 0 (0)  |  1 in 0 (0)  |     - / -     |     - / -      |      - / -      |
|        tbl_flep_encap853        |  egress |   7    |    -    | sram |  0 (0/0/0/0/0)  |   0   |      0 / 0 (0)      |   0 / 0 (0)   |    0    |   0   |   0/0/0/0/0/0/0/0   |  0 / 0 (0)   |   0 / 0 (0)    |   0 / 0 (0)   |   0    |  0 / 0 (0)   |   0 in 0 (0)  |  1 in 0 (0)  |     - / -     |     - / -      |      - / -      |
|          stage 7 totals         |    -    |   -    |    -    |  -   |  0 (0/0/0/0/0)  |   0   |          -          |       -       |    -    |   -   |          -          |      -       |       -        |       -       |   -    |      -       |       -       |      -       |       -       |       -        |        -        |
|                                 |         |        |         |      |                 |       |                     |               |         |       |                     |              |                |               |        |              |               |              |               |                |                 |
|     overall totals (ingress)    |    -    |   -    |    -    |  -   |  19 (6/3/0/6/4) |   16  |          -          |       -       |    -    |   -   |          -          |      -       |       -        |       -       |   -    |      -       |       -       |      -       |       -       |       -        |        -        |
|                                 |         |        |         |      |                 |       |                     |               |         |       |                     |              |                |               |        |              |               |              |               |                |                 |
|     overall totals (egress)     |    -    |   -    |    -    |  -   | 25 (16/6/0/0/3) |   3   |          -          |       -       |    -    |   -   |          -          |      -       |       -        |       -       |   -    |      -       |       -       |      -       |       -       |       -        |        -        |
|                                 |         |        |         |      |                 |       |                     |               |         |       |                     |              |                |               |        |              |               |              |               |                |                 |
|          overall totals         |    -    |   -    |    -    |  -   | 44 (22/9/0/6/7) |   19  |          -          |       -       |    -    |   -   |          -          |      -       |       -        |       -       |   -    |      -       |       -       |      -       |       -       |       -        |        -        |
------------------------------------------------------------------------------------------------------------------------------------------------------------------------------------------------------------------------------------------------------------------------------------------------------------------------------------------

Total SRAMs Legend:
TOT (M/A/S/MT/I)
TOT = Total
M = Match
A = Action
S = Statistics
MT = Meter / Stateful / Selection
I = Ternary Indirection

Match Overhead Structure Legend:
NT/AI/AD/M/S/SL/V/I
NT = Next Table Pointer
AI = Action Instruction Pointer
AD = Action Data Pointer
M = Meter/Selection/Stateful Pointer
S = Statistics Pointer
SL = Selection Length
V = Entry Version
I = Immediate Action Data





+----------------------------------------------------------------+
    OVERHEAD STRUCTURES
+----------------------------------------------------------------+

+----------------------------------------------------------------+
   Egress.flep_processing
+----------------------------------------------------------------+
Match Overhead:
  Field --version_valid-- [3:0] (4 bits)
  Field --immediate-- [8:0] (9 bits)

  Total bits: 13
+----------------------------------------------------------------+
   Egress.insert_ipv4_label
+----------------------------------------------------------------+
Match Overhead:
  Field --version_valid-- [3:0] (4 bits)
  Field --immediate-- [15:0] (16 bits)

  Total bits: 20
+----------------------------------------------------------------+
   Egress.insert_ipv6_label
+----------------------------------------------------------------+
Match Overhead:
  Field --version_valid-- [3:0] (4 bits)
  Field --immediate-- [15:0] (16 bits)

  Total bits: 20
+----------------------------------------------------------------+
   Egress.insert_key_tbl
+----------------------------------------------------------------+
Match Overhead:

  Total bits: 0
+----------------------------------------------------------------+
   Egress.insert_past_key_tbl
+----------------------------------------------------------------+
Match Overhead:

  Total bits: 0
+----------------------------------------------------------------+
   Egress.is_verify_tbl
+----------------------------------------------------------------+
Match Overhead:

  Total bits: 0
+----------------------------------------------------------------+
   Egress.key_match_tbl
+----------------------------------------------------------------+
Match Overhead:
  Field --version_valid-- [3:0] (4 bits)

  Total bits: 4
+----------------------------------------------------------------+
   Ingress.flep_ipv4_classifier
+----------------------------------------------------------------+
Match Overhead:

  Total bits: 0
+----------------------------------------------------------------+
   Ingress.flep_ipv6_classifier
+----------------------------------------------------------------+
Match Overhead:

  Total bits: 0
+----------------------------------------------------------------+
   Ingress.fwd_port
+----------------------------------------------------------------+
Match Overhead:
  Field --version_valid-- [3:0] (4 bits)
  Field --immediate-- [8:0] (9 bits)

  Total bits: 13
+----------------------------------------------------------------+
   Ingress.get_port_index
+----------------------------------------------------------------+
Match Overhead:
  Field --version_valid-- [3:0] (4 bits)
  Field --immediate-- [7:0] (8 bits)

  Total bits: 12
+----------------------------------------------------------------+
   Ingress.ipv4_lpm
+----------------------------------------------------------------+
Match Overhead:
  Field --immediate-- [8:0] (9 bits)

  Total bits: 9
+----------------------------------------------------------------+
   Ingress.ipv6_lpm
+----------------------------------------------------------------+
Match Overhead:
  Field --immediate-- [8:0] (9 bits)

  Total bits: 9
+----------------------------------------------------------------+
   Ingress.multicast_send_fleptopo
+----------------------------------------------------------------+
Match Overhead:
  Field --version_valid-- [3:0] (4 bits)
  Field --immediate-- [15:0] (16 bits)

  Total bits: 20
+----------------------------------------------------------------+
   IngressParser.$PORT_METADATA
+----------------------------------------------------------------+
Match Overhead:

  Total bits: 0
+----------------------------------------------------------------+
   tbl_drop
+----------------------------------------------------------------+
Match Overhead:

  Total bits: 0
+----------------------------------------------------------------+
   tbl_flep_decapsulation
+----------------------------------------------------------------+
Match Overhead:

  Total bits: 0
+----------------------------------------------------------------+
   tbl_flep_encap256
+----------------------------------------------------------------+
Match Overhead:

  Total bits: 0
+----------------------------------------------------------------+
   tbl_flep_encap271
+----------------------------------------------------------------+
Match Overhead:

  Total bits: 0
+----------------------------------------------------------------+
   tbl_flep_encap286
+----------------------------------------------------------------+
Match Overhead:

  Total bits: 0
+----------------------------------------------------------------+
   tbl_flep_encap459
+----------------------------------------------------------------+
Match Overhead:

  Total bits: 0
+----------------------------------------------------------------+
   tbl_flep_encap479
+----------------------------------------------------------------+
Match Overhead:
  Field --immediate-- [22:0] (23 bits)

  Total bits: 23
+----------------------------------------------------------------+
   tbl_flep_encap481
+----------------------------------------------------------------+
Match Overhead:

  Total bits: 0
+----------------------------------------------------------------+
   tbl_flep_encap489
+----------------------------------------------------------------+
Match Overhead:

  Total bits: 0
+----------------------------------------------------------------+
   tbl_flep_encap492
+----------------------------------------------------------------+
Match Overhead:

  Total bits: 0
+----------------------------------------------------------------+
   tbl_flep_encap519
+----------------------------------------------------------------+
Match Overhead:

  Total bits: 0
+----------------------------------------------------------------+
   tbl_flep_encap529
+----------------------------------------------------------------+
Match Overhead:

  Total bits: 0
+----------------------------------------------------------------+
   tbl_flep_encap534
+----------------------------------------------------------------+
Match Overhead:

  Total bits: 0
+----------------------------------------------------------------+
   tbl_flep_encap831
+----------------------------------------------------------------+
Match Overhead:

  Total bits: 0
+----------------------------------------------------------------+
   tbl_flep_encap834
+----------------------------------------------------------------+
Match Overhead:
  Field --immediate-- [11:0] (12 bits)

  Total bits: 12
+----------------------------------------------------------------+
   tbl_flep_encap841
+----------------------------------------------------------------+
Match Overhead:

  Total bits: 0
+----------------------------------------------------------------+
   tbl_flep_encap841_0
+----------------------------------------------------------------+
Match Overhead:

  Total bits: 0
+----------------------------------------------------------------+
   tbl_flep_encap851
+----------------------------------------------------------------+
Match Overhead:

  Total bits: 0
+----------------------------------------------------------------+
   tbl_flep_encap853
+----------------------------------------------------------------+
Match Overhead:

  Total bits: 0
+----------------------------------------------------------------+
   tbl_flep_encap855
+----------------------------------------------------------------+
Match Overhead:

  Total bits: 0
+----------------------------------------------------------------+
   tbl_recirculate
+----------------------------------------------------------------+
Match Overhead:
  Field --immediate-- [6:0] (7 bits)

  Total bits: 7
+----------------------------------------------------------------+
   tbl_send
+----------------------------------------------------------------+
Match Overhead:

  Total bits: 0
+----------------------------------------------------------------+
   tbl_setfleptopo
+----------------------------------------------------------------+
Match Overhead:
  Field --immediate-- [31:0] (32 bits)

  Total bits: 32





+----------------------------------------------------------------+
    MATCH AND ACTION FORMATS
+----------------------------------------------------------------+

+----------------------------------------------------------------+
  Egress.flep_processing
+----------------------------------------------------------------+
+------------------------------------------------+
   Match format for Egress.flep_processing
+------------------------------------------------+
Stage 4:
Pack Format:
  table_word_width: 128
  memory_word_width: 128
  entries_per_table_word: 5
  number_memory_units_per_table_word: 1
  entry_list: [
    entry_number : 4
    field_list : [
       Field action [0:0]                  : in bits [4:4]
       Field immediate [8:0]               : in bits [49:41]
       Field version [3:0]                 : in bits [91:88]
       Field hdr.flabels$0.label [15:10]   : in bits [87:82]
    ]
    entry_number : 3
    field_list : [
       Field action [0:0]                  : in bits [3:3]
       Field immediate [8:0]               : in bits [40:32]
       Field version [3:0]                 : in bits [127:124]
       Field hdr.flabels$0.label [15:10]   : in bits [79:74]
    ]
    entry_number : 2
    field_list : [
       Field action [0:0]                  : in bits [2:2]
       Field immediate [8:0]               : in bits [31:23]
       Field version [3:0]                 : in bits [123:120]
       Field hdr.flabels$0.label [15:10]   : in bits [71:66]
    ]
    entry_number : 1
    field_list : [
       Field action [0:0]                  : in bits [1:1]
       Field immediate [8:0]               : in bits [22:14]
       Field version [3:0]                 : in bits [119:116]
       Field hdr.flabels$0.label [15:10]   : in bits [63:58]
    ]
    entry_number : 0
    field_list : [
       Field action [0:0]                  : in bits [0:0]
       Field immediate [8:0]               : in bits [13:5]
       Field version [3:0]                 : in bits [115:112]
       Field hdr.flabels$0.label [15:10]   : in bits [55:50]
    ]
  ]
+----------------------------------------------------------------+
  Egress.insert_ipv4_label
+----------------------------------------------------------------+
+------------------------------------------------+
   Match format for Egress.insert_ipv4_label
+------------------------------------------------+
Stage 2:
Pack Format:
  table_word_width: 128
  memory_word_width: 128
  entries_per_table_word: 1
  number_memory_units_per_table_word: 1
  entry_list: [
    entry_number : 0
    field_list : [
       Field action [2:0]                      : in bits [2:0]
       Field immediate [15:0]                  : in bits [18:3]
       Field version [3:0]                     : in bits [115:112]
       Field hdr.insert.recir_count [7:2]      : in bits [47:42]
       Field hdr.insert.identify_index [7:0]   : in bits [39:32]
    ]
  ]

Action Egress.flep_encap_1_label
---------------------------
Pack Format:
  table_word_width: 128
  memory_word_width: 128
  entries_per_table_word: 2
  number_memory_units_per_table_word: 1
  entry_list: [
    entry_number : 1
    field_list : [
       Field label1 [15:0]              : in bits [79:64]
       Field --padding_16_63-- [47:0]   : in bits [127:80]
    ]
    entry_number : 0
    field_list : [
       Field label1 [15:0]              : in bits [15:0]
       Field --padding_16_63-- [47:0]   : in bits [63:16]
    ]
  ]

Action data bus usage:
Stage: 2
No action parameter mapping provided.  Action data bus usage will not be displayed.

Action Egress.flep_encap_2_label
---------------------------
Pack Format:
  table_word_width: 128
  memory_word_width: 128
  entries_per_table_word: 2
  number_memory_units_per_table_word: 1
  entry_list: [
    entry_number : 1
    field_list : [
       Field label2 [15:0]              : in bits [79:64]
       Field label1 [15:0]              : in bits [95:80]
       Field --padding_32_63-- [31:0]   : in bits [127:96]
    ]
    entry_number : 0
    field_list : [
       Field label2 [15:0]              : in bits [15:0]
       Field label1 [15:0]              : in bits [31:16]
       Field --padding_32_63-- [31:0]   : in bits [63:32]
    ]
  ]

Action data bus usage:
Stage: 2
No action parameter mapping provided.  Action data bus usage will not be displayed.

Action Egress.flep_encap_3_label
---------------------------
Pack Format:
  table_word_width: 128
  memory_word_width: 128
  entries_per_table_word: 2
  number_memory_units_per_table_word: 1
  entry_list: [
    entry_number : 1
    field_list : [
       Field label3 [15:0]              : in bits [79:64]
       Field label2 [15:0]              : in bits [95:80]
       Field label1 [15:0]              : in bits [111:96]
       Field --padding_48_63-- [15:0]   : in bits [127:112]
    ]
    entry_number : 0
    field_list : [
       Field label3 [15:0]              : in bits [15:0]
       Field label2 [15:0]              : in bits [31:16]
       Field label1 [15:0]              : in bits [47:32]
       Field --padding_48_63-- [15:0]   : in bits [63:48]
    ]
  ]

Action data bus usage:
Stage: 2
No action parameter mapping provided.  Action data bus usage will not be displayed.

Action Egress.flep_encap_4_label
---------------------------
Pack Format:
  table_word_width: 128
  memory_word_width: 128
  entries_per_table_word: 2
  number_memory_units_per_table_word: 1
  entry_list: [
    entry_number : 1
    field_list : [
       Field label4 [15:0]   : in bits [79:64]
       Field label3 [15:0]   : in bits [95:80]
       Field label2 [15:0]   : in bits [111:96]
       Field label1 [15:0]   : in bits [127:112]
    ]
    entry_number : 0
    field_list : [
       Field label4 [15:0]   : in bits [15:0]
       Field label3 [15:0]   : in bits [31:16]
       Field label2 [15:0]   : in bits [47:32]
       Field label1 [15:0]   : in bits [63:48]
    ]
  ]

Action data bus usage:
Stage: 2
No action parameter mapping provided.  Action data bus usage will not be displayed.

Action Egress.flep_encap_5_label
---------------------------
Pack Format:
  table_word_width: 128
  memory_word_width: 128
  entries_per_table_word: 2
  number_memory_units_per_table_word: 1
  entry_list: [
    entry_number : 1
    field_list : [
       Field label4 [15:0]   : in bits [79:64]
       Field label3 [15:0]   : in bits [95:80]
       Field label2 [15:0]   : in bits [111:96]
       Field label1 [15:0]   : in bits [127:112]
    ]
    entry_number : 0
    field_list : [
       Field label4 [15:0]   : in bits [15:0]
       Field label3 [15:0]   : in bits [31:16]
       Field label2 [15:0]   : in bits [47:32]
       Field label1 [15:0]   : in bits [63:48]
    ]
  ]

Action data bus usage:
Stage: 2
No action parameter mapping provided.  Action data bus usage will not be displayed.

Action NoAction
---------------------------
Pack Format:
  table_word_width: 128
  memory_word_width: 128
  entries_per_table_word: 2
  number_memory_units_per_table_word: 1
  entry_list: [
    entry_number : 1
    field_list : [
       Field --padding_0_63-- [63:0]   : in bits [127:64]
    ]
    entry_number : 0
    field_list : [
       Field --padding_0_63-- [63:0]   : in bits [63:0]
    ]
  ]

Action data bus usage:
Stage: 2
No action parameter mapping provided.  Action data bus usage will not be displayed.
+----------------------------------------------------------------+
  Egress.insert_ipv6_label
+----------------------------------------------------------------+
+------------------------------------------------+
   Match format for Egress.insert_ipv6_label
+------------------------------------------------+
Stage 3:
Pack Format:
  table_word_width: 128
  memory_word_width: 128
  entries_per_table_word: 1
  number_memory_units_per_table_word: 1
  entry_list: [
    entry_number : 0
    field_list : [
       Field action [2:0]                      : in bits [2:0]
       Field immediate [15:0]                  : in bits [18:3]
       Field version [3:0]                     : in bits [115:112]
       Field hdr.insert.recir_count [7:2]      : in bits [47:42]
       Field hdr.insert.identify_index [7:0]   : in bits [39:32]
    ]
  ]

Action Egress.flep_encap_1_label
---------------------------
Pack Format:
  table_word_width: 128
  memory_word_width: 128
  entries_per_table_word: 2
  number_memory_units_per_table_word: 1
  entry_list: [
    entry_number : 1
    field_list : [
       Field label1 [15:0]              : in bits [79:64]
       Field --padding_16_63-- [47:0]   : in bits [127:80]
    ]
    entry_number : 0
    field_list : [
       Field label1 [15:0]              : in bits [15:0]
       Field --padding_16_63-- [47:0]   : in bits [63:16]
    ]
  ]

Action data bus usage:
Stage: 3
No action parameter mapping provided.  Action data bus usage will not be displayed.

Action Egress.flep_encap_2_label
---------------------------
Pack Format:
  table_word_width: 128
  memory_word_width: 128
  entries_per_table_word: 2
  number_memory_units_per_table_word: 1
  entry_list: [
    entry_number : 1
    field_list : [
       Field label2 [15:0]              : in bits [79:64]
       Field label1 [15:0]              : in bits [95:80]
       Field --padding_32_63-- [31:0]   : in bits [127:96]
    ]
    entry_number : 0
    field_list : [
       Field label2 [15:0]              : in bits [15:0]
       Field label1 [15:0]              : in bits [31:16]
       Field --padding_32_63-- [31:0]   : in bits [63:32]
    ]
  ]

Action data bus usage:
Stage: 3
No action parameter mapping provided.  Action data bus usage will not be displayed.

Action Egress.flep_encap_3_label
---------------------------
Pack Format:
  table_word_width: 128
  memory_word_width: 128
  entries_per_table_word: 2
  number_memory_units_per_table_word: 1
  entry_list: [
    entry_number : 1
    field_list : [
       Field label3 [15:0]              : in bits [79:64]
       Field label2 [15:0]              : in bits [95:80]
       Field label1 [15:0]              : in bits [111:96]
       Field --padding_48_63-- [15:0]   : in bits [127:112]
    ]
    entry_number : 0
    field_list : [
       Field label3 [15:0]              : in bits [15:0]
       Field label2 [15:0]              : in bits [31:16]
       Field label1 [15:0]              : in bits [47:32]
       Field --padding_48_63-- [15:0]   : in bits [63:48]
    ]
  ]

Action data bus usage:
Stage: 3
No action parameter mapping provided.  Action data bus usage will not be displayed.

Action Egress.flep_encap_4_label
---------------------------
Pack Format:
  table_word_width: 128
  memory_word_width: 128
  entries_per_table_word: 2
  number_memory_units_per_table_word: 1
  entry_list: [
    entry_number : 1
    field_list : [
       Field label4 [15:0]   : in bits [79:64]
       Field label3 [15:0]   : in bits [95:80]
       Field label2 [15:0]   : in bits [111:96]
       Field label1 [15:0]   : in bits [127:112]
    ]
    entry_number : 0
    field_list : [
       Field label4 [15:0]   : in bits [15:0]
       Field label3 [15:0]   : in bits [31:16]
       Field label2 [15:0]   : in bits [47:32]
       Field label1 [15:0]   : in bits [63:48]
    ]
  ]

Action data bus usage:
Stage: 3
No action parameter mapping provided.  Action data bus usage will not be displayed.

Action Egress.flep_encap_5_label
---------------------------
Pack Format:
  table_word_width: 128
  memory_word_width: 128
  entries_per_table_word: 2
  number_memory_units_per_table_word: 1
  entry_list: [
    entry_number : 1
    field_list : [
       Field label4 [15:0]   : in bits [79:64]
       Field label3 [15:0]   : in bits [95:80]
       Field label2 [15:0]   : in bits [111:96]
       Field label1 [15:0]   : in bits [127:112]
    ]
    entry_number : 0
    field_list : [
       Field label4 [15:0]   : in bits [15:0]
       Field label3 [15:0]   : in bits [31:16]
       Field label2 [15:0]   : in bits [47:32]
       Field label1 [15:0]   : in bits [63:48]
    ]
  ]

Action data bus usage:
Stage: 3
No action parameter mapping provided.  Action data bus usage will not be displayed.

Action NoAction
---------------------------
Pack Format:
  table_word_width: 128
  memory_word_width: 128
  entries_per_table_word: 2
  number_memory_units_per_table_word: 1
  entry_list: [
    entry_number : 1
    field_list : [
       Field --padding_0_63-- [63:0]   : in bits [127:64]
    ]
    entry_number : 0
    field_list : [
       Field --padding_0_63-- [63:0]   : in bits [63:0]
    ]
  ]

Action data bus usage:
Stage: 3
No action parameter mapping provided.  Action data bus usage will not be displayed.
+----------------------------------------------------------------+
  Egress.insert_key_tbl
+----------------------------------------------------------------+
+------------------------------------------------+
   Match format for Egress.insert_key_tbl
+------------------------------------------------+
Stage 1:
Pack Format:
  table_word_width: 44
  memory_word_width: 44
  entries_per_table_word: 1
  number_memory_units_per_table_word: 1
  entry_list: [
    entry_number : 0
    field_list : [
       Field --version-- [1:0]                 : in bits [43:42]
       Field hdr.insert.identify_index [7:0]   : in bits [7:0]
    ]
  ]

Action Egress.insert_key
---------------------------
Pack Format:
  table_word_width: 128
  memory_word_width: 128
  entries_per_table_word: 2
  number_memory_units_per_table_word: 1
  entry_list: [
    entry_number : 1
    field_list : [
       Field key [31:24]                : in bits [71:64]
       Field key [7:0]                  : in bits [95:88]
       Field key_index [7:0]            : in bits [87:80]
       Field key [23:8]                 : in bits [111:96]
       Field --padding_8_15-- [7:0]     : in bits [79:72]
       Field --padding_48_63-- [15:0]   : in bits [127:112]
    ]
    entry_number : 0
    field_list : [
       Field key [31:24]                : in bits [7:0]
       Field key [7:0]                  : in bits [31:24]
       Field key_index [7:0]            : in bits [23:16]
       Field key [23:8]                 : in bits [47:32]
       Field --padding_8_15-- [7:0]     : in bits [15:8]
       Field --padding_48_63-- [15:0]   : in bits [63:48]
    ]
  ]

Action data bus usage:
Stage: 1
No action parameter mapping provided.  Action data bus usage will not be displayed.

Action NoAction
---------------------------
Pack Format:
  table_word_width: 128
  memory_word_width: 128
  entries_per_table_word: 2
  number_memory_units_per_table_word: 1
  entry_list: [
    entry_number : 1
    field_list : [
       Field --padding_0_63-- [63:0]   : in bits [127:64]
    ]
    entry_number : 0
    field_list : [
       Field --padding_0_63-- [63:0]   : in bits [63:0]
    ]
  ]

Action data bus usage:
Stage: 1
No action parameter mapping provided.  Action data bus usage will not be displayed.
+----------------------------------------------------------------+
  Egress.insert_past_key_tbl
+----------------------------------------------------------------+
+------------------------------------------------+
   Match format for Egress.insert_past_key_tbl
+------------------------------------------------+
Stage 2:
Pack Format:
  table_word_width: 44
  memory_word_width: 44
  entries_per_table_word: 1
  number_memory_units_per_table_word: 1
  entry_list: [
    entry_number : 0
    field_list : [
       Field --version-- [1:0]                 : in bits [43:42]
       Field hdr.insert.identify_index [7:0]   : in bits [7:0]
    ]
  ]

Action Egress.insert_key
---------------------------
Pack Format:
  table_word_width: 128
  memory_word_width: 128
  entries_per_table_word: 2
  number_memory_units_per_table_word: 1
  entry_list: [
    entry_number : 1
    field_list : [
       Field key [31:24]                : in bits [71:64]
       Field key [7:0]                  : in bits [95:88]
       Field key_index [7:0]            : in bits [87:80]
       Field key [23:8]                 : in bits [111:96]
       Field --padding_8_15-- [7:0]     : in bits [79:72]
       Field --padding_48_63-- [15:0]   : in bits [127:112]
    ]
    entry_number : 0
    field_list : [
       Field key [31:24]                : in bits [7:0]
       Field key [7:0]                  : in bits [31:24]
       Field key_index [7:0]            : in bits [23:16]
       Field key [23:8]                 : in bits [47:32]
       Field --padding_8_15-- [7:0]     : in bits [15:8]
       Field --padding_48_63-- [15:0]   : in bits [63:48]
    ]
  ]

Action data bus usage:
Stage: 2
No action parameter mapping provided.  Action data bus usage will not be displayed.

Action NoAction
---------------------------
Pack Format:
  table_word_width: 128
  memory_word_width: 128
  entries_per_table_word: 2
  number_memory_units_per_table_word: 1
  entry_list: [
    entry_number : 1
    field_list : [
       Field --padding_0_63-- [63:0]   : in bits [127:64]
    ]
    entry_number : 0
    field_list : [
       Field --padding_0_63-- [63:0]   : in bits [63:0]
    ]
  ]

Action data bus usage:
Stage: 2
No action parameter mapping provided.  Action data bus usage will not be displayed.
+----------------------------------------------------------------+
  Egress.is_verify_tbl
+----------------------------------------------------------------+
+------------------------------------------------+
   Match format for Egress.is_verify_tbl
+------------------------------------------------+
Stage 0:
Pack Format:
  table_word_width: 44
  memory_word_width: 44
  entries_per_table_word: 1
  number_memory_units_per_table_word: 1
  entry_list: [
    entry_number : 0
    field_list : [
       Field --version-- [1:0]      : in bits [43:42]
       Field hdr.flep.key [15:8]    : in bits [7:0]
       Field hdr.flep.key [7:0]     : in bits [15:8]
       Field hdr.flep.key [31:24]   : in bits [23:16]
       Field hdr.flep.key [23:16]   : in bits [31:24]
    ]
  ]
+----------------------------------------------------------------+
  Egress.key_match_tbl
+----------------------------------------------------------------+
+------------------------------------------------+
   Match format for Egress.key_match_tbl
+------------------------------------------------+
Stage 1:
Pack Format:
  table_word_width: 128
  memory_word_width: 128
  entries_per_table_word: 3
  number_memory_units_per_table_word: 1
  entry_list: [
    entry_number : 2
    field_list : [
       Field action [0:0]               : in bits [2:2]
       Field version [3:0]              : in bits [123:120]
       Field hdr.flep.key_index [7:2]   : in bits [23:18]
       Field hdr.flep.key [7:0]         : in bits [103:96]
       Field hdr.flep.key [15:8]        : in bits [111:104]
       Field hdr.flep.key [23:16]       : in bits [15:8]
    ]
    entry_number : 1
    field_list : [
       Field action [0:0]               : in bits [1:1]
       Field version [3:0]              : in bits [119:116]
       Field hdr.flep.key_index [7:2]   : in bits [95:90]
       Field hdr.flep.key [7:0]         : in bits [71:64]
       Field hdr.flep.key [15:8]        : in bits [79:72]
       Field hdr.flep.key [23:16]       : in bits [87:80]
    ]
    entry_number : 0
    field_list : [
       Field action [0:0]               : in bits [0:0]
       Field version [3:0]              : in bits [115:112]
       Field hdr.flep.key_index [7:2]   : in bits [63:58]
       Field hdr.flep.key [7:0]         : in bits [39:32]
       Field hdr.flep.key [15:8]        : in bits [47:40]
       Field hdr.flep.key [23:16]       : in bits [55:48]
    ]
  ]
+----------------------------------------------------------------+
  Ingress.flep_ipv4_classifier
+----------------------------------------------------------------+
+------------------------------------------------+
   Match format for Ingress.flep_ipv4_classifier
+------------------------------------------------+
Stage 4:
Pack Format:
  table_word_width: 176
  memory_word_width: 44
  entries_per_table_word: 1
  number_memory_units_per_table_word: 4
  entry_list: [
    entry_number : 0
    field_list : [
       Field --version-- [1:0]          : in bits [87:86]
       Field hdr.tcp.dstPort [7:0]      : in bits [139:132]
       Field hdr.udp.dstPort [15:8]     : in bits [147:140]
       Field hdr.tcp.srcPort [15:0]     : in bits [163:148]
       Field hdr.udp.dstPort [7:0]      : in bits [171:164]
       Field hdr.udp.srcPort [15:0]     : in bits [103:88]
       Field hdr.ipv4.dstAddr [23:0]    : in bits [127:104]
       Field hdr.ipv4.dstAddr [31:24]   : in bits [51:44]
       Field hdr.ipv4.srcAddr [31:0]    : in bits [83:52]
       Field hdr.ipv4.protocol [7:0]    : in bits [7:0]
       Field hdr.tcp.dstPort [11:8]     : in bits [175:172]
       Field hdr.tcp.dstPort [15:12]    : in bits [131:128]
    ]
  ]

Action Ingress.create_flep
---------------------------
Pack Format:
  table_word_width: 128
  memory_word_width: 128
  entries_per_table_word: 2
  number_memory_units_per_table_word: 1
  entry_list: [
    entry_number : 1
    field_list : [
       Field label_depth [7:0]          : in bits [71:64]
       Field identify_index [7:0]       : in bits [79:72]
       Field $constant0 [31:0]          : in bits [127:96]
       Field --padding_16_31-- [15:0]   : in bits [95:80]
    ]
    entry_number : 0
    field_list : [
       Field label_depth [7:0]          : in bits [7:0]
       Field identify_index [7:0]       : in bits [15:8]
       Field $constant0 [31:0]          : in bits [63:32]
       Field --padding_16_31-- [15:0]   : in bits [31:16]
    ]
  ]

Action data bus usage:
Stage: 4
No action parameter mapping provided.  Action data bus usage will not be displayed.

Action NoAction
---------------------------
Pack Format:
  table_word_width: 128
  memory_word_width: 128
  entries_per_table_word: 2
  number_memory_units_per_table_word: 1
  entry_list: [
    entry_number : 1
    field_list : [
       Field --padding_0_63-- [63:0]   : in bits [127:64]
    ]
    entry_number : 0
    field_list : [
       Field --padding_0_63-- [63:0]   : in bits [63:0]
    ]
  ]

Action data bus usage:
Stage: 4
No action parameter mapping provided.  Action data bus usage will not be displayed.
+----------------------------------------------------------------+
  Ingress.flep_ipv6_classifier
+----------------------------------------------------------------+
+------------------------------------------------+
   Match format for Ingress.flep_ipv6_classifier
+------------------------------------------------+
Stage 4:
Pack Format:
  table_word_width: 352
  memory_word_width: 44
  entries_per_table_word: 1
  number_memory_units_per_table_word: 8
  entry_list: [
    entry_number : 0
    field_list : [
       Field --version-- [1:0]            : in bits [87:86]
       Field hdr.udp.dstPort [15:0]       : in bits [323:308]
       Field hdr.tcp.srcPort [7:0]        : in bits [331:324]
       Field hdr.udp.srcPort [15:8]       : in bits [339:332]
       Field hdr.ipv6.dstAddr [31:24]     : in bits [271:264]
       Field hdr.ipv6.dstAddr [63:32]     : in bits [303:272]
       Field hdr.ipv6.nextheader [7:0]    : in bits [227:220]
       Field hdr.udp.srcPort [7:0]        : in bits [235:228]
       Field hdr.ipv6.dstAddr [95:88]     : in bits [243:236]
       Field hdr.ipv6.dstAddr [15:0]      : in bits [259:244]
       Field hdr.ipv6.dstAddr [23:16]     : in bits [183:176]
       Field hdr.ipv6.dstAddr [127:120]   : in bits [191:184]
       Field hdr.ipv6.dstAddr [87:64]     : in bits [215:192]
       Field hdr.ipv6.dstAddr [119:96]    : in bits [155:132]
       Field hdr.ipv6.srcAddr [31:24]     : in bits [163:156]
       Field hdr.ipv6.srcAddr [7:0]       : in bits [171:164]
       Field hdr.ipv6.srcAddr [23:8]      : in bits [103:88]
       Field hdr.ipv6.srcAddr [63:56]     : in bits [111:104]
       Field hdr.ipv6.srcAddr [47:32]     : in bits [127:112]
       Field hdr.ipv6.srcAddr [127:120]   : in bits [51:44]
       Field hdr.ipv6.srcAddr [119:96]    : in bits [75:52]
       Field hdr.ipv6.srcAddr [55:48]     : in bits [7:0]
       Field hdr.ipv6.srcAddr [95:88]     : in bits [15:8]
       Field hdr.ipv6.srcAddr [87:64]     : in bits [39:16]
       Field hdr.tcp.dstPort [11:8]       : in bits [351:348]
       Field hdr.tcp.dstPort [15:12]      : in bits [307:304]
       Field hdr.tcp.dstPort [3:0]        : in bits [263:260]
       Field hdr.tcp.dstPort [7:4]        : in bits [219:216]
       Field hdr.tcp.srcPort [11:8]       : in bits [175:172]
       Field hdr.tcp.srcPort [15:12]      : in bits [131:128]
    ]
  ]

Action Ingress.create_flep
---------------------------
Pack Format:
  table_word_width: 128
  memory_word_width: 128
  entries_per_table_word: 2
  number_memory_units_per_table_word: 1
  entry_list: [
    entry_number : 1
    field_list : [
       Field label_depth [7:0]          : in bits [71:64]
       Field identify_index [7:0]       : in bits [79:72]
       Field $constant0 [31:0]          : in bits [127:96]
       Field --padding_16_31-- [15:0]   : in bits [95:80]
    ]
    entry_number : 0
    field_list : [
       Field label_depth [7:0]          : in bits [7:0]
       Field identify_index [7:0]       : in bits [15:8]
       Field $constant0 [31:0]          : in bits [63:32]
       Field --padding_16_31-- [15:0]   : in bits [31:16]
    ]
  ]

Action data bus usage:
Stage: 4
No action parameter mapping provided.  Action data bus usage will not be displayed.

Action NoAction
---------------------------
Pack Format:
  table_word_width: 128
  memory_word_width: 128
  entries_per_table_word: 2
  number_memory_units_per_table_word: 1
  entry_list: [
    entry_number : 1
    field_list : [
       Field --padding_0_63-- [63:0]   : in bits [127:64]
    ]
    entry_number : 0
    field_list : [
       Field --padding_0_63-- [63:0]   : in bits [63:0]
    ]
  ]

Action data bus usage:
Stage: 4
No action parameter mapping provided.  Action data bus usage will not be displayed.
+----------------------------------------------------------------+
  Ingress.fwd_port
+----------------------------------------------------------------+
+------------------------------------------------+
   Match format for Ingress.fwd_port
+------------------------------------------------+
Stage 0:
Pack Format:
  table_word_width: 128
  memory_word_width: 128
  entries_per_table_word: 5
  number_memory_units_per_table_word: 1
  entry_list: [
    entry_number : 4
    field_list : [
       Field action [0:0]      : in bits [4:4]
       Field immediate [8:0]   : in bits [49:41]
       Field version [3:0]     : in bits [59:56]
    ]
    entry_number : 3
    field_list : [
       Field action [0:0]      : in bits [3:3]
       Field immediate [8:0]   : in bits [40:32]
       Field version [3:0]     : in bits [127:124]
    ]
    entry_number : 2
    field_list : [
       Field action [0:0]      : in bits [2:2]
       Field immediate [8:0]   : in bits [31:23]
       Field version [3:0]     : in bits [123:120]
    ]
    entry_number : 1
    field_list : [
       Field action [0:0]      : in bits [1:1]
       Field immediate [8:0]   : in bits [22:14]
       Field version [3:0]     : in bits [119:116]
    ]
    entry_number : 0
    field_list : [
       Field action [0:0]      : in bits [0:0]
       Field immediate [8:0]   : in bits [13:5]
       Field version [3:0]     : in bits [115:112]
    ]
  ]
+----------------------------------------------------------------+
  Ingress.get_port_index
+----------------------------------------------------------------+
+------------------------------------------------+
   Match format for Ingress.get_port_index
+------------------------------------------------+
Stage 3:
Pack Format:
  table_word_width: 128
  memory_word_width: 128
  entries_per_table_word: 5
  number_memory_units_per_table_word: 1
  entry_list: [
    entry_number : 4
    field_list : [
       Field immediate [7:0]             : in bits [39:32]
       Field version [3:0]               : in bits [83:80]
       Field hdr.topoinfo.port [15:10]   : in bits [79:74]
    ]
    entry_number : 3
    field_list : [
       Field immediate [7:0]             : in bits [31:24]
       Field version [3:0]               : in bits [127:124]
       Field hdr.topoinfo.port [15:10]   : in bits [71:66]
    ]
    entry_number : 2
    field_list : [
       Field immediate [7:0]             : in bits [23:16]
       Field version [3:0]               : in bits [123:120]
       Field hdr.topoinfo.port [15:10]   : in bits [63:58]
    ]
    entry_number : 1
    field_list : [
       Field immediate [7:0]             : in bits [15:8]
       Field version [3:0]               : in bits [119:116]
       Field hdr.topoinfo.port [15:10]   : in bits [55:50]
    ]
    entry_number : 0
    field_list : [
       Field immediate [7:0]             : in bits [7:0]
       Field version [3:0]               : in bits [115:112]
       Field hdr.topoinfo.port [15:10]   : in bits [47:42]
    ]
  ]
+----------------------------------------------------------------+
  Ingress.ipv4_lpm
+----------------------------------------------------------------+
+------------------------------------------------+
   Match format for Ingress.ipv4_lpm
+------------------------------------------------+
Stage 5:
Pack Format:
  table_word_width: 44
  memory_word_width: 44
  entries_per_table_word: 1
  number_memory_units_per_table_word: 1
  entry_list: [
    entry_number : 0
    field_list : [
       Field --version-- [1:0]         : in bits [43:42]
       Field hdr.ipv4.dstAddr [31:8]   : in bits [23:0]
       Field hdr.ipv4.dstAddr [7:0]    : in bits [31:24]
    ]
  ]
+----------------------------------------------------------------+
  Ingress.ipv6_lpm
+----------------------------------------------------------------+
+------------------------------------------------+
   Match format for Ingress.ipv6_lpm
+------------------------------------------------+
Stage 5:
Pack Format:
  table_word_width: 132
  memory_word_width: 44
  entries_per_table_word: 1
  number_memory_units_per_table_word: 3
  entry_list: [
    entry_number : 0
    field_list : [
       Field --version-- [1:0]           : in bits [43:42]
       Field hdr.ipv6.dstAddr [7:0]      : in bits [95:88]
       Field hdr.ipv6.dstAddr [47:40]    : in bits [103:96]
       Field hdr.ipv6.dstAddr [31:16]    : in bits [119:104]
       Field hdr.ipv6.dstAddr [39:32]    : in bits [127:120]
       Field hdr.ipv6.dstAddr [63:48]    : in bits [59:44]
       Field hdr.ipv6.dstAddr [87:64]    : in bits [83:60]
       Field hdr.ipv6.dstAddr [95:88]    : in bits [7:0]
       Field hdr.ipv6.dstAddr [127:96]   : in bits [39:8]
       Field hdr.ipv6.dstAddr [11:8]     : in bits [131:128]
       Field hdr.ipv6.dstAddr [15:12]    : in bits [87:84]
    ]
  ]
+----------------------------------------------------------------+
  Ingress.multicast_send_fleptopo
+----------------------------------------------------------------+
+------------------------------------------------+
   Match format for Ingress.multicast_send_fleptopo
+------------------------------------------------+
Stage 2:
Pack Format:
  table_word_width: 128
  memory_word_width: 128
  entries_per_table_word: 3
  number_memory_units_per_table_word: 1
  entry_list: [
    entry_number : 2
    field_list : [
       Field action [0:0]       : in bits [2:2]
       Field immediate [15:0]   : in bits [50:35]
       Field version [3:0]      : in bits [123:120]
    ]
    entry_number : 1
    field_list : [
       Field action [0:0]       : in bits [1:1]
       Field immediate [15:0]   : in bits [34:19]
       Field version [3:0]      : in bits [119:116]
    ]
    entry_number : 0
    field_list : [
       Field action [0:0]       : in bits [0:0]
       Field immediate [15:0]   : in bits [18:3]
       Field version [3:0]      : in bits [115:112]
    ]
  ]
+----------------------------------------------------------------+
  IngressParser.$PORT_METADATA
+----------------------------------------------------------------+
+------------------------------------------------+
   Match format for IngressParser.$PORT_METADATA
+------------------------------------------------+
Stage -1:
Pack Format:
  table_word_width: 64
  memory_word_width: 64
  entries_per_table_word: 1
  number_memory_units_per_table_word: 1
  entry_list: [
    entry_number : 0
    field_list : [
       Field ig_intr_md [63:0]   : in bits [63:0]
    ]
  ]
+----------------------------------------------------------------+
  tbl_drop
+----------------------------------------------------------------+
+------------------------------------------------+
   Match format for tbl_drop
+------------------------------------------------+
Stage 1:
No match entries required.
+----------------------------------------------------------------+
  tbl_flep_decapsulation
+----------------------------------------------------------------+
+------------------------------------------------+
   Match format for tbl_flep_decapsulation
+------------------------------------------------+
Stage 6:
No match entries required.
+----------------------------------------------------------------+
  tbl_flep_encap256
+----------------------------------------------------------------+
+------------------------------------------------+
   Match format for tbl_flep_encap256
+------------------------------------------------+
Stage 4:
No match entries required.
+----------------------------------------------------------------+
  tbl_flep_encap271
+----------------------------------------------------------------+
+------------------------------------------------+
   Match format for tbl_flep_encap271
+------------------------------------------------+
Stage 4:
No match entries required.
+----------------------------------------------------------------+
  tbl_flep_encap286
+----------------------------------------------------------------+
+------------------------------------------------+
   Match format for tbl_flep_encap286
+------------------------------------------------+
Stage 4:
No match entries required.
+----------------------------------------------------------------+
  tbl_flep_encap459
+----------------------------------------------------------------+
+------------------------------------------------+
   Match format for tbl_flep_encap459
+------------------------------------------------+
Stage 0:
No match entries required.
+----------------------------------------------------------------+
  tbl_flep_encap479
+----------------------------------------------------------------+
+------------------------------------------------+
   Match format for tbl_flep_encap479
+------------------------------------------------+
Stage 1:
No match entries required.
+----------------------------------------------------------------+
  tbl_flep_encap481
+----------------------------------------------------------------+
+------------------------------------------------+
   Match format for tbl_flep_encap481
+------------------------------------------------+
Stage 2:
No match entries required.
+----------------------------------------------------------------+
  tbl_flep_encap489
+----------------------------------------------------------------+
+------------------------------------------------+
   Match format for tbl_flep_encap489
+------------------------------------------------+
Stage 1:
No match entries required.
+----------------------------------------------------------------+
  tbl_flep_encap492
+----------------------------------------------------------------+
+------------------------------------------------+
   Match format for tbl_flep_encap492
+------------------------------------------------+
Stage 2:
No match entries required.
+----------------------------------------------------------------+
  tbl_flep_encap519
+----------------------------------------------------------------+
+------------------------------------------------+
   Match format for tbl_flep_encap519
+------------------------------------------------+
Stage 5:
No match entries required.
+----------------------------------------------------------------+
  tbl_flep_encap529
+----------------------------------------------------------------+
+------------------------------------------------+
   Match format for tbl_flep_encap529
+------------------------------------------------+
Stage 6:
No match entries required.
+----------------------------------------------------------------+
  tbl_flep_encap534
+----------------------------------------------------------------+
+------------------------------------------------+
   Match format for tbl_flep_encap534
+------------------------------------------------+
Stage 6:
No match entries required.
+----------------------------------------------------------------+
  tbl_flep_encap831
+----------------------------------------------------------------+
+------------------------------------------------+
   Match format for tbl_flep_encap831
+------------------------------------------------+
Stage 3:
No match entries required.
+----------------------------------------------------------------+
  tbl_flep_encap834
+----------------------------------------------------------------+
+------------------------------------------------+
   Match format for tbl_flep_encap834
+------------------------------------------------+
Stage 3:
No match entries required.
+----------------------------------------------------------------+
  tbl_flep_encap841
+----------------------------------------------------------------+
+------------------------------------------------+
   Match format for tbl_flep_encap841
+------------------------------------------------+
Stage 3:
No match entries required.
+----------------------------------------------------------------+
  tbl_flep_encap841_0
+----------------------------------------------------------------+
+------------------------------------------------+
   Match format for tbl_flep_encap841_0
+------------------------------------------------+
Stage 5:
No match entries required.
+----------------------------------------------------------------+
  tbl_flep_encap851
+----------------------------------------------------------------+
+------------------------------------------------+
   Match format for tbl_flep_encap851
+------------------------------------------------+
Stage 7:
No match entries required.
+----------------------------------------------------------------+
  tbl_flep_encap853
+----------------------------------------------------------------+
+------------------------------------------------+
   Match format for tbl_flep_encap853
+------------------------------------------------+
Stage 7:
No match entries required.
+----------------------------------------------------------------+
  tbl_flep_encap855
+----------------------------------------------------------------+
+------------------------------------------------+
   Match format for tbl_flep_encap855
+------------------------------------------------+
Stage 2:
No match entries required.
+----------------------------------------------------------------+
  tbl_recirculate
+----------------------------------------------------------------+
+------------------------------------------------+
   Match format for tbl_recirculate
+------------------------------------------------+
Stage 6:
No match entries required.
+----------------------------------------------------------------+
  tbl_send
+----------------------------------------------------------------+
+------------------------------------------------+
   Match format for tbl_send
+------------------------------------------------+
Stage 7:
No match entries required.
+----------------------------------------------------------------+
  tbl_setfleptopo
+----------------------------------------------------------------+
+------------------------------------------------+
   Match format for tbl_setfleptopo
+------------------------------------------------+
Stage 1:
No match entries required.

Action Ingress.setfleptopo
---------------------------
Pack Format:
  table_word_width: 128
  memory_word_width: 128
  entries_per_table_word: 4
  number_memory_units_per_table_word: 1
  entry_list: [
    entry_number : 3
    field_list : [
       Field $constant2 [15:0]   : in bits [127:112]
       Field $constant3 [15:0]   : in bits [111:96]
    ]
    entry_number : 2
    field_list : [
       Field $constant2 [15:0]   : in bits [95:80]
       Field $constant3 [15:0]   : in bits [79:64]
    ]
    entry_number : 1
    field_list : [
       Field $constant2 [15:0]   : in bits [63:48]
       Field $constant3 [15:0]   : in bits [47:32]
    ]
    entry_number : 0
    field_list : [
       Field $constant2 [15:0]   : in bits [31:16]
       Field $constant3 [15:0]   : in bits [15:0]
    ]
  ]

Action data bus usage:
Stage: 1
No action parameter mapping provided.  Action data bus usage will not be displayed.
