--- BEGIN PHV ALLOCATION ----------------------------------------------------

@pa_atomic specifies that ingress::ig_intr_md_from_prsr.parser_err should be marked no_split

allocation(default_alloc_config): Try allocation for the 1th time
	 Reject allocation of the same deparsed field egress::hdr.tempforward.temp_port  when the Less-Signifiant bits of the field are in the more significant container bits
	 Reject allocation of the same deparsed field egress::hdr.tempforward.temp_port  when the Less-Signifiant bits of the field are in the more significant container bits
	 Reject allocation of the same deparsed field egress::hdr.tempforward.temp_port  when the Less-Signifiant bits of the field are in the more significant container bits
	 Reject allocation of the same deparsed field egress::hdr.tempforward.temp_port  when the Less-Signifiant bits of the field are in the more significant container bits
	 Reject allocation of the same deparsed field egress::hdr.tempforward.temp_port  when the Less-Signifiant bits of the field are in the more significant container bits
	 Reject allocation of the same deparsed field egress::hdr.tempforward.temp_port  when the Less-Signifiant bits of the field are in the more significant container bits
	 Reject allocation of the same deparsed field egress::hdr.tempforward.temp_port  when the Less-Signifiant bits of the field are in the more significant container bits
	 Reject allocation of the same deparsed field egress::hdr.tempforward.temp_port  when the Less-Signifiant bits of the field are in the more significant container bits
	 Reject allocation of the same deparsed field ingress::hdr.tcp.ecn  when the Less-Signifiant bits of the field are in the more significant container bits
	 Reject allocation of the same deparsed field ingress::hdr.tcp.ecn  when the Less-Signifiant bits of the field are in the more significant container bits
	 Reject allocation of the same deparsed field ingress::hdr.ipv6.class  when the Less-Signifiant bits of the field are in the more significant container bits
	 Reject allocation of the same deparsed field ingress::hdr.ipv6.class  when the Less-Signifiant bits of the field are in the more significant container bits
	 Reject allocation of the same deparsed field egress::hdr.flep.key  when the Less-Signifiant bits of the field are in the more significant container bits
	 Reject allocation of the same deparsed field egress::hdr.flep.active_label  when the Less-Signifiant bits of the field are in the more significant container bits
	 Reject allocation of the same deparsed field egress::hdr.flep.active_label  when the Less-Signifiant bits of the field are in the more significant container bits
	 Reject allocation of the same deparsed field egress::hdr.flep.key  when the Less-Signifiant bits of the field are in the more significant container bits
	 Reject allocation of the same deparsed field egress::hdr.flep.active_label  when the Less-Signifiant bits of the field are in the more significant container bits
	 Reject allocation of the same deparsed field egress::hdr.min_parse_depth_padding_0[0].packet_payload  when the Less-Signifiant bits of the field are in the more significant container bits
	 Reject allocation of the same deparsed field egress::hdr.min_parse_depth_padding_0[0].packet_payload  when the Less-Signifiant bits of the field are in the more significant container bits
	 Reject allocation of the same deparsed field egress::hdr.min_parse_depth_padding_0[0].packet_payload  when the Less-Signifiant bits of the field are in the more significant container bits
	 Reject allocation of the same deparsed field egress::hdr.min_parse_depth_padding_0[0].packet_payload  when the Less-Signifiant bits of the field are in the more significant container bits
	 Reject allocation of the same deparsed field egress::hdr.min_parse_depth_padding_0[0].packet_payload  when the Less-Signifiant bits of the field are in the more significant container bits
	 Reject allocation of the same deparsed field egress::hdr.min_parse_depth_padding_0[0].packet_payload  when the Less-Signifiant bits of the field are in the more significant container bits
	 Reject allocation of the same deparsed field egress::hdr.min_parse_depth_padding_0[0].packet_payload  when the Less-Signifiant bits of the field are in the more significant container bits
	 Reject allocation of the same deparsed field egress::hdr.min_parse_depth_padding_0[0].packet_payload  when the Less-Signifiant bits of the field are in the more significant container bits
	 Reject allocation of the same deparsed field egress::hdr.min_parse_depth_padding_0[0].packet_payload  when the Less-Signifiant bits of the field are in the more significant container bits
	 Reject allocation of the same deparsed field egress::hdr.min_parse_depth_padding_0[0].packet_payload  when the Less-Signifiant bits of the field are in the more significant container bits
	 Reject allocation of the same deparsed field egress::hdr.min_parse_depth_padding_0[0].packet_payload  when the Less-Signifiant bits of the field are in the more significant container bits
	 Reject allocation of the same deparsed field egress::hdr.min_parse_depth_padding_0[0].packet_payload  when the Less-Signifiant bits of the field are in the more significant container bits
	 Reject allocation of the same deparsed field egress::hdr.min_parse_depth_padding_0[0].packet_payload  when the Less-Signifiant bits of the field are in the more significant container bits
	 Reject allocation of the same deparsed field egress::hdr.min_parse_depth_padding_0[0].packet_payload  when the Less-Signifiant bits of the field are in the more significant container bits
	 Reject allocation of the same deparsed field egress::hdr.min_parse_depth_padding_0[0].packet_payload  when the Less-Signifiant bits of the field are in the more significant container bits
	 Reject allocation of the same deparsed field egress::hdr.min_parse_depth_padding_0[0].packet_payload  when the Less-Signifiant bits of the field are in the more significant container bits
	 Reject allocation of the same deparsed field egress::hdr.min_parse_depth_padding_0[0].packet_payload  when the Less-Signifiant bits of the field are in the more significant container bits
	 Reject allocation of the same deparsed field egress::hdr.min_parse_depth_padding_0[0].packet_payload  when the Less-Signifiant bits of the field are in the more significant container bits
	 Reject allocation of the same deparsed field egress::hdr.min_parse_depth_padding_0[0].packet_payload  when the Less-Signifiant bits of the field are in the more significant container bits
	 Reject allocation of the same deparsed field egress::hdr.min_parse_depth_padding_0[0].packet_payload  when the Less-Signifiant bits of the field are in the more significant container bits
	 Reject allocation of the same deparsed field egress::hdr.min_parse_depth_padding_0[1].packet_payload  when the Less-Signifiant bits of the field are in the more significant container bits
	 Reject allocation of the same deparsed field egress::hdr.min_parse_depth_padding_0[1].packet_payload  when the Less-Signifiant bits of the field are in the more significant container bits
	 Reject allocation of the same deparsed field egress::hdr.min_parse_depth_padding_0[1].packet_payload  when the Less-Signifiant bits of the field are in the more significant container bits
	 Reject allocation of the same deparsed field egress::hdr.min_parse_depth_padding_0[1].packet_payload  when the Less-Signifiant bits of the field are in the more significant container bits
	 Reject allocation of the same deparsed field egress::hdr.min_parse_depth_padding_0[1].packet_payload  when the Less-Signifiant bits of the field are in the more significant container bits
	 Reject allocation of the same deparsed field egress::hdr.min_parse_depth_padding_0[1].packet_payload  when the Less-Signifiant bits of the field are in the more significant container bits
	 Reject allocation of the same deparsed field egress::hdr.min_parse_depth_padding_0[1].packet_payload  when the Less-Signifiant bits of the field are in the more significant container bits
	 Reject allocation of the same deparsed field egress::hdr.min_parse_depth_padding_0[1].packet_payload  when the Less-Signifiant bits of the field are in the more significant container bits
	 Reject allocation of the same deparsed field egress::hdr.min_parse_depth_padding_0[1].packet_payload  when the Less-Signifiant bits of the field are in the more significant container bits
	 Reject allocation of the same deparsed field egress::hdr.min_parse_depth_padding_0[1].packet_payload  when the Less-Signifiant bits of the field are in the more significant container bits
	 Reject allocation of the same deparsed field egress::hdr.min_parse_depth_padding_0[1].packet_payload  when the Less-Signifiant bits of the field are in the more significant container bits
	 Reject allocation of the same deparsed field egress::hdr.min_parse_depth_padding_0[1].packet_payload  when the Less-Signifiant bits of the field are in the more significant container bits
	 Reject allocation of the same deparsed field egress::hdr.min_parse_depth_padding_0[1].packet_payload  when the Less-Signifiant bits of the field are in the more significant container bits
	 Reject allocation of the same deparsed field egress::hdr.min_parse_depth_padding_0[1].packet_payload  when the Less-Signifiant bits of the field are in the more significant container bits
	 Reject allocation of the same deparsed field egress::hdr.min_parse_depth_padding_0[1].packet_payload  when the Less-Signifiant bits of the field are in the more significant container bits
	 Reject allocation of the same deparsed field egress::hdr.min_parse_depth_padding_0[1].packet_payload  when the Less-Signifiant bits of the field are in the more significant container bits
	 Reject allocation of the same deparsed field egress::hdr.min_parse_depth_padding_0[1].packet_payload  when the Less-Signifiant bits of the field are in the more significant container bits
	 Reject allocation of the same deparsed field egress::hdr.min_parse_depth_padding_0[1].packet_payload  when the Less-Signifiant bits of the field are in the more significant container bits
	 Reject allocation of the same deparsed field egress::hdr.min_parse_depth_padding_0[1].packet_payload  when the Less-Signifiant bits of the field are in the more significant container bits
	 Reject allocation of the same deparsed field egress::hdr.min_parse_depth_padding_0[1].packet_payload  when the Less-Signifiant bits of the field are in the more significant container bits
	 Reject allocation of the same deparsed field egress::hdr.min_parse_depth_padding_0[2].packet_payload  when the Less-Signifiant bits of the field are in the more significant container bits
	 Reject allocation of the same deparsed field egress::hdr.min_parse_depth_padding_0[2].packet_payload  when the Less-Signifiant bits of the field are in the more significant container bits
	 Reject allocation of the same deparsed field egress::hdr.min_parse_depth_padding_0[2].packet_payload  when the Less-Signifiant bits of the field are in the more significant container bits
	 Reject allocation of the same deparsed field egress::hdr.min_parse_depth_padding_0[2].packet_payload  when the Less-Signifiant bits of the field are in the more significant container bits
	 Reject allocation of the same deparsed field egress::hdr.min_parse_depth_padding_0[2].packet_payload  when the Less-Signifiant bits of the field are in the more significant container bits
	 Reject allocation of the same deparsed field egress::hdr.min_parse_depth_padding_0[2].packet_payload  when the Less-Signifiant bits of the field are in the more significant container bits
	 Reject allocation of the same deparsed field egress::hdr.min_parse_depth_padding_0[2].packet_payload  when the Less-Signifiant bits of the field are in the more significant container bits
	 Reject allocation of the same deparsed field egress::hdr.min_parse_depth_padding_0[2].packet_payload  when the Less-Signifiant bits of the field are in the more significant container bits
	 Reject allocation of the same deparsed field egress::hdr.min_parse_depth_padding_0[2].packet_payload  when the Less-Signifiant bits of the field are in the more significant container bits
	 Reject allocation of the same deparsed field egress::hdr.min_parse_depth_padding_0[2].packet_payload  when the Less-Signifiant bits of the field are in the more significant container bits
	 Reject allocation of the same deparsed field egress::hdr.min_parse_depth_padding_0[2].packet_payload  when the Less-Signifiant bits of the field are in the more significant container bits
	 Reject allocation of the same deparsed field egress::hdr.min_parse_depth_padding_0[2].packet_payload  when the Less-Signifiant bits of the field are in the more significant container bits
	 Reject allocation of the same deparsed field egress::hdr.min_parse_depth_padding_0[2].packet_payload  when the Less-Signifiant bits of the field are in the more significant container bits
	 Reject allocation of the same deparsed field egress::hdr.min_parse_depth_padding_0[2].packet_payload  when the Less-Signifiant bits of the field are in the more significant container bits
	 Reject allocation of the same deparsed field egress::hdr.min_parse_depth_padding_0[2].packet_payload  when the Less-Signifiant bits of the field are in the more significant container bits
	 Reject allocation of the same deparsed field egress::hdr.min_parse_depth_padding_0[2].packet_payload  when the Less-Signifiant bits of the field are in the more significant container bits
	 Reject allocation of the same deparsed field egress::hdr.min_parse_depth_padding_0[2].packet_payload  when the Less-Signifiant bits of the field are in the more significant container bits
	 Reject allocation of the same deparsed field egress::hdr.min_parse_depth_padding_0[2].packet_payload  when the Less-Signifiant bits of the field are in the more significant container bits
	 Reject allocation of the same deparsed field egress::hdr.min_parse_depth_padding_0[2].packet_payload  when the Less-Signifiant bits of the field are in the more significant container bits
	 Reject allocation of the same deparsed field egress::hdr.min_parse_depth_padding_0[2].packet_payload  when the Less-Signifiant bits of the field are in the more significant container bits
	 Reject allocation of the same deparsed field egress::hdr.min_parse_depth_padding_0[0].packet_payload  when the Less-Signifiant bits of the field are in the more significant container bits
	 Reject allocation of the same deparsed field egress::hdr.min_parse_depth_padding_0[0].packet_payload  when the Less-Signifiant bits of the field are in the more significant container bits
	 Reject allocation of the same deparsed field egress::hdr.min_parse_depth_padding_0[1].packet_payload  when the Less-Signifiant bits of the field are in the more significant container bits
	 Reject allocation of the same deparsed field egress::hdr.min_parse_depth_padding_0[1].packet_payload  when the Less-Signifiant bits of the field are in the more significant container bits
	 Reject allocation of the same deparsed field egress::hdr.min_parse_depth_padding_0[2].packet_payload  when the Less-Signifiant bits of the field are in the more significant container bits
	 Reject allocation of the same deparsed field egress::hdr.min_parse_depth_padding_0[2].packet_payload  when the Less-Signifiant bits of the field are in the more significant container bits
allocation(default_alloc_config): Succeeded
