PHV ALLOCATION SUCCESSFUL
PHV Allocation
+-----------+-------+-----------------+----------------------------------------------------------------+
|Container  |Gress  |Container Slice  |Field Slice                                                     |
+-----------+-------+-----------------+----------------------------------------------------------------+
|B0         |I-HW   |                 |ingress::hdr.insert.recir_count                                 |
|           |       |                 |ingress::hdr.flep.active_label[7:0]                             |
|           |       |                 |ingress::hdr.flep.active_label[15:8]                            |
|           |       |                 |ingress::hdr.flep.key_index                                     |
|           |       |                 |                                                                |
|B1         |I-HW   |[2:0]            |ingress::ig_intr_md_for_dprsr.mirror_type                       |
|           |       |                 |                                                                |
|B2         |I-HW   |[2:0]            |ingress::ig_intr_md_for_dprsr.drop_ctl                          |
|           |       |                 |                                                                |
|B3         |I-HW   |                 |ingress::hdr.flep.label_depth                                   |
|           |       |                 |                                                                |
|B4         |I-HW   |                 |ingress::hdr.insert.remain_labels_count                         |
|           |       |                 |                                                                |
|B5         |I-HW   |[2:0]            |ingress::hdr.fleptopo.option[2:0]                               |
|           |       |[3]              |ingress::hdr.fleptopo.option[3]                                 |
|           |       |[7:4]            |ingress::hdr.fleptopo.messagetype                               |
|           |       |                 |                                                                |
|B6         |I-HW   |                 |ingress::hdr.flep.flags                                         |
|           |       |                 |                                                                |
|B7         |I-HW   |                 |ingress::hdr.insert.identify_index                              |
|           |       |                 |                                                                |
|B8         |I-HW   |                 |ingress::hdr.ipv4.protocol                                      |
|           |       |                 |ingress::hdr.ipv6.nextheader                                    |
|           |       |                 |                                                                |
|B9         |I-HW   |[0]              |ingress::hdr.insert.$valid                                      |
|           |       |[1]              |ingress::hdr.ethernet.$valid                                    |
|           |       |[2]              |ingress::hdr.ipv4.$valid                                        |
|           |       |[3]              |ingress::hdr.udp.$valid                                         |
|           |       |[4]              |ingress::hdr.tcp.$valid                                         |
|           |       |[5]              |ingress::hdr.ipv6.$valid                                        |
|           |       |[6]              |ingress::hdr.fleptopo.$valid                                    |
|           |       |[7]              |ingress::hdr.flep.$valid                                        |
|           |       |                 |                                                                |
|...        |       |                 |                                                                |
|           |       |                 |                                                                |
|B16        |E-HW   |[0]              |egress::hdr.insert.remain_labels_count[0]                       |
|           |       |[7:1]            |egress::hdr.insert.remain_labels_count[7:1]                     |
|           |       |                 |                                                                |
|B17        |E-HW   |                 |egress::hdr.insert.recir_count                                  |
|           |       |                 |                                                                |
|B18        |E-HW   |                 |egress::hdr.flep.label_depth                                    |
|           |       |                 |                                                                |
|B19        |E-HW   |[0]              |egress::hdr.flabels.$stkvalid[0]                                |
|           |       |[1]              |egress::hdr.flabels.$stkvalid[1]                                |
|           |       |[2]              |egress::hdr.flabels.$stkvalid[2]                                |
|           |       |[3]              |egress::hdr.flabels.$stkvalid[3]                                |
|           |       |[4]              |egress::hdr.flabels.$stkvalid[4]                                |
|           |       |[5]              |egress::hdr.flabels.$stkvalid[5]                                |
|           |       |                 |                                                                |
|B20        |E-HW   |[0]              |egress::hdr.min_parse_depth_padding_0.$stkvalid[0]              |
|           |       |[1]              |egress::hdr.min_parse_depth_padding_0.$stkvalid[1]              |
|           |       |[2]              |egress::hdr.min_parse_depth_padding_0.$stkvalid[2]              |
|           |       |[5:3]            |egress::eg_intr_md_for_dprsr.drop_ctl                           |
|           |       |                 |                                                                |
|B21        |E-HW   |                 |egress::hdr.insert.identify_index                               |
|           |       |                 |                                                                |
|B22        |E-HW   |                 |egress::hdr.flep.flags                                          |
|           |       |                 |                                                                |
|B23        |E-HW   |                 |egress::hdr.flep.key[31:24]                                     |
|           |       |                 |                                                                |
|B24        |E-HW   |[0]              |egress::hdr.ethernet.$valid                                     |
|           |       |[1]              |egress::hdr.insert.$valid                                       |
|           |       |[2]              |egress::hdr.flep.$valid                                         |
|           |       |[3]              |egress::hdr.tempforward.$valid                                  |
|           |       |                 |                                                                |
|B25        |E-HW   |                 |egress::meta.is_verify_start                                    |
|           |       |                 |                                                                |
|...        |       |                 |                                                                |
|           |       |                 |                                                                |
|H0         |I-HW   |                 |ingress::ig_intr_md_for_tm.mcast_grp_a                          |
|           |       |                 |                                                                |
|H1         |I-HW   |[9:0]            |ingress::$tmp2                                                  |
|           |       |                 |                                                                |
|H2         |I-HW   |                 |ingress::ig_intr_md_from_prsr.global_tstamp[15:0]               |
|           |       |                 |                                                                |
|H3         |I-HW   |                 |ingress::hdr.ethernet.srcAddr[15:0]                             |
|           |       |                 |                                                                |
|H4         |I-HW   |                 |ingress::hdr.fleptopo.sendtstamp[15:0]                          |
|           |       |                 |ingress::hdr.tempforward.temp_routing_type                      |
|           |       |                 |                                                                |
|H5         |I-HW   |                 |ingress::hdr.ethernet.ethernetType                              |
|           |       |                 |                                                                |
|H6         |I-HW   |                 |ingress::hdr.flep.routing_type                                  |
|           |       |                 |                                                                |
|...        |       |                 |                                                                |
|           |       |                 |                                                                |
|H16        |E-HW   |[8:0]            |egress::eg_intr_md.egress_port                                  |
|           |       |                 |                                                                |
|H17        |E-HW   |[7:0]            |egress::hdr.flep.key_index                                      |
|           |       |[15:8]           |egress::hdr.flep.key[7:0]                                       |
|           |       |                 |                                                                |
|H18        |E-HW   |                 |egress::hdr.flep.routing_type                                   |
|           |       |                 |                                                                |
|H19        |E-HW   |                 |egress::hdr.ethernet.ethernetType                               |
|           |       |                 |                                                                |
|H20        |E-HW   |                 |egress::hdr.tempforward.temp_routing_type                       |
|           |       |                 |                                                                |
|H21        |E-HW   |[8:0]            |egress::hdr.tempforward.temp_port[8:0]                          |
|           |       |[15:9]           |egress::hdr.tempforward.temp_port[15:9]                         |
|           |       |                 |                                                                |
|H22        |E-HW   |[8:0]            |egress::meta.forward_port                                       |
|           |       |                 |                                                                |
|H23        |E-HW   |                 |egress::hdr.flep.key[23:8]                                      |
|           |       |                 |                                                                |
|H24        |E-HW   |                 |egress::hdr.flabels[4].label                                    |
|           |       |                 |                                                                |
|H25        |E-HW   |                 |egress::hdr.flabels[3].label                                    |
|           |       |                 |                                                                |
|H26        |E-HW   |                 |egress::hdr.flabels[2].label                                    |
|           |       |                 |                                                                |
|H27        |E-HW   |                 |egress::hdr.flabels[1].label                                    |
|           |       |                 |                                                                |
|H28        |E-HW   |                 |egress::hdr.flabels[0].label                                    |
|           |       |                 |                                                                |
|H29        |E-HW   |                 |egress::eg_intr_md_from_prsr.global_tstamp[47:32]               |
|           |       |                 |                                                                |
|H30        |E-HW   |                 |egress::hdr.ethernet.dstAddr[47:32]                             |
|           |       |                 |                                                                |
|...        |       |                 |                                                                |
|           |       |                 |                                                                |
|W0         |I-HW   |                 |ingress::ig_intr_md_from_prsr.global_tstamp[47:16]              |
|           |       |                 |                                                                |
|W1         |I-HW   |                 |ingress::hdr.ethernet.srcAddr[47:16]                            |
|           |       |                 |                                                                |
|W2         |I-HW   |                 |ingress::hdr.fleptopo.sendtstamp[47:16]                         |
|           |       |[22:16]          |ingress::hdr.tempforward.temp_port[6:0]                         |
|           |       |[24:23]          |ingress::hdr.tempforward.temp_port[8:7]                         |
|           |       |[31:25]          |ingress::hdr.tempforward.temp_port[15:9]                        |
|           |       |                 |                                                                |
|W3         |I-HW   |                 |ingress::hdr.topoinfo.latency                                   |
|           |       |                 |                                                                |
|W4         |I-HW   |[22:16]          |ingress::ig_intr_md.ingress_port[6:0]                           |
|           |       |[24:23]          |ingress::ig_intr_md.ingress_port[8:7]                           |
|           |       |[15:0]           |ingress::hdr.topoinfo.label                                     |
|           |       |                 |                                                                |
|W5         |I-HW   |[6:0]            |ingress::hdr.fleptopo.replyport[6:0]                            |
|           |       |[8:7]            |ingress::hdr.fleptopo.replyport[8:7]                            |
|           |       |[15:9]           |ingress::hdr.fleptopo.replyport[15:9]                           |
|           |       |[31:16]          |ingress::hdr.fleptopo.replylabel                                |
|           |       |                 |                                                                |
|W6         |I-HW   |[6:0]            |ingress::hdr.topoinfo.port[6:0]                                 |
|           |       |[8:7]            |ingress::hdr.topoinfo.port[8:7]                                 |
|           |       |[15:9]           |ingress::hdr.topoinfo.port[15:9]                                |
|           |       |[23:16]          |ingress::meta.portindex                                         |
|           |       |                 |                                                                |
|W7         |I-HW   |[6:0]            |ingress::ig_intr_md_for_tm.ucast_egress_port[6:0]               |
|           |       |[8:7]            |ingress::ig_intr_md_for_tm.ucast_egress_port[8:7]               |
|           |       |                 |                                                                |
|W8         |I-HW   |[15:0]           |ingress::hdr.fleptopo.sourceport                                |
|           |       |[31:16]          |ingress::hdr.fleptopo.sourcelabel                               |
|           |       |                 |                                                                |
|W9         |I-HW   |[15:0]           |ingress::hdr.udp.dstPort                                        |
|           |       |[31:16]          |ingress::hdr.udp.srcPort                                        |
|           |       |[15:0]           |ingress::hdr.tcp.dstPort                                        |
|           |       |[31:16]          |ingress::hdr.tcp.srcPort                                        |
|           |       |                 |                                                                |
|W10        |I-HW   |                 |ingress::hdr.ipv4.dstAddr                                       |
|           |       |                 |ingress::hdr.ipv6.dstAddr[31:0]                                 |
|           |       |                 |                                                                |
|W11        |I-HW   |                 |ingress::hdr.ipv4.srcAddr                                       |
|           |       |                 |ingress::hdr.ipv6.dstAddr[63:32]                                |
|           |       |                 |                                                                |
|W12        |I-HW   |                 |ingress::hdr.ipv6.dstAddr[95:64]                                |
|           |       |                 |                                                                |
|W13        |I-HW   |                 |ingress::hdr.ipv6.dstAddr[127:96]                               |
|           |       |                 |                                                                |
|W14        |I-HW   |                 |ingress::hdr.ipv6.srcAddr[31:0]                                 |
|           |       |                 |                                                                |
|W15        |I-HW   |                 |ingress::hdr.ipv6.srcAddr[63:32]                                |
|           |       |                 |                                                                |
|W16        |E-HW   |                 |egress::eg_intr_md_from_prsr.global_tstamp[31:0]                |
|           |       |                 |                                                                |
|W17        |E-HW   |                 |egress::hdr.ethernet.dstAddr[31:0]                              |
|           |       |                 |                                                                |
|...        |       |                 |                                                                |
|           |       |                 |                                                                |
|W32        |I      |                 |ingress::hdr.ipv6.srcAddr[95:64]                                |
|           |       |                 |                                                                |
|W33        |I      |                 |ingress::hdr.ipv6.srcAddr[127:96]                               |
|           |       |                 |                                                                |
|W34        |I      |                 |ingress::hdr.flep.key                                           |
|           |       |                 |                                                                |
|...        |       |                 |                                                                |
|           |       |                 |                                                                |
|TB0        |E      |                 |egress::hdr.flep.active_label[15:8]                             |
|           |       |                 |                                                                |
|TH0        |E      |                 |egress::hdr.ethernet.srcAddr[15:0]                              |
|           |       |                 |                                                                |
|TW0        |E      |                 |egress::hdr.ethernet.srcAddr[47:16]                             |
|           |       |                 |                                                                |
|TB1        |E      |                 |egress::hdr.min_parse_depth_padding_0[0].packet_payload[87:80]  |
|           |       |                 |                                                                |
|TH1        |E      |                 |egress::hdr.min_parse_depth_padding_0[0].packet_payload[79:64]  |
|           |       |                 |                                                                |
|TW1        |E      |                 |egress::hdr.min_parse_depth_padding_0[0].packet_payload[31:0]   |
|           |       |                 |                                                                |
|TB2        |E      |                 |egress::hdr.min_parse_depth_padding_0[1].packet_payload[87:80]  |
|           |       |                 |                                                                |
|TH2        |E      |                 |egress::hdr.min_parse_depth_padding_0[1].packet_payload[79:64]  |
|           |       |                 |                                                                |
|TW2        |E      |                 |egress::hdr.min_parse_depth_padding_0[0].packet_payload[63:32]  |
|           |       |                 |                                                                |
|TB3        |E      |                 |egress::hdr.min_parse_depth_padding_0[2].packet_payload[87:80]  |
|           |       |                 |                                                                |
|TH3        |E      |                 |egress::hdr.min_parse_depth_padding_0[2].packet_payload[79:64]  |
|           |       |                 |                                                                |
|TW3        |E      |                 |egress::hdr.min_parse_depth_padding_0[1].packet_payload[31:0]   |
|           |       |                 |                                                                |
|...        |       |                 |                                                                |
|           |       |                 |                                                                |
|TB4        |I      |                 |ingress::hdr.ipv4.ttl                                           |
|           |       |                 |ingress::hdr.ipv6.hoplimit                                      |
|           |       |                 |                                                                |
|TW4        |I      |[15:0]           |ingress::hdr.tcp.window                                         |
|           |       |[21:16]          |ingress::hdr.tcp.ctrl                                           |
|           |       |[24:22]          |ingress::hdr.tcp.ecn                                            |
|           |       |[27:25]          |ingress::hdr.tcp.res                                            |
|           |       |[31:28]          |ingress::hdr.tcp.dataOffset                                     |
|           |       |[15:0]           |ingress::hdr.udp.checksum                                       |
|           |       |[31:16]          |ingress::hdr.udp.udplength                                      |
|           |       |                 |                                                                |
|TB5        |I      |                 |ingress::hdr.tcp.seqNo[23:16]                                   |
|           |       |                 |                                                                |
|TW5        |I      |[15:0]           |ingress::hdr.ipv4.totallength                                   |
|           |       |[23:16]          |ingress::hdr.ipv4.tos                                           |
|           |       |[27:24]          |ingress::hdr.ipv4.ihl                                           |
|           |       |[31:28]          |ingress::hdr.ipv4.version                                       |
|           |       |[19:0]           |ingress::hdr.ipv6.flowlabel                                     |
|           |       |[27:20]          |ingress::hdr.ipv6.class                                         |
|           |       |[31:28]          |ingress::hdr.ipv6.version                                       |
|           |       |                 |                                                                |
|TB6        |I      |                 |ingress::hdr.tcp.seqNo[31:24]                                   |
|           |       |                 |                                                                |
|TH6        |I      |                 |ingress::hdr.ipv4.headerchecksum                                |
|           |       |                 |ingress::hdr.ipv6.payloadlength                                 |
|           |       |                 |                                                                |
|TW6        |I      |[12:0]           |ingress::hdr.ipv4.fragmentoffset                                |
|           |       |[15:13]          |ingress::hdr.ipv4.flags                                         |
|           |       |[31:16]          |ingress::hdr.ipv4.identification                                |
|           |       |                 |                                                                |
|...        |       |                 |                                                                |
|           |       |                 |                                                                |
|TH7        |I      |                 |ingress::hdr.ethernet.dstAddr[15:0]                             |
|           |       |                 |                                                                |
|TW7        |I      |[15:0]           |ingress::hdr.tcp.urgentPtr                                      |
|           |       |[31:16]          |ingress::hdr.tcp.checksum                                       |
|           |       |                 |                                                                |
|TH8        |I      |                 |ingress::hdr.ethernet.dstAddr[31:16]                            |
|           |       |                 |                                                                |
|TH9        |I      |                 |ingress::hdr.tcp.ackNo[15:0]                                    |
|           |       |                 |                                                                |
|TH10       |I      |                 |ingress::hdr.tcp.ackNo[31:16]                                   |
|           |       |                 |                                                                |
|TH11       |I      |                 |ingress::hdr.tcp.seqNo[15:0]                                    |
|           |       |                 |                                                                |
|TB8        |E      |                 |egress::hdr.flep.active_label[7:0]                              |
|           |       |                 |                                                                |
|TW8        |E      |                 |egress::hdr.min_parse_depth_padding_0[1].packet_payload[63:32]  |
|           |       |                 |                                                                |
|...        |       |                 |                                                                |
|           |       |                 |                                                                |
|TW9        |E      |                 |egress::hdr.min_parse_depth_padding_0[2].packet_payload[31:0]   |
|           |       |                 |                                                                |
|...        |       |                 |                                                                |
|           |       |                 |                                                                |
|TW10       |E      |                 |egress::hdr.min_parse_depth_padding_0[2].packet_payload[63:32]  |
|           |       |                 |                                                                |
|...        |       |                 |                                                                |
|           |       |                 |                                                                |
|TH18       |I      |                 |ingress::hdr.ethernet.dstAddr[47:32]                            |
|           |       |                 |                                                                |
|...        |       |                 |                                                                |
|           |       |                 |                                                                |
+-----------+-------+-----------------+----------------------------------------------------------------+


POV Allocation (ingress):
+-----------+-----------------+------------------------------+
|Container  |Container Slice  |Field Slice                   |
+-----------+-----------------+------------------------------+
|B9         |[0]              |ingress::hdr.insert.$valid    |
|           |[1]              |ingress::hdr.ethernet.$valid  |
|           |[2]              |ingress::hdr.ipv4.$valid      |
|           |[3]              |ingress::hdr.udp.$valid       |
|           |[4]              |ingress::hdr.tcp.$valid       |
|           |[5]              |ingress::hdr.ipv6.$valid      |
|           |[6]              |ingress::hdr.fleptopo.$valid  |
|           |[7]              |ingress::hdr.flep.$valid      |
+-----------+-----------------+------------------------------+
|           |Total Bits Used  |8 / 256 ( 3.12 %)             |
|           |Pack Density     |8 / 8 (  100 %)               |
+-----------+-----------------+------------------------------+

POV Allocation (egress):
+-----------+-----------------+----------------------------------------------------+
|Container  |Container Slice  |Field Slice                                         |
+-----------+-----------------+----------------------------------------------------+
|B19        |[0]              |egress::hdr.flabels.$stkvalid[0]                    |
|           |[1]              |egress::hdr.flabels.$stkvalid[1]                    |
|           |[2]              |egress::hdr.flabels.$stkvalid[2]                    |
|           |[3]              |egress::hdr.flabels.$stkvalid[3]                    |
|           |[4]              |egress::hdr.flabels.$stkvalid[4]                    |
|           |[5]              |egress::hdr.flabels.$stkvalid[5]                    |
+-----------+-----------------+----------------------------------------------------+
|B20        |[0]              |egress::hdr.min_parse_depth_padding_0.$stkvalid[0]  |
|           |[1]              |egress::hdr.min_parse_depth_padding_0.$stkvalid[1]  |
|           |[2]              |egress::hdr.min_parse_depth_padding_0.$stkvalid[2]  |
+-----------+-----------------+----------------------------------------------------+
|B24        |[0]              |egress::hdr.ethernet.$valid                         |
|           |[1]              |egress::hdr.insert.$valid                           |
|           |[2]              |egress::hdr.flep.$valid                             |
|           |[3]              |egress::hdr.tempforward.$valid                      |
+-----------+-----------------+----------------------------------------------------+
|           |Total Bits Used  |13 / 256 ( 5.08 %)                                  |
|           |Pack Density     |13 / 24 ( 54.2 %)                                   |
+-----------+-----------------+----------------------------------------------------+

+----------------------------------------------------------------+------------+-----------+----------------+-----------------+
|Field Slice                                                     |Live Range  |Container  |Container Type  |Container Slice  |
+----------------------------------------------------------------+------------+-----------+----------------+-----------------+
|ingress::ig_intr_md_from_prsr.global_tstamp[15:0]               |[-1r, 8w]   |H2         |H               |                 |
|ingress::ig_intr_md_from_prsr.global_tstamp[47:16]              |[-1r, 8w]   |W0         |W               |                 |
|ingress::ig_intr_md.ingress_port[6:0]                           |[-1r, 8w]   |W4         |W               |[22:16]          |
|ingress::ig_intr_md.ingress_port[8:7]                           |[-1r, 8w]   |W4         |W               |[24:23]          |
|ingress::meta.portindex                                         |[-1r, 8w]   |W6         |W               |[23:16]          |
|ingress::hdr.insert.identify_index                              |[-1r, 8w]   |B7         |B               |                 |
|ingress::hdr.insert.recir_count                                 |[-1r, 8w]   |B0         |B               |                 |
|ingress::hdr.insert.remain_labels_count                         |[-1r, 8w]   |B4         |B               |                 |
|ingress::hdr.ethernet.dstAddr[15:0]                             |[-1r, 8w]   |TH7        |TH              |                 |
|ingress::hdr.ethernet.dstAddr[31:16]                            |[-1r, 8w]   |TH8        |TH              |                 |
|ingress::hdr.ethernet.dstAddr[47:32]                            |[-1r, 8w]   |TH18       |TH              |                 |
|ingress::hdr.ethernet.srcAddr[15:0]                             |[-1r, 8w]   |H3         |H               |                 |
|ingress::hdr.ethernet.srcAddr[47:16]                            |[-1r, 8w]   |W1         |W               |                 |
|ingress::hdr.ethernet.ethernetType                              |[-1r, 8w]   |H5         |H               |                 |
|ingress::hdr.ipv4.version                                       |[-1r, 8w]   |TW5        |TW              |[31:28]          |
|ingress::hdr.ipv4.ihl                                           |[-1r, 8w]   |TW5        |TW              |[27:24]          |
|ingress::hdr.ipv4.tos                                           |[-1r, 8w]   |TW5        |TW              |[23:16]          |
|ingress::hdr.ipv4.totallength                                   |[-1r, 8w]   |TW5        |TW              |[15:0]           |
|ingress::hdr.ipv4.identification                                |[-1r, 8w]   |TW6        |TW              |[31:16]          |
|ingress::hdr.ipv4.flags                                         |[-1r, 8w]   |TW6        |TW              |[15:13]          |
|ingress::hdr.ipv4.fragmentoffset                                |[-1r, 8w]   |TW6        |TW              |[12:0]           |
|ingress::hdr.ipv4.ttl                                           |[-1r, 8w]   |TB4        |TB              |                 |
|ingress::hdr.ipv4.protocol                                      |[-1r, 8w]   |B8         |B               |                 |
|ingress::hdr.ipv4.headerchecksum                                |[-1r, 8w]   |TH6        |TH              |                 |
|ingress::hdr.ipv4.srcAddr                                       |[-1r, 8w]   |W11        |W               |                 |
|ingress::hdr.ipv4.dstAddr                                       |[-1r, 8w]   |W10        |W               |                 |
|ingress::hdr.udp.srcPort                                        |[-1r, 8w]   |W9         |W               |[31:16]          |
|ingress::hdr.udp.dstPort                                        |[-1r, 8w]   |W9         |W               |[15:0]           |
|ingress::hdr.udp.udplength                                      |[-1r, 8w]   |TW4        |TW              |[31:16]          |
|ingress::hdr.udp.checksum                                       |[-1r, 8w]   |TW4        |TW              |[15:0]           |
|ingress::hdr.tcp.srcPort                                        |[-1r, 8w]   |W9         |W               |[31:16]          |
|ingress::hdr.tcp.dstPort                                        |[-1r, 8w]   |W9         |W               |[15:0]           |
|ingress::hdr.tcp.seqNo[23:16]                                   |[-1r, 8w]   |TB5        |TB              |                 |
|ingress::hdr.tcp.seqNo[31:24]                                   |[-1r, 8w]   |TB6        |TB              |                 |
|ingress::hdr.tcp.seqNo[15:0]                                    |[-1r, 8w]   |TH11       |TH              |                 |
|ingress::hdr.tcp.ackNo[15:0]                                    |[-1r, 8w]   |TH9        |TH              |                 |
|ingress::hdr.tcp.ackNo[31:16]                                   |[-1r, 8w]   |TH10       |TH              |                 |
|ingress::hdr.tcp.dataOffset                                     |[-1r, 8w]   |TW4        |TW              |[31:28]          |
|ingress::hdr.tcp.res                                            |[-1r, 8w]   |TW4        |TW              |[27:25]          |
|ingress::hdr.tcp.ecn                                            |[-1r, 8w]   |TW4        |TW              |[24:22]          |
|ingress::hdr.tcp.ctrl                                           |[-1r, 8w]   |TW4        |TW              |[21:16]          |
|ingress::hdr.tcp.window                                         |[-1r, 8w]   |TW4        |TW              |[15:0]           |
|ingress::hdr.tcp.checksum                                       |[-1r, 8w]   |TW7        |TW              |[31:16]          |
|ingress::hdr.tcp.urgentPtr                                      |[-1r, 8w]   |TW7        |TW              |[15:0]           |
|ingress::hdr.ipv6.version                                       |[-1r, 8w]   |TW5        |TW              |[31:28]          |
|ingress::hdr.ipv6.class                                         |[-1r, 8w]   |TW5        |TW              |[27:20]          |
|ingress::hdr.ipv6.flowlabel                                     |[-1r, 8w]   |TW5        |TW              |[19:0]           |
|ingress::hdr.ipv6.payloadlength                                 |[-1r, 8w]   |TH6        |TH              |                 |
|ingress::hdr.ipv6.nextheader                                    |[-1r, 8w]   |B8         |B               |                 |
|ingress::hdr.ipv6.hoplimit                                      |[-1r, 8w]   |TB4        |TB              |                 |
|ingress::hdr.ipv6.srcAddr[31:0]                                 |[-1r, 8w]   |W14        |W               |                 |
|ingress::hdr.ipv6.srcAddr[63:32]                                |[-1r, 8w]   |W15        |W               |                 |
|ingress::hdr.ipv6.srcAddr[95:64]                                |[-1r, 8w]   |W32        |W               |                 |
|ingress::hdr.ipv6.srcAddr[127:96]                               |[-1r, 8w]   |W33        |W               |                 |
|ingress::hdr.ipv6.dstAddr[31:0]                                 |[-1r, 8w]   |W10        |W               |                 |
|ingress::hdr.ipv6.dstAddr[63:32]                                |[-1r, 8w]   |W11        |W               |                 |
|ingress::hdr.ipv6.dstAddr[95:64]                                |[-1r, 8w]   |W12        |W               |                 |
|ingress::hdr.ipv6.dstAddr[127:96]                               |[-1r, 8w]   |W13        |W               |                 |
|ingress::hdr.tempforward.temp_port[6:0]                         |[-1r, 8w]   |W2         |W               |[22:16]          |
|ingress::hdr.tempforward.temp_port[8:7]                         |[-1r, 8w]   |W2         |W               |[24:23]          |
|ingress::hdr.tempforward.temp_port[15:9]                        |[-1r, 8w]   |W2         |W               |[31:25]          |
|ingress::hdr.tempforward.temp_routing_type                      |[-1r, 8w]   |H4         |H               |                 |
|ingress::hdr.fleptopo.messagetype                               |[-1r, 8w]   |B5         |B               |[7:4]            |
|ingress::hdr.fleptopo.option[2:0]                               |[-1r, 8w]   |B5         |B               |[2:0]            |
|ingress::hdr.fleptopo.option[3]                                 |[-1r, 8w]   |B5         |B               |[3]              |
|ingress::hdr.fleptopo.sourcelabel                               |[-1r, 8w]   |W8         |W               |[31:16]          |
|ingress::hdr.fleptopo.sourceport                                |[-1r, 8w]   |W8         |W               |[15:0]           |
|ingress::hdr.fleptopo.replylabel                                |[-1r, 8w]   |W5         |W               |[31:16]          |
|ingress::hdr.fleptopo.replyport[6:0]                            |[-1r, 8w]   |W5         |W               |[6:0]            |
|ingress::hdr.fleptopo.replyport[8:7]                            |[-1r, 8w]   |W5         |W               |[8:7]            |
|ingress::hdr.fleptopo.replyport[15:9]                           |[-1r, 8w]   |W5         |W               |[15:9]           |
|ingress::hdr.fleptopo.sendtstamp[15:0]                          |[-1r, 8w]   |H4         |H               |                 |
|ingress::hdr.fleptopo.sendtstamp[47:16]                         |[-1r, 8w]   |W2         |W               |                 |
|ingress::ig_intr_md_for_tm.ucast_egress_port[6:0]               |[-1r, 8w]   |W7         |W               |[6:0]            |
|ingress::ig_intr_md_for_tm.ucast_egress_port[8:7]               |[-1r, 8w]   |W7         |W               |[8:7]            |
|ingress::ig_intr_md_for_tm.mcast_grp_a                          |[-1r, 8w]   |H0         |H               |                 |
|ingress::hdr.topoinfo.label                                     |[-1r, 8w]   |W4         |W               |[15:0]           |
|ingress::hdr.topoinfo.port[6:0]                                 |[-1r, 8w]   |W6         |W               |[6:0]            |
|ingress::hdr.topoinfo.port[8:7]                                 |[-1r, 8w]   |W6         |W               |[8:7]            |
|ingress::hdr.topoinfo.port[15:9]                                |[-1r, 8w]   |W6         |W               |[15:9]           |
|ingress::hdr.topoinfo.latency                                   |[-1r, 8w]   |W3         |W               |                 |
|ingress::ig_intr_md_for_dprsr.drop_ctl                          |[-1r, 8w]   |B2         |B               |[2:0]            |
|ingress::ig_intr_md_for_dprsr.mirror_type                       |[-1r, 8w]   |B1         |B               |[2:0]            |
|ingress::hdr.flep.active_label[7:0]                             |[-1r, 8w]   |B0         |B               |                 |
|ingress::hdr.flep.active_label[15:8]                            |[-1r, 8w]   |B0         |B               |                 |
|ingress::hdr.flep.key                                           |[-1r, 8w]   |W34        |W               |                 |
|ingress::hdr.flep.key_index                                     |[-1r, 8w]   |B0         |B               |                 |
|ingress::hdr.flep.routing_type                                  |[-1r, 8w]   |H6         |H               |                 |
|ingress::hdr.flep.label_depth                                   |[-1r, 8w]   |B3         |B               |                 |
|ingress::hdr.flep.flags                                         |[-1r, 8w]   |B6         |B               |                 |
|ingress::$tmp2                                                  |[-1r, 8w]   |H1         |H               |[9:0]            |
|egress::eg_intr_md_from_prsr.global_tstamp[47:32]               |[-1r, 8w]   |H29        |H               |                 |
|egress::eg_intr_md_from_prsr.global_tstamp[31:0]                |[-1r, 8w]   |W16        |W               |                 |
|egress::eg_intr_md.egress_port                                  |[-1r, 8w]   |H16        |H               |[8:0]            |
|egress::hdr.ethernet.dstAddr[47:32]                             |[-1r, 8w]   |H30        |H               |                 |
|egress::hdr.ethernet.dstAddr[31:0]                              |[-1r, 8w]   |W17        |W               |                 |
|egress::hdr.ethernet.srcAddr[15:0]                              |[-1r, 8w]   |TH0        |TH              |                 |
|egress::hdr.ethernet.srcAddr[47:16]                             |[-1r, 8w]   |TW0        |TW              |                 |
|egress::hdr.ethernet.ethernetType                               |[-1r, 8w]   |H19        |H               |                 |
|egress::hdr.insert.identify_index                               |[-1r, 8w]   |B21        |B               |                 |
|egress::hdr.insert.recir_count                                  |[-1r, 8w]   |B17        |B               |                 |
|egress::hdr.insert.remain_labels_count[0]                       |[-1r, 8w]   |B16        |B               |[0]              |
|egress::hdr.insert.remain_labels_count[7:1]                     |[-1r, 8w]   |B16        |B               |[7:1]            |
|egress::hdr.flep.active_label[15:8]                             |[-1r, 8w]   |TB0        |TB              |                 |
|egress::hdr.flep.active_label[7:0]                              |[-1r, 8w]   |TB8        |TB              |                 |
|egress::hdr.flep.key[31:24]                                     |[-1r, 8w]   |B23        |B               |                 |
|egress::hdr.flep.key[7:0]                                       |[-1r, 8w]   |H17        |H               |[15:8]           |
|egress::hdr.flep.key[23:8]                                      |[-1r, 8w]   |H23        |H               |                 |
|egress::hdr.flep.key_index                                      |[-1r, 8w]   |H17        |H               |[7:0]            |
|egress::hdr.flep.routing_type                                   |[-1r, 8w]   |H18        |H               |                 |
|egress::hdr.flep.label_depth                                    |[-1r, 8w]   |B18        |B               |                 |
|egress::hdr.flep.flags                                          |[-1r, 8w]   |B22        |B               |                 |
|egress::hdr.min_parse_depth_padding_0[0].packet_payload[87:80]  |[-1r, 8w]   |TB1        |TB              |                 |
|egress::hdr.min_parse_depth_padding_0[0].packet_payload[79:64]  |[-1r, 8w]   |TH1        |TH              |                 |
|egress::hdr.min_parse_depth_padding_0[0].packet_payload[31:0]   |[-1r, 8w]   |TW1        |TW              |                 |
|egress::hdr.min_parse_depth_padding_0[0].packet_payload[63:32]  |[-1r, 8w]   |TW2        |TW              |                 |
|egress::hdr.min_parse_depth_padding_0[1].packet_payload[87:80]  |[-1r, 8w]   |TB2        |TB              |                 |
|egress::hdr.min_parse_depth_padding_0[1].packet_payload[79:64]  |[-1r, 8w]   |TH2        |TH              |                 |
|egress::hdr.min_parse_depth_padding_0[1].packet_payload[31:0]   |[-1r, 8w]   |TW3        |TW              |                 |
|egress::hdr.min_parse_depth_padding_0[1].packet_payload[63:32]  |[-1r, 8w]   |TW8        |TW              |                 |
|egress::hdr.min_parse_depth_padding_0[2].packet_payload[87:80]  |[-1r, 8w]   |TB3        |TB              |                 |
|egress::hdr.min_parse_depth_padding_0[2].packet_payload[79:64]  |[-1r, 8w]   |TH3        |TH              |                 |
|egress::hdr.min_parse_depth_padding_0[2].packet_payload[31:0]   |[-1r, 8w]   |TW9        |TW              |                 |
|egress::hdr.min_parse_depth_padding_0[2].packet_payload[63:32]  |[-1r, 8w]   |TW10       |TW              |                 |
|egress::meta.is_verify_start                                    |[-1r, 8w]   |B25        |B               |                 |
|egress::meta.forward_port                                       |[-1r, 8w]   |H22        |H               |[8:0]            |
|egress::eg_intr_md_for_dprsr.drop_ctl                           |[-1r, 8w]   |B20        |B               |[5:3]            |
|egress::hdr.flabels[0].label                                    |[-1r, 8w]   |H28        |H               |                 |
|egress::hdr.flabels[1].label                                    |[-1r, 8w]   |H27        |H               |                 |
|egress::hdr.flabels[2].label                                    |[-1r, 8w]   |H26        |H               |                 |
|egress::hdr.flabels[3].label                                    |[-1r, 8w]   |H25        |H               |                 |
|egress::hdr.flabels[4].label                                    |[-1r, 8w]   |H24        |H               |                 |
|egress::hdr.tempforward.temp_port[8:0]                          |[-1r, 8w]   |H21        |H               |[8:0]            |
|egress::hdr.tempforward.temp_port[15:9]                         |[-1r, 8w]   |H21        |H               |[15:9]           |
|egress::hdr.tempforward.temp_routing_type                       |[-1r, 8w]   |H20        |H               |                 |
|ingress::hdr.insert.$valid                                      |[-1r, 8w]   |B9         |B               |[0]              |
|ingress::hdr.ethernet.$valid                                    |[-1r, 8w]   |B9         |B               |[1]              |
|ingress::hdr.ipv4.$valid                                        |[-1r, 8w]   |B9         |B               |[2]              |
|ingress::hdr.udp.$valid                                         |[-1r, 8w]   |B9         |B               |[3]              |
|ingress::hdr.tcp.$valid                                         |[-1r, 8w]   |B9         |B               |[4]              |
|ingress::hdr.ipv6.$valid                                        |[-1r, 8w]   |B9         |B               |[5]              |
|ingress::hdr.fleptopo.$valid                                    |[-1r, 8w]   |B9         |B               |[6]              |
|ingress::hdr.flep.$valid                                        |[-1r, 8w]   |B9         |B               |[7]              |
|egress::hdr.ethernet.$valid                                     |[-1r, 8w]   |B24        |B               |[0]              |
|egress::hdr.insert.$valid                                       |[-1r, 8w]   |B24        |B               |[1]              |
|egress::hdr.flep.$valid                                         |[-1r, 8w]   |B24        |B               |[2]              |
|egress::hdr.tempforward.$valid                                  |[-1r, 8w]   |B24        |B               |[3]              |
|egress::hdr.min_parse_depth_padding_0.$stkvalid[0]              |[-1r, 8w]   |B20        |B               |[0]              |
|egress::hdr.min_parse_depth_padding_0.$stkvalid[1]              |[-1r, 8w]   |B20        |B               |[1]              |
|egress::hdr.min_parse_depth_padding_0.$stkvalid[2]              |[-1r, 8w]   |B20        |B               |[2]              |
|egress::hdr.flabels.$stkvalid[0]                                |[-1r, 8w]   |B19        |B               |[0]              |
|egress::hdr.flabels.$stkvalid[1]                                |[-1r, 8w]   |B19        |B               |[1]              |
|egress::hdr.flabels.$stkvalid[2]                                |[-1r, 8w]   |B19        |B               |[2]              |
|egress::hdr.flabels.$stkvalid[3]                                |[-1r, 8w]   |B19        |B               |[3]              |
|egress::hdr.flabels.$stkvalid[4]                                |[-1r, 8w]   |B19        |B               |[4]              |
|egress::hdr.flabels.$stkvalid[5]                                |[-1r, 8w]   |B19        |B               |[5]              |
+----------------------------------------------------------------+------------+-----------+----------------+-----------------+





PHV Allocation State

MAU Groups:
+-------------------+-----------------+----------------+----------------------+---------------------+----------------+---------------------------+--------------------------+----------------+
|     MAU Group     | Containers Used |   Bits Used    | Bits Used on Ingress | Bits Used on Egress | Bits Allocated | Bits Allocated on Ingress | Bits Allocated on Egress | Available Bits |
+-------------------+-----------------+----------------+----------------------+---------------------+----------------+---------------------------+--------------------------+----------------+
|       B0-15       |  10 ( 62.5 %)   |  70 ( 54.7 %)  |     70 ( 54.7 %)     |     0 (   0  %)     | 102 ( 79.7 %)  |       102 ( 79.7 %)       |       0 (   0  %)        |      128       |
|      B16-31       |  10 ( 62.5 %)   |  72 ( 56.2 %)  |     0 (   0  %)      |    72 ( 56.2 %)     |  72 ( 56.2 %)  |        0 (   0  %)        |       72 ( 56.2 %)       |      128       |
|      B32-47       |   0 (   0  %)   |  0 (   0  %)   |     0 (   0  %)      |     0 (   0  %)     |  0 (   0  %)   |        0 (   0  %)        |       0 (   0  %)        |      128       |
|      B48-63       |   0 (   0  %)   |  0 (   0  %)   |     0 (   0  %)      |     0 (   0  %)     |  0 (   0  %)   |        0 (   0  %)        |       0 (   0  %)        |      128       |
+-------------------+-----------------+----------------+----------------------+---------------------+----------------+---------------------------+--------------------------+----------------+
|       H0-15       |   7 ( 43.8 %)   | 106 ( 41.4 %)  |    106 ( 41.4 %)     |     0 (   0  %)     | 122 ( 47.7 %)  |       122 ( 47.7 %)       |       0 (   0  %)        |      256       |
|      H16-31       |  15 ( 93.8 %)   | 226 ( 88.3 %)  |     0 (   0  %)      |    226 ( 88.3 %)    | 226 ( 88.3 %)  |        0 (   0  %)        |      226 ( 88.3 %)       |      256       |
|      H32-47       |   0 (   0  %)   |  0 (   0  %)   |     0 (   0  %)      |     0 (   0  %)     |  0 (   0  %)   |        0 (   0  %)        |       0 (   0  %)        |      256       |
|      H48-63       |   0 (   0  %)   |  0 (   0  %)   |     0 (   0  %)      |     0 (   0  %)     |  0 (   0  %)   |        0 (   0  %)        |       0 (   0  %)        |      256       |
|      H64-79       |   0 (   0  %)   |  0 (   0  %)   |     0 (   0  %)      |     0 (   0  %)     |  0 (   0  %)   |        0 (   0  %)        |       0 (   0  %)        |      256       |
|      H80-95       |   0 (   0  %)   |  0 (   0  %)   |     0 (   0  %)      |     0 (   0  %)     |  0 (   0  %)   |        0 (   0  %)        |       0 (   0  %)        |      256       |
+-------------------+-----------------+----------------+----------------------+---------------------+----------------+---------------------------+--------------------------+----------------+
|       W0-15       |  16 (  100 %)   | 474 ( 92.6 %)  |    474 ( 92.6 %)     |     0 (   0  %)     | 586 (  114 %)  |       586 (  114 %)       |       0 (   0  %)        |      512       |
|      W16-31       |   2 ( 12.5 %)   |  64 ( 12.5 %)  |     0 (   0  %)      |    64 ( 12.5 %)     |  64 ( 12.5 %)  |        0 (   0  %)        |       64 ( 12.5 %)       |      512       |
|      W32-47       |   3 ( 18.8 %)   |  96 ( 18.8 %)  |     96 ( 18.8 %)     |     0 (   0  %)     |  96 ( 18.8 %)  |       96 ( 18.8 %)        |       0 (   0  %)        |      512       |
|      W48-63       |   0 (   0  %)   |  0 (   0  %)   |     0 (   0  %)      |     0 (   0  %)     |  0 (   0  %)   |        0 (   0  %)        |       0 (   0  %)        |      512       |
+-------------------+-----------------+----------------+----------------------+---------------------+----------------+---------------------------+--------------------------+----------------+
|   Usage for 8b    |  20 ( 31.2 %)   | 142 ( 27.7 %)  |     70 ( 13.7 %)     |    72 ( 14.1 %)     | 174 (  34  %)  |       102 ( 19.9 %)       |       72 ( 14.1 %)       |      512       |
|   Usage for 16b   |  22 ( 22.9 %)   | 332 ( 21.6 %)  |    106 (  6.9 %)     |    226 ( 14.7 %)    | 348 ( 22.7 %)  |       122 ( 7.94 %)       |      226 ( 14.7 %)       |      1536      |
|   Usage for 32b   |  21 ( 32.8 %)   | 634 (  31  %)  |    570 ( 27.8 %)     |    64 ( 3.12 %)     | 746 ( 36.4 %)  |       682 ( 33.3 %)       |       64 ( 3.12 %)       |      2048      |
+-------------------+-----------------+----------------+----------------------+---------------------+----------------+---------------------------+--------------------------+----------------+
| Overall PHV Usage |  63 ( 28.1 %)   | 1108 ( 27.1 %) |    746 ( 18.2 %)     |    362 ( 8.84 %)    | 1268 (  31  %) |       906 ( 22.1 %)       |      362 ( 8.84 %)       |      4096      |
+-------------------+-----------------+----------------+----------------------+---------------------+----------------+---------------------------+--------------------------+----------------+


Tagalong Collections:
+------------+-------+--------------------+---------------------+---------------------+---------------+----------------+
|  Collection|  Gress|  8b Containers Used|  16b Containers Used|  32b Containers Used|      Bits Used|  Bits Allocated|
+------------+-------+--------------------+---------------------+---------------------+---------------+----------------+
|           0|      E|         4 (  100 %)|          4 ( 66.7 %)|          4 (  100 %)|  224 ( 87.5 %)|   224 ( 87.5 %)|
|           1|      I|         3 (  75  %)|          6 (  100 %)|          4 (  100 %)|  248 ( 96.9 %)|   336 (  131 %)|
|           2|      E|         1 (  25  %)|          0 (   0  %)|          3 (  75  %)|  104 ( 40.6 %)|   104 ( 40.6 %)|
|           3|      I|         0 (   0  %)|          1 ( 16.7 %)|          0 (   0  %)|   16 ( 6.25 %)|    16 ( 6.25 %)|
|           4|       |         0 (   0  %)|          0 (   0  %)|          0 (   0  %)|    0 (   0  %)|     0 (   0  %)|
|           5|       |         0 (   0  %)|          0 (   0  %)|          0 (   0  %)|    0 (   0  %)|     0 (   0  %)|
|           6|       |         0 (   0  %)|          0 (   0  %)|          0 (   0  %)|    0 (   0  %)|     0 (   0  %)|
|           7|       |         0 (   0  %)|          0 (   0  %)|          0 (   0  %)|    0 (   0  %)|     0 (   0  %)|
+------------+-------+--------------------+---------------------+---------------------+---------------+----------------+
|       Total|       |         8 (  25  %)|         11 ( 22.9 %)|         11 ( 34.4 %)|  592 ( 28.9 %)|   680 ( 33.2 %)|
+------------+-------+--------------------+---------------------+---------------------+---------------+----------------+



